INFO: [SIM 2] *************** CSIM start ***************
INFO: [SIM 4] CSIM will launch GCC as the compiler.
   Compiling(apcc) ../../../../main.c in debug mode
INFO: [HLS 200-10] Running '/run/media/epetrakos/60GB/Xilinx/Vivado/2019.1/bin/unwrapped/lnx64.o/apcc'
INFO: [HLS 200-10] For user 'epetrakos' on host 'tower-pc' (Linux_x86_64 version 5.2.21-1-MANJARO) on Mon Nov 18 16:41:25 EET 2019
INFO: [HLS 200-10] On os "Manjaro Linux"
INFO: [HLS 200-10] In directory '/home/epetrakos/Documents/GitHub/HRY591-project/code/part2b/float-ilopoihsh/accel4/accel4_float/solution1/csim/build'
INFO: [APCC 202-3] Tmp directory is /tmp/apcc_db_epetrakos/119251574088085350314
INFO: [APCC 202-1] APCC is done.
   Compiling(apcc) ../../../../myIP.c in debug mode
INFO: [HLS 200-10] Running '/run/media/epetrakos/60GB/Xilinx/Vivado/2019.1/bin/unwrapped/lnx64.o/apcc'
INFO: [HLS 200-10] For user 'epetrakos' on host 'tower-pc' (Linux_x86_64 version 5.2.21-1-MANJARO) on Mon Nov 18 16:41:40 EET 2019
INFO: [HLS 200-10] On os "Manjaro Linux"
INFO: [HLS 200-10] In directory '/home/epetrakos/Documents/GitHub/HRY591-project/code/part2b/float-ilopoihsh/accel4/accel4_float/solution1/csim/build'
INFO: [APCC 202-3] Tmp directory is /tmp/apcc_db_epetrakos/121151574088100978950
INFO: [APCC 202-1] APCC is done.
   Generating csim.exe

Seed 0
Size 10
Dimension 4
Threshold 100.000000

Software execution time: 0.000012
Hardware execution time: 0.000011

no errors

INFO: [SIM 1] CSim done with 0 errors.
INFO: [SIM 3] *************** CSIM finish ***************
