INFO: [SIM 2] *************** CSIM start ***************
INFO: [SIM 4] CSIM will launch GCC as the compiler.
   Compiling(apcc) ../../../../main.c in debug mode
INFO: [HLS 200-10] Running '/run/media/epetrakos/60GB/Xilinx/Vivado/2019.1/bin/unwrapped/lnx64.o/apcc'
INFO: [HLS 200-10] For user 'epetrakos' on host 'tower-pc' (Linux_x86_64 version 5.2.21-1-MANJARO) on Tue Nov 12 18:02:43 EET 2019
INFO: [HLS 200-10] On os "Manjaro Linux"
INFO: [HLS 200-10] In directory '/home/epetrakos/Documents/GitHub/HRY591-project/code/part2b/2b/solution1/csim/build'
INFO: [APCC 202-3] Tmp directory is /tmp/apcc_db_epetrakos/87321573574563299196
INFO: [APCC 202-1] APCC is done.
   Compiling(apcc) ../../../../myIP.c in debug mode
INFO: [HLS 200-10] Running '/run/media/epetrakos/60GB/Xilinx/Vivado/2019.1/bin/unwrapped/lnx64.o/apcc'
INFO: [HLS 200-10] For user 'epetrakos' on host 'tower-pc' (Linux_x86_64 version 5.2.21-1-MANJARO) on Tue Nov 12 18:02:59 EET 2019
INFO: [HLS 200-10] On os "Manjaro Linux"
INFO: [HLS 200-10] In directory '/home/epetrakos/Documents/GitHub/HRY591-project/code/part2b/2b/solution1/csim/build'
INFO: [APCC 202-3] Tmp directory is /tmp/apcc_db_epetrakos/88291573574579486883
INFO: [APCC 202-1] APCC is done.
   Generating csim.exe

Seed 0
Size 10
Dimension 4
Threshold 100.000000

Software execution time: 0.000011
Hardware execution time: 0.000007

no errors

INFO: [SIM 1] CSim done with 0 errors.
INFO: [SIM 3] *************** CSIM finish ***************
