
Seed 0
Size 10
Dimension 4
Threshold 100.000000

Software execution time: 0.000011
Hardware execution time: 0.028034

no errors

INFO: [XSIM 43-3496] Using init file passed via -initfile option "/run/media/epetrakos/60GB/Xilinx/Vivado/2019.1/data/xsim/ip/xsim_ip.ini".
Vivado Simulator 2019.1
Copyright 1986-1999, 2001-2019 Xilinx, Inc. All Rights Reserved.
Running: /run/media/epetrakos/60GB/Xilinx/Vivado/2019.1/bin/unwrapped/lnx64.o/xelab xil_defaultlib.apatb_myFuncAccel4_top glbl -prj myFuncAccel4.prj -L smartconnect_v1_0 -L axi_protocol_checker_v1_1_12 -L axi_protocol_checker_v1_1_13 -L axis_protocol_checker_v1_1_11 -L axis_protocol_checker_v1_1_12 -L xil_defaultlib -L unisims -L unisims_ver -L xpm --initfile /run/media/epetrakos/60GB/Xilinx/Vivado/2019.1/data/xsim/ip/xsim_ip.ini --lib ieee_proposed=./ieee_proposed -s myFuncAccel4 
Multi-threading is on. Using 14 slave threads.
Determining compilation order of HDL files.
INFO: [VRFC 10-2263] Analyzing SystemVerilog file "/home/epetrakos/Documents/GitHub/HRY591-project/code/part2b/2b/solution1/sim/vhdl/glbl.v" into library work
INFO: [VRFC 10-311] analyzing module glbl
INFO: [VRFC 10-163] Analyzing VHDL file "/home/epetrakos/Documents/GitHub/HRY591-project/code/part2b/2b/solution1/sim/vhdl/AESL_sim_pkg.vhd" into library xil_defaultlib
INFO: [VRFC 10-163] Analyzing VHDL file "/home/epetrakos/Documents/GitHub/HRY591-project/code/part2b/2b/solution1/sim/vhdl/ip/xil_defaultlib/myFuncAccel4_ap_fmul_2_max_dsp_32.vhd" into library xil_defaultlib
INFO: [VRFC 10-3107] analyzing entity 'myFuncAccel4_ap_fmul_2_max_dsp_32'
INFO: [VRFC 10-163] Analyzing VHDL file "/home/epetrakos/Documents/GitHub/HRY591-project/code/part2b/2b/solution1/sim/vhdl/ip/xil_defaultlib/myFuncAccel4_ap_fpext_0_no_dsp_32.vhd" into library xil_defaultlib
INFO: [VRFC 10-3107] analyzing entity 'myFuncAccel4_ap_fpext_0_no_dsp_32'
INFO: [VRFC 10-163] Analyzing VHDL file "/home/epetrakos/Documents/GitHub/HRY591-project/code/part2b/2b/solution1/sim/vhdl/ip/xil_defaultlib/myFuncAccel4_ap_fptrunc_0_no_dsp_64.vhd" into library xil_defaultlib
INFO: [VRFC 10-3107] analyzing entity 'myFuncAccel4_ap_fptrunc_0_no_dsp_64'
INFO: [VRFC 10-163] Analyzing VHDL file "/home/epetrakos/Documents/GitHub/HRY591-project/code/part2b/2b/solution1/sim/vhdl/ip/xil_defaultlib/myFuncAccel4_ap_fcmp_0_no_dsp_32.vhd" into library xil_defaultlib
INFO: [VRFC 10-3107] analyzing entity 'myFuncAccel4_ap_fcmp_0_no_dsp_32'
INFO: [VRFC 10-163] Analyzing VHDL file "/home/epetrakos/Documents/GitHub/HRY591-project/code/part2b/2b/solution1/sim/vhdl/ip/xil_defaultlib/myFuncAccel4_ap_fadd_3_full_dsp_32.vhd" into library xil_defaultlib
INFO: [VRFC 10-3107] analyzing entity 'myFuncAccel4_ap_fadd_3_full_dsp_32'
INFO: [VRFC 10-163] Analyzing VHDL file "/home/epetrakos/Documents/GitHub/HRY591-project/code/part2b/2b/solution1/sim/vhdl/AESL_axi_s_input_r.vhd" into library xil_defaultlib
INFO: [VRFC 10-3107] analyzing entity 'AESL_axi_s_input_r'
INFO: [VRFC 10-163] Analyzing VHDL file "/home/epetrakos/Documents/GitHub/HRY591-project/code/part2b/2b/solution1/sim/vhdl/myFuncAccel4_fmul_32ns_32ns_32_4_max_dsp_1.vhd" into library xil_defaultlib
INFO: [VRFC 10-3107] analyzing entity 'myFuncAccel4_fmul_32ns_32ns_32_4_max_dsp_1'
INFO: [VRFC 10-163] Analyzing VHDL file "/home/epetrakos/Documents/GitHub/HRY591-project/code/part2b/2b/solution1/sim/vhdl/myFuncAccel4_fadd_32ns_32ns_32_5_full_dsp_1.vhd" into library xil_defaultlib
INFO: [VRFC 10-3107] analyzing entity 'myFuncAccel4_fadd_32ns_32ns_32_5_full_dsp_1'
INFO: [VRFC 10-163] Analyzing VHDL file "/home/epetrakos/Documents/GitHub/HRY591-project/code/part2b/2b/solution1/sim/vhdl/myFuncAccel4_fptrunc_64ns_32_2_1.vhd" into library xil_defaultlib
INFO: [VRFC 10-3107] analyzing entity 'myFuncAccel4_fptrunc_64ns_32_2_1'
INFO: [VRFC 10-163] Analyzing VHDL file "/home/epetrakos/Documents/GitHub/HRY591-project/code/part2b/2b/solution1/sim/vhdl/myFuncAccel4.vhd" into library xil_defaultlib
INFO: [VRFC 10-3107] analyzing entity 'myFuncAccel4'
INFO: [VRFC 10-163] Analyzing VHDL file "/home/epetrakos/Documents/GitHub/HRY591-project/code/part2b/2b/solution1/sim/vhdl/myFuncAccel4.autotb.vhd" into library xil_defaultlib
INFO: [VRFC 10-3107] analyzing entity 'apatb_myFuncAccel4_top'
INFO: [VRFC 10-163] Analyzing VHDL file "/home/epetrakos/Documents/GitHub/HRY591-project/code/part2b/2b/solution1/sim/vhdl/AESL_axi_s_output_r.vhd" into library xil_defaultlib
INFO: [VRFC 10-3107] analyzing entity 'AESL_axi_s_output_r'
INFO: [VRFC 10-163] Analyzing VHDL file "/home/epetrakos/Documents/GitHub/HRY591-project/code/part2b/2b/solution1/sim/vhdl/myFuncAccel4_fcmp_32ns_32ns_1_2_1.vhd" into library xil_defaultlib
INFO: [VRFC 10-3107] analyzing entity 'myFuncAccel4_fcmp_32ns_32ns_1_2_1'
INFO: [VRFC 10-163] Analyzing VHDL file "/home/epetrakos/Documents/GitHub/HRY591-project/code/part2b/2b/solution1/sim/vhdl/myFuncAccel4_fpext_32ns_64_2_1.vhd" into library xil_defaultlib
INFO: [VRFC 10-3107] analyzing entity 'myFuncAccel4_fpext_32ns_64_2_1'
Starting static elaboration
WARNING: [VRFC 10-3499] library name 'floating_point_v7_1_8' of instantiated unit conflicts with visible identifier [ip/xil_defaultlib/myFuncAccel4_ap_fadd_3_full_dsp_32.vhd:201]
WARNING: [VRFC 10-3499] library name 'floating_point_v7_1_8' of instantiated unit conflicts with visible identifier [ip/xil_defaultlib/myFuncAccel4_ap_fmul_2_max_dsp_32.vhd:201]
WARNING: [VRFC 10-3499] library name 'floating_point_v7_1_8' of instantiated unit conflicts with visible identifier [ip/xil_defaultlib/myFuncAccel4_ap_fptrunc_0_no_dsp_64.vhd:190]
WARNING: [VRFC 10-3499] library name 'floating_point_v7_1_8' of instantiated unit conflicts with visible identifier [ip/xil_defaultlib/myFuncAccel4_ap_fpext_0_no_dsp_32.vhd:190]
WARNING: [VRFC 10-3499] library name 'floating_point_v7_1_8' of instantiated unit conflicts with visible identifier [ip/xil_defaultlib/myFuncAccel4_ap_fcmp_0_no_dsp_32.vhd:200]
Completed static elaboration
ERROR: [XSIM 43-3316] Signal SIGSEGV received.
Printing stacktrace...

[0] /run/media/epetrakos/60GB/Xilinx/Vivado/2019.1/bin/unwrapped/lnx64.o/xelab() [0x74ddbf]
[1] /run/media/epetrakos/60GB/Xilinx/Vivado/2019.1/bin/unwrapped/lnx64.o/xelab() [0x74e037]
[2] /run/media/epetrakos/60GB/Xilinx/Vivado/2019.1/bin/unwrapped/lnx64.o/xelab() [0x70fc32]
[3] /run/media/epetrakos/60GB/Xilinx/Vivado/2019.1/bin/unwrapped/lnx64.o/xelab() [0x71027e]
[4] /run/media/epetrakos/60GB/Xilinx/Vivado/2019.1/bin/unwrapped/lnx64.o/xelab() [0x710641]
[5] /run/media/epetrakos/60GB/Xilinx/Vivado/2019.1/bin/unwrapped/lnx64.o/xelab() [0x710430]
[6] /run/media/epetrakos/60GB/Xilinx/Vivado/2019.1/bin/unwrapped/lnx64.o/xelab() [0x710430]
[7] /run/media/epetrakos/60GB/Xilinx/Vivado/2019.1/bin/unwrapped/lnx64.o/xelab() [0x710430]
[8] /run/media/epetrakos/60GB/Xilinx/Vivado/2019.1/bin/unwrapped/lnx64.o/xelab() [0x710430]
[9] /run/media/epetrakos/60GB/Xilinx/Vivado/2019.1/bin/unwrapped/lnx64.o/xelab() [0x710430]
[10] /run/media/epetrakos/60GB/Xilinx/Vivado/2019.1/bin/unwrapped/lnx64.o/xelab() [0x710430]
[11] /run/media/epetrakos/60GB/Xilinx/Vivado/2019.1/bin/unwrapped/lnx64.o/xelab() [0x710430]
[12] /run/media/epetrakos/60GB/Xilinx/Vivado/2019.1/bin/unwrapped/lnx64.o/xelab() [0x70f9a9]
[13] /run/media/epetrakos/60GB/Xilinx/Vivado/2019.1/bin/unwrapped/lnx64.o/xelab() [0x71027e]
[14] /run/media/epetrakos/60GB/Xilinx/Vivado/2019.1/bin/unwrapped/lnx64.o/xelab() [0x6bdd24]
[15] /run/media/epetrakos/60GB/Xilinx/Vivado/2019.1/bin/unwrapped/lnx64.o/xelab() [0x473c97]
[16] /run/media/epetrakos/60GB/Xilinx/Vivado/2019.1/bin/unwrapped/lnx64.o/xelab() [0x47d4ee]
[17] /run/media/epetrakos/60GB/Xilinx/Vivado/2019.1/bin/unwrapped/lnx64.o/xelab() [0x44ffcd]
[18] /usr/lib/libc.so.6(__libc_start_main+0xf3) [0x7f3d1b24b153]
[19] /run/media/epetrakos/60GB/Xilinx/Vivado/2019.1/bin/unwrapped/lnx64.o/xelab() [0x467e00]

Done
ERROR: Please check the snapshot name which is created during 'xelab',the current snapshot name "xsim.dir/myFuncAccel4/xsimk" does not exist 
