#-----------------------------------------------------------
# Vivado v2019.1 (64-bit)
# SW Build 2552052 on Fri May 24 14:47:09 MDT 2019
# IP Build 2548770 on Fri May 24 18:01:18 MDT 2019
# Start of session at: Fri Nov 22 22:59:41 2019
# Process ID: 13295
# Current directory: /home/epetrakos/Documents/GitHub/HRY591-project/code/part2b/ap_uint/accel16/accel16_uint/solution1/.autopilot/db/ip_tmp
# Command line: vivado  -notrace -mode batch -source run_vivado_gen_ip.tcl
# Log file: /home/epetrakos/Documents/GitHub/HRY591-project/code/part2b/ap_uint/accel16/accel16_uint/solution1/.autopilot/db/ip_tmp/vivado.log
# Journal file: /home/epetrakos/Documents/GitHub/HRY591-project/code/part2b/ap_uint/accel16/accel16_uint/solution1/.autopilot/db/ip_tmp/vivado.jou
#-----------------------------------------------------------
source run_vivado_gen_ip.tcl -notrace
INFO: [IP_Flow 19-234] Refreshing IP repositories
INFO: [IP_Flow 19-1704] No user IP repositories specified
INFO: [IP_Flow 19-2313] Loaded Vivado IP repository '/run/media/epetrakos/60GB/Xilinx/Vivado/2019.1/data/ip'.
WARNING: [IP_Flow 19-4832] The IP name 'myFuncAccel16_ap_fcmp_0_no_dsp_32' you have specified is long. The Windows operating system has path length limitations. It is recommended you use shorter names to reduce the likelihood of issues.
create_ip: Time (s): cpu = 00:00:06 ; elapsed = 00:00:06 . Memory (MB): peak = 1446.059 ; gain = 42.137 ; free physical = 959 ; free virtual = 3032
INFO: [IP_Flow 19-1686] Generating 'Synthesis' target for IP 'myFuncAccel16_ap_fcmp_0_no_dsp_32'...
INFO: [IP_Flow 19-1686] Generating 'Simulation' target for IP 'myFuncAccel16_ap_fcmp_0_no_dsp_32'...
WARNING: [IP_Flow 19-4832] The IP name 'myFuncAccel16_ap_fadd_3_full_dsp_32' you have specified is long. The Windows operating system has path length limitations. It is recommended you use shorter names to reduce the likelihood of issues.
create_ip: Time (s): cpu = 00:00:05 ; elapsed = 00:00:05 . Memory (MB): peak = 1446.059 ; gain = 0.000 ; free physical = 919 ; free virtual = 3000
INFO: [IP_Flow 19-1686] Generating 'Synthesis' target for IP 'myFuncAccel16_ap_fadd_3_full_dsp_32'...
INFO: [IP_Flow 19-1686] Generating 'Simulation' target for IP 'myFuncAccel16_ap_fadd_3_full_dsp_32'...
WARNING: [IP_Flow 19-4832] The IP name 'myFuncAccel16_ap_fmul_2_max_dsp_32' you have specified is long. The Windows operating system has path length limitations. It is recommended you use shorter names to reduce the likelihood of issues.
create_ip: Time (s): cpu = 00:00:05 ; elapsed = 00:00:06 . Memory (MB): peak = 1446.059 ; gain = 0.000 ; free physical = 897 ; free virtual = 2986
INFO: [IP_Flow 19-1686] Generating 'Synthesis' target for IP 'myFuncAccel16_ap_fmul_2_max_dsp_32'...
INFO: [IP_Flow 19-1686] Generating 'Simulation' target for IP 'myFuncAccel16_ap_fmul_2_max_dsp_32'...
INFO: [Common 17-206] Exiting Vivado at Fri Nov 22 23:00:14 2019...
