

================================================================
== Vivado HLS Report for 'myFuncAccel4'
================================================================
* Date:           Thu Nov 14 23:13:18 2019

* Version:        2019.1 (Build 2552052 on Fri May 24 15:28:33 MDT 2019)
* Project:        2b
* Solution:       solution1
* Product family: zynq
* Target device:  xc7z020-clg484-1


================================================================
== Performance Estimates
================================================================
+ Timing (ns): 
    * Summary: 
    +--------+-------+----------+------------+
    |  Clock | Target| Estimated| Uncertainty|
    +--------+-------+----------+------------+
    |ap_clk  |  10.00|     8.750|        1.25|
    +--------+-------+----------+------------+

+ Latency (clock cycles): 
    * Summary: 
    +-----+-----+-----+-----+---------+
    |  Latency  |  Interval | Pipeline|
    | min | max | min | max |   Type  |
    +-----+-----+-----+-----+---------+
    |  435|  435|  435|  435|   none  |
    +-----+-----+-----+-----+---------+

    + Detail: 
        * Instance: 
        N/A

        * Loop: 
        +----------+-----+-----+----------+-----------+-----------+------+----------+
        |          |  Latency  | Iteration|  Initiation Interval  | Trip |          |
        | Loop Name| min | max |  Latency |  achieved |   target  | Count| Pipelined|
        +----------+-----+-----+----------+-----------+-----------+------+----------+
        |- Loop 1  |  433|  433|        38|          4|          1|   100|    yes   |
        +----------+-----+-----+----------+-----------+-----------+------+----------+

============================================================
+ Verbose Summary: Synthesis Manager
============================================================
InlineROM: 1
ExposeGlobal: 0
============================================================
+ Verbose Summary: CDFG Model
============================================================
IsTopModel: 1
ResetActiveHigh: 1
IsCombinational: 0
IsDatapathOnly: 0
HasWiredReturn: 1
HasMFsm: 0
HasVarLatency: 1
IsPipeline: 0
IsRtlPipelined: 0
IsInstanceOverlapped: 0
IsDontTouch: 0
HasImplIP: 0
IsGatedGlobalClock: 0

+ Individual pipeline summary: 
  * Pipeline-0: initiation interval (II) = 4, depth = 38


============================================================
+ Verbose Summary: Schedule
============================================================
* Number of FSM states : 40
* Pipeline : 1
  Pipeline-0 : II = 4, D = 38, States = { 2 3 4 5 6 7 8 9 10 11 12 13 14 15 16 17 18 19 20 21 22 23 24 25 26 27 28 29 30 31 32 33 34 35 36 37 38 39 }
* Dataflow Pipeline: 0

* FSM state transitions: 
1 --> 2 
2 --> 40 3 
3 --> 4 
4 --> 5 
5 --> 6 
6 --> 7 
7 --> 8 
8 --> 9 
9 --> 10 
10 --> 11 
11 --> 12 
12 --> 13 
13 --> 14 
14 --> 15 
15 --> 16 
16 --> 17 
17 --> 18 
18 --> 19 
19 --> 20 
20 --> 21 
21 --> 22 
22 --> 23 
23 --> 24 
24 --> 25 
25 --> 26 
26 --> 27 
27 --> 28 
28 --> 29 
29 --> 30 
30 --> 31 
31 --> 32 
32 --> 33 
33 --> 34 
34 --> 35 
35 --> 36 
36 --> 37 
37 --> 38 
38 --> 39 
39 --> 2 
40 --> 

* FSM state operations: 

State 1 <SV = 0> <Delay = 2.44>
ST_1 : Operation 41 [1/1] (0.00ns)   --->   "call void (...)* @_ssdm_op_SpecBitsMap(float* %data0_15), !map !7"   --->   Operation 41 'specbitsmap' <Predicate = true> <Delay = 0.00>
ST_1 : Operation 42 [1/1] (0.00ns)   --->   "call void (...)* @_ssdm_op_SpecBitsMap(float* %data0_14), !map !13"   --->   Operation 42 'specbitsmap' <Predicate = true> <Delay = 0.00>
ST_1 : Operation 43 [1/1] (0.00ns)   --->   "call void (...)* @_ssdm_op_SpecBitsMap(float* %data0_13), !map !19"   --->   Operation 43 'specbitsmap' <Predicate = true> <Delay = 0.00>
ST_1 : Operation 44 [1/1] (0.00ns)   --->   "call void (...)* @_ssdm_op_SpecBitsMap(float* %data0_12), !map !25"   --->   Operation 44 'specbitsmap' <Predicate = true> <Delay = 0.00>
ST_1 : Operation 45 [1/1] (0.00ns)   --->   "call void (...)* @_ssdm_op_SpecBitsMap(float* %data0_11), !map !31"   --->   Operation 45 'specbitsmap' <Predicate = true> <Delay = 0.00>
ST_1 : Operation 46 [1/1] (0.00ns)   --->   "call void (...)* @_ssdm_op_SpecBitsMap(float* %data0_10), !map !37"   --->   Operation 46 'specbitsmap' <Predicate = true> <Delay = 0.00>
ST_1 : Operation 47 [1/1] (0.00ns)   --->   "call void (...)* @_ssdm_op_SpecBitsMap(float* %data0_9), !map !43"   --->   Operation 47 'specbitsmap' <Predicate = true> <Delay = 0.00>
ST_1 : Operation 48 [1/1] (0.00ns)   --->   "call void (...)* @_ssdm_op_SpecBitsMap(float* %data0_8), !map !49"   --->   Operation 48 'specbitsmap' <Predicate = true> <Delay = 0.00>
ST_1 : Operation 49 [1/1] (0.00ns)   --->   "call void (...)* @_ssdm_op_SpecBitsMap(float* %data0_7), !map !55"   --->   Operation 49 'specbitsmap' <Predicate = true> <Delay = 0.00>
ST_1 : Operation 50 [1/1] (0.00ns)   --->   "call void (...)* @_ssdm_op_SpecBitsMap(float* %data0_6), !map !61"   --->   Operation 50 'specbitsmap' <Predicate = true> <Delay = 0.00>
ST_1 : Operation 51 [1/1] (0.00ns)   --->   "call void (...)* @_ssdm_op_SpecBitsMap(float* %data0_5), !map !67"   --->   Operation 51 'specbitsmap' <Predicate = true> <Delay = 0.00>
ST_1 : Operation 52 [1/1] (0.00ns)   --->   "call void (...)* @_ssdm_op_SpecBitsMap(float* %data0_4), !map !73"   --->   Operation 52 'specbitsmap' <Predicate = true> <Delay = 0.00>
ST_1 : Operation 53 [1/1] (0.00ns)   --->   "call void (...)* @_ssdm_op_SpecBitsMap(float* %data0_3), !map !79"   --->   Operation 53 'specbitsmap' <Predicate = true> <Delay = 0.00>
ST_1 : Operation 54 [1/1] (0.00ns)   --->   "call void (...)* @_ssdm_op_SpecBitsMap(float* %data0_2), !map !85"   --->   Operation 54 'specbitsmap' <Predicate = true> <Delay = 0.00>
ST_1 : Operation 55 [1/1] (0.00ns)   --->   "call void (...)* @_ssdm_op_SpecBitsMap(float* %data0_1), !map !91"   --->   Operation 55 'specbitsmap' <Predicate = true> <Delay = 0.00>
ST_1 : Operation 56 [1/1] (0.00ns)   --->   "call void (...)* @_ssdm_op_SpecBitsMap(float* %data0_0), !map !97"   --->   Operation 56 'specbitsmap' <Predicate = true> <Delay = 0.00>
ST_1 : Operation 57 [1/1] (0.00ns)   --->   "call void (...)* @_ssdm_op_SpecBitsMap(i32 %size) nounwind, !map !103"   --->   Operation 57 'specbitsmap' <Predicate = true> <Delay = 0.00>
ST_1 : Operation 58 [1/1] (0.00ns)   --->   "call void (...)* @_ssdm_op_SpecBitsMap(i32 %dim) nounwind, !map !109"   --->   Operation 58 'specbitsmap' <Predicate = true> <Delay = 0.00>
ST_1 : Operation 59 [1/1] (0.00ns)   --->   "call void (...)* @_ssdm_op_SpecBitsMap(float %threshold) nounwind, !map !113"   --->   Operation 59 'specbitsmap' <Predicate = true> <Delay = 0.00>
ST_1 : Operation 60 [1/1] (0.00ns)   --->   "call void (...)* @_ssdm_op_SpecBitsMap(float* %data1) nounwind, !map !117"   --->   Operation 60 'specbitsmap' <Predicate = true> <Delay = 0.00>
ST_1 : Operation 61 [1/1] (0.00ns)   --->   "call void (...)* @_ssdm_op_SpecBitsMap(float* %data_out) nounwind, !map !123"   --->   Operation 61 'specbitsmap' <Predicate = true> <Delay = 0.00>
ST_1 : Operation 62 [1/1] (0.00ns)   --->   "call void (...)* @_ssdm_op_SpecTopModule([13 x i8]* @myFuncAccel4_str) nounwind"   --->   Operation 62 'spectopmodule' <Predicate = true> <Delay = 0.00>
ST_1 : Operation 63 [1/1] (0.00ns)   --->   "%threshold_read = call float @_ssdm_op_Read.ap_stable.float(float %threshold)" [myIP.c:4]   --->   Operation 63 'read' 'threshold_read' <Predicate = true> <Delay = 0.00>
ST_1 : Operation 64 [1/1] (0.00ns)   --->   "%size_read = call i32 @_ssdm_op_Read.ap_stable.i32(i32 %size)" [myIP.c:4]   --->   Operation 64 'read' 'size_read' <Predicate = true> <Delay = 0.00>
ST_1 : Operation 65 [1/1] (0.00ns)   --->   "call void (...)* @_ssdm_op_SpecInterface(i32 %size, [10 x i8]* @p_str, i32 0, i32 0, [1 x i8]* @p_str1, i32 0, i32 0, [8 x i8]* @p_str2, [1 x i8]* @p_str1, [1 x i8]* @p_str1, i32 0, i32 0, i32 0, i32 0, [1 x i8]* @p_str1, [1 x i8]* @p_str1) nounwind" [myIP.c:7]   --->   Operation 65 'specinterface' <Predicate = true> <Delay = 0.00>
ST_1 : Operation 66 [1/1] (0.00ns)   --->   "call void (...)* @_ssdm_op_SpecInterface(i32 %dim, [10 x i8]* @p_str, i32 0, i32 0, [1 x i8]* @p_str1, i32 0, i32 0, [8 x i8]* @p_str2, [1 x i8]* @p_str1, [1 x i8]* @p_str1, i32 0, i32 0, i32 0, i32 0, [1 x i8]* @p_str1, [1 x i8]* @p_str1) nounwind" [myIP.c:8]   --->   Operation 66 'specinterface' <Predicate = true> <Delay = 0.00>
ST_1 : Operation 67 [1/1] (0.00ns)   --->   "call void (...)* @_ssdm_op_SpecInterface(float %threshold, [10 x i8]* @p_str, i32 0, i32 0, [1 x i8]* @p_str1, i32 0, i32 0, [8 x i8]* @p_str2, [1 x i8]* @p_str1, [1 x i8]* @p_str1, i32 0, i32 0, i32 0, i32 0, [1 x i8]* @p_str1, [1 x i8]* @p_str1) nounwind" [myIP.c:9]   --->   Operation 67 'specinterface' <Predicate = true> <Delay = 0.00>
ST_1 : Operation 68 [1/1] (0.00ns)   --->   "call void (...)* @_ssdm_op_SpecInterface(float* %data0_0, float* %data0_1, float* %data0_2, float* %data0_3, float* %data0_4, float* %data0_5, float* %data0_6, float* %data0_7, float* %data0_8, float* %data0_9, float* %data0_10, float* %data0_11, float* %data0_12, float* %data0_13, float* %data0_14, float* %data0_15, [10 x i8]* @p_str, i32 0, i32 0, [1 x i8]* @p_str1, i32 0, i32 0, [10 x i8]* @p_str3, [1 x i8]* @p_str1, [1 x i8]* @p_str1, i32 0, i32 0, i32 0, i32 0, [1 x i8]* @p_str1, [1 x i8]* @p_str1) nounwind" [myIP.c:11]   --->   Operation 68 'specinterface' <Predicate = true> <Delay = 0.00>
ST_1 : Operation 69 [1/1] (0.00ns)   --->   "call void (...)* @_ssdm_op_SpecInterface(float* %data1, [7 x i8]* @p_str5, i32 0, i32 0, [1 x i8]* @p_str1, i32 0, i32 40, [10 x i8]* @p_str6, [1 x i8]* @p_str1, [1 x i8]* @p_str1, i32 0, i32 0, i32 0, i32 0, [1 x i8]* @p_str1, [1 x i8]* @p_str1) nounwind" [myIP.c:15]   --->   Operation 69 'specinterface' <Predicate = true> <Delay = 0.00>
ST_1 : Operation 70 [1/1] (0.00ns)   --->   "call void (...)* @_ssdm_op_SpecInterface(float* %data_out, [7 x i8]* @p_str5, i32 0, i32 0, [1 x i8]* @p_str1, i32 0, i32 40, [10 x i8]* @p_str7, [1 x i8]* @p_str1, [1 x i8]* @p_str1, i32 0, i32 0, i32 0, i32 0, [1 x i8]* @p_str1, [1 x i8]* @p_str1) nounwind" [myIP.c:16]   --->   Operation 70 'specinterface' <Predicate = true> <Delay = 0.00>
ST_1 : Operation 71 [1/1] (0.00ns)   --->   "%data0_0_read = call float @_ssdm_op_Read.ap_stable.floatP(float* %data0_0)" [myIP.c:29]   --->   Operation 71 'read' 'data0_0_read' <Predicate = true> <Delay = 0.00>
ST_1 : Operation 72 [1/1] (0.00ns)   --->   "%data0_1_read = call float @_ssdm_op_Read.ap_stable.floatP(float* %data0_1)" [myIP.c:29]   --->   Operation 72 'read' 'data0_1_read' <Predicate = true> <Delay = 0.00>
ST_1 : Operation 73 [1/1] (0.00ns)   --->   "%data0_2_read = call float @_ssdm_op_Read.ap_stable.floatP(float* %data0_2)" [myIP.c:29]   --->   Operation 73 'read' 'data0_2_read' <Predicate = true> <Delay = 0.00>
ST_1 : Operation 74 [1/1] (0.00ns)   --->   "%data0_3_read = call float @_ssdm_op_Read.ap_stable.floatP(float* %data0_3)" [myIP.c:29]   --->   Operation 74 'read' 'data0_3_read' <Predicate = true> <Delay = 0.00>
ST_1 : Operation 75 [1/1] (0.00ns)   --->   "%data0_4_read = call float @_ssdm_op_Read.ap_stable.floatP(float* %data0_4)" [myIP.c:29]   --->   Operation 75 'read' 'data0_4_read' <Predicate = true> <Delay = 0.00>
ST_1 : Operation 76 [1/1] (0.00ns)   --->   "%data0_5_read = call float @_ssdm_op_Read.ap_stable.floatP(float* %data0_5)" [myIP.c:29]   --->   Operation 76 'read' 'data0_5_read' <Predicate = true> <Delay = 0.00>
ST_1 : Operation 77 [1/1] (0.00ns)   --->   "%data0_6_read = call float @_ssdm_op_Read.ap_stable.floatP(float* %data0_6)" [myIP.c:29]   --->   Operation 77 'read' 'data0_6_read' <Predicate = true> <Delay = 0.00>
ST_1 : Operation 78 [1/1] (0.00ns)   --->   "%data0_7_read = call float @_ssdm_op_Read.ap_stable.floatP(float* %data0_7)" [myIP.c:29]   --->   Operation 78 'read' 'data0_7_read' <Predicate = true> <Delay = 0.00>
ST_1 : Operation 79 [1/1] (0.00ns)   --->   "%data0_8_read = call float @_ssdm_op_Read.ap_stable.floatP(float* %data0_8)" [myIP.c:29]   --->   Operation 79 'read' 'data0_8_read' <Predicate = true> <Delay = 0.00>
ST_1 : Operation 80 [1/1] (0.00ns)   --->   "%data0_9_read = call float @_ssdm_op_Read.ap_stable.floatP(float* %data0_9)" [myIP.c:29]   --->   Operation 80 'read' 'data0_9_read' <Predicate = true> <Delay = 0.00>
ST_1 : Operation 81 [1/1] (0.00ns)   --->   "%data0_10_read = call float @_ssdm_op_Read.ap_stable.floatP(float* %data0_10)" [myIP.c:29]   --->   Operation 81 'read' 'data0_10_read' <Predicate = true> <Delay = 0.00>
ST_1 : Operation 82 [1/1] (0.00ns)   --->   "%data0_11_read = call float @_ssdm_op_Read.ap_stable.floatP(float* %data0_11)" [myIP.c:29]   --->   Operation 82 'read' 'data0_11_read' <Predicate = true> <Delay = 0.00>
ST_1 : Operation 83 [1/1] (0.00ns)   --->   "%data0_12_read = call float @_ssdm_op_Read.ap_stable.floatP(float* %data0_12)" [myIP.c:29]   --->   Operation 83 'read' 'data0_12_read' <Predicate = true> <Delay = 0.00>
ST_1 : Operation 84 [1/1] (0.00ns)   --->   "%data0_13_read = call float @_ssdm_op_Read.ap_stable.floatP(float* %data0_13)" [myIP.c:29]   --->   Operation 84 'read' 'data0_13_read' <Predicate = true> <Delay = 0.00>
ST_1 : Operation 85 [1/1] (0.00ns)   --->   "%data0_14_read = call float @_ssdm_op_Read.ap_stable.floatP(float* %data0_14)" [myIP.c:29]   --->   Operation 85 'read' 'data0_14_read' <Predicate = true> <Delay = 0.00>
ST_1 : Operation 86 [1/1] (0.00ns)   --->   "%data0_15_read = call float @_ssdm_op_Read.ap_stable.floatP(float* %data0_15)" [myIP.c:29]   --->   Operation 86 'read' 'data0_15_read' <Predicate = true> <Delay = 0.00>
ST_1 : Operation 87 [1/1] (0.00ns)   --->   "%bitcast_ln51_1 = bitcast float %threshold_read to i32" [myIP.c:51]   --->   Operation 87 'bitcast' 'bitcast_ln51_1' <Predicate = true> <Delay = 0.00>
ST_1 : Operation 88 [1/1] (0.00ns)   --->   "%trunc_ln51 = trunc i32 %bitcast_ln51_1 to i23" [myIP.c:51]   --->   Operation 88 'trunc' 'trunc_ln51' <Predicate = true> <Delay = 0.00>
ST_1 : Operation 89 [1/1] (2.44ns)   --->   "%icmp_ln51_3 = icmp eq i23 %trunc_ln51, 0" [myIP.c:51]   --->   Operation 89 'icmp' 'icmp_ln51_3' <Predicate = true> <Delay = 2.44> <Core = "Cmp">   --->   Core 25 'Cmp' <Latency = 0> <II = 1> <Delay = 2.44> <FuncUnit> <Opcode : 'icmp'> <InPorts = 2> <OutPorts = 1>
ST_1 : Operation 90 [1/1] (1.76ns)   --->   "br label %.preheader1" [myIP.c:32]   --->   Operation 90 'br' <Predicate = true> <Delay = 1.76>

State 2 <SV = 1> <Delay = 3.45>
ST_2 : Operation 91 [1/1] (0.00ns)   --->   "%i_1 = phi i32 [ %i, %hls_label_1 ], [ 0, %.preheader1.preheader ]"   --->   Operation 91 'phi' 'i_1' <Predicate = true> <Delay = 0.00>
ST_2 : Operation 92 [1/1] (2.47ns)   --->   "%icmp_ln32 = icmp eq i32 %i_1, %size_read" [myIP.c:32]   --->   Operation 92 'icmp' 'icmp_ln32' <Predicate = true> <Delay = 2.47> <Core = "Cmp">   --->   Core 25 'Cmp' <Latency = 0> <II = 1> <Delay = 2.44> <FuncUnit> <Opcode : 'icmp'> <InPorts = 2> <OutPorts = 1>
ST_2 : Operation 93 [1/1] (2.55ns)   --->   "%i = add i32 %i_1, 1" [myIP.c:32]   --->   Operation 93 'add' 'i' <Predicate = true> <Delay = 2.55> <Core = "AddSub">   --->   Core 14 'AddSub' <Latency = 0> <II = 1> <Delay = 1.56> <FuncUnit> <Opcode : 'add' 'sub'> <InPorts = 2> <OutPorts = 1>
ST_2 : Operation 94 [1/1] (0.00ns)   --->   "br i1 %icmp_ln32, label %0, label %hls_label_1" [myIP.c:32]   --->   Operation 94 'br' <Predicate = true> <Delay = 0.00>
ST_2 : Operation 95 [1/1] (0.00ns)   --->   "%shl_ln40 = shl i32 %i_1, 2" [myIP.c:40]   --->   Operation 95 'shl' 'shl_ln40' <Predicate = (!icmp_ln32)> <Delay = 0.00>
ST_2 : Operation 96 [1/1] (0.00ns)   --->   "%tmp_4 = call i8 @_ssdm_op_PartSelect.i8.i32.i32.i32(i32 %bitcast_ln51_1, i32 23, i32 30)" [myIP.c:51]   --->   Operation 96 'partselect' 'tmp_4' <Predicate = (!icmp_ln32)> <Delay = 0.00>
ST_2 : Operation 97 [1/1] (1.55ns)   --->   "%icmp_ln51_2 = icmp ne i8 %tmp_4, -1" [myIP.c:51]   --->   Operation 97 'icmp' 'icmp_ln51_2' <Predicate = (!icmp_ln32)> <Delay = 1.55> <Core = "Cmp">   --->   Core 25 'Cmp' <Latency = 0> <II = 1> <Delay = 2.44> <FuncUnit> <Opcode : 'icmp'> <InPorts = 2> <OutPorts = 1>
ST_2 : Operation 98 [1/1] (0.97ns)   --->   "%or_ln51_1 = or i1 %icmp_ln51_3, %icmp_ln51_2" [myIP.c:51]   --->   Operation 98 'or' 'or_ln51_1' <Predicate = (!icmp_ln32)> <Delay = 0.97> <Core = "LogicGate">   --->   Core 27 'LogicGate' <Latency = 0> <II = 1> <Delay = 0.97> <FuncUnit> <Opcode : 'and' 'or' 'xor'> <InPorts = 2> <OutPorts = 1>

State 3 <SV = 2> <Delay = 8.75>
ST_3 : Operation 99 [1/1] (0.00ns)   --->   "%zext_ln40 = zext i32 %shl_ln40 to i64" [myIP.c:40]   --->   Operation 99 'zext' 'zext_ln40' <Predicate = (!icmp_ln32)> <Delay = 0.00>
ST_3 : Operation 100 [1/1] (0.00ns)   --->   "%data1_addr = getelementptr inbounds float* %data1, i64 %zext_ln40" [myIP.c:40]   --->   Operation 100 'getelementptr' 'data1_addr' <Predicate = (!icmp_ln32)> <Delay = 0.00>
ST_3 : Operation 101 [2/2] (8.75ns)   --->   "%data1_addr_req = call i1 @_ssdm_op_ReadReq.ap_bus.floatP(float* %data1_addr, i32 4)" [myIP.c:40]   --->   Operation 101 'readreq' 'data1_addr_req' <Predicate = (!icmp_ln32)> <Delay = 8.75> <Core = "PLB46M">   --->   Core 1 'PLB46M' <Latency = 0> <II = 1> <Delay = 1.00> <Adapter> <Opcode : 'read' 'write' 'readreq' 'writereq'>
ST_3 : Operation 102 [1/1] (0.00ns)   --->   "%data_out_addr = getelementptr inbounds float* %data_out, i64 %zext_ln40" [myIP.c:56]   --->   Operation 102 'getelementptr' 'data_out_addr' <Predicate = (!icmp_ln32)> <Delay = 0.00>

State 4 <SV = 3> <Delay = 8.75>
ST_4 : Operation 103 [1/2] (8.75ns)   --->   "%data1_addr_req = call i1 @_ssdm_op_ReadReq.ap_bus.floatP(float* %data1_addr, i32 4)" [myIP.c:40]   --->   Operation 103 'readreq' 'data1_addr_req' <Predicate = (!icmp_ln32)> <Delay = 8.75> <Core = "PLB46M">   --->   Core 1 'PLB46M' <Latency = 0> <II = 1> <Delay = 1.00> <Adapter> <Opcode : 'read' 'write' 'readreq' 'writereq'>

State 5 <SV = 4> <Delay = 8.75>
ST_5 : Operation 104 [1/1] (8.75ns)   --->   "%data1_addr_read = call float @_ssdm_op_Read.ap_bus.floatP(float* %data1_addr)" [myIP.c:40]   --->   Operation 104 'read' 'data1_addr_read' <Predicate = (!icmp_ln32)> <Delay = 8.75> <Core = "PLB46M">   --->   Core 1 'PLB46M' <Latency = 0> <II = 1> <Delay = 1.00> <Adapter> <Opcode : 'read' 'write' 'readreq' 'writereq'>

State 6 <SV = 5> <Delay = 8.75>
ST_6 : Operation 105 [1/1] (8.75ns)   --->   "%data1_addr_read_1 = call float @_ssdm_op_Read.ap_bus.floatP(float* %data1_addr)" [myIP.c:40]   --->   Operation 105 'read' 'data1_addr_read_1' <Predicate = (!icmp_ln32)> <Delay = 8.75> <Core = "PLB46M">   --->   Core 1 'PLB46M' <Latency = 0> <II = 1> <Delay = 1.00> <Adapter> <Opcode : 'read' 'write' 'readreq' 'writereq'>
ST_6 : Operation 106 [4/4] (5.70ns)   --->   "%tmp_2 = fmul float %data0_0_read, %data1_addr_read" [myIP.c:49]   --->   Operation 106 'fmul' 'tmp_2' <Predicate = (!icmp_ln32)> <Delay = 5.70> <Core = "FMul">   --->   Core 106 'FMul' <Latency = 3> <II = 1> <Delay = 5.70> <FuncUnit> <Opcode : 'fmul'> <InPorts = 2> <OutPorts = 1>
ST_6 : Operation 107 [4/4] (5.70ns)   --->   "%tmp_2_1 = fmul float %data0_4_read, %data1_addr_read" [myIP.c:49]   --->   Operation 107 'fmul' 'tmp_2_1' <Predicate = (!icmp_ln32)> <Delay = 5.70> <Core = "FMul">   --->   Core 106 'FMul' <Latency = 3> <II = 1> <Delay = 5.70> <FuncUnit> <Opcode : 'fmul'> <InPorts = 2> <OutPorts = 1>
ST_6 : Operation 108 [4/4] (5.70ns)   --->   "%tmp_2_2 = fmul float %data0_8_read, %data1_addr_read" [myIP.c:49]   --->   Operation 108 'fmul' 'tmp_2_2' <Predicate = (!icmp_ln32)> <Delay = 5.70> <Core = "FMul">   --->   Core 106 'FMul' <Latency = 3> <II = 1> <Delay = 5.70> <FuncUnit> <Opcode : 'fmul'> <InPorts = 2> <OutPorts = 1>
ST_6 : Operation 109 [4/4] (5.70ns)   --->   "%tmp_2_3 = fmul float %data0_12_read, %data1_addr_read" [myIP.c:49]   --->   Operation 109 'fmul' 'tmp_2_3' <Predicate = (!icmp_ln32)> <Delay = 5.70> <Core = "FMul">   --->   Core 106 'FMul' <Latency = 3> <II = 1> <Delay = 5.70> <FuncUnit> <Opcode : 'fmul'> <InPorts = 2> <OutPorts = 1>

State 7 <SV = 6> <Delay = 8.75>
ST_7 : Operation 110 [1/1] (8.75ns)   --->   "%data1_addr_read_2 = call float @_ssdm_op_Read.ap_bus.floatP(float* %data1_addr)" [myIP.c:40]   --->   Operation 110 'read' 'data1_addr_read_2' <Predicate = (!icmp_ln32)> <Delay = 8.75> <Core = "PLB46M">   --->   Core 1 'PLB46M' <Latency = 0> <II = 1> <Delay = 1.00> <Adapter> <Opcode : 'read' 'write' 'readreq' 'writereq'>
ST_7 : Operation 111 [3/4] (5.70ns)   --->   "%tmp_2 = fmul float %data0_0_read, %data1_addr_read" [myIP.c:49]   --->   Operation 111 'fmul' 'tmp_2' <Predicate = (!icmp_ln32)> <Delay = 5.70> <Core = "FMul">   --->   Core 106 'FMul' <Latency = 3> <II = 1> <Delay = 5.70> <FuncUnit> <Opcode : 'fmul'> <InPorts = 2> <OutPorts = 1>
ST_7 : Operation 112 [4/4] (5.70ns)   --->   "%tmp_2_0_1 = fmul float %data0_1_read, %data1_addr_read_1" [myIP.c:49]   --->   Operation 112 'fmul' 'tmp_2_0_1' <Predicate = (!icmp_ln32)> <Delay = 5.70> <Core = "FMul">   --->   Core 106 'FMul' <Latency = 3> <II = 1> <Delay = 5.70> <FuncUnit> <Opcode : 'fmul'> <InPorts = 2> <OutPorts = 1>
ST_7 : Operation 113 [3/4] (5.70ns)   --->   "%tmp_2_1 = fmul float %data0_4_read, %data1_addr_read" [myIP.c:49]   --->   Operation 113 'fmul' 'tmp_2_1' <Predicate = (!icmp_ln32)> <Delay = 5.70> <Core = "FMul">   --->   Core 106 'FMul' <Latency = 3> <II = 1> <Delay = 5.70> <FuncUnit> <Opcode : 'fmul'> <InPorts = 2> <OutPorts = 1>
ST_7 : Operation 114 [4/4] (5.70ns)   --->   "%tmp_2_1_1 = fmul float %data0_5_read, %data1_addr_read_1" [myIP.c:49]   --->   Operation 114 'fmul' 'tmp_2_1_1' <Predicate = (!icmp_ln32)> <Delay = 5.70> <Core = "FMul">   --->   Core 106 'FMul' <Latency = 3> <II = 1> <Delay = 5.70> <FuncUnit> <Opcode : 'fmul'> <InPorts = 2> <OutPorts = 1>
ST_7 : Operation 115 [3/4] (5.70ns)   --->   "%tmp_2_2 = fmul float %data0_8_read, %data1_addr_read" [myIP.c:49]   --->   Operation 115 'fmul' 'tmp_2_2' <Predicate = (!icmp_ln32)> <Delay = 5.70> <Core = "FMul">   --->   Core 106 'FMul' <Latency = 3> <II = 1> <Delay = 5.70> <FuncUnit> <Opcode : 'fmul'> <InPorts = 2> <OutPorts = 1>
ST_7 : Operation 116 [4/4] (5.70ns)   --->   "%tmp_2_2_1 = fmul float %data0_9_read, %data1_addr_read_1" [myIP.c:49]   --->   Operation 116 'fmul' 'tmp_2_2_1' <Predicate = (!icmp_ln32)> <Delay = 5.70> <Core = "FMul">   --->   Core 106 'FMul' <Latency = 3> <II = 1> <Delay = 5.70> <FuncUnit> <Opcode : 'fmul'> <InPorts = 2> <OutPorts = 1>
ST_7 : Operation 117 [3/4] (5.70ns)   --->   "%tmp_2_3 = fmul float %data0_12_read, %data1_addr_read" [myIP.c:49]   --->   Operation 117 'fmul' 'tmp_2_3' <Predicate = (!icmp_ln32)> <Delay = 5.70> <Core = "FMul">   --->   Core 106 'FMul' <Latency = 3> <II = 1> <Delay = 5.70> <FuncUnit> <Opcode : 'fmul'> <InPorts = 2> <OutPorts = 1>
ST_7 : Operation 118 [4/4] (5.70ns)   --->   "%tmp_2_3_1 = fmul float %data0_13_read, %data1_addr_read_1" [myIP.c:49]   --->   Operation 118 'fmul' 'tmp_2_3_1' <Predicate = (!icmp_ln32)> <Delay = 5.70> <Core = "FMul">   --->   Core 106 'FMul' <Latency = 3> <II = 1> <Delay = 5.70> <FuncUnit> <Opcode : 'fmul'> <InPorts = 2> <OutPorts = 1>

State 8 <SV = 7> <Delay = 8.75>
ST_8 : Operation 119 [1/1] (8.75ns)   --->   "%data1_addr_read_3 = call float @_ssdm_op_Read.ap_bus.floatP(float* %data1_addr)" [myIP.c:40]   --->   Operation 119 'read' 'data1_addr_read_3' <Predicate = (!icmp_ln32)> <Delay = 8.75> <Core = "PLB46M">   --->   Core 1 'PLB46M' <Latency = 0> <II = 1> <Delay = 1.00> <Adapter> <Opcode : 'read' 'write' 'readreq' 'writereq'>
ST_8 : Operation 120 [2/4] (5.70ns)   --->   "%tmp_2 = fmul float %data0_0_read, %data1_addr_read" [myIP.c:49]   --->   Operation 120 'fmul' 'tmp_2' <Predicate = (!icmp_ln32)> <Delay = 5.70> <Core = "FMul">   --->   Core 106 'FMul' <Latency = 3> <II = 1> <Delay = 5.70> <FuncUnit> <Opcode : 'fmul'> <InPorts = 2> <OutPorts = 1>
ST_8 : Operation 121 [3/4] (5.70ns)   --->   "%tmp_2_0_1 = fmul float %data0_1_read, %data1_addr_read_1" [myIP.c:49]   --->   Operation 121 'fmul' 'tmp_2_0_1' <Predicate = (!icmp_ln32)> <Delay = 5.70> <Core = "FMul">   --->   Core 106 'FMul' <Latency = 3> <II = 1> <Delay = 5.70> <FuncUnit> <Opcode : 'fmul'> <InPorts = 2> <OutPorts = 1>
ST_8 : Operation 122 [4/4] (5.70ns)   --->   "%tmp_2_0_2 = fmul float %data0_2_read, %data1_addr_read_2" [myIP.c:49]   --->   Operation 122 'fmul' 'tmp_2_0_2' <Predicate = (!icmp_ln32)> <Delay = 5.70> <Core = "FMul">   --->   Core 106 'FMul' <Latency = 3> <II = 1> <Delay = 5.70> <FuncUnit> <Opcode : 'fmul'> <InPorts = 2> <OutPorts = 1>
ST_8 : Operation 123 [2/4] (5.70ns)   --->   "%tmp_2_1 = fmul float %data0_4_read, %data1_addr_read" [myIP.c:49]   --->   Operation 123 'fmul' 'tmp_2_1' <Predicate = (!icmp_ln32)> <Delay = 5.70> <Core = "FMul">   --->   Core 106 'FMul' <Latency = 3> <II = 1> <Delay = 5.70> <FuncUnit> <Opcode : 'fmul'> <InPorts = 2> <OutPorts = 1>
ST_8 : Operation 124 [3/4] (5.70ns)   --->   "%tmp_2_1_1 = fmul float %data0_5_read, %data1_addr_read_1" [myIP.c:49]   --->   Operation 124 'fmul' 'tmp_2_1_1' <Predicate = (!icmp_ln32)> <Delay = 5.70> <Core = "FMul">   --->   Core 106 'FMul' <Latency = 3> <II = 1> <Delay = 5.70> <FuncUnit> <Opcode : 'fmul'> <InPorts = 2> <OutPorts = 1>
ST_8 : Operation 125 [4/4] (5.70ns)   --->   "%tmp_2_1_2 = fmul float %data0_6_read, %data1_addr_read_2" [myIP.c:49]   --->   Operation 125 'fmul' 'tmp_2_1_2' <Predicate = (!icmp_ln32)> <Delay = 5.70> <Core = "FMul">   --->   Core 106 'FMul' <Latency = 3> <II = 1> <Delay = 5.70> <FuncUnit> <Opcode : 'fmul'> <InPorts = 2> <OutPorts = 1>
ST_8 : Operation 126 [2/4] (5.70ns)   --->   "%tmp_2_2 = fmul float %data0_8_read, %data1_addr_read" [myIP.c:49]   --->   Operation 126 'fmul' 'tmp_2_2' <Predicate = (!icmp_ln32)> <Delay = 5.70> <Core = "FMul">   --->   Core 106 'FMul' <Latency = 3> <II = 1> <Delay = 5.70> <FuncUnit> <Opcode : 'fmul'> <InPorts = 2> <OutPorts = 1>
ST_8 : Operation 127 [3/4] (5.70ns)   --->   "%tmp_2_2_1 = fmul float %data0_9_read, %data1_addr_read_1" [myIP.c:49]   --->   Operation 127 'fmul' 'tmp_2_2_1' <Predicate = (!icmp_ln32)> <Delay = 5.70> <Core = "FMul">   --->   Core 106 'FMul' <Latency = 3> <II = 1> <Delay = 5.70> <FuncUnit> <Opcode : 'fmul'> <InPorts = 2> <OutPorts = 1>
ST_8 : Operation 128 [4/4] (5.70ns)   --->   "%tmp_2_2_2 = fmul float %data0_10_read, %data1_addr_read_2" [myIP.c:49]   --->   Operation 128 'fmul' 'tmp_2_2_2' <Predicate = (!icmp_ln32)> <Delay = 5.70> <Core = "FMul">   --->   Core 106 'FMul' <Latency = 3> <II = 1> <Delay = 5.70> <FuncUnit> <Opcode : 'fmul'> <InPorts = 2> <OutPorts = 1>
ST_8 : Operation 129 [2/4] (5.70ns)   --->   "%tmp_2_3 = fmul float %data0_12_read, %data1_addr_read" [myIP.c:49]   --->   Operation 129 'fmul' 'tmp_2_3' <Predicate = (!icmp_ln32)> <Delay = 5.70> <Core = "FMul">   --->   Core 106 'FMul' <Latency = 3> <II = 1> <Delay = 5.70> <FuncUnit> <Opcode : 'fmul'> <InPorts = 2> <OutPorts = 1>
ST_8 : Operation 130 [3/4] (5.70ns)   --->   "%tmp_2_3_1 = fmul float %data0_13_read, %data1_addr_read_1" [myIP.c:49]   --->   Operation 130 'fmul' 'tmp_2_3_1' <Predicate = (!icmp_ln32)> <Delay = 5.70> <Core = "FMul">   --->   Core 106 'FMul' <Latency = 3> <II = 1> <Delay = 5.70> <FuncUnit> <Opcode : 'fmul'> <InPorts = 2> <OutPorts = 1>
ST_8 : Operation 131 [4/4] (5.70ns)   --->   "%tmp_2_3_2 = fmul float %data0_14_read, %data1_addr_read_2" [myIP.c:49]   --->   Operation 131 'fmul' 'tmp_2_3_2' <Predicate = (!icmp_ln32)> <Delay = 5.70> <Core = "FMul">   --->   Core 106 'FMul' <Latency = 3> <II = 1> <Delay = 5.70> <FuncUnit> <Opcode : 'fmul'> <InPorts = 2> <OutPorts = 1>

State 9 <SV = 8> <Delay = 5.70>
ST_9 : Operation 132 [1/4] (5.70ns)   --->   "%tmp_2 = fmul float %data0_0_read, %data1_addr_read" [myIP.c:49]   --->   Operation 132 'fmul' 'tmp_2' <Predicate = (!icmp_ln32)> <Delay = 5.70> <Core = "FMul">   --->   Core 106 'FMul' <Latency = 3> <II = 1> <Delay = 5.70> <FuncUnit> <Opcode : 'fmul'> <InPorts = 2> <OutPorts = 1>
ST_9 : Operation 133 [2/4] (5.70ns)   --->   "%tmp_2_0_1 = fmul float %data0_1_read, %data1_addr_read_1" [myIP.c:49]   --->   Operation 133 'fmul' 'tmp_2_0_1' <Predicate = (!icmp_ln32)> <Delay = 5.70> <Core = "FMul">   --->   Core 106 'FMul' <Latency = 3> <II = 1> <Delay = 5.70> <FuncUnit> <Opcode : 'fmul'> <InPorts = 2> <OutPorts = 1>
ST_9 : Operation 134 [3/4] (5.70ns)   --->   "%tmp_2_0_2 = fmul float %data0_2_read, %data1_addr_read_2" [myIP.c:49]   --->   Operation 134 'fmul' 'tmp_2_0_2' <Predicate = (!icmp_ln32)> <Delay = 5.70> <Core = "FMul">   --->   Core 106 'FMul' <Latency = 3> <II = 1> <Delay = 5.70> <FuncUnit> <Opcode : 'fmul'> <InPorts = 2> <OutPorts = 1>
ST_9 : Operation 135 [4/4] (5.70ns)   --->   "%tmp_2_0_3 = fmul float %data0_3_read, %data1_addr_read_3" [myIP.c:49]   --->   Operation 135 'fmul' 'tmp_2_0_3' <Predicate = (!icmp_ln32)> <Delay = 5.70> <Core = "FMul">   --->   Core 106 'FMul' <Latency = 3> <II = 1> <Delay = 5.70> <FuncUnit> <Opcode : 'fmul'> <InPorts = 2> <OutPorts = 1>
ST_9 : Operation 136 [1/4] (5.70ns)   --->   "%tmp_2_1 = fmul float %data0_4_read, %data1_addr_read" [myIP.c:49]   --->   Operation 136 'fmul' 'tmp_2_1' <Predicate = (!icmp_ln32)> <Delay = 5.70> <Core = "FMul">   --->   Core 106 'FMul' <Latency = 3> <II = 1> <Delay = 5.70> <FuncUnit> <Opcode : 'fmul'> <InPorts = 2> <OutPorts = 1>
ST_9 : Operation 137 [2/4] (5.70ns)   --->   "%tmp_2_1_1 = fmul float %data0_5_read, %data1_addr_read_1" [myIP.c:49]   --->   Operation 137 'fmul' 'tmp_2_1_1' <Predicate = (!icmp_ln32)> <Delay = 5.70> <Core = "FMul">   --->   Core 106 'FMul' <Latency = 3> <II = 1> <Delay = 5.70> <FuncUnit> <Opcode : 'fmul'> <InPorts = 2> <OutPorts = 1>
ST_9 : Operation 138 [3/4] (5.70ns)   --->   "%tmp_2_1_2 = fmul float %data0_6_read, %data1_addr_read_2" [myIP.c:49]   --->   Operation 138 'fmul' 'tmp_2_1_2' <Predicate = (!icmp_ln32)> <Delay = 5.70> <Core = "FMul">   --->   Core 106 'FMul' <Latency = 3> <II = 1> <Delay = 5.70> <FuncUnit> <Opcode : 'fmul'> <InPorts = 2> <OutPorts = 1>
ST_9 : Operation 139 [4/4] (5.70ns)   --->   "%tmp_2_1_3 = fmul float %data0_7_read, %data1_addr_read_3" [myIP.c:49]   --->   Operation 139 'fmul' 'tmp_2_1_3' <Predicate = (!icmp_ln32)> <Delay = 5.70> <Core = "FMul">   --->   Core 106 'FMul' <Latency = 3> <II = 1> <Delay = 5.70> <FuncUnit> <Opcode : 'fmul'> <InPorts = 2> <OutPorts = 1>
ST_9 : Operation 140 [1/4] (5.70ns)   --->   "%tmp_2_2 = fmul float %data0_8_read, %data1_addr_read" [myIP.c:49]   --->   Operation 140 'fmul' 'tmp_2_2' <Predicate = (!icmp_ln32)> <Delay = 5.70> <Core = "FMul">   --->   Core 106 'FMul' <Latency = 3> <II = 1> <Delay = 5.70> <FuncUnit> <Opcode : 'fmul'> <InPorts = 2> <OutPorts = 1>
ST_9 : Operation 141 [2/4] (5.70ns)   --->   "%tmp_2_2_1 = fmul float %data0_9_read, %data1_addr_read_1" [myIP.c:49]   --->   Operation 141 'fmul' 'tmp_2_2_1' <Predicate = (!icmp_ln32)> <Delay = 5.70> <Core = "FMul">   --->   Core 106 'FMul' <Latency = 3> <II = 1> <Delay = 5.70> <FuncUnit> <Opcode : 'fmul'> <InPorts = 2> <OutPorts = 1>
ST_9 : Operation 142 [3/4] (5.70ns)   --->   "%tmp_2_2_2 = fmul float %data0_10_read, %data1_addr_read_2" [myIP.c:49]   --->   Operation 142 'fmul' 'tmp_2_2_2' <Predicate = (!icmp_ln32)> <Delay = 5.70> <Core = "FMul">   --->   Core 106 'FMul' <Latency = 3> <II = 1> <Delay = 5.70> <FuncUnit> <Opcode : 'fmul'> <InPorts = 2> <OutPorts = 1>
ST_9 : Operation 143 [4/4] (5.70ns)   --->   "%tmp_2_2_3 = fmul float %data0_11_read, %data1_addr_read_3" [myIP.c:49]   --->   Operation 143 'fmul' 'tmp_2_2_3' <Predicate = (!icmp_ln32)> <Delay = 5.70> <Core = "FMul">   --->   Core 106 'FMul' <Latency = 3> <II = 1> <Delay = 5.70> <FuncUnit> <Opcode : 'fmul'> <InPorts = 2> <OutPorts = 1>
ST_9 : Operation 144 [1/4] (5.70ns)   --->   "%tmp_2_3 = fmul float %data0_12_read, %data1_addr_read" [myIP.c:49]   --->   Operation 144 'fmul' 'tmp_2_3' <Predicate = (!icmp_ln32)> <Delay = 5.70> <Core = "FMul">   --->   Core 106 'FMul' <Latency = 3> <II = 1> <Delay = 5.70> <FuncUnit> <Opcode : 'fmul'> <InPorts = 2> <OutPorts = 1>
ST_9 : Operation 145 [2/4] (5.70ns)   --->   "%tmp_2_3_1 = fmul float %data0_13_read, %data1_addr_read_1" [myIP.c:49]   --->   Operation 145 'fmul' 'tmp_2_3_1' <Predicate = (!icmp_ln32)> <Delay = 5.70> <Core = "FMul">   --->   Core 106 'FMul' <Latency = 3> <II = 1> <Delay = 5.70> <FuncUnit> <Opcode : 'fmul'> <InPorts = 2> <OutPorts = 1>
ST_9 : Operation 146 [3/4] (5.70ns)   --->   "%tmp_2_3_2 = fmul float %data0_14_read, %data1_addr_read_2" [myIP.c:49]   --->   Operation 146 'fmul' 'tmp_2_3_2' <Predicate = (!icmp_ln32)> <Delay = 5.70> <Core = "FMul">   --->   Core 106 'FMul' <Latency = 3> <II = 1> <Delay = 5.70> <FuncUnit> <Opcode : 'fmul'> <InPorts = 2> <OutPorts = 1>
ST_9 : Operation 147 [4/4] (5.70ns)   --->   "%tmp_2_3_3 = fmul float %data0_15_read, %data1_addr_read_3" [myIP.c:49]   --->   Operation 147 'fmul' 'tmp_2_3_3' <Predicate = (!icmp_ln32)> <Delay = 5.70> <Core = "FMul">   --->   Core 106 'FMul' <Latency = 3> <II = 1> <Delay = 5.70> <FuncUnit> <Opcode : 'fmul'> <InPorts = 2> <OutPorts = 1>

State 10 <SV = 9> <Delay = 7.25>
ST_10 : Operation 148 [5/5] (7.25ns)   --->   "%tmp_3 = fadd float %tmp_2, 0.000000e+00" [myIP.c:49]   --->   Operation 148 'fadd' 'tmp_3' <Predicate = (!icmp_ln32)> <Delay = 7.25> <Core = "FAddSub">   --->   Core 105 'FAddSub' <Latency = 4> <II = 1> <Delay = 7.25> <FuncUnit> <Opcode : 'fadd' 'fsub'> <InPorts = 2> <OutPorts = 1>
ST_10 : Operation 149 [1/4] (5.70ns)   --->   "%tmp_2_0_1 = fmul float %data0_1_read, %data1_addr_read_1" [myIP.c:49]   --->   Operation 149 'fmul' 'tmp_2_0_1' <Predicate = (!icmp_ln32)> <Delay = 5.70> <Core = "FMul">   --->   Core 106 'FMul' <Latency = 3> <II = 1> <Delay = 5.70> <FuncUnit> <Opcode : 'fmul'> <InPorts = 2> <OutPorts = 1>
ST_10 : Operation 150 [2/4] (5.70ns)   --->   "%tmp_2_0_2 = fmul float %data0_2_read, %data1_addr_read_2" [myIP.c:49]   --->   Operation 150 'fmul' 'tmp_2_0_2' <Predicate = (!icmp_ln32)> <Delay = 5.70> <Core = "FMul">   --->   Core 106 'FMul' <Latency = 3> <II = 1> <Delay = 5.70> <FuncUnit> <Opcode : 'fmul'> <InPorts = 2> <OutPorts = 1>
ST_10 : Operation 151 [3/4] (5.70ns)   --->   "%tmp_2_0_3 = fmul float %data0_3_read, %data1_addr_read_3" [myIP.c:49]   --->   Operation 151 'fmul' 'tmp_2_0_3' <Predicate = (!icmp_ln32)> <Delay = 5.70> <Core = "FMul">   --->   Core 106 'FMul' <Latency = 3> <II = 1> <Delay = 5.70> <FuncUnit> <Opcode : 'fmul'> <InPorts = 2> <OutPorts = 1>
ST_10 : Operation 152 [5/5] (7.25ns)   --->   "%tmp_3_1 = fadd float %tmp_2_1, 0.000000e+00" [myIP.c:49]   --->   Operation 152 'fadd' 'tmp_3_1' <Predicate = (!icmp_ln32)> <Delay = 7.25> <Core = "FAddSub">   --->   Core 105 'FAddSub' <Latency = 4> <II = 1> <Delay = 7.25> <FuncUnit> <Opcode : 'fadd' 'fsub'> <InPorts = 2> <OutPorts = 1>
ST_10 : Operation 153 [1/4] (5.70ns)   --->   "%tmp_2_1_1 = fmul float %data0_5_read, %data1_addr_read_1" [myIP.c:49]   --->   Operation 153 'fmul' 'tmp_2_1_1' <Predicate = (!icmp_ln32)> <Delay = 5.70> <Core = "FMul">   --->   Core 106 'FMul' <Latency = 3> <II = 1> <Delay = 5.70> <FuncUnit> <Opcode : 'fmul'> <InPorts = 2> <OutPorts = 1>
ST_10 : Operation 154 [2/4] (5.70ns)   --->   "%tmp_2_1_2 = fmul float %data0_6_read, %data1_addr_read_2" [myIP.c:49]   --->   Operation 154 'fmul' 'tmp_2_1_2' <Predicate = (!icmp_ln32)> <Delay = 5.70> <Core = "FMul">   --->   Core 106 'FMul' <Latency = 3> <II = 1> <Delay = 5.70> <FuncUnit> <Opcode : 'fmul'> <InPorts = 2> <OutPorts = 1>
ST_10 : Operation 155 [3/4] (5.70ns)   --->   "%tmp_2_1_3 = fmul float %data0_7_read, %data1_addr_read_3" [myIP.c:49]   --->   Operation 155 'fmul' 'tmp_2_1_3' <Predicate = (!icmp_ln32)> <Delay = 5.70> <Core = "FMul">   --->   Core 106 'FMul' <Latency = 3> <II = 1> <Delay = 5.70> <FuncUnit> <Opcode : 'fmul'> <InPorts = 2> <OutPorts = 1>
ST_10 : Operation 156 [5/5] (7.25ns)   --->   "%tmp_3_2 = fadd float %tmp_2_2, 0.000000e+00" [myIP.c:49]   --->   Operation 156 'fadd' 'tmp_3_2' <Predicate = (!icmp_ln32)> <Delay = 7.25> <Core = "FAddSub">   --->   Core 105 'FAddSub' <Latency = 4> <II = 1> <Delay = 7.25> <FuncUnit> <Opcode : 'fadd' 'fsub'> <InPorts = 2> <OutPorts = 1>
ST_10 : Operation 157 [1/4] (5.70ns)   --->   "%tmp_2_2_1 = fmul float %data0_9_read, %data1_addr_read_1" [myIP.c:49]   --->   Operation 157 'fmul' 'tmp_2_2_1' <Predicate = (!icmp_ln32)> <Delay = 5.70> <Core = "FMul">   --->   Core 106 'FMul' <Latency = 3> <II = 1> <Delay = 5.70> <FuncUnit> <Opcode : 'fmul'> <InPorts = 2> <OutPorts = 1>
ST_10 : Operation 158 [2/4] (5.70ns)   --->   "%tmp_2_2_2 = fmul float %data0_10_read, %data1_addr_read_2" [myIP.c:49]   --->   Operation 158 'fmul' 'tmp_2_2_2' <Predicate = (!icmp_ln32)> <Delay = 5.70> <Core = "FMul">   --->   Core 106 'FMul' <Latency = 3> <II = 1> <Delay = 5.70> <FuncUnit> <Opcode : 'fmul'> <InPorts = 2> <OutPorts = 1>
ST_10 : Operation 159 [3/4] (5.70ns)   --->   "%tmp_2_2_3 = fmul float %data0_11_read, %data1_addr_read_3" [myIP.c:49]   --->   Operation 159 'fmul' 'tmp_2_2_3' <Predicate = (!icmp_ln32)> <Delay = 5.70> <Core = "FMul">   --->   Core 106 'FMul' <Latency = 3> <II = 1> <Delay = 5.70> <FuncUnit> <Opcode : 'fmul'> <InPorts = 2> <OutPorts = 1>
ST_10 : Operation 160 [5/5] (7.25ns)   --->   "%tmp_3_3 = fadd float %tmp_2_3, 0.000000e+00" [myIP.c:49]   --->   Operation 160 'fadd' 'tmp_3_3' <Predicate = (!icmp_ln32)> <Delay = 7.25> <Core = "FAddSub">   --->   Core 105 'FAddSub' <Latency = 4> <II = 1> <Delay = 7.25> <FuncUnit> <Opcode : 'fadd' 'fsub'> <InPorts = 2> <OutPorts = 1>
ST_10 : Operation 161 [1/4] (5.70ns)   --->   "%tmp_2_3_1 = fmul float %data0_13_read, %data1_addr_read_1" [myIP.c:49]   --->   Operation 161 'fmul' 'tmp_2_3_1' <Predicate = (!icmp_ln32)> <Delay = 5.70> <Core = "FMul">   --->   Core 106 'FMul' <Latency = 3> <II = 1> <Delay = 5.70> <FuncUnit> <Opcode : 'fmul'> <InPorts = 2> <OutPorts = 1>
ST_10 : Operation 162 [2/4] (5.70ns)   --->   "%tmp_2_3_2 = fmul float %data0_14_read, %data1_addr_read_2" [myIP.c:49]   --->   Operation 162 'fmul' 'tmp_2_3_2' <Predicate = (!icmp_ln32)> <Delay = 5.70> <Core = "FMul">   --->   Core 106 'FMul' <Latency = 3> <II = 1> <Delay = 5.70> <FuncUnit> <Opcode : 'fmul'> <InPorts = 2> <OutPorts = 1>
ST_10 : Operation 163 [3/4] (5.70ns)   --->   "%tmp_2_3_3 = fmul float %data0_15_read, %data1_addr_read_3" [myIP.c:49]   --->   Operation 163 'fmul' 'tmp_2_3_3' <Predicate = (!icmp_ln32)> <Delay = 5.70> <Core = "FMul">   --->   Core 106 'FMul' <Latency = 3> <II = 1> <Delay = 5.70> <FuncUnit> <Opcode : 'fmul'> <InPorts = 2> <OutPorts = 1>

State 11 <SV = 10> <Delay = 7.25>
ST_11 : Operation 164 [4/5] (7.25ns)   --->   "%tmp_3 = fadd float %tmp_2, 0.000000e+00" [myIP.c:49]   --->   Operation 164 'fadd' 'tmp_3' <Predicate = (!icmp_ln32)> <Delay = 7.25> <Core = "FAddSub">   --->   Core 105 'FAddSub' <Latency = 4> <II = 1> <Delay = 7.25> <FuncUnit> <Opcode : 'fadd' 'fsub'> <InPorts = 2> <OutPorts = 1>
ST_11 : Operation 165 [1/4] (5.70ns)   --->   "%tmp_2_0_2 = fmul float %data0_2_read, %data1_addr_read_2" [myIP.c:49]   --->   Operation 165 'fmul' 'tmp_2_0_2' <Predicate = (!icmp_ln32)> <Delay = 5.70> <Core = "FMul">   --->   Core 106 'FMul' <Latency = 3> <II = 1> <Delay = 5.70> <FuncUnit> <Opcode : 'fmul'> <InPorts = 2> <OutPorts = 1>
ST_11 : Operation 166 [2/4] (5.70ns)   --->   "%tmp_2_0_3 = fmul float %data0_3_read, %data1_addr_read_3" [myIP.c:49]   --->   Operation 166 'fmul' 'tmp_2_0_3' <Predicate = (!icmp_ln32)> <Delay = 5.70> <Core = "FMul">   --->   Core 106 'FMul' <Latency = 3> <II = 1> <Delay = 5.70> <FuncUnit> <Opcode : 'fmul'> <InPorts = 2> <OutPorts = 1>
ST_11 : Operation 167 [4/5] (7.25ns)   --->   "%tmp_3_1 = fadd float %tmp_2_1, 0.000000e+00" [myIP.c:49]   --->   Operation 167 'fadd' 'tmp_3_1' <Predicate = (!icmp_ln32)> <Delay = 7.25> <Core = "FAddSub">   --->   Core 105 'FAddSub' <Latency = 4> <II = 1> <Delay = 7.25> <FuncUnit> <Opcode : 'fadd' 'fsub'> <InPorts = 2> <OutPorts = 1>
ST_11 : Operation 168 [1/4] (5.70ns)   --->   "%tmp_2_1_2 = fmul float %data0_6_read, %data1_addr_read_2" [myIP.c:49]   --->   Operation 168 'fmul' 'tmp_2_1_2' <Predicate = (!icmp_ln32)> <Delay = 5.70> <Core = "FMul">   --->   Core 106 'FMul' <Latency = 3> <II = 1> <Delay = 5.70> <FuncUnit> <Opcode : 'fmul'> <InPorts = 2> <OutPorts = 1>
ST_11 : Operation 169 [2/4] (5.70ns)   --->   "%tmp_2_1_3 = fmul float %data0_7_read, %data1_addr_read_3" [myIP.c:49]   --->   Operation 169 'fmul' 'tmp_2_1_3' <Predicate = (!icmp_ln32)> <Delay = 5.70> <Core = "FMul">   --->   Core 106 'FMul' <Latency = 3> <II = 1> <Delay = 5.70> <FuncUnit> <Opcode : 'fmul'> <InPorts = 2> <OutPorts = 1>
ST_11 : Operation 170 [4/5] (7.25ns)   --->   "%tmp_3_2 = fadd float %tmp_2_2, 0.000000e+00" [myIP.c:49]   --->   Operation 170 'fadd' 'tmp_3_2' <Predicate = (!icmp_ln32)> <Delay = 7.25> <Core = "FAddSub">   --->   Core 105 'FAddSub' <Latency = 4> <II = 1> <Delay = 7.25> <FuncUnit> <Opcode : 'fadd' 'fsub'> <InPorts = 2> <OutPorts = 1>
ST_11 : Operation 171 [1/4] (5.70ns)   --->   "%tmp_2_2_2 = fmul float %data0_10_read, %data1_addr_read_2" [myIP.c:49]   --->   Operation 171 'fmul' 'tmp_2_2_2' <Predicate = (!icmp_ln32)> <Delay = 5.70> <Core = "FMul">   --->   Core 106 'FMul' <Latency = 3> <II = 1> <Delay = 5.70> <FuncUnit> <Opcode : 'fmul'> <InPorts = 2> <OutPorts = 1>
ST_11 : Operation 172 [2/4] (5.70ns)   --->   "%tmp_2_2_3 = fmul float %data0_11_read, %data1_addr_read_3" [myIP.c:49]   --->   Operation 172 'fmul' 'tmp_2_2_3' <Predicate = (!icmp_ln32)> <Delay = 5.70> <Core = "FMul">   --->   Core 106 'FMul' <Latency = 3> <II = 1> <Delay = 5.70> <FuncUnit> <Opcode : 'fmul'> <InPorts = 2> <OutPorts = 1>
ST_11 : Operation 173 [4/5] (7.25ns)   --->   "%tmp_3_3 = fadd float %tmp_2_3, 0.000000e+00" [myIP.c:49]   --->   Operation 173 'fadd' 'tmp_3_3' <Predicate = (!icmp_ln32)> <Delay = 7.25> <Core = "FAddSub">   --->   Core 105 'FAddSub' <Latency = 4> <II = 1> <Delay = 7.25> <FuncUnit> <Opcode : 'fadd' 'fsub'> <InPorts = 2> <OutPorts = 1>
ST_11 : Operation 174 [1/4] (5.70ns)   --->   "%tmp_2_3_2 = fmul float %data0_14_read, %data1_addr_read_2" [myIP.c:49]   --->   Operation 174 'fmul' 'tmp_2_3_2' <Predicate = (!icmp_ln32)> <Delay = 5.70> <Core = "FMul">   --->   Core 106 'FMul' <Latency = 3> <II = 1> <Delay = 5.70> <FuncUnit> <Opcode : 'fmul'> <InPorts = 2> <OutPorts = 1>
ST_11 : Operation 175 [2/4] (5.70ns)   --->   "%tmp_2_3_3 = fmul float %data0_15_read, %data1_addr_read_3" [myIP.c:49]   --->   Operation 175 'fmul' 'tmp_2_3_3' <Predicate = (!icmp_ln32)> <Delay = 5.70> <Core = "FMul">   --->   Core 106 'FMul' <Latency = 3> <II = 1> <Delay = 5.70> <FuncUnit> <Opcode : 'fmul'> <InPorts = 2> <OutPorts = 1>

State 12 <SV = 11> <Delay = 7.25>
ST_12 : Operation 176 [3/5] (7.25ns)   --->   "%tmp_3 = fadd float %tmp_2, 0.000000e+00" [myIP.c:49]   --->   Operation 176 'fadd' 'tmp_3' <Predicate = (!icmp_ln32)> <Delay = 7.25> <Core = "FAddSub">   --->   Core 105 'FAddSub' <Latency = 4> <II = 1> <Delay = 7.25> <FuncUnit> <Opcode : 'fadd' 'fsub'> <InPorts = 2> <OutPorts = 1>
ST_12 : Operation 177 [1/4] (5.70ns)   --->   "%tmp_2_0_3 = fmul float %data0_3_read, %data1_addr_read_3" [myIP.c:49]   --->   Operation 177 'fmul' 'tmp_2_0_3' <Predicate = (!icmp_ln32)> <Delay = 5.70> <Core = "FMul">   --->   Core 106 'FMul' <Latency = 3> <II = 1> <Delay = 5.70> <FuncUnit> <Opcode : 'fmul'> <InPorts = 2> <OutPorts = 1>
ST_12 : Operation 178 [3/5] (7.25ns)   --->   "%tmp_3_1 = fadd float %tmp_2_1, 0.000000e+00" [myIP.c:49]   --->   Operation 178 'fadd' 'tmp_3_1' <Predicate = (!icmp_ln32)> <Delay = 7.25> <Core = "FAddSub">   --->   Core 105 'FAddSub' <Latency = 4> <II = 1> <Delay = 7.25> <FuncUnit> <Opcode : 'fadd' 'fsub'> <InPorts = 2> <OutPorts = 1>
ST_12 : Operation 179 [1/4] (5.70ns)   --->   "%tmp_2_1_3 = fmul float %data0_7_read, %data1_addr_read_3" [myIP.c:49]   --->   Operation 179 'fmul' 'tmp_2_1_3' <Predicate = (!icmp_ln32)> <Delay = 5.70> <Core = "FMul">   --->   Core 106 'FMul' <Latency = 3> <II = 1> <Delay = 5.70> <FuncUnit> <Opcode : 'fmul'> <InPorts = 2> <OutPorts = 1>
ST_12 : Operation 180 [3/5] (7.25ns)   --->   "%tmp_3_2 = fadd float %tmp_2_2, 0.000000e+00" [myIP.c:49]   --->   Operation 180 'fadd' 'tmp_3_2' <Predicate = (!icmp_ln32)> <Delay = 7.25> <Core = "FAddSub">   --->   Core 105 'FAddSub' <Latency = 4> <II = 1> <Delay = 7.25> <FuncUnit> <Opcode : 'fadd' 'fsub'> <InPorts = 2> <OutPorts = 1>
ST_12 : Operation 181 [1/4] (5.70ns)   --->   "%tmp_2_2_3 = fmul float %data0_11_read, %data1_addr_read_3" [myIP.c:49]   --->   Operation 181 'fmul' 'tmp_2_2_3' <Predicate = (!icmp_ln32)> <Delay = 5.70> <Core = "FMul">   --->   Core 106 'FMul' <Latency = 3> <II = 1> <Delay = 5.70> <FuncUnit> <Opcode : 'fmul'> <InPorts = 2> <OutPorts = 1>
ST_12 : Operation 182 [3/5] (7.25ns)   --->   "%tmp_3_3 = fadd float %tmp_2_3, 0.000000e+00" [myIP.c:49]   --->   Operation 182 'fadd' 'tmp_3_3' <Predicate = (!icmp_ln32)> <Delay = 7.25> <Core = "FAddSub">   --->   Core 105 'FAddSub' <Latency = 4> <II = 1> <Delay = 7.25> <FuncUnit> <Opcode : 'fadd' 'fsub'> <InPorts = 2> <OutPorts = 1>
ST_12 : Operation 183 [1/4] (5.70ns)   --->   "%tmp_2_3_3 = fmul float %data0_15_read, %data1_addr_read_3" [myIP.c:49]   --->   Operation 183 'fmul' 'tmp_2_3_3' <Predicate = (!icmp_ln32)> <Delay = 5.70> <Core = "FMul">   --->   Core 106 'FMul' <Latency = 3> <II = 1> <Delay = 5.70> <FuncUnit> <Opcode : 'fmul'> <InPorts = 2> <OutPorts = 1>

State 13 <SV = 12> <Delay = 7.25>
ST_13 : Operation 184 [2/5] (7.25ns)   --->   "%tmp_3 = fadd float %tmp_2, 0.000000e+00" [myIP.c:49]   --->   Operation 184 'fadd' 'tmp_3' <Predicate = (!icmp_ln32)> <Delay = 7.25> <Core = "FAddSub">   --->   Core 105 'FAddSub' <Latency = 4> <II = 1> <Delay = 7.25> <FuncUnit> <Opcode : 'fadd' 'fsub'> <InPorts = 2> <OutPorts = 1>
ST_13 : Operation 185 [2/5] (7.25ns)   --->   "%tmp_3_1 = fadd float %tmp_2_1, 0.000000e+00" [myIP.c:49]   --->   Operation 185 'fadd' 'tmp_3_1' <Predicate = (!icmp_ln32)> <Delay = 7.25> <Core = "FAddSub">   --->   Core 105 'FAddSub' <Latency = 4> <II = 1> <Delay = 7.25> <FuncUnit> <Opcode : 'fadd' 'fsub'> <InPorts = 2> <OutPorts = 1>
ST_13 : Operation 186 [2/5] (7.25ns)   --->   "%tmp_3_2 = fadd float %tmp_2_2, 0.000000e+00" [myIP.c:49]   --->   Operation 186 'fadd' 'tmp_3_2' <Predicate = (!icmp_ln32)> <Delay = 7.25> <Core = "FAddSub">   --->   Core 105 'FAddSub' <Latency = 4> <II = 1> <Delay = 7.25> <FuncUnit> <Opcode : 'fadd' 'fsub'> <InPorts = 2> <OutPorts = 1>
ST_13 : Operation 187 [2/5] (7.25ns)   --->   "%tmp_3_3 = fadd float %tmp_2_3, 0.000000e+00" [myIP.c:49]   --->   Operation 187 'fadd' 'tmp_3_3' <Predicate = (!icmp_ln32)> <Delay = 7.25> <Core = "FAddSub">   --->   Core 105 'FAddSub' <Latency = 4> <II = 1> <Delay = 7.25> <FuncUnit> <Opcode : 'fadd' 'fsub'> <InPorts = 2> <OutPorts = 1>

State 14 <SV = 13> <Delay = 7.25>
ST_14 : Operation 188 [1/5] (7.25ns)   --->   "%tmp_3 = fadd float %tmp_2, 0.000000e+00" [myIP.c:49]   --->   Operation 188 'fadd' 'tmp_3' <Predicate = (!icmp_ln32)> <Delay = 7.25> <Core = "FAddSub">   --->   Core 105 'FAddSub' <Latency = 4> <II = 1> <Delay = 7.25> <FuncUnit> <Opcode : 'fadd' 'fsub'> <InPorts = 2> <OutPorts = 1>
ST_14 : Operation 189 [1/5] (7.25ns)   --->   "%tmp_3_1 = fadd float %tmp_2_1, 0.000000e+00" [myIP.c:49]   --->   Operation 189 'fadd' 'tmp_3_1' <Predicate = (!icmp_ln32)> <Delay = 7.25> <Core = "FAddSub">   --->   Core 105 'FAddSub' <Latency = 4> <II = 1> <Delay = 7.25> <FuncUnit> <Opcode : 'fadd' 'fsub'> <InPorts = 2> <OutPorts = 1>
ST_14 : Operation 190 [1/5] (7.25ns)   --->   "%tmp_3_2 = fadd float %tmp_2_2, 0.000000e+00" [myIP.c:49]   --->   Operation 190 'fadd' 'tmp_3_2' <Predicate = (!icmp_ln32)> <Delay = 7.25> <Core = "FAddSub">   --->   Core 105 'FAddSub' <Latency = 4> <II = 1> <Delay = 7.25> <FuncUnit> <Opcode : 'fadd' 'fsub'> <InPorts = 2> <OutPorts = 1>
ST_14 : Operation 191 [1/5] (7.25ns)   --->   "%tmp_3_3 = fadd float %tmp_2_3, 0.000000e+00" [myIP.c:49]   --->   Operation 191 'fadd' 'tmp_3_3' <Predicate = (!icmp_ln32)> <Delay = 7.25> <Core = "FAddSub">   --->   Core 105 'FAddSub' <Latency = 4> <II = 1> <Delay = 7.25> <FuncUnit> <Opcode : 'fadd' 'fsub'> <InPorts = 2> <OutPorts = 1>

State 15 <SV = 14> <Delay = 7.25>
ST_15 : Operation 192 [5/5] (7.25ns)   --->   "%tmp_3_0_1 = fadd float %tmp_3, %tmp_2_0_1" [myIP.c:49]   --->   Operation 192 'fadd' 'tmp_3_0_1' <Predicate = (!icmp_ln32)> <Delay = 7.25> <Core = "FAddSub">   --->   Core 105 'FAddSub' <Latency = 4> <II = 1> <Delay = 7.25> <FuncUnit> <Opcode : 'fadd' 'fsub'> <InPorts = 2> <OutPorts = 1>
ST_15 : Operation 193 [5/5] (7.25ns)   --->   "%tmp_3_1_1 = fadd float %tmp_3_1, %tmp_2_1_1" [myIP.c:49]   --->   Operation 193 'fadd' 'tmp_3_1_1' <Predicate = (!icmp_ln32)> <Delay = 7.25> <Core = "FAddSub">   --->   Core 105 'FAddSub' <Latency = 4> <II = 1> <Delay = 7.25> <FuncUnit> <Opcode : 'fadd' 'fsub'> <InPorts = 2> <OutPorts = 1>
ST_15 : Operation 194 [5/5] (7.25ns)   --->   "%tmp_3_2_1 = fadd float %tmp_3_2, %tmp_2_2_1" [myIP.c:49]   --->   Operation 194 'fadd' 'tmp_3_2_1' <Predicate = (!icmp_ln32)> <Delay = 7.25> <Core = "FAddSub">   --->   Core 105 'FAddSub' <Latency = 4> <II = 1> <Delay = 7.25> <FuncUnit> <Opcode : 'fadd' 'fsub'> <InPorts = 2> <OutPorts = 1>
ST_15 : Operation 195 [5/5] (7.25ns)   --->   "%tmp_3_3_1 = fadd float %tmp_3_3, %tmp_2_3_1" [myIP.c:49]   --->   Operation 195 'fadd' 'tmp_3_3_1' <Predicate = (!icmp_ln32)> <Delay = 7.25> <Core = "FAddSub">   --->   Core 105 'FAddSub' <Latency = 4> <II = 1> <Delay = 7.25> <FuncUnit> <Opcode : 'fadd' 'fsub'> <InPorts = 2> <OutPorts = 1>

State 16 <SV = 15> <Delay = 7.25>
ST_16 : Operation 196 [4/5] (7.25ns)   --->   "%tmp_3_0_1 = fadd float %tmp_3, %tmp_2_0_1" [myIP.c:49]   --->   Operation 196 'fadd' 'tmp_3_0_1' <Predicate = (!icmp_ln32)> <Delay = 7.25> <Core = "FAddSub">   --->   Core 105 'FAddSub' <Latency = 4> <II = 1> <Delay = 7.25> <FuncUnit> <Opcode : 'fadd' 'fsub'> <InPorts = 2> <OutPorts = 1>
ST_16 : Operation 197 [4/5] (7.25ns)   --->   "%tmp_3_1_1 = fadd float %tmp_3_1, %tmp_2_1_1" [myIP.c:49]   --->   Operation 197 'fadd' 'tmp_3_1_1' <Predicate = (!icmp_ln32)> <Delay = 7.25> <Core = "FAddSub">   --->   Core 105 'FAddSub' <Latency = 4> <II = 1> <Delay = 7.25> <FuncUnit> <Opcode : 'fadd' 'fsub'> <InPorts = 2> <OutPorts = 1>
ST_16 : Operation 198 [4/5] (7.25ns)   --->   "%tmp_3_2_1 = fadd float %tmp_3_2, %tmp_2_2_1" [myIP.c:49]   --->   Operation 198 'fadd' 'tmp_3_2_1' <Predicate = (!icmp_ln32)> <Delay = 7.25> <Core = "FAddSub">   --->   Core 105 'FAddSub' <Latency = 4> <II = 1> <Delay = 7.25> <FuncUnit> <Opcode : 'fadd' 'fsub'> <InPorts = 2> <OutPorts = 1>
ST_16 : Operation 199 [4/5] (7.25ns)   --->   "%tmp_3_3_1 = fadd float %tmp_3_3, %tmp_2_3_1" [myIP.c:49]   --->   Operation 199 'fadd' 'tmp_3_3_1' <Predicate = (!icmp_ln32)> <Delay = 7.25> <Core = "FAddSub">   --->   Core 105 'FAddSub' <Latency = 4> <II = 1> <Delay = 7.25> <FuncUnit> <Opcode : 'fadd' 'fsub'> <InPorts = 2> <OutPorts = 1>

State 17 <SV = 16> <Delay = 7.25>
ST_17 : Operation 200 [3/5] (7.25ns)   --->   "%tmp_3_0_1 = fadd float %tmp_3, %tmp_2_0_1" [myIP.c:49]   --->   Operation 200 'fadd' 'tmp_3_0_1' <Predicate = (!icmp_ln32)> <Delay = 7.25> <Core = "FAddSub">   --->   Core 105 'FAddSub' <Latency = 4> <II = 1> <Delay = 7.25> <FuncUnit> <Opcode : 'fadd' 'fsub'> <InPorts = 2> <OutPorts = 1>
ST_17 : Operation 201 [3/5] (7.25ns)   --->   "%tmp_3_1_1 = fadd float %tmp_3_1, %tmp_2_1_1" [myIP.c:49]   --->   Operation 201 'fadd' 'tmp_3_1_1' <Predicate = (!icmp_ln32)> <Delay = 7.25> <Core = "FAddSub">   --->   Core 105 'FAddSub' <Latency = 4> <II = 1> <Delay = 7.25> <FuncUnit> <Opcode : 'fadd' 'fsub'> <InPorts = 2> <OutPorts = 1>
ST_17 : Operation 202 [3/5] (7.25ns)   --->   "%tmp_3_2_1 = fadd float %tmp_3_2, %tmp_2_2_1" [myIP.c:49]   --->   Operation 202 'fadd' 'tmp_3_2_1' <Predicate = (!icmp_ln32)> <Delay = 7.25> <Core = "FAddSub">   --->   Core 105 'FAddSub' <Latency = 4> <II = 1> <Delay = 7.25> <FuncUnit> <Opcode : 'fadd' 'fsub'> <InPorts = 2> <OutPorts = 1>
ST_17 : Operation 203 [3/5] (7.25ns)   --->   "%tmp_3_3_1 = fadd float %tmp_3_3, %tmp_2_3_1" [myIP.c:49]   --->   Operation 203 'fadd' 'tmp_3_3_1' <Predicate = (!icmp_ln32)> <Delay = 7.25> <Core = "FAddSub">   --->   Core 105 'FAddSub' <Latency = 4> <II = 1> <Delay = 7.25> <FuncUnit> <Opcode : 'fadd' 'fsub'> <InPorts = 2> <OutPorts = 1>

State 18 <SV = 17> <Delay = 7.25>
ST_18 : Operation 204 [2/5] (7.25ns)   --->   "%tmp_3_0_1 = fadd float %tmp_3, %tmp_2_0_1" [myIP.c:49]   --->   Operation 204 'fadd' 'tmp_3_0_1' <Predicate = (!icmp_ln32)> <Delay = 7.25> <Core = "FAddSub">   --->   Core 105 'FAddSub' <Latency = 4> <II = 1> <Delay = 7.25> <FuncUnit> <Opcode : 'fadd' 'fsub'> <InPorts = 2> <OutPorts = 1>
ST_18 : Operation 205 [2/5] (7.25ns)   --->   "%tmp_3_1_1 = fadd float %tmp_3_1, %tmp_2_1_1" [myIP.c:49]   --->   Operation 205 'fadd' 'tmp_3_1_1' <Predicate = (!icmp_ln32)> <Delay = 7.25> <Core = "FAddSub">   --->   Core 105 'FAddSub' <Latency = 4> <II = 1> <Delay = 7.25> <FuncUnit> <Opcode : 'fadd' 'fsub'> <InPorts = 2> <OutPorts = 1>
ST_18 : Operation 206 [2/5] (7.25ns)   --->   "%tmp_3_2_1 = fadd float %tmp_3_2, %tmp_2_2_1" [myIP.c:49]   --->   Operation 206 'fadd' 'tmp_3_2_1' <Predicate = (!icmp_ln32)> <Delay = 7.25> <Core = "FAddSub">   --->   Core 105 'FAddSub' <Latency = 4> <II = 1> <Delay = 7.25> <FuncUnit> <Opcode : 'fadd' 'fsub'> <InPorts = 2> <OutPorts = 1>
ST_18 : Operation 207 [2/5] (7.25ns)   --->   "%tmp_3_3_1 = fadd float %tmp_3_3, %tmp_2_3_1" [myIP.c:49]   --->   Operation 207 'fadd' 'tmp_3_3_1' <Predicate = (!icmp_ln32)> <Delay = 7.25> <Core = "FAddSub">   --->   Core 105 'FAddSub' <Latency = 4> <II = 1> <Delay = 7.25> <FuncUnit> <Opcode : 'fadd' 'fsub'> <InPorts = 2> <OutPorts = 1>

State 19 <SV = 18> <Delay = 7.25>
ST_19 : Operation 208 [1/5] (7.25ns)   --->   "%tmp_3_0_1 = fadd float %tmp_3, %tmp_2_0_1" [myIP.c:49]   --->   Operation 208 'fadd' 'tmp_3_0_1' <Predicate = (!icmp_ln32)> <Delay = 7.25> <Core = "FAddSub">   --->   Core 105 'FAddSub' <Latency = 4> <II = 1> <Delay = 7.25> <FuncUnit> <Opcode : 'fadd' 'fsub'> <InPorts = 2> <OutPorts = 1>
ST_19 : Operation 209 [1/5] (7.25ns)   --->   "%tmp_3_1_1 = fadd float %tmp_3_1, %tmp_2_1_1" [myIP.c:49]   --->   Operation 209 'fadd' 'tmp_3_1_1' <Predicate = (!icmp_ln32)> <Delay = 7.25> <Core = "FAddSub">   --->   Core 105 'FAddSub' <Latency = 4> <II = 1> <Delay = 7.25> <FuncUnit> <Opcode : 'fadd' 'fsub'> <InPorts = 2> <OutPorts = 1>
ST_19 : Operation 210 [1/5] (7.25ns)   --->   "%tmp_3_2_1 = fadd float %tmp_3_2, %tmp_2_2_1" [myIP.c:49]   --->   Operation 210 'fadd' 'tmp_3_2_1' <Predicate = (!icmp_ln32)> <Delay = 7.25> <Core = "FAddSub">   --->   Core 105 'FAddSub' <Latency = 4> <II = 1> <Delay = 7.25> <FuncUnit> <Opcode : 'fadd' 'fsub'> <InPorts = 2> <OutPorts = 1>
ST_19 : Operation 211 [1/5] (7.25ns)   --->   "%tmp_3_3_1 = fadd float %tmp_3_3, %tmp_2_3_1" [myIP.c:49]   --->   Operation 211 'fadd' 'tmp_3_3_1' <Predicate = (!icmp_ln32)> <Delay = 7.25> <Core = "FAddSub">   --->   Core 105 'FAddSub' <Latency = 4> <II = 1> <Delay = 7.25> <FuncUnit> <Opcode : 'fadd' 'fsub'> <InPorts = 2> <OutPorts = 1>

State 20 <SV = 19> <Delay = 7.25>
ST_20 : Operation 212 [5/5] (7.25ns)   --->   "%tmp_3_0_2 = fadd float %tmp_3_0_1, %tmp_2_0_2" [myIP.c:49]   --->   Operation 212 'fadd' 'tmp_3_0_2' <Predicate = (!icmp_ln32)> <Delay = 7.25> <Core = "FAddSub">   --->   Core 105 'FAddSub' <Latency = 4> <II = 1> <Delay = 7.25> <FuncUnit> <Opcode : 'fadd' 'fsub'> <InPorts = 2> <OutPorts = 1>
ST_20 : Operation 213 [5/5] (7.25ns)   --->   "%tmp_3_1_2 = fadd float %tmp_3_1_1, %tmp_2_1_2" [myIP.c:49]   --->   Operation 213 'fadd' 'tmp_3_1_2' <Predicate = (!icmp_ln32)> <Delay = 7.25> <Core = "FAddSub">   --->   Core 105 'FAddSub' <Latency = 4> <II = 1> <Delay = 7.25> <FuncUnit> <Opcode : 'fadd' 'fsub'> <InPorts = 2> <OutPorts = 1>
ST_20 : Operation 214 [5/5] (7.25ns)   --->   "%tmp_3_2_2 = fadd float %tmp_3_2_1, %tmp_2_2_2" [myIP.c:49]   --->   Operation 214 'fadd' 'tmp_3_2_2' <Predicate = (!icmp_ln32)> <Delay = 7.25> <Core = "FAddSub">   --->   Core 105 'FAddSub' <Latency = 4> <II = 1> <Delay = 7.25> <FuncUnit> <Opcode : 'fadd' 'fsub'> <InPorts = 2> <OutPorts = 1>
ST_20 : Operation 215 [5/5] (7.25ns)   --->   "%tmp_3_3_2 = fadd float %tmp_3_3_1, %tmp_2_3_2" [myIP.c:49]   --->   Operation 215 'fadd' 'tmp_3_3_2' <Predicate = (!icmp_ln32)> <Delay = 7.25> <Core = "FAddSub">   --->   Core 105 'FAddSub' <Latency = 4> <II = 1> <Delay = 7.25> <FuncUnit> <Opcode : 'fadd' 'fsub'> <InPorts = 2> <OutPorts = 1>

State 21 <SV = 20> <Delay = 7.25>
ST_21 : Operation 216 [4/5] (7.25ns)   --->   "%tmp_3_0_2 = fadd float %tmp_3_0_1, %tmp_2_0_2" [myIP.c:49]   --->   Operation 216 'fadd' 'tmp_3_0_2' <Predicate = (!icmp_ln32)> <Delay = 7.25> <Core = "FAddSub">   --->   Core 105 'FAddSub' <Latency = 4> <II = 1> <Delay = 7.25> <FuncUnit> <Opcode : 'fadd' 'fsub'> <InPorts = 2> <OutPorts = 1>
ST_21 : Operation 217 [4/5] (7.25ns)   --->   "%tmp_3_1_2 = fadd float %tmp_3_1_1, %tmp_2_1_2" [myIP.c:49]   --->   Operation 217 'fadd' 'tmp_3_1_2' <Predicate = (!icmp_ln32)> <Delay = 7.25> <Core = "FAddSub">   --->   Core 105 'FAddSub' <Latency = 4> <II = 1> <Delay = 7.25> <FuncUnit> <Opcode : 'fadd' 'fsub'> <InPorts = 2> <OutPorts = 1>
ST_21 : Operation 218 [4/5] (7.25ns)   --->   "%tmp_3_2_2 = fadd float %tmp_3_2_1, %tmp_2_2_2" [myIP.c:49]   --->   Operation 218 'fadd' 'tmp_3_2_2' <Predicate = (!icmp_ln32)> <Delay = 7.25> <Core = "FAddSub">   --->   Core 105 'FAddSub' <Latency = 4> <II = 1> <Delay = 7.25> <FuncUnit> <Opcode : 'fadd' 'fsub'> <InPorts = 2> <OutPorts = 1>
ST_21 : Operation 219 [4/5] (7.25ns)   --->   "%tmp_3_3_2 = fadd float %tmp_3_3_1, %tmp_2_3_2" [myIP.c:49]   --->   Operation 219 'fadd' 'tmp_3_3_2' <Predicate = (!icmp_ln32)> <Delay = 7.25> <Core = "FAddSub">   --->   Core 105 'FAddSub' <Latency = 4> <II = 1> <Delay = 7.25> <FuncUnit> <Opcode : 'fadd' 'fsub'> <InPorts = 2> <OutPorts = 1>

State 22 <SV = 21> <Delay = 7.25>
ST_22 : Operation 220 [3/5] (7.25ns)   --->   "%tmp_3_0_2 = fadd float %tmp_3_0_1, %tmp_2_0_2" [myIP.c:49]   --->   Operation 220 'fadd' 'tmp_3_0_2' <Predicate = (!icmp_ln32)> <Delay = 7.25> <Core = "FAddSub">   --->   Core 105 'FAddSub' <Latency = 4> <II = 1> <Delay = 7.25> <FuncUnit> <Opcode : 'fadd' 'fsub'> <InPorts = 2> <OutPorts = 1>
ST_22 : Operation 221 [3/5] (7.25ns)   --->   "%tmp_3_1_2 = fadd float %tmp_3_1_1, %tmp_2_1_2" [myIP.c:49]   --->   Operation 221 'fadd' 'tmp_3_1_2' <Predicate = (!icmp_ln32)> <Delay = 7.25> <Core = "FAddSub">   --->   Core 105 'FAddSub' <Latency = 4> <II = 1> <Delay = 7.25> <FuncUnit> <Opcode : 'fadd' 'fsub'> <InPorts = 2> <OutPorts = 1>
ST_22 : Operation 222 [3/5] (7.25ns)   --->   "%tmp_3_2_2 = fadd float %tmp_3_2_1, %tmp_2_2_2" [myIP.c:49]   --->   Operation 222 'fadd' 'tmp_3_2_2' <Predicate = (!icmp_ln32)> <Delay = 7.25> <Core = "FAddSub">   --->   Core 105 'FAddSub' <Latency = 4> <II = 1> <Delay = 7.25> <FuncUnit> <Opcode : 'fadd' 'fsub'> <InPorts = 2> <OutPorts = 1>
ST_22 : Operation 223 [3/5] (7.25ns)   --->   "%tmp_3_3_2 = fadd float %tmp_3_3_1, %tmp_2_3_2" [myIP.c:49]   --->   Operation 223 'fadd' 'tmp_3_3_2' <Predicate = (!icmp_ln32)> <Delay = 7.25> <Core = "FAddSub">   --->   Core 105 'FAddSub' <Latency = 4> <II = 1> <Delay = 7.25> <FuncUnit> <Opcode : 'fadd' 'fsub'> <InPorts = 2> <OutPorts = 1>

State 23 <SV = 22> <Delay = 7.25>
ST_23 : Operation 224 [2/5] (7.25ns)   --->   "%tmp_3_0_2 = fadd float %tmp_3_0_1, %tmp_2_0_2" [myIP.c:49]   --->   Operation 224 'fadd' 'tmp_3_0_2' <Predicate = (!icmp_ln32)> <Delay = 7.25> <Core = "FAddSub">   --->   Core 105 'FAddSub' <Latency = 4> <II = 1> <Delay = 7.25> <FuncUnit> <Opcode : 'fadd' 'fsub'> <InPorts = 2> <OutPorts = 1>
ST_23 : Operation 225 [2/5] (7.25ns)   --->   "%tmp_3_1_2 = fadd float %tmp_3_1_1, %tmp_2_1_2" [myIP.c:49]   --->   Operation 225 'fadd' 'tmp_3_1_2' <Predicate = (!icmp_ln32)> <Delay = 7.25> <Core = "FAddSub">   --->   Core 105 'FAddSub' <Latency = 4> <II = 1> <Delay = 7.25> <FuncUnit> <Opcode : 'fadd' 'fsub'> <InPorts = 2> <OutPorts = 1>
ST_23 : Operation 226 [2/5] (7.25ns)   --->   "%tmp_3_2_2 = fadd float %tmp_3_2_1, %tmp_2_2_2" [myIP.c:49]   --->   Operation 226 'fadd' 'tmp_3_2_2' <Predicate = (!icmp_ln32)> <Delay = 7.25> <Core = "FAddSub">   --->   Core 105 'FAddSub' <Latency = 4> <II = 1> <Delay = 7.25> <FuncUnit> <Opcode : 'fadd' 'fsub'> <InPorts = 2> <OutPorts = 1>
ST_23 : Operation 227 [2/5] (7.25ns)   --->   "%tmp_3_3_2 = fadd float %tmp_3_3_1, %tmp_2_3_2" [myIP.c:49]   --->   Operation 227 'fadd' 'tmp_3_3_2' <Predicate = (!icmp_ln32)> <Delay = 7.25> <Core = "FAddSub">   --->   Core 105 'FAddSub' <Latency = 4> <II = 1> <Delay = 7.25> <FuncUnit> <Opcode : 'fadd' 'fsub'> <InPorts = 2> <OutPorts = 1>

State 24 <SV = 23> <Delay = 7.25>
ST_24 : Operation 228 [1/5] (7.25ns)   --->   "%tmp_3_0_2 = fadd float %tmp_3_0_1, %tmp_2_0_2" [myIP.c:49]   --->   Operation 228 'fadd' 'tmp_3_0_2' <Predicate = (!icmp_ln32)> <Delay = 7.25> <Core = "FAddSub">   --->   Core 105 'FAddSub' <Latency = 4> <II = 1> <Delay = 7.25> <FuncUnit> <Opcode : 'fadd' 'fsub'> <InPorts = 2> <OutPorts = 1>
ST_24 : Operation 229 [1/5] (7.25ns)   --->   "%tmp_3_1_2 = fadd float %tmp_3_1_1, %tmp_2_1_2" [myIP.c:49]   --->   Operation 229 'fadd' 'tmp_3_1_2' <Predicate = (!icmp_ln32)> <Delay = 7.25> <Core = "FAddSub">   --->   Core 105 'FAddSub' <Latency = 4> <II = 1> <Delay = 7.25> <FuncUnit> <Opcode : 'fadd' 'fsub'> <InPorts = 2> <OutPorts = 1>
ST_24 : Operation 230 [1/5] (7.25ns)   --->   "%tmp_3_2_2 = fadd float %tmp_3_2_1, %tmp_2_2_2" [myIP.c:49]   --->   Operation 230 'fadd' 'tmp_3_2_2' <Predicate = (!icmp_ln32)> <Delay = 7.25> <Core = "FAddSub">   --->   Core 105 'FAddSub' <Latency = 4> <II = 1> <Delay = 7.25> <FuncUnit> <Opcode : 'fadd' 'fsub'> <InPorts = 2> <OutPorts = 1>
ST_24 : Operation 231 [1/5] (7.25ns)   --->   "%tmp_3_3_2 = fadd float %tmp_3_3_1, %tmp_2_3_2" [myIP.c:49]   --->   Operation 231 'fadd' 'tmp_3_3_2' <Predicate = (!icmp_ln32)> <Delay = 7.25> <Core = "FAddSub">   --->   Core 105 'FAddSub' <Latency = 4> <II = 1> <Delay = 7.25> <FuncUnit> <Opcode : 'fadd' 'fsub'> <InPorts = 2> <OutPorts = 1>

State 25 <SV = 24> <Delay = 7.25>
ST_25 : Operation 232 [5/5] (7.25ns)   --->   "%tmp_3_0_3 = fadd float %tmp_3_0_2, %tmp_2_0_3" [myIP.c:49]   --->   Operation 232 'fadd' 'tmp_3_0_3' <Predicate = (!icmp_ln32)> <Delay = 7.25> <Core = "FAddSub">   --->   Core 105 'FAddSub' <Latency = 4> <II = 1> <Delay = 7.25> <FuncUnit> <Opcode : 'fadd' 'fsub'> <InPorts = 2> <OutPorts = 1>
ST_25 : Operation 233 [5/5] (7.25ns)   --->   "%tmp_3_1_3 = fadd float %tmp_3_1_2, %tmp_2_1_3" [myIP.c:49]   --->   Operation 233 'fadd' 'tmp_3_1_3' <Predicate = (!icmp_ln32)> <Delay = 7.25> <Core = "FAddSub">   --->   Core 105 'FAddSub' <Latency = 4> <II = 1> <Delay = 7.25> <FuncUnit> <Opcode : 'fadd' 'fsub'> <InPorts = 2> <OutPorts = 1>
ST_25 : Operation 234 [5/5] (7.25ns)   --->   "%tmp_3_2_3 = fadd float %tmp_3_2_2, %tmp_2_2_3" [myIP.c:49]   --->   Operation 234 'fadd' 'tmp_3_2_3' <Predicate = (!icmp_ln32)> <Delay = 7.25> <Core = "FAddSub">   --->   Core 105 'FAddSub' <Latency = 4> <II = 1> <Delay = 7.25> <FuncUnit> <Opcode : 'fadd' 'fsub'> <InPorts = 2> <OutPorts = 1>
ST_25 : Operation 235 [5/5] (7.25ns)   --->   "%tmp_3_3_3 = fadd float %tmp_3_3_2, %tmp_2_3_3" [myIP.c:49]   --->   Operation 235 'fadd' 'tmp_3_3_3' <Predicate = (!icmp_ln32)> <Delay = 7.25> <Core = "FAddSub">   --->   Core 105 'FAddSub' <Latency = 4> <II = 1> <Delay = 7.25> <FuncUnit> <Opcode : 'fadd' 'fsub'> <InPorts = 2> <OutPorts = 1>

State 26 <SV = 25> <Delay = 7.25>
ST_26 : Operation 236 [4/5] (7.25ns)   --->   "%tmp_3_0_3 = fadd float %tmp_3_0_2, %tmp_2_0_3" [myIP.c:49]   --->   Operation 236 'fadd' 'tmp_3_0_3' <Predicate = (!icmp_ln32)> <Delay = 7.25> <Core = "FAddSub">   --->   Core 105 'FAddSub' <Latency = 4> <II = 1> <Delay = 7.25> <FuncUnit> <Opcode : 'fadd' 'fsub'> <InPorts = 2> <OutPorts = 1>
ST_26 : Operation 237 [4/5] (7.25ns)   --->   "%tmp_3_1_3 = fadd float %tmp_3_1_2, %tmp_2_1_3" [myIP.c:49]   --->   Operation 237 'fadd' 'tmp_3_1_3' <Predicate = (!icmp_ln32)> <Delay = 7.25> <Core = "FAddSub">   --->   Core 105 'FAddSub' <Latency = 4> <II = 1> <Delay = 7.25> <FuncUnit> <Opcode : 'fadd' 'fsub'> <InPorts = 2> <OutPorts = 1>
ST_26 : Operation 238 [4/5] (7.25ns)   --->   "%tmp_3_2_3 = fadd float %tmp_3_2_2, %tmp_2_2_3" [myIP.c:49]   --->   Operation 238 'fadd' 'tmp_3_2_3' <Predicate = (!icmp_ln32)> <Delay = 7.25> <Core = "FAddSub">   --->   Core 105 'FAddSub' <Latency = 4> <II = 1> <Delay = 7.25> <FuncUnit> <Opcode : 'fadd' 'fsub'> <InPorts = 2> <OutPorts = 1>
ST_26 : Operation 239 [4/5] (7.25ns)   --->   "%tmp_3_3_3 = fadd float %tmp_3_3_2, %tmp_2_3_3" [myIP.c:49]   --->   Operation 239 'fadd' 'tmp_3_3_3' <Predicate = (!icmp_ln32)> <Delay = 7.25> <Core = "FAddSub">   --->   Core 105 'FAddSub' <Latency = 4> <II = 1> <Delay = 7.25> <FuncUnit> <Opcode : 'fadd' 'fsub'> <InPorts = 2> <OutPorts = 1>

State 27 <SV = 26> <Delay = 7.25>
ST_27 : Operation 240 [3/5] (7.25ns)   --->   "%tmp_3_0_3 = fadd float %tmp_3_0_2, %tmp_2_0_3" [myIP.c:49]   --->   Operation 240 'fadd' 'tmp_3_0_3' <Predicate = (!icmp_ln32)> <Delay = 7.25> <Core = "FAddSub">   --->   Core 105 'FAddSub' <Latency = 4> <II = 1> <Delay = 7.25> <FuncUnit> <Opcode : 'fadd' 'fsub'> <InPorts = 2> <OutPorts = 1>
ST_27 : Operation 241 [3/5] (7.25ns)   --->   "%tmp_3_1_3 = fadd float %tmp_3_1_2, %tmp_2_1_3" [myIP.c:49]   --->   Operation 241 'fadd' 'tmp_3_1_3' <Predicate = (!icmp_ln32)> <Delay = 7.25> <Core = "FAddSub">   --->   Core 105 'FAddSub' <Latency = 4> <II = 1> <Delay = 7.25> <FuncUnit> <Opcode : 'fadd' 'fsub'> <InPorts = 2> <OutPorts = 1>
ST_27 : Operation 242 [3/5] (7.25ns)   --->   "%tmp_3_2_3 = fadd float %tmp_3_2_2, %tmp_2_2_3" [myIP.c:49]   --->   Operation 242 'fadd' 'tmp_3_2_3' <Predicate = (!icmp_ln32)> <Delay = 7.25> <Core = "FAddSub">   --->   Core 105 'FAddSub' <Latency = 4> <II = 1> <Delay = 7.25> <FuncUnit> <Opcode : 'fadd' 'fsub'> <InPorts = 2> <OutPorts = 1>
ST_27 : Operation 243 [3/5] (7.25ns)   --->   "%tmp_3_3_3 = fadd float %tmp_3_3_2, %tmp_2_3_3" [myIP.c:49]   --->   Operation 243 'fadd' 'tmp_3_3_3' <Predicate = (!icmp_ln32)> <Delay = 7.25> <Core = "FAddSub">   --->   Core 105 'FAddSub' <Latency = 4> <II = 1> <Delay = 7.25> <FuncUnit> <Opcode : 'fadd' 'fsub'> <InPorts = 2> <OutPorts = 1>

State 28 <SV = 27> <Delay = 7.25>
ST_28 : Operation 244 [2/5] (7.25ns)   --->   "%tmp_3_0_3 = fadd float %tmp_3_0_2, %tmp_2_0_3" [myIP.c:49]   --->   Operation 244 'fadd' 'tmp_3_0_3' <Predicate = (!icmp_ln32)> <Delay = 7.25> <Core = "FAddSub">   --->   Core 105 'FAddSub' <Latency = 4> <II = 1> <Delay = 7.25> <FuncUnit> <Opcode : 'fadd' 'fsub'> <InPorts = 2> <OutPorts = 1>
ST_28 : Operation 245 [2/5] (7.25ns)   --->   "%tmp_3_1_3 = fadd float %tmp_3_1_2, %tmp_2_1_3" [myIP.c:49]   --->   Operation 245 'fadd' 'tmp_3_1_3' <Predicate = (!icmp_ln32)> <Delay = 7.25> <Core = "FAddSub">   --->   Core 105 'FAddSub' <Latency = 4> <II = 1> <Delay = 7.25> <FuncUnit> <Opcode : 'fadd' 'fsub'> <InPorts = 2> <OutPorts = 1>
ST_28 : Operation 246 [2/5] (7.25ns)   --->   "%tmp_3_2_3 = fadd float %tmp_3_2_2, %tmp_2_2_3" [myIP.c:49]   --->   Operation 246 'fadd' 'tmp_3_2_3' <Predicate = (!icmp_ln32)> <Delay = 7.25> <Core = "FAddSub">   --->   Core 105 'FAddSub' <Latency = 4> <II = 1> <Delay = 7.25> <FuncUnit> <Opcode : 'fadd' 'fsub'> <InPorts = 2> <OutPorts = 1>
ST_28 : Operation 247 [2/5] (7.25ns)   --->   "%tmp_3_3_3 = fadd float %tmp_3_3_2, %tmp_2_3_3" [myIP.c:49]   --->   Operation 247 'fadd' 'tmp_3_3_3' <Predicate = (!icmp_ln32)> <Delay = 7.25> <Core = "FAddSub">   --->   Core 105 'FAddSub' <Latency = 4> <II = 1> <Delay = 7.25> <FuncUnit> <Opcode : 'fadd' 'fsub'> <InPorts = 2> <OutPorts = 1>

State 29 <SV = 28> <Delay = 7.25>
ST_29 : Operation 248 [1/5] (7.25ns)   --->   "%tmp_3_0_3 = fadd float %tmp_3_0_2, %tmp_2_0_3" [myIP.c:49]   --->   Operation 248 'fadd' 'tmp_3_0_3' <Predicate = (!icmp_ln32)> <Delay = 7.25> <Core = "FAddSub">   --->   Core 105 'FAddSub' <Latency = 4> <II = 1> <Delay = 7.25> <FuncUnit> <Opcode : 'fadd' 'fsub'> <InPorts = 2> <OutPorts = 1>
ST_29 : Operation 249 [1/5] (7.25ns)   --->   "%tmp_3_1_3 = fadd float %tmp_3_1_2, %tmp_2_1_3" [myIP.c:49]   --->   Operation 249 'fadd' 'tmp_3_1_3' <Predicate = (!icmp_ln32)> <Delay = 7.25> <Core = "FAddSub">   --->   Core 105 'FAddSub' <Latency = 4> <II = 1> <Delay = 7.25> <FuncUnit> <Opcode : 'fadd' 'fsub'> <InPorts = 2> <OutPorts = 1>
ST_29 : Operation 250 [1/5] (7.25ns)   --->   "%tmp_3_2_3 = fadd float %tmp_3_2_2, %tmp_2_2_3" [myIP.c:49]   --->   Operation 250 'fadd' 'tmp_3_2_3' <Predicate = (!icmp_ln32)> <Delay = 7.25> <Core = "FAddSub">   --->   Core 105 'FAddSub' <Latency = 4> <II = 1> <Delay = 7.25> <FuncUnit> <Opcode : 'fadd' 'fsub'> <InPorts = 2> <OutPorts = 1>
ST_29 : Operation 251 [1/5] (7.25ns)   --->   "%tmp_3_3_3 = fadd float %tmp_3_3_2, %tmp_2_3_3" [myIP.c:49]   --->   Operation 251 'fadd' 'tmp_3_3_3' <Predicate = (!icmp_ln32)> <Delay = 7.25> <Core = "FAddSub">   --->   Core 105 'FAddSub' <Latency = 4> <II = 1> <Delay = 7.25> <FuncUnit> <Opcode : 'fadd' 'fsub'> <InPorts = 2> <OutPorts = 1>

State 30 <SV = 29> <Delay = 5.43>
ST_30 : Operation 252 [2/2] (5.43ns)   --->   "%tmp_5 = fcmp ogt float %tmp_3_0_3, %threshold_read" [myIP.c:51]   --->   Operation 252 'fcmp' 'tmp_5' <Predicate = (!icmp_ln32)> <Delay = 5.43> <Core = "FCmp">   --->   Core 111 'FCmp' <Latency = 1> <II = 1> <Delay = 5.43> <FuncUnit> <Opcode : 'fcmp'> <InPorts = 2> <OutPorts = 1>

State 31 <SV = 30> <Delay = 5.43>
ST_31 : Operation 253 [1/2] (5.43ns)   --->   "%tmp_5 = fcmp ogt float %tmp_3_0_3, %threshold_read" [myIP.c:51]   --->   Operation 253 'fcmp' 'tmp_5' <Predicate = (!icmp_ln32)> <Delay = 5.43> <Core = "FCmp">   --->   Core 111 'FCmp' <Latency = 1> <II = 1> <Delay = 5.43> <FuncUnit> <Opcode : 'fcmp'> <InPorts = 2> <OutPorts = 1>
ST_31 : Operation 254 [2/2] (5.43ns)   --->   "%tmp_8 = fcmp ogt float %tmp_3_1_3, %threshold_read" [myIP.c:51]   --->   Operation 254 'fcmp' 'tmp_8' <Predicate = (!icmp_ln32)> <Delay = 5.43> <Core = "FCmp">   --->   Core 111 'FCmp' <Latency = 1> <II = 1> <Delay = 5.43> <FuncUnit> <Opcode : 'fcmp'> <InPorts = 2> <OutPorts = 1>

State 32 <SV = 31> <Delay = 5.43>
ST_32 : Operation 255 [1/2] (5.43ns)   --->   "%tmp_8 = fcmp ogt float %tmp_3_1_3, %threshold_read" [myIP.c:51]   --->   Operation 255 'fcmp' 'tmp_8' <Predicate = (!icmp_ln32)> <Delay = 5.43> <Core = "FCmp">   --->   Core 111 'FCmp' <Latency = 1> <II = 1> <Delay = 5.43> <FuncUnit> <Opcode : 'fcmp'> <InPorts = 2> <OutPorts = 1>
ST_32 : Operation 256 [2/2] (5.43ns)   --->   "%tmp_s = fcmp ogt float %tmp_3_2_3, %threshold_read" [myIP.c:51]   --->   Operation 256 'fcmp' 'tmp_s' <Predicate = (!icmp_ln32)> <Delay = 5.43> <Core = "FCmp">   --->   Core 111 'FCmp' <Latency = 1> <II = 1> <Delay = 5.43> <FuncUnit> <Opcode : 'fcmp'> <InPorts = 2> <OutPorts = 1>

State 33 <SV = 32> <Delay = 5.43>
ST_33 : Operation 257 [1/2] (5.43ns)   --->   "%tmp_s = fcmp ogt float %tmp_3_2_3, %threshold_read" [myIP.c:51]   --->   Operation 257 'fcmp' 'tmp_s' <Predicate = (!icmp_ln32)> <Delay = 5.43> <Core = "FCmp">   --->   Core 111 'FCmp' <Latency = 1> <II = 1> <Delay = 5.43> <FuncUnit> <Opcode : 'fcmp'> <InPorts = 2> <OutPorts = 1>
ST_33 : Operation 258 [2/2] (5.43ns)   --->   "%tmp_10 = fcmp ogt float %tmp_3_3_3, %threshold_read" [myIP.c:51]   --->   Operation 258 'fcmp' 'tmp_10' <Predicate = (!icmp_ln32)> <Delay = 5.43> <Core = "FCmp">   --->   Core 111 'FCmp' <Latency = 1> <II = 1> <Delay = 5.43> <FuncUnit> <Opcode : 'fcmp'> <InPorts = 2> <OutPorts = 1>

State 34 <SV = 33> <Delay = 7.97>
ST_34 : Operation 259 [1/1] (0.00ns)   --->   "%bitcast_ln51 = bitcast float %tmp_3_0_3 to i32" [myIP.c:51]   --->   Operation 259 'bitcast' 'bitcast_ln51' <Predicate = (!icmp_ln32)> <Delay = 0.00>
ST_34 : Operation 260 [1/1] (0.00ns)   --->   "%tmp_1 = call i8 @_ssdm_op_PartSelect.i8.i32.i32.i32(i32 %bitcast_ln51, i32 23, i32 30)" [myIP.c:51]   --->   Operation 260 'partselect' 'tmp_1' <Predicate = (!icmp_ln32)> <Delay = 0.00>
ST_34 : Operation 261 [1/1] (0.00ns)   --->   "%trunc_ln51_1 = trunc i32 %bitcast_ln51 to i23" [myIP.c:51]   --->   Operation 261 'trunc' 'trunc_ln51_1' <Predicate = (!icmp_ln32)> <Delay = 0.00>
ST_34 : Operation 262 [1/1] (1.55ns)   --->   "%icmp_ln51 = icmp ne i8 %tmp_1, -1" [myIP.c:51]   --->   Operation 262 'icmp' 'icmp_ln51' <Predicate = (!icmp_ln32)> <Delay = 1.55> <Core = "Cmp">   --->   Core 25 'Cmp' <Latency = 0> <II = 1> <Delay = 2.44> <FuncUnit> <Opcode : 'icmp'> <InPorts = 2> <OutPorts = 1>
ST_34 : Operation 263 [1/1] (2.44ns)   --->   "%icmp_ln51_1 = icmp eq i23 %trunc_ln51_1, 0" [myIP.c:51]   --->   Operation 263 'icmp' 'icmp_ln51_1' <Predicate = (!icmp_ln32)> <Delay = 2.44> <Core = "Cmp">   --->   Core 25 'Cmp' <Latency = 0> <II = 1> <Delay = 2.44> <FuncUnit> <Opcode : 'icmp'> <InPorts = 2> <OutPorts = 1>
ST_34 : Operation 264 [1/1] (0.00ns) (grouped into LUT with out node and_ln51_1)   --->   "%or_ln51 = or i1 %icmp_ln51_1, %icmp_ln51" [myIP.c:51]   --->   Operation 264 'or' 'or_ln51' <Predicate = (!icmp_ln32)> <Delay = 0.00> <Core = "LogicGate">   --->   Core 27 'LogicGate' <Latency = 0> <II = 1> <Delay = 0.97> <FuncUnit> <Opcode : 'and' 'or' 'xor'> <InPorts = 2> <OutPorts = 1>
ST_34 : Operation 265 [1/1] (0.00ns) (grouped into LUT with out node and_ln51_1)   --->   "%and_ln51 = and i1 %or_ln51, %or_ln51_1" [myIP.c:51]   --->   Operation 265 'and' 'and_ln51' <Predicate = (!icmp_ln32)> <Delay = 0.00> <Core = "LogicGate">   --->   Core 27 'LogicGate' <Latency = 0> <II = 1> <Delay = 0.97> <FuncUnit> <Opcode : 'and' 'or' 'xor'> <InPorts = 2> <OutPorts = 1>
ST_34 : Operation 266 [1/1] (0.97ns) (out node of the LUT)   --->   "%and_ln51_1 = and i1 %and_ln51, %tmp_5" [myIP.c:51]   --->   Operation 266 'and' 'and_ln51_1' <Predicate = (!icmp_ln32)> <Delay = 0.97> <Core = "LogicGate">   --->   Core 27 'LogicGate' <Latency = 0> <II = 1> <Delay = 0.97> <FuncUnit> <Opcode : 'and' 'or' 'xor'> <InPorts = 2> <OutPorts = 1>
ST_34 : Operation 267 [1/1] (0.00ns) (grouped into LUT with out node add_ln51)   --->   "%zext_ln49 = zext i1 %and_ln51_1 to i2" [myIP.c:49]   --->   Operation 267 'zext' 'zext_ln49' <Predicate = (!icmp_ln32)> <Delay = 0.00>
ST_34 : Operation 268 [1/1] (0.00ns)   --->   "%bitcast_ln51_2 = bitcast float %tmp_3_1_3 to i32" [myIP.c:51]   --->   Operation 268 'bitcast' 'bitcast_ln51_2' <Predicate = (!icmp_ln32)> <Delay = 0.00>
ST_34 : Operation 269 [1/1] (0.00ns)   --->   "%tmp_6 = call i8 @_ssdm_op_PartSelect.i8.i32.i32.i32(i32 %bitcast_ln51_2, i32 23, i32 30)" [myIP.c:51]   --->   Operation 269 'partselect' 'tmp_6' <Predicate = (!icmp_ln32)> <Delay = 0.00>
ST_34 : Operation 270 [1/1] (0.00ns)   --->   "%trunc_ln51_2 = trunc i32 %bitcast_ln51_2 to i23" [myIP.c:51]   --->   Operation 270 'trunc' 'trunc_ln51_2' <Predicate = (!icmp_ln32)> <Delay = 0.00>
ST_34 : Operation 271 [1/1] (1.55ns)   --->   "%icmp_ln51_4 = icmp ne i8 %tmp_6, -1" [myIP.c:51]   --->   Operation 271 'icmp' 'icmp_ln51_4' <Predicate = (!icmp_ln32)> <Delay = 1.55> <Core = "Cmp">   --->   Core 25 'Cmp' <Latency = 0> <II = 1> <Delay = 2.44> <FuncUnit> <Opcode : 'icmp'> <InPorts = 2> <OutPorts = 1>
ST_34 : Operation 272 [1/1] (2.44ns)   --->   "%icmp_ln51_5 = icmp eq i23 %trunc_ln51_2, 0" [myIP.c:51]   --->   Operation 272 'icmp' 'icmp_ln51_5' <Predicate = (!icmp_ln32)> <Delay = 2.44> <Core = "Cmp">   --->   Core 25 'Cmp' <Latency = 0> <II = 1> <Delay = 2.44> <FuncUnit> <Opcode : 'icmp'> <InPorts = 2> <OutPorts = 1>
ST_34 : Operation 273 [1/1] (0.00ns) (grouped into LUT with out node add_ln51)   --->   "%or_ln51_2 = or i1 %icmp_ln51_5, %icmp_ln51_4" [myIP.c:51]   --->   Operation 273 'or' 'or_ln51_2' <Predicate = (!icmp_ln32)> <Delay = 0.00> <Core = "LogicGate">   --->   Core 27 'LogicGate' <Latency = 0> <II = 1> <Delay = 0.97> <FuncUnit> <Opcode : 'and' 'or' 'xor'> <InPorts = 2> <OutPorts = 1>
ST_34 : Operation 274 [1/1] (0.00ns) (grouped into LUT with out node add_ln51)   --->   "%and_ln51_2 = and i1 %or_ln51_2, %or_ln51_1" [myIP.c:51]   --->   Operation 274 'and' 'and_ln51_2' <Predicate = (!icmp_ln32)> <Delay = 0.00> <Core = "LogicGate">   --->   Core 27 'LogicGate' <Latency = 0> <II = 1> <Delay = 0.97> <FuncUnit> <Opcode : 'and' 'or' 'xor'> <InPorts = 2> <OutPorts = 1>
ST_34 : Operation 275 [1/1] (0.00ns) (grouped into LUT with out node add_ln51)   --->   "%and_ln51_3 = and i1 %and_ln51_2, %tmp_8" [myIP.c:51]   --->   Operation 275 'and' 'and_ln51_3' <Predicate = (!icmp_ln32)> <Delay = 0.00> <Core = "LogicGate">   --->   Core 27 'LogicGate' <Latency = 0> <II = 1> <Delay = 0.97> <FuncUnit> <Opcode : 'and' 'or' 'xor'> <InPorts = 2> <OutPorts = 1>
ST_34 : Operation 276 [1/1] (0.00ns) (grouped into LUT with out node add_ln51)   --->   "%zext_ln49_1 = zext i1 %and_ln51_3 to i2" [myIP.c:49]   --->   Operation 276 'zext' 'zext_ln49_1' <Predicate = (!icmp_ln32)> <Delay = 0.00>
ST_34 : Operation 277 [1/1] (0.00ns)   --->   "%bitcast_ln51_3 = bitcast float %tmp_3_2_3 to i32" [myIP.c:51]   --->   Operation 277 'bitcast' 'bitcast_ln51_3' <Predicate = (!icmp_ln32)> <Delay = 0.00>
ST_34 : Operation 278 [1/1] (0.00ns)   --->   "%tmp_9 = call i8 @_ssdm_op_PartSelect.i8.i32.i32.i32(i32 %bitcast_ln51_3, i32 23, i32 30)" [myIP.c:51]   --->   Operation 278 'partselect' 'tmp_9' <Predicate = (!icmp_ln32)> <Delay = 0.00>
ST_34 : Operation 279 [1/1] (0.00ns)   --->   "%trunc_ln51_3 = trunc i32 %bitcast_ln51_3 to i23" [myIP.c:51]   --->   Operation 279 'trunc' 'trunc_ln51_3' <Predicate = (!icmp_ln32)> <Delay = 0.00>
ST_34 : Operation 280 [1/1] (1.55ns)   --->   "%icmp_ln51_6 = icmp ne i8 %tmp_9, -1" [myIP.c:51]   --->   Operation 280 'icmp' 'icmp_ln51_6' <Predicate = (!icmp_ln32)> <Delay = 1.55> <Core = "Cmp">   --->   Core 25 'Cmp' <Latency = 0> <II = 1> <Delay = 2.44> <FuncUnit> <Opcode : 'icmp'> <InPorts = 2> <OutPorts = 1>
ST_34 : Operation 281 [1/1] (2.44ns)   --->   "%icmp_ln51_7 = icmp eq i23 %trunc_ln51_3, 0" [myIP.c:51]   --->   Operation 281 'icmp' 'icmp_ln51_7' <Predicate = (!icmp_ln32)> <Delay = 2.44> <Core = "Cmp">   --->   Core 25 'Cmp' <Latency = 0> <II = 1> <Delay = 2.44> <FuncUnit> <Opcode : 'icmp'> <InPorts = 2> <OutPorts = 1>
ST_34 : Operation 282 [1/1] (0.00ns) (grouped into LUT with out node add_ln51_1)   --->   "%or_ln51_3 = or i1 %icmp_ln51_7, %icmp_ln51_6" [myIP.c:51]   --->   Operation 282 'or' 'or_ln51_3' <Predicate = (!icmp_ln32)> <Delay = 0.00> <Core = "LogicGate">   --->   Core 27 'LogicGate' <Latency = 0> <II = 1> <Delay = 0.97> <FuncUnit> <Opcode : 'and' 'or' 'xor'> <InPorts = 2> <OutPorts = 1>
ST_34 : Operation 283 [1/1] (0.00ns) (grouped into LUT with out node add_ln51_1)   --->   "%and_ln51_4 = and i1 %or_ln51_3, %or_ln51_1" [myIP.c:51]   --->   Operation 283 'and' 'and_ln51_4' <Predicate = (!icmp_ln32)> <Delay = 0.00> <Core = "LogicGate">   --->   Core 27 'LogicGate' <Latency = 0> <II = 1> <Delay = 0.97> <FuncUnit> <Opcode : 'and' 'or' 'xor'> <InPorts = 2> <OutPorts = 1>
ST_34 : Operation 284 [1/1] (0.00ns) (grouped into LUT with out node add_ln51_1)   --->   "%and_ln51_5 = and i1 %and_ln51_4, %tmp_s" [myIP.c:51]   --->   Operation 284 'and' 'and_ln51_5' <Predicate = (!icmp_ln32)> <Delay = 0.00> <Core = "LogicGate">   --->   Core 27 'LogicGate' <Latency = 0> <II = 1> <Delay = 0.97> <FuncUnit> <Opcode : 'and' 'or' 'xor'> <InPorts = 2> <OutPorts = 1>
ST_34 : Operation 285 [1/1] (0.00ns) (grouped into LUT with out node add_ln51_1)   --->   "%zext_ln49_2 = zext i1 %and_ln51_5 to i2" [myIP.c:49]   --->   Operation 285 'zext' 'zext_ln49_2' <Predicate = (!icmp_ln32)> <Delay = 0.00>
ST_34 : Operation 286 [1/1] (0.00ns)   --->   "%bitcast_ln51_4 = bitcast float %tmp_3_3_3 to i32" [myIP.c:51]   --->   Operation 286 'bitcast' 'bitcast_ln51_4' <Predicate = (!icmp_ln32)> <Delay = 0.00>
ST_34 : Operation 287 [1/1] (0.00ns)   --->   "%tmp_7 = call i8 @_ssdm_op_PartSelect.i8.i32.i32.i32(i32 %bitcast_ln51_4, i32 23, i32 30)" [myIP.c:51]   --->   Operation 287 'partselect' 'tmp_7' <Predicate = (!icmp_ln32)> <Delay = 0.00>
ST_34 : Operation 288 [1/1] (0.00ns)   --->   "%trunc_ln51_4 = trunc i32 %bitcast_ln51_4 to i23" [myIP.c:51]   --->   Operation 288 'trunc' 'trunc_ln51_4' <Predicate = (!icmp_ln32)> <Delay = 0.00>
ST_34 : Operation 289 [1/1] (1.55ns)   --->   "%icmp_ln51_8 = icmp ne i8 %tmp_7, -1" [myIP.c:51]   --->   Operation 289 'icmp' 'icmp_ln51_8' <Predicate = (!icmp_ln32)> <Delay = 1.55> <Core = "Cmp">   --->   Core 25 'Cmp' <Latency = 0> <II = 1> <Delay = 2.44> <FuncUnit> <Opcode : 'icmp'> <InPorts = 2> <OutPorts = 1>
ST_34 : Operation 290 [1/1] (2.44ns)   --->   "%icmp_ln51_9 = icmp eq i23 %trunc_ln51_4, 0" [myIP.c:51]   --->   Operation 290 'icmp' 'icmp_ln51_9' <Predicate = (!icmp_ln32)> <Delay = 2.44> <Core = "Cmp">   --->   Core 25 'Cmp' <Latency = 0> <II = 1> <Delay = 2.44> <FuncUnit> <Opcode : 'icmp'> <InPorts = 2> <OutPorts = 1>
ST_34 : Operation 291 [1/1] (0.00ns) (grouped into LUT with out node and_ln51_7)   --->   "%or_ln51_4 = or i1 %icmp_ln51_9, %icmp_ln51_8" [myIP.c:51]   --->   Operation 291 'or' 'or_ln51_4' <Predicate = (!icmp_ln32)> <Delay = 0.00> <Core = "LogicGate">   --->   Core 27 'LogicGate' <Latency = 0> <II = 1> <Delay = 0.97> <FuncUnit> <Opcode : 'and' 'or' 'xor'> <InPorts = 2> <OutPorts = 1>
ST_34 : Operation 292 [1/1] (0.00ns) (grouped into LUT with out node and_ln51_7)   --->   "%and_ln51_6 = and i1 %or_ln51_4, %or_ln51_1" [myIP.c:51]   --->   Operation 292 'and' 'and_ln51_6' <Predicate = (!icmp_ln32)> <Delay = 0.00> <Core = "LogicGate">   --->   Core 27 'LogicGate' <Latency = 0> <II = 1> <Delay = 0.97> <FuncUnit> <Opcode : 'and' 'or' 'xor'> <InPorts = 2> <OutPorts = 1>
ST_34 : Operation 293 [1/2] (5.43ns)   --->   "%tmp_10 = fcmp ogt float %tmp_3_3_3, %threshold_read" [myIP.c:51]   --->   Operation 293 'fcmp' 'tmp_10' <Predicate = (!icmp_ln32)> <Delay = 5.43> <Core = "FCmp">   --->   Core 111 'FCmp' <Latency = 1> <II = 1> <Delay = 5.43> <FuncUnit> <Opcode : 'fcmp'> <InPorts = 2> <OutPorts = 1>
ST_34 : Operation 294 [1/1] (0.97ns) (out node of the LUT)   --->   "%and_ln51_7 = and i1 %and_ln51_6, %tmp_10" [myIP.c:51]   --->   Operation 294 'and' 'and_ln51_7' <Predicate = (!icmp_ln32)> <Delay = 0.97> <Core = "LogicGate">   --->   Core 27 'LogicGate' <Latency = 0> <II = 1> <Delay = 0.97> <FuncUnit> <Opcode : 'and' 'or' 'xor'> <InPorts = 2> <OutPorts = 1>
ST_34 : Operation 295 [1/1] (0.00ns) (grouped into LUT with out node add_ln51_1)   --->   "%zext_ln51 = zext i1 %and_ln51_7 to i2" [myIP.c:51]   --->   Operation 295 'zext' 'zext_ln51' <Predicate = (!icmp_ln32)> <Delay = 0.00>
ST_34 : Operation 296 [1/1] (1.56ns) (out node of the LUT)   --->   "%add_ln51 = add i2 %zext_ln49_1, %zext_ln49" [myIP.c:51]   --->   Operation 296 'add' 'add_ln51' <Predicate = (!icmp_ln32)> <Delay = 1.56> <Core = "AddSub">   --->   Core 14 'AddSub' <Latency = 0> <II = 1> <Delay = 1.56> <FuncUnit> <Opcode : 'add' 'sub'> <InPorts = 2> <OutPorts = 1>
ST_34 : Operation 297 [1/1] (1.56ns) (out node of the LUT)   --->   "%add_ln51_1 = add i2 %zext_ln49_2, %zext_ln51" [myIP.c:51]   --->   Operation 297 'add' 'add_ln51_1' <Predicate = (!icmp_ln32)> <Delay = 1.56> <Core = "AddSub">   --->   Core 14 'AddSub' <Latency = 0> <II = 1> <Delay = 1.56> <FuncUnit> <Opcode : 'add' 'sub'> <InPorts = 2> <OutPorts = 1>

State 35 <SV = 34> <Delay = 3.39>
ST_35 : Operation 298 [1/1] (0.00ns)   --->   "%zext_ln51_1 = zext i2 %add_ln51 to i3" [myIP.c:51]   --->   Operation 298 'zext' 'zext_ln51_1' <Predicate = (!icmp_ln32)> <Delay = 0.00>
ST_35 : Operation 299 [1/1] (0.00ns)   --->   "%zext_ln51_2 = zext i2 %add_ln51_1 to i3" [myIP.c:51]   --->   Operation 299 'zext' 'zext_ln51_2' <Predicate = (!icmp_ln32)> <Delay = 0.00>
ST_35 : Operation 300 [1/1] (1.56ns)   --->   "%add_ln51_2 = add i3 %zext_ln51_2, %zext_ln51_1" [myIP.c:51]   --->   Operation 300 'add' 'add_ln51_2' <Predicate = (!icmp_ln32)> <Delay = 1.56> <Core = "AddSub">   --->   Core 14 'AddSub' <Latency = 0> <II = 1> <Delay = 1.56> <FuncUnit> <Opcode : 'add' 'sub'> <InPorts = 2> <OutPorts = 1>
ST_35 : Operation 301 [1/1] (1.13ns)   --->   "%icmp_ln53 = icmp eq i3 %add_ln51_2, -4" [myIP.c:53]   --->   Operation 301 'icmp' 'icmp_ln53' <Predicate = (!icmp_ln32)> <Delay = 1.13> <Core = "Cmp">   --->   Core 25 'Cmp' <Latency = 0> <II = 1> <Delay = 2.44> <FuncUnit> <Opcode : 'icmp'> <InPorts = 2> <OutPorts = 1>
ST_35 : Operation 302 [1/1] (0.69ns)   --->   "%p_tmp_3_0_3 = select i1 %icmp_ln53, float 0.000000e+00, float %tmp_3_0_3" [myIP.c:53]   --->   Operation 302 'select' 'p_tmp_3_0_3' <Predicate = (!icmp_ln32)> <Delay = 0.69> <Core = "Sel">   --->   Core 26 'Sel' <Latency = 0> <II = 1> <Delay = 0.69> <FuncUnit> <Opcode : 'select'> <InPorts = 3> <OutPorts = 1>
ST_35 : Operation 303 [1/1] (0.69ns)   --->   "%p_tmp_3_1_3 = select i1 %icmp_ln53, float 0.000000e+00, float %tmp_3_1_3" [myIP.c:53]   --->   Operation 303 'select' 'p_tmp_3_1_3' <Predicate = (!icmp_ln32)> <Delay = 0.69> <Core = "Sel">   --->   Core 26 'Sel' <Latency = 0> <II = 1> <Delay = 0.69> <FuncUnit> <Opcode : 'select'> <InPorts = 3> <OutPorts = 1>
ST_35 : Operation 304 [1/1] (0.69ns)   --->   "%p_tmp_3_2_3 = select i1 %icmp_ln53, float 0.000000e+00, float %tmp_3_2_3" [myIP.c:53]   --->   Operation 304 'select' 'p_tmp_3_2_3' <Predicate = (!icmp_ln32)> <Delay = 0.69> <Core = "Sel">   --->   Core 26 'Sel' <Latency = 0> <II = 1> <Delay = 0.69> <FuncUnit> <Opcode : 'select'> <InPorts = 3> <OutPorts = 1>
ST_35 : Operation 305 [1/1] (0.69ns)   --->   "%p_tmp_3_3_3 = select i1 %icmp_ln53, float 0.000000e+00, float %tmp_3_3_3" [myIP.c:53]   --->   Operation 305 'select' 'p_tmp_3_3_3' <Predicate = (!icmp_ln32)> <Delay = 0.69> <Core = "Sel">   --->   Core 26 'Sel' <Latency = 0> <II = 1> <Delay = 0.69> <FuncUnit> <Opcode : 'select'> <InPorts = 3> <OutPorts = 1>

State 36 <SV = 35> <Delay = 8.75>
ST_36 : Operation 306 [1/1] (8.75ns)   --->   "%data_out_addr_req = call i1 @_ssdm_op_WriteReq.ap_bus.floatP(float* %data_out_addr, i32 4)" [myIP.c:56]   --->   Operation 306 'writereq' 'data_out_addr_req' <Predicate = (!icmp_ln32)> <Delay = 8.75> <Core = "PLB46M">   --->   Core 1 'PLB46M' <Latency = 0> <II = 1> <Delay = 1.00> <Adapter> <Opcode : 'read' 'write' 'readreq' 'writereq'>
ST_36 : Operation 307 [1/1] (8.75ns)   --->   "call void @_ssdm_op_Write.ap_bus.floatP(float* %data_out_addr, float %p_tmp_3_0_3)" [myIP.c:56]   --->   Operation 307 'write' <Predicate = (!icmp_ln32)> <Delay = 8.75> <Core = "PLB46M">   --->   Core 1 'PLB46M' <Latency = 0> <II = 1> <Delay = 1.00> <Adapter> <Opcode : 'read' 'write' 'readreq' 'writereq'>

State 37 <SV = 36> <Delay = 8.75>
ST_37 : Operation 308 [1/1] (8.75ns)   --->   "call void @_ssdm_op_Write.ap_bus.floatP(float* %data_out_addr, float %p_tmp_3_1_3)" [myIP.c:56]   --->   Operation 308 'write' <Predicate = (!icmp_ln32)> <Delay = 8.75> <Core = "PLB46M">   --->   Core 1 'PLB46M' <Latency = 0> <II = 1> <Delay = 1.00> <Adapter> <Opcode : 'read' 'write' 'readreq' 'writereq'>

State 38 <SV = 37> <Delay = 8.75>
ST_38 : Operation 309 [1/1] (8.75ns)   --->   "call void @_ssdm_op_Write.ap_bus.floatP(float* %data_out_addr, float %p_tmp_3_2_3)" [myIP.c:56]   --->   Operation 309 'write' <Predicate = (!icmp_ln32)> <Delay = 8.75> <Core = "PLB46M">   --->   Core 1 'PLB46M' <Latency = 0> <II = 1> <Delay = 1.00> <Adapter> <Opcode : 'read' 'write' 'readreq' 'writereq'>

State 39 <SV = 38> <Delay = 8.75>
ST_39 : Operation 310 [1/1] (0.00ns)   --->   "%tmp = call i32 (...)* @_ssdm_op_SpecRegionBegin([12 x i8]* @p_str9) nounwind" [myIP.c:32]   --->   Operation 310 'specregionbegin' 'tmp' <Predicate = (!icmp_ln32)> <Delay = 0.00>
ST_39 : Operation 311 [1/1] (0.00ns)   --->   "call void (...)* @_ssdm_op_SpecLoopTripCount(i32 100, i32 100, i32 100, [1 x i8]* @p_str1) nounwind" [myIP.c:33]   --->   Operation 311 'speclooptripcount' <Predicate = (!icmp_ln32)> <Delay = 0.00>
ST_39 : Operation 312 [1/1] (0.00ns)   --->   "call void (...)* @_ssdm_op_SpecPipeline(i32 1, i32 1, i32 1, i32 0, [1 x i8]* @p_str1) nounwind" [myIP.c:35]   --->   Operation 312 'specpipeline' <Predicate = (!icmp_ln32)> <Delay = 0.00>
ST_39 : Operation 313 [1/1] (8.75ns)   --->   "call void @_ssdm_op_Write.ap_bus.floatP(float* %data_out_addr, float %p_tmp_3_3_3)" [myIP.c:56]   --->   Operation 313 'write' <Predicate = (!icmp_ln32)> <Delay = 8.75> <Core = "PLB46M">   --->   Core 1 'PLB46M' <Latency = 0> <II = 1> <Delay = 1.00> <Adapter> <Opcode : 'read' 'write' 'readreq' 'writereq'>
ST_39 : Operation 314 [1/1] (0.00ns)   --->   "%empty = call i32 (...)* @_ssdm_op_SpecRegionEnd([12 x i8]* @p_str9, i32 %tmp) nounwind" [myIP.c:58]   --->   Operation 314 'specregionend' 'empty' <Predicate = (!icmp_ln32)> <Delay = 0.00>
ST_39 : Operation 315 [1/1] (0.00ns)   --->   "br label %.preheader1" [myIP.c:32]   --->   Operation 315 'br' <Predicate = (!icmp_ln32)> <Delay = 0.00>

State 40 <SV = 2> <Delay = 0.00>
ST_40 : Operation 316 [1/1] (0.00ns)   --->   "ret void" [myIP.c:59]   --->   Operation 316 'ret' <Predicate = true> <Delay = 0.00>


============================================================
+ Verbose Summary: Timing violations
============================================================
Target clock period: 10ns, clock uncertainty: 1.25ns.

 <State 1>: 2.45ns
The critical path consists of the following:
	wire read on port 'threshold' (myIP.c:4) [44]  (0 ns)
	'icmp' operation ('icmp_ln51_3', myIP.c:51) [70]  (2.45 ns)

 <State 2>: 3.45ns
The critical path consists of the following:
	'icmp' operation ('icmp_ln32', myIP.c:32) [74]  (2.47 ns)
	blocking operation 0.978 ns on control path)

 <State 3>: 8.75ns
The critical path consists of the following:
	'getelementptr' operation ('data1_addr', myIP.c:40) [83]  (0 ns)
	bus request on port 'data1' (myIP.c:40) [84]  (8.75 ns)

 <State 4>: 8.75ns
The critical path consists of the following:
	bus request on port 'data1' (myIP.c:40) [84]  (8.75 ns)

 <State 5>: 8.75ns
The critical path consists of the following:
	bus read on port 'data1' (myIP.c:40) [85]  (8.75 ns)

 <State 6>: 8.75ns
The critical path consists of the following:
	bus read on port 'data1' (myIP.c:40) [86]  (8.75 ns)

 <State 7>: 8.75ns
The critical path consists of the following:
	bus read on port 'data1' (myIP.c:40) [87]  (8.75 ns)

 <State 8>: 8.75ns
The critical path consists of the following:
	bus read on port 'data1' (myIP.c:40) [88]  (8.75 ns)

 <State 9>: 5.7ns
The critical path consists of the following:
	'fmul' operation ('tmp_2', myIP.c:49) [89]  (5.7 ns)

 <State 10>: 7.26ns
The critical path consists of the following:
	'fadd' operation ('tmp_3', myIP.c:49) [90]  (7.26 ns)

 <State 11>: 7.26ns
The critical path consists of the following:
	'fadd' operation ('tmp_3', myIP.c:49) [90]  (7.26 ns)

 <State 12>: 7.26ns
The critical path consists of the following:
	'fadd' operation ('tmp_3', myIP.c:49) [90]  (7.26 ns)

 <State 13>: 7.26ns
The critical path consists of the following:
	'fadd' operation ('tmp_3', myIP.c:49) [90]  (7.26 ns)

 <State 14>: 7.26ns
The critical path consists of the following:
	'fadd' operation ('tmp_3', myIP.c:49) [90]  (7.26 ns)

 <State 15>: 7.26ns
The critical path consists of the following:
	'fadd' operation ('tmp_3_0_1', myIP.c:49) [92]  (7.26 ns)

 <State 16>: 7.26ns
The critical path consists of the following:
	'fadd' operation ('tmp_3_0_1', myIP.c:49) [92]  (7.26 ns)

 <State 17>: 7.26ns
The critical path consists of the following:
	'fadd' operation ('tmp_3_0_1', myIP.c:49) [92]  (7.26 ns)

 <State 18>: 7.26ns
The critical path consists of the following:
	'fadd' operation ('tmp_3_0_1', myIP.c:49) [92]  (7.26 ns)

 <State 19>: 7.26ns
The critical path consists of the following:
	'fadd' operation ('tmp_3_0_1', myIP.c:49) [92]  (7.26 ns)

 <State 20>: 7.26ns
The critical path consists of the following:
	'fadd' operation ('tmp_3_0_2', myIP.c:49) [94]  (7.26 ns)

 <State 21>: 7.26ns
The critical path consists of the following:
	'fadd' operation ('tmp_3_0_2', myIP.c:49) [94]  (7.26 ns)

 <State 22>: 7.26ns
The critical path consists of the following:
	'fadd' operation ('tmp_3_0_2', myIP.c:49) [94]  (7.26 ns)

 <State 23>: 7.26ns
The critical path consists of the following:
	'fadd' operation ('tmp_3_0_2', myIP.c:49) [94]  (7.26 ns)

 <State 24>: 7.26ns
The critical path consists of the following:
	'fadd' operation ('tmp_3_0_2', myIP.c:49) [94]  (7.26 ns)

 <State 25>: 7.26ns
The critical path consists of the following:
	'fadd' operation ('tmp_3_0_3', myIP.c:49) [96]  (7.26 ns)

 <State 26>: 7.26ns
The critical path consists of the following:
	'fadd' operation ('tmp_3_0_3', myIP.c:49) [96]  (7.26 ns)

 <State 27>: 7.26ns
The critical path consists of the following:
	'fadd' operation ('tmp_3_0_3', myIP.c:49) [96]  (7.26 ns)

 <State 28>: 7.26ns
The critical path consists of the following:
	'fadd' operation ('tmp_3_0_3', myIP.c:49) [96]  (7.26 ns)

 <State 29>: 7.26ns
The critical path consists of the following:
	'fadd' operation ('tmp_3_0_3', myIP.c:49) [96]  (7.26 ns)

 <State 30>: 5.43ns
The critical path consists of the following:
	'fcmp' operation ('tmp_5', myIP.c:51) [107]  (5.43 ns)

 <State 31>: 5.43ns
The critical path consists of the following:
	'fcmp' operation ('tmp_5', myIP.c:51) [107]  (5.43 ns)

 <State 32>: 5.43ns
The critical path consists of the following:
	'fcmp' operation ('tmp_8', myIP.c:51) [125]  (5.43 ns)

 <State 33>: 5.43ns
The critical path consists of the following:
	'fcmp' operation ('tmp_s', myIP.c:51) [143]  (5.43 ns)

 <State 34>: 7.97ns
The critical path consists of the following:
	'fcmp' operation ('tmp_10', myIP.c:51) [161]  (5.43 ns)
	'and' operation ('and_ln51_7', myIP.c:51) [162]  (0.978 ns)
	'add' operation ('add_ln51_1', myIP.c:51) [166]  (1.56 ns)

 <State 35>: 3.39ns
The critical path consists of the following:
	'add' operation ('add_ln51_2', myIP.c:51) [168]  (1.56 ns)
	'icmp' operation ('icmp_ln53', myIP.c:53) [169]  (1.13 ns)
	'select' operation ('p_tmp_3_0_3', myIP.c:53) [171]  (0.698 ns)

 <State 36>: 8.75ns
The critical path consists of the following:
	bus request on port 'data_out' (myIP.c:56) [173]  (8.75 ns)

 <State 37>: 8.75ns
The critical path consists of the following:
	bus write on port 'data_out' (myIP.c:56) [175]  (8.75 ns)

 <State 38>: 8.75ns
The critical path consists of the following:
	bus write on port 'data_out' (myIP.c:56) [178]  (8.75 ns)

 <State 39>: 8.75ns
The critical path consists of the following:
	bus write on port 'data_out' (myIP.c:56) [179]  (8.75 ns)

 <State 40>: 0ns
The critical path consists of the following:


============================================================
+ Verbose Summary: Binding
============================================================
N/A
* FSMD analyzer results:
  - Output states:
 - Input state : 
  - Chain level:
	State 1
	State 2
	State 3
	State 4
	State 5
	State 6
	State 7
	State 8
	State 9
	State 10
	State 11
	State 12
	State 13
	State 14
	State 15
	State 16
	State 17
	State 18
	State 19
	State 20
	State 21
	State 22
	State 23
	State 24
	State 25
	State 26
	State 27
	State 28
	State 29
	State 30
	State 31
	State 32
	State 33
	State 34
	State 35
	State 36
	State 37
	State 38
	State 39
	State 40


============================================================
+ Verbose Summary: Datapath Resource usage 
============================================================
N/A
