

================================================================
== Vivado HLS Report for 'myFuncAccel4'
================================================================
* Date:           Sun Nov 10 21:15:15 2019

* Version:        2019.1 (Build 2552052 on Fri May 24 15:28:33 MDT 2019)
* Project:        2b
* Solution:       solution1
* Product family: zynq
* Target device:  xc7z020-clg484-1


================================================================
== Performance Estimates
================================================================
+ Timing (ns): 
    * Summary: 
    +--------+-------+----------+------------+
    |  Clock | Target| Estimated| Uncertainty|
    +--------+-------+----------+------------+
    |ap_clk  |  10.00|     7.974|        1.25|
    +--------+-------+----------+------------+

+ Latency (clock cycles): 
    * Summary: 
    +-----+-----+-----+-----+---------+
    |  Latency  |  Interval | Pipeline|
    | min | max | min | max |   Type  |
    +-----+-----+-----+-----+---------+
    |  433|  433|  433|  433|   none  |
    +-----+-----+-----+-----+---------+

    + Detail: 
        * Instance: 
        N/A

        * Loop: 
        +----------+-----+-----+----------+-----------+-----------+------+----------+
        |          |  Latency  | Iteration|  Initiation Interval  | Trip |          |
        | Loop Name| min | max |  Latency |  achieved |   target  | Count| Pipelined|
        +----------+-----+-----+----------+-----------+-----------+------+----------+
        |- Loop 1  |  431|  431|        36|          4|          1|   100|    yes   |
        +----------+-----+-----+----------+-----------+-----------+------+----------+

============================================================
+ Verbose Summary: Synthesis Manager
============================================================
InlineROM: 1
ExposeGlobal: 0
============================================================
+ Verbose Summary: CDFG Model
============================================================
IsTopModel: 1
ResetActiveHigh: 1
IsCombinational: 0
IsDatapathOnly: 0
HasWiredReturn: 1
HasMFsm: 0
HasVarLatency: 1
IsPipeline: 0
IsRtlPipelined: 0
IsInstanceOverlapped: 0
IsDontTouch: 0
HasImplIP: 0
IsGatedGlobalClock: 0

+ Individual pipeline summary: 
  * Pipeline-0: initiation interval (II) = 4, depth = 36


============================================================
+ Verbose Summary: Schedule
============================================================
* Number of FSM states : 38
* Pipeline : 1
  Pipeline-0 : II = 4, D = 36, States = { 2 3 4 5 6 7 8 9 10 11 12 13 14 15 16 17 18 19 20 21 22 23 24 25 26 27 28 29 30 31 32 33 34 35 36 37 }
* Dataflow Pipeline: 0

* FSM state transitions: 
1 --> 2 
2 --> 38 3 
3 --> 4 
4 --> 5 
5 --> 6 
6 --> 7 
7 --> 8 
8 --> 9 
9 --> 10 
10 --> 11 
11 --> 12 
12 --> 13 
13 --> 14 
14 --> 15 
15 --> 16 
16 --> 17 
17 --> 18 
18 --> 19 
19 --> 20 
20 --> 21 
21 --> 22 
22 --> 23 
23 --> 24 
24 --> 25 
25 --> 26 
26 --> 27 
27 --> 28 
28 --> 29 
29 --> 30 
30 --> 31 
31 --> 32 
32 --> 33 
33 --> 34 
34 --> 35 
35 --> 36 
36 --> 37 
37 --> 2 
38 --> 

* FSM state operations: 

State 1 <SV = 0> <Delay = 2.44>
ST_1 : Operation 39 [1/1] (0.00ns)   --->   "call void (...)* @_ssdm_op_SpecBitsMap(float* %data0_15), !map !7"   --->   Operation 39 'specbitsmap' <Predicate = true> <Delay = 0.00>
ST_1 : Operation 40 [1/1] (0.00ns)   --->   "call void (...)* @_ssdm_op_SpecBitsMap(float* %data0_14), !map !13"   --->   Operation 40 'specbitsmap' <Predicate = true> <Delay = 0.00>
ST_1 : Operation 41 [1/1] (0.00ns)   --->   "call void (...)* @_ssdm_op_SpecBitsMap(float* %data0_13), !map !19"   --->   Operation 41 'specbitsmap' <Predicate = true> <Delay = 0.00>
ST_1 : Operation 42 [1/1] (0.00ns)   --->   "call void (...)* @_ssdm_op_SpecBitsMap(float* %data0_12), !map !25"   --->   Operation 42 'specbitsmap' <Predicate = true> <Delay = 0.00>
ST_1 : Operation 43 [1/1] (0.00ns)   --->   "call void (...)* @_ssdm_op_SpecBitsMap(float* %data0_11), !map !31"   --->   Operation 43 'specbitsmap' <Predicate = true> <Delay = 0.00>
ST_1 : Operation 44 [1/1] (0.00ns)   --->   "call void (...)* @_ssdm_op_SpecBitsMap(float* %data0_10), !map !37"   --->   Operation 44 'specbitsmap' <Predicate = true> <Delay = 0.00>
ST_1 : Operation 45 [1/1] (0.00ns)   --->   "call void (...)* @_ssdm_op_SpecBitsMap(float* %data0_9), !map !43"   --->   Operation 45 'specbitsmap' <Predicate = true> <Delay = 0.00>
ST_1 : Operation 46 [1/1] (0.00ns)   --->   "call void (...)* @_ssdm_op_SpecBitsMap(float* %data0_8), !map !49"   --->   Operation 46 'specbitsmap' <Predicate = true> <Delay = 0.00>
ST_1 : Operation 47 [1/1] (0.00ns)   --->   "call void (...)* @_ssdm_op_SpecBitsMap(float* %data0_7), !map !55"   --->   Operation 47 'specbitsmap' <Predicate = true> <Delay = 0.00>
ST_1 : Operation 48 [1/1] (0.00ns)   --->   "call void (...)* @_ssdm_op_SpecBitsMap(float* %data0_6), !map !61"   --->   Operation 48 'specbitsmap' <Predicate = true> <Delay = 0.00>
ST_1 : Operation 49 [1/1] (0.00ns)   --->   "call void (...)* @_ssdm_op_SpecBitsMap(float* %data0_5), !map !67"   --->   Operation 49 'specbitsmap' <Predicate = true> <Delay = 0.00>
ST_1 : Operation 50 [1/1] (0.00ns)   --->   "call void (...)* @_ssdm_op_SpecBitsMap(float* %data0_4), !map !73"   --->   Operation 50 'specbitsmap' <Predicate = true> <Delay = 0.00>
ST_1 : Operation 51 [1/1] (0.00ns)   --->   "call void (...)* @_ssdm_op_SpecBitsMap(float* %data0_3), !map !79"   --->   Operation 51 'specbitsmap' <Predicate = true> <Delay = 0.00>
ST_1 : Operation 52 [1/1] (0.00ns)   --->   "call void (...)* @_ssdm_op_SpecBitsMap(float* %data0_2), !map !85"   --->   Operation 52 'specbitsmap' <Predicate = true> <Delay = 0.00>
ST_1 : Operation 53 [1/1] (0.00ns)   --->   "call void (...)* @_ssdm_op_SpecBitsMap(float* %data0_1), !map !91"   --->   Operation 53 'specbitsmap' <Predicate = true> <Delay = 0.00>
ST_1 : Operation 54 [1/1] (0.00ns)   --->   "call void (...)* @_ssdm_op_SpecBitsMap(float* %data0_0), !map !97"   --->   Operation 54 'specbitsmap' <Predicate = true> <Delay = 0.00>
ST_1 : Operation 55 [1/1] (0.00ns)   --->   "call void (...)* @_ssdm_op_SpecBitsMap(i32 %size) nounwind, !map !103"   --->   Operation 55 'specbitsmap' <Predicate = true> <Delay = 0.00>
ST_1 : Operation 56 [1/1] (0.00ns)   --->   "call void (...)* @_ssdm_op_SpecBitsMap(i32 %dim) nounwind, !map !109"   --->   Operation 56 'specbitsmap' <Predicate = true> <Delay = 0.00>
ST_1 : Operation 57 [1/1] (0.00ns)   --->   "call void (...)* @_ssdm_op_SpecBitsMap(float %threshold) nounwind, !map !113"   --->   Operation 57 'specbitsmap' <Predicate = true> <Delay = 0.00>
ST_1 : Operation 58 [1/1] (0.00ns)   --->   "call void (...)* @_ssdm_op_SpecBitsMap(float* %input_r) nounwind, !map !117"   --->   Operation 58 'specbitsmap' <Predicate = true> <Delay = 0.00>
ST_1 : Operation 59 [1/1] (0.00ns)   --->   "call void (...)* @_ssdm_op_SpecBitsMap(float* %output_r) nounwind, !map !123"   --->   Operation 59 'specbitsmap' <Predicate = true> <Delay = 0.00>
ST_1 : Operation 60 [1/1] (0.00ns)   --->   "call void (...)* @_ssdm_op_SpecTopModule([13 x i8]* @myFuncAccel4_str) nounwind"   --->   Operation 60 'spectopmodule' <Predicate = true> <Delay = 0.00>
ST_1 : Operation 61 [1/1] (0.00ns)   --->   "%threshold_read = call float @_ssdm_op_Read.ap_stable.float(float %threshold)" [myIP.c:4]   --->   Operation 61 'read' 'threshold_read' <Predicate = true> <Delay = 0.00>
ST_1 : Operation 62 [1/1] (0.00ns)   --->   "%size_read = call i32 @_ssdm_op_Read.ap_stable.i32(i32 %size)" [myIP.c:4]   --->   Operation 62 'read' 'size_read' <Predicate = true> <Delay = 0.00>
ST_1 : Operation 63 [1/1] (0.00ns)   --->   "call void (...)* @_ssdm_op_SpecInterface(i32 %size, [10 x i8]* @p_str1, i32 0, i32 0, [1 x i8]* @p_str, i32 0, i32 100, [1 x i8]* @p_str, [1 x i8]* @p_str, [1 x i8]* @p_str, i32 0, i32 0, i32 0, i32 0, [1 x i8]* @p_str, [1 x i8]* @p_str) nounwind" [myIP.c:9]   --->   Operation 63 'specinterface' <Predicate = true> <Delay = 0.00>
ST_1 : Operation 64 [1/1] (0.00ns)   --->   "call void (...)* @_ssdm_op_SpecInterface(i32 %dim, [10 x i8]* @p_str1, i32 0, i32 0, [1 x i8]* @p_str, i32 0, i32 100, [1 x i8]* @p_str, [1 x i8]* @p_str, [1 x i8]* @p_str, i32 0, i32 0, i32 0, i32 0, [1 x i8]* @p_str, [1 x i8]* @p_str) nounwind" [myIP.c:10]   --->   Operation 64 'specinterface' <Predicate = true> <Delay = 0.00>
ST_1 : Operation 65 [1/1] (0.00ns)   --->   "call void (...)* @_ssdm_op_SpecInterface(float %threshold, [10 x i8]* @p_str1, i32 0, i32 0, [1 x i8]* @p_str, i32 0, i32 100, [1 x i8]* @p_str, [1 x i8]* @p_str, [1 x i8]* @p_str, i32 0, i32 0, i32 0, i32 0, [1 x i8]* @p_str, [1 x i8]* @p_str) nounwind" [myIP.c:11]   --->   Operation 65 'specinterface' <Predicate = true> <Delay = 0.00>
ST_1 : Operation 66 [1/1] (0.00ns)   --->   "call void (...)* @_ssdm_op_SpecInterface(float* %data0_0, float* %data0_1, float* %data0_2, float* %data0_3, float* %data0_4, float* %data0_5, float* %data0_6, float* %data0_7, float* %data0_8, float* %data0_9, float* %data0_10, float* %data0_11, float* %data0_12, float* %data0_13, float* %data0_14, float* %data0_15, [10 x i8]* @p_str1, i32 0, i32 0, [1 x i8]* @p_str, i32 0, i32 1000, [1 x i8]* @p_str, [1 x i8]* @p_str, [1 x i8]* @p_str, i32 0, i32 0, i32 0, i32 0, [1 x i8]* @p_str, [1 x i8]* @p_str) nounwind" [myIP.c:13]   --->   Operation 66 'specinterface' <Predicate = true> <Delay = 0.00>
ST_1 : Operation 67 [1/1] (0.00ns)   --->   "call void (...)* @_ssdm_op_SpecInterface(float* %input_r, [5 x i8]* @p_str3, i32 1, i32 1, [5 x i8]* @p_str4, i32 0, i32 1000, [6 x i8]* @p_str5, [1 x i8]* @p_str, [1 x i8]* @p_str, i32 0, i32 0, i32 0, i32 0, [1 x i8]* @p_str, [1 x i8]* @p_str) nounwind" [myIP.c:17]   --->   Operation 67 'specinterface' <Predicate = true> <Delay = 0.00>
ST_1 : Operation 68 [1/1] (0.00ns)   --->   "call void (...)* @_ssdm_op_SpecInterface(float* %output_r, [5 x i8]* @p_str3, i32 1, i32 1, [5 x i8]* @p_str4, i32 0, i32 1000, [7 x i8]* @p_str6, [1 x i8]* @p_str, [1 x i8]* @p_str, i32 0, i32 0, i32 0, i32 0, [1 x i8]* @p_str, [1 x i8]* @p_str) nounwind" [myIP.c:18]   --->   Operation 68 'specinterface' <Predicate = true> <Delay = 0.00>
ST_1 : Operation 69 [1/1] (0.00ns)   --->   "%bitcast_ln50_1 = bitcast float %threshold_read to i32" [myIP.c:50]   --->   Operation 69 'bitcast' 'bitcast_ln50_1' <Predicate = true> <Delay = 0.00>
ST_1 : Operation 70 [1/1] (0.00ns)   --->   "%trunc_ln50 = trunc i32 %bitcast_ln50_1 to i23" [myIP.c:50]   --->   Operation 70 'trunc' 'trunc_ln50' <Predicate = true> <Delay = 0.00>
ST_1 : Operation 71 [1/1] (2.44ns)   --->   "%icmp_ln50_3 = icmp eq i23 %trunc_ln50, 0" [myIP.c:50]   --->   Operation 71 'icmp' 'icmp_ln50_3' <Predicate = true> <Delay = 2.44> <Core = "Cmp">   --->   Core 25 'Cmp' <Latency = 0> <II = 1> <Delay = 2.44> <FuncUnit> <Opcode : 'icmp'> <InPorts = 2> <OutPorts = 1>
ST_1 : Operation 72 [1/1] (1.76ns)   --->   "br label %1" [myIP.c:31]   --->   Operation 72 'br' <Predicate = true> <Delay = 1.76>

State 2 <SV = 1> <Delay = 5.70>
ST_2 : Operation 73 [1/1] (0.00ns)   --->   "%i_0 = phi i32 [ 0, %0 ], [ %i, %hls_label_0_end ]"   --->   Operation 73 'phi' 'i_0' <Predicate = true> <Delay = 0.00>
ST_2 : Operation 74 [1/1] (2.47ns)   --->   "%icmp_ln31 = icmp eq i32 %i_0, %size_read" [myIP.c:31]   --->   Operation 74 'icmp' 'icmp_ln31' <Predicate = true> <Delay = 2.47> <Core = "Cmp">   --->   Core 25 'Cmp' <Latency = 0> <II = 1> <Delay = 2.44> <FuncUnit> <Opcode : 'icmp'> <InPorts = 2> <OutPorts = 1>
ST_2 : Operation 75 [1/1] (2.55ns)   --->   "%i = add i32 %i_0, 1" [myIP.c:31]   --->   Operation 75 'add' 'i' <Predicate = true> <Delay = 2.55> <Core = "AddSub">   --->   Core 14 'AddSub' <Latency = 0> <II = 1> <Delay = 1.56> <FuncUnit> <Opcode : 'add' 'sub'> <InPorts = 2> <OutPorts = 1>
ST_2 : Operation 76 [1/1] (0.00ns)   --->   "br i1 %icmp_ln31, label %2, label %hls_label_0_begin" [myIP.c:31]   --->   Operation 76 'br' <Predicate = true> <Delay = 0.00>
ST_2 : Operation 77 [1/1] (0.00ns)   --->   "%input_read = call float @_ssdm_op_Read.axis.volatile.floatP(float* %input_r)" [myIP.c:40]   --->   Operation 77 'read' 'input_read' <Predicate = (!icmp_ln31)> <Delay = 0.00> <Core = "AXI4Stream">   --->   Core 5 'AXI4Stream' <Latency = 0> <II = 1> <Delay = 1.00> <Adapter> <Opcode : >
ST_2 : Operation 78 [1/1] (0.00ns)   --->   "%data0_0_read = call float @_ssdm_op_Read.ap_stable.floatP(float* %data0_0)" [myIP.c:48]   --->   Operation 78 'read' 'data0_0_read' <Predicate = (!icmp_ln31)> <Delay = 0.00>
ST_2 : Operation 79 [4/4] (5.70ns)   --->   "%tmp_2 = fmul float %data0_0_read, %input_read" [myIP.c:48]   --->   Operation 79 'fmul' 'tmp_2' <Predicate = (!icmp_ln31)> <Delay = 5.70> <Core = "FMul">   --->   Core 106 'FMul' <Latency = 3> <II = 1> <Delay = 5.70> <FuncUnit> <Opcode : 'fmul'> <InPorts = 2> <OutPorts = 1>
ST_2 : Operation 80 [1/1] (0.00ns)   --->   "%tmp_4 = call i8 @_ssdm_op_PartSelect.i8.i32.i32.i32(i32 %bitcast_ln50_1, i32 23, i32 30)" [myIP.c:50]   --->   Operation 80 'partselect' 'tmp_4' <Predicate = (!icmp_ln31)> <Delay = 0.00>
ST_2 : Operation 81 [1/1] (1.55ns)   --->   "%icmp_ln50_2 = icmp ne i8 %tmp_4, -1" [myIP.c:50]   --->   Operation 81 'icmp' 'icmp_ln50_2' <Predicate = (!icmp_ln31)> <Delay = 1.55> <Core = "Cmp">   --->   Core 25 'Cmp' <Latency = 0> <II = 1> <Delay = 2.44> <FuncUnit> <Opcode : 'icmp'> <InPorts = 2> <OutPorts = 1>
ST_2 : Operation 82 [1/1] (0.97ns)   --->   "%or_ln50_1 = or i1 %icmp_ln50_3, %icmp_ln50_2" [myIP.c:50]   --->   Operation 82 'or' 'or_ln50_1' <Predicate = (!icmp_ln31)> <Delay = 0.97> <Core = "LogicGate">   --->   Core 27 'LogicGate' <Latency = 0> <II = 1> <Delay = 0.97> <FuncUnit> <Opcode : 'and' 'or' 'xor'> <InPorts = 2> <OutPorts = 1>
ST_2 : Operation 83 [1/1] (0.00ns)   --->   "%data0_4_read = call float @_ssdm_op_Read.ap_stable.floatP(float* %data0_4)" [myIP.c:48]   --->   Operation 83 'read' 'data0_4_read' <Predicate = (!icmp_ln31)> <Delay = 0.00>
ST_2 : Operation 84 [4/4] (5.70ns)   --->   "%tmp_2_1 = fmul float %data0_4_read, %input_read" [myIP.c:48]   --->   Operation 84 'fmul' 'tmp_2_1' <Predicate = (!icmp_ln31)> <Delay = 5.70> <Core = "FMul">   --->   Core 106 'FMul' <Latency = 3> <II = 1> <Delay = 5.70> <FuncUnit> <Opcode : 'fmul'> <InPorts = 2> <OutPorts = 1>
ST_2 : Operation 85 [1/1] (0.00ns)   --->   "%data0_8_read = call float @_ssdm_op_Read.ap_stable.floatP(float* %data0_8)" [myIP.c:48]   --->   Operation 85 'read' 'data0_8_read' <Predicate = (!icmp_ln31)> <Delay = 0.00>
ST_2 : Operation 86 [4/4] (5.70ns)   --->   "%tmp_2_2 = fmul float %data0_8_read, %input_read" [myIP.c:48]   --->   Operation 86 'fmul' 'tmp_2_2' <Predicate = (!icmp_ln31)> <Delay = 5.70> <Core = "FMul">   --->   Core 106 'FMul' <Latency = 3> <II = 1> <Delay = 5.70> <FuncUnit> <Opcode : 'fmul'> <InPorts = 2> <OutPorts = 1>
ST_2 : Operation 87 [1/1] (0.00ns)   --->   "%data0_12_read = call float @_ssdm_op_Read.ap_stable.floatP(float* %data0_12)" [myIP.c:48]   --->   Operation 87 'read' 'data0_12_read' <Predicate = (!icmp_ln31)> <Delay = 0.00>
ST_2 : Operation 88 [4/4] (5.70ns)   --->   "%tmp_2_3 = fmul float %data0_12_read, %input_read" [myIP.c:48]   --->   Operation 88 'fmul' 'tmp_2_3' <Predicate = (!icmp_ln31)> <Delay = 5.70> <Core = "FMul">   --->   Core 106 'FMul' <Latency = 3> <II = 1> <Delay = 5.70> <FuncUnit> <Opcode : 'fmul'> <InPorts = 2> <OutPorts = 1>

State 3 <SV = 2> <Delay = 5.70>
ST_3 : Operation 89 [1/1] (0.00ns)   --->   "%input_read_1 = call float @_ssdm_op_Read.axis.volatile.floatP(float* %input_r)" [myIP.c:40]   --->   Operation 89 'read' 'input_read_1' <Predicate = (!icmp_ln31)> <Delay = 0.00> <Core = "AXI4Stream">   --->   Core 5 'AXI4Stream' <Latency = 0> <II = 1> <Delay = 1.00> <Adapter> <Opcode : >
ST_3 : Operation 90 [3/4] (5.70ns)   --->   "%tmp_2 = fmul float %data0_0_read, %input_read" [myIP.c:48]   --->   Operation 90 'fmul' 'tmp_2' <Predicate = (!icmp_ln31)> <Delay = 5.70> <Core = "FMul">   --->   Core 106 'FMul' <Latency = 3> <II = 1> <Delay = 5.70> <FuncUnit> <Opcode : 'fmul'> <InPorts = 2> <OutPorts = 1>
ST_3 : Operation 91 [1/1] (0.00ns)   --->   "%data0_1_read = call float @_ssdm_op_Read.ap_stable.floatP(float* %data0_1)" [myIP.c:48]   --->   Operation 91 'read' 'data0_1_read' <Predicate = (!icmp_ln31)> <Delay = 0.00>
ST_3 : Operation 92 [4/4] (5.70ns)   --->   "%tmp_2_0_1 = fmul float %data0_1_read, %input_read_1" [myIP.c:48]   --->   Operation 92 'fmul' 'tmp_2_0_1' <Predicate = (!icmp_ln31)> <Delay = 5.70> <Core = "FMul">   --->   Core 106 'FMul' <Latency = 3> <II = 1> <Delay = 5.70> <FuncUnit> <Opcode : 'fmul'> <InPorts = 2> <OutPorts = 1>
ST_3 : Operation 93 [3/4] (5.70ns)   --->   "%tmp_2_1 = fmul float %data0_4_read, %input_read" [myIP.c:48]   --->   Operation 93 'fmul' 'tmp_2_1' <Predicate = (!icmp_ln31)> <Delay = 5.70> <Core = "FMul">   --->   Core 106 'FMul' <Latency = 3> <II = 1> <Delay = 5.70> <FuncUnit> <Opcode : 'fmul'> <InPorts = 2> <OutPorts = 1>
ST_3 : Operation 94 [1/1] (0.00ns)   --->   "%data0_5_read = call float @_ssdm_op_Read.ap_stable.floatP(float* %data0_5)" [myIP.c:48]   --->   Operation 94 'read' 'data0_5_read' <Predicate = (!icmp_ln31)> <Delay = 0.00>
ST_3 : Operation 95 [4/4] (5.70ns)   --->   "%tmp_2_1_1 = fmul float %data0_5_read, %input_read_1" [myIP.c:48]   --->   Operation 95 'fmul' 'tmp_2_1_1' <Predicate = (!icmp_ln31)> <Delay = 5.70> <Core = "FMul">   --->   Core 106 'FMul' <Latency = 3> <II = 1> <Delay = 5.70> <FuncUnit> <Opcode : 'fmul'> <InPorts = 2> <OutPorts = 1>
ST_3 : Operation 96 [3/4] (5.70ns)   --->   "%tmp_2_2 = fmul float %data0_8_read, %input_read" [myIP.c:48]   --->   Operation 96 'fmul' 'tmp_2_2' <Predicate = (!icmp_ln31)> <Delay = 5.70> <Core = "FMul">   --->   Core 106 'FMul' <Latency = 3> <II = 1> <Delay = 5.70> <FuncUnit> <Opcode : 'fmul'> <InPorts = 2> <OutPorts = 1>
ST_3 : Operation 97 [1/1] (0.00ns)   --->   "%data0_9_read = call float @_ssdm_op_Read.ap_stable.floatP(float* %data0_9)" [myIP.c:48]   --->   Operation 97 'read' 'data0_9_read' <Predicate = (!icmp_ln31)> <Delay = 0.00>
ST_3 : Operation 98 [4/4] (5.70ns)   --->   "%tmp_2_2_1 = fmul float %data0_9_read, %input_read_1" [myIP.c:48]   --->   Operation 98 'fmul' 'tmp_2_2_1' <Predicate = (!icmp_ln31)> <Delay = 5.70> <Core = "FMul">   --->   Core 106 'FMul' <Latency = 3> <II = 1> <Delay = 5.70> <FuncUnit> <Opcode : 'fmul'> <InPorts = 2> <OutPorts = 1>
ST_3 : Operation 99 [3/4] (5.70ns)   --->   "%tmp_2_3 = fmul float %data0_12_read, %input_read" [myIP.c:48]   --->   Operation 99 'fmul' 'tmp_2_3' <Predicate = (!icmp_ln31)> <Delay = 5.70> <Core = "FMul">   --->   Core 106 'FMul' <Latency = 3> <II = 1> <Delay = 5.70> <FuncUnit> <Opcode : 'fmul'> <InPorts = 2> <OutPorts = 1>
ST_3 : Operation 100 [1/1] (0.00ns)   --->   "%data0_13_read = call float @_ssdm_op_Read.ap_stable.floatP(float* %data0_13)" [myIP.c:48]   --->   Operation 100 'read' 'data0_13_read' <Predicate = (!icmp_ln31)> <Delay = 0.00>
ST_3 : Operation 101 [4/4] (5.70ns)   --->   "%tmp_2_3_1 = fmul float %data0_13_read, %input_read_1" [myIP.c:48]   --->   Operation 101 'fmul' 'tmp_2_3_1' <Predicate = (!icmp_ln31)> <Delay = 5.70> <Core = "FMul">   --->   Core 106 'FMul' <Latency = 3> <II = 1> <Delay = 5.70> <FuncUnit> <Opcode : 'fmul'> <InPorts = 2> <OutPorts = 1>

State 4 <SV = 3> <Delay = 5.70>
ST_4 : Operation 102 [1/1] (0.00ns)   --->   "%input_read_2 = call float @_ssdm_op_Read.axis.volatile.floatP(float* %input_r)" [myIP.c:40]   --->   Operation 102 'read' 'input_read_2' <Predicate = (!icmp_ln31)> <Delay = 0.00> <Core = "AXI4Stream">   --->   Core 5 'AXI4Stream' <Latency = 0> <II = 1> <Delay = 1.00> <Adapter> <Opcode : >
ST_4 : Operation 103 [2/4] (5.70ns)   --->   "%tmp_2 = fmul float %data0_0_read, %input_read" [myIP.c:48]   --->   Operation 103 'fmul' 'tmp_2' <Predicate = (!icmp_ln31)> <Delay = 5.70> <Core = "FMul">   --->   Core 106 'FMul' <Latency = 3> <II = 1> <Delay = 5.70> <FuncUnit> <Opcode : 'fmul'> <InPorts = 2> <OutPorts = 1>
ST_4 : Operation 104 [3/4] (5.70ns)   --->   "%tmp_2_0_1 = fmul float %data0_1_read, %input_read_1" [myIP.c:48]   --->   Operation 104 'fmul' 'tmp_2_0_1' <Predicate = (!icmp_ln31)> <Delay = 5.70> <Core = "FMul">   --->   Core 106 'FMul' <Latency = 3> <II = 1> <Delay = 5.70> <FuncUnit> <Opcode : 'fmul'> <InPorts = 2> <OutPorts = 1>
ST_4 : Operation 105 [1/1] (0.00ns)   --->   "%data0_2_read = call float @_ssdm_op_Read.ap_stable.floatP(float* %data0_2)" [myIP.c:48]   --->   Operation 105 'read' 'data0_2_read' <Predicate = (!icmp_ln31)> <Delay = 0.00>
ST_4 : Operation 106 [4/4] (5.70ns)   --->   "%tmp_2_0_2 = fmul float %data0_2_read, %input_read_2" [myIP.c:48]   --->   Operation 106 'fmul' 'tmp_2_0_2' <Predicate = (!icmp_ln31)> <Delay = 5.70> <Core = "FMul">   --->   Core 106 'FMul' <Latency = 3> <II = 1> <Delay = 5.70> <FuncUnit> <Opcode : 'fmul'> <InPorts = 2> <OutPorts = 1>
ST_4 : Operation 107 [2/4] (5.70ns)   --->   "%tmp_2_1 = fmul float %data0_4_read, %input_read" [myIP.c:48]   --->   Operation 107 'fmul' 'tmp_2_1' <Predicate = (!icmp_ln31)> <Delay = 5.70> <Core = "FMul">   --->   Core 106 'FMul' <Latency = 3> <II = 1> <Delay = 5.70> <FuncUnit> <Opcode : 'fmul'> <InPorts = 2> <OutPorts = 1>
ST_4 : Operation 108 [3/4] (5.70ns)   --->   "%tmp_2_1_1 = fmul float %data0_5_read, %input_read_1" [myIP.c:48]   --->   Operation 108 'fmul' 'tmp_2_1_1' <Predicate = (!icmp_ln31)> <Delay = 5.70> <Core = "FMul">   --->   Core 106 'FMul' <Latency = 3> <II = 1> <Delay = 5.70> <FuncUnit> <Opcode : 'fmul'> <InPorts = 2> <OutPorts = 1>
ST_4 : Operation 109 [1/1] (0.00ns)   --->   "%data0_6_read = call float @_ssdm_op_Read.ap_stable.floatP(float* %data0_6)" [myIP.c:48]   --->   Operation 109 'read' 'data0_6_read' <Predicate = (!icmp_ln31)> <Delay = 0.00>
ST_4 : Operation 110 [4/4] (5.70ns)   --->   "%tmp_2_1_2 = fmul float %data0_6_read, %input_read_2" [myIP.c:48]   --->   Operation 110 'fmul' 'tmp_2_1_2' <Predicate = (!icmp_ln31)> <Delay = 5.70> <Core = "FMul">   --->   Core 106 'FMul' <Latency = 3> <II = 1> <Delay = 5.70> <FuncUnit> <Opcode : 'fmul'> <InPorts = 2> <OutPorts = 1>
ST_4 : Operation 111 [2/4] (5.70ns)   --->   "%tmp_2_2 = fmul float %data0_8_read, %input_read" [myIP.c:48]   --->   Operation 111 'fmul' 'tmp_2_2' <Predicate = (!icmp_ln31)> <Delay = 5.70> <Core = "FMul">   --->   Core 106 'FMul' <Latency = 3> <II = 1> <Delay = 5.70> <FuncUnit> <Opcode : 'fmul'> <InPorts = 2> <OutPorts = 1>
ST_4 : Operation 112 [3/4] (5.70ns)   --->   "%tmp_2_2_1 = fmul float %data0_9_read, %input_read_1" [myIP.c:48]   --->   Operation 112 'fmul' 'tmp_2_2_1' <Predicate = (!icmp_ln31)> <Delay = 5.70> <Core = "FMul">   --->   Core 106 'FMul' <Latency = 3> <II = 1> <Delay = 5.70> <FuncUnit> <Opcode : 'fmul'> <InPorts = 2> <OutPorts = 1>
ST_4 : Operation 113 [1/1] (0.00ns)   --->   "%data0_10_read = call float @_ssdm_op_Read.ap_stable.floatP(float* %data0_10)" [myIP.c:48]   --->   Operation 113 'read' 'data0_10_read' <Predicate = (!icmp_ln31)> <Delay = 0.00>
ST_4 : Operation 114 [4/4] (5.70ns)   --->   "%tmp_2_2_2 = fmul float %data0_10_read, %input_read_2" [myIP.c:48]   --->   Operation 114 'fmul' 'tmp_2_2_2' <Predicate = (!icmp_ln31)> <Delay = 5.70> <Core = "FMul">   --->   Core 106 'FMul' <Latency = 3> <II = 1> <Delay = 5.70> <FuncUnit> <Opcode : 'fmul'> <InPorts = 2> <OutPorts = 1>
ST_4 : Operation 115 [2/4] (5.70ns)   --->   "%tmp_2_3 = fmul float %data0_12_read, %input_read" [myIP.c:48]   --->   Operation 115 'fmul' 'tmp_2_3' <Predicate = (!icmp_ln31)> <Delay = 5.70> <Core = "FMul">   --->   Core 106 'FMul' <Latency = 3> <II = 1> <Delay = 5.70> <FuncUnit> <Opcode : 'fmul'> <InPorts = 2> <OutPorts = 1>
ST_4 : Operation 116 [3/4] (5.70ns)   --->   "%tmp_2_3_1 = fmul float %data0_13_read, %input_read_1" [myIP.c:48]   --->   Operation 116 'fmul' 'tmp_2_3_1' <Predicate = (!icmp_ln31)> <Delay = 5.70> <Core = "FMul">   --->   Core 106 'FMul' <Latency = 3> <II = 1> <Delay = 5.70> <FuncUnit> <Opcode : 'fmul'> <InPorts = 2> <OutPorts = 1>
ST_4 : Operation 117 [1/1] (0.00ns)   --->   "%data0_14_read = call float @_ssdm_op_Read.ap_stable.floatP(float* %data0_14)" [myIP.c:48]   --->   Operation 117 'read' 'data0_14_read' <Predicate = (!icmp_ln31)> <Delay = 0.00>
ST_4 : Operation 118 [4/4] (5.70ns)   --->   "%tmp_2_3_2 = fmul float %data0_14_read, %input_read_2" [myIP.c:48]   --->   Operation 118 'fmul' 'tmp_2_3_2' <Predicate = (!icmp_ln31)> <Delay = 5.70> <Core = "FMul">   --->   Core 106 'FMul' <Latency = 3> <II = 1> <Delay = 5.70> <FuncUnit> <Opcode : 'fmul'> <InPorts = 2> <OutPorts = 1>

State 5 <SV = 4> <Delay = 5.70>
ST_5 : Operation 119 [1/1] (0.00ns)   --->   "%input_read_3 = call float @_ssdm_op_Read.axis.volatile.floatP(float* %input_r)" [myIP.c:40]   --->   Operation 119 'read' 'input_read_3' <Predicate = (!icmp_ln31)> <Delay = 0.00> <Core = "AXI4Stream">   --->   Core 5 'AXI4Stream' <Latency = 0> <II = 1> <Delay = 1.00> <Adapter> <Opcode : >
ST_5 : Operation 120 [1/4] (5.70ns)   --->   "%tmp_2 = fmul float %data0_0_read, %input_read" [myIP.c:48]   --->   Operation 120 'fmul' 'tmp_2' <Predicate = (!icmp_ln31)> <Delay = 5.70> <Core = "FMul">   --->   Core 106 'FMul' <Latency = 3> <II = 1> <Delay = 5.70> <FuncUnit> <Opcode : 'fmul'> <InPorts = 2> <OutPorts = 1>
ST_5 : Operation 121 [2/4] (5.70ns)   --->   "%tmp_2_0_1 = fmul float %data0_1_read, %input_read_1" [myIP.c:48]   --->   Operation 121 'fmul' 'tmp_2_0_1' <Predicate = (!icmp_ln31)> <Delay = 5.70> <Core = "FMul">   --->   Core 106 'FMul' <Latency = 3> <II = 1> <Delay = 5.70> <FuncUnit> <Opcode : 'fmul'> <InPorts = 2> <OutPorts = 1>
ST_5 : Operation 122 [3/4] (5.70ns)   --->   "%tmp_2_0_2 = fmul float %data0_2_read, %input_read_2" [myIP.c:48]   --->   Operation 122 'fmul' 'tmp_2_0_2' <Predicate = (!icmp_ln31)> <Delay = 5.70> <Core = "FMul">   --->   Core 106 'FMul' <Latency = 3> <II = 1> <Delay = 5.70> <FuncUnit> <Opcode : 'fmul'> <InPorts = 2> <OutPorts = 1>
ST_5 : Operation 123 [1/1] (0.00ns)   --->   "%data0_3_read = call float @_ssdm_op_Read.ap_stable.floatP(float* %data0_3)" [myIP.c:48]   --->   Operation 123 'read' 'data0_3_read' <Predicate = (!icmp_ln31)> <Delay = 0.00>
ST_5 : Operation 124 [4/4] (5.70ns)   --->   "%tmp_2_0_3 = fmul float %data0_3_read, %input_read_3" [myIP.c:48]   --->   Operation 124 'fmul' 'tmp_2_0_3' <Predicate = (!icmp_ln31)> <Delay = 5.70> <Core = "FMul">   --->   Core 106 'FMul' <Latency = 3> <II = 1> <Delay = 5.70> <FuncUnit> <Opcode : 'fmul'> <InPorts = 2> <OutPorts = 1>
ST_5 : Operation 125 [1/4] (5.70ns)   --->   "%tmp_2_1 = fmul float %data0_4_read, %input_read" [myIP.c:48]   --->   Operation 125 'fmul' 'tmp_2_1' <Predicate = (!icmp_ln31)> <Delay = 5.70> <Core = "FMul">   --->   Core 106 'FMul' <Latency = 3> <II = 1> <Delay = 5.70> <FuncUnit> <Opcode : 'fmul'> <InPorts = 2> <OutPorts = 1>
ST_5 : Operation 126 [2/4] (5.70ns)   --->   "%tmp_2_1_1 = fmul float %data0_5_read, %input_read_1" [myIP.c:48]   --->   Operation 126 'fmul' 'tmp_2_1_1' <Predicate = (!icmp_ln31)> <Delay = 5.70> <Core = "FMul">   --->   Core 106 'FMul' <Latency = 3> <II = 1> <Delay = 5.70> <FuncUnit> <Opcode : 'fmul'> <InPorts = 2> <OutPorts = 1>
ST_5 : Operation 127 [3/4] (5.70ns)   --->   "%tmp_2_1_2 = fmul float %data0_6_read, %input_read_2" [myIP.c:48]   --->   Operation 127 'fmul' 'tmp_2_1_2' <Predicate = (!icmp_ln31)> <Delay = 5.70> <Core = "FMul">   --->   Core 106 'FMul' <Latency = 3> <II = 1> <Delay = 5.70> <FuncUnit> <Opcode : 'fmul'> <InPorts = 2> <OutPorts = 1>
ST_5 : Operation 128 [1/1] (0.00ns)   --->   "%data0_7_read = call float @_ssdm_op_Read.ap_stable.floatP(float* %data0_7)" [myIP.c:48]   --->   Operation 128 'read' 'data0_7_read' <Predicate = (!icmp_ln31)> <Delay = 0.00>
ST_5 : Operation 129 [4/4] (5.70ns)   --->   "%tmp_2_1_3 = fmul float %data0_7_read, %input_read_3" [myIP.c:48]   --->   Operation 129 'fmul' 'tmp_2_1_3' <Predicate = (!icmp_ln31)> <Delay = 5.70> <Core = "FMul">   --->   Core 106 'FMul' <Latency = 3> <II = 1> <Delay = 5.70> <FuncUnit> <Opcode : 'fmul'> <InPorts = 2> <OutPorts = 1>
ST_5 : Operation 130 [1/4] (5.70ns)   --->   "%tmp_2_2 = fmul float %data0_8_read, %input_read" [myIP.c:48]   --->   Operation 130 'fmul' 'tmp_2_2' <Predicate = (!icmp_ln31)> <Delay = 5.70> <Core = "FMul">   --->   Core 106 'FMul' <Latency = 3> <II = 1> <Delay = 5.70> <FuncUnit> <Opcode : 'fmul'> <InPorts = 2> <OutPorts = 1>
ST_5 : Operation 131 [2/4] (5.70ns)   --->   "%tmp_2_2_1 = fmul float %data0_9_read, %input_read_1" [myIP.c:48]   --->   Operation 131 'fmul' 'tmp_2_2_1' <Predicate = (!icmp_ln31)> <Delay = 5.70> <Core = "FMul">   --->   Core 106 'FMul' <Latency = 3> <II = 1> <Delay = 5.70> <FuncUnit> <Opcode : 'fmul'> <InPorts = 2> <OutPorts = 1>
ST_5 : Operation 132 [3/4] (5.70ns)   --->   "%tmp_2_2_2 = fmul float %data0_10_read, %input_read_2" [myIP.c:48]   --->   Operation 132 'fmul' 'tmp_2_2_2' <Predicate = (!icmp_ln31)> <Delay = 5.70> <Core = "FMul">   --->   Core 106 'FMul' <Latency = 3> <II = 1> <Delay = 5.70> <FuncUnit> <Opcode : 'fmul'> <InPorts = 2> <OutPorts = 1>
ST_5 : Operation 133 [1/1] (0.00ns)   --->   "%data0_11_read = call float @_ssdm_op_Read.ap_stable.floatP(float* %data0_11)" [myIP.c:48]   --->   Operation 133 'read' 'data0_11_read' <Predicate = (!icmp_ln31)> <Delay = 0.00>
ST_5 : Operation 134 [4/4] (5.70ns)   --->   "%tmp_2_2_3 = fmul float %data0_11_read, %input_read_3" [myIP.c:48]   --->   Operation 134 'fmul' 'tmp_2_2_3' <Predicate = (!icmp_ln31)> <Delay = 5.70> <Core = "FMul">   --->   Core 106 'FMul' <Latency = 3> <II = 1> <Delay = 5.70> <FuncUnit> <Opcode : 'fmul'> <InPorts = 2> <OutPorts = 1>
ST_5 : Operation 135 [1/4] (5.70ns)   --->   "%tmp_2_3 = fmul float %data0_12_read, %input_read" [myIP.c:48]   --->   Operation 135 'fmul' 'tmp_2_3' <Predicate = (!icmp_ln31)> <Delay = 5.70> <Core = "FMul">   --->   Core 106 'FMul' <Latency = 3> <II = 1> <Delay = 5.70> <FuncUnit> <Opcode : 'fmul'> <InPorts = 2> <OutPorts = 1>
ST_5 : Operation 136 [2/4] (5.70ns)   --->   "%tmp_2_3_1 = fmul float %data0_13_read, %input_read_1" [myIP.c:48]   --->   Operation 136 'fmul' 'tmp_2_3_1' <Predicate = (!icmp_ln31)> <Delay = 5.70> <Core = "FMul">   --->   Core 106 'FMul' <Latency = 3> <II = 1> <Delay = 5.70> <FuncUnit> <Opcode : 'fmul'> <InPorts = 2> <OutPorts = 1>
ST_5 : Operation 137 [3/4] (5.70ns)   --->   "%tmp_2_3_2 = fmul float %data0_14_read, %input_read_2" [myIP.c:48]   --->   Operation 137 'fmul' 'tmp_2_3_2' <Predicate = (!icmp_ln31)> <Delay = 5.70> <Core = "FMul">   --->   Core 106 'FMul' <Latency = 3> <II = 1> <Delay = 5.70> <FuncUnit> <Opcode : 'fmul'> <InPorts = 2> <OutPorts = 1>
ST_5 : Operation 138 [1/1] (0.00ns)   --->   "%data0_15_read = call float @_ssdm_op_Read.ap_stable.floatP(float* %data0_15)" [myIP.c:48]   --->   Operation 138 'read' 'data0_15_read' <Predicate = (!icmp_ln31)> <Delay = 0.00>
ST_5 : Operation 139 [4/4] (5.70ns)   --->   "%tmp_2_3_3 = fmul float %data0_15_read, %input_read_3" [myIP.c:48]   --->   Operation 139 'fmul' 'tmp_2_3_3' <Predicate = (!icmp_ln31)> <Delay = 5.70> <Core = "FMul">   --->   Core 106 'FMul' <Latency = 3> <II = 1> <Delay = 5.70> <FuncUnit> <Opcode : 'fmul'> <InPorts = 2> <OutPorts = 1>

State 6 <SV = 5> <Delay = 7.25>
ST_6 : Operation 140 [5/5] (7.25ns)   --->   "%tmp_3 = fadd float %tmp_2, 0.000000e+00" [myIP.c:48]   --->   Operation 140 'fadd' 'tmp_3' <Predicate = (!icmp_ln31)> <Delay = 7.25> <Core = "FAddSub">   --->   Core 105 'FAddSub' <Latency = 4> <II = 1> <Delay = 7.25> <FuncUnit> <Opcode : 'fadd' 'fsub'> <InPorts = 2> <OutPorts = 1>
ST_6 : Operation 141 [1/4] (5.70ns)   --->   "%tmp_2_0_1 = fmul float %data0_1_read, %input_read_1" [myIP.c:48]   --->   Operation 141 'fmul' 'tmp_2_0_1' <Predicate = (!icmp_ln31)> <Delay = 5.70> <Core = "FMul">   --->   Core 106 'FMul' <Latency = 3> <II = 1> <Delay = 5.70> <FuncUnit> <Opcode : 'fmul'> <InPorts = 2> <OutPorts = 1>
ST_6 : Operation 142 [2/4] (5.70ns)   --->   "%tmp_2_0_2 = fmul float %data0_2_read, %input_read_2" [myIP.c:48]   --->   Operation 142 'fmul' 'tmp_2_0_2' <Predicate = (!icmp_ln31)> <Delay = 5.70> <Core = "FMul">   --->   Core 106 'FMul' <Latency = 3> <II = 1> <Delay = 5.70> <FuncUnit> <Opcode : 'fmul'> <InPorts = 2> <OutPorts = 1>
ST_6 : Operation 143 [3/4] (5.70ns)   --->   "%tmp_2_0_3 = fmul float %data0_3_read, %input_read_3" [myIP.c:48]   --->   Operation 143 'fmul' 'tmp_2_0_3' <Predicate = (!icmp_ln31)> <Delay = 5.70> <Core = "FMul">   --->   Core 106 'FMul' <Latency = 3> <II = 1> <Delay = 5.70> <FuncUnit> <Opcode : 'fmul'> <InPorts = 2> <OutPorts = 1>
ST_6 : Operation 144 [5/5] (7.25ns)   --->   "%tmp_3_1 = fadd float %tmp_2_1, 0.000000e+00" [myIP.c:48]   --->   Operation 144 'fadd' 'tmp_3_1' <Predicate = (!icmp_ln31)> <Delay = 7.25> <Core = "FAddSub">   --->   Core 105 'FAddSub' <Latency = 4> <II = 1> <Delay = 7.25> <FuncUnit> <Opcode : 'fadd' 'fsub'> <InPorts = 2> <OutPorts = 1>
ST_6 : Operation 145 [1/4] (5.70ns)   --->   "%tmp_2_1_1 = fmul float %data0_5_read, %input_read_1" [myIP.c:48]   --->   Operation 145 'fmul' 'tmp_2_1_1' <Predicate = (!icmp_ln31)> <Delay = 5.70> <Core = "FMul">   --->   Core 106 'FMul' <Latency = 3> <II = 1> <Delay = 5.70> <FuncUnit> <Opcode : 'fmul'> <InPorts = 2> <OutPorts = 1>
ST_6 : Operation 146 [2/4] (5.70ns)   --->   "%tmp_2_1_2 = fmul float %data0_6_read, %input_read_2" [myIP.c:48]   --->   Operation 146 'fmul' 'tmp_2_1_2' <Predicate = (!icmp_ln31)> <Delay = 5.70> <Core = "FMul">   --->   Core 106 'FMul' <Latency = 3> <II = 1> <Delay = 5.70> <FuncUnit> <Opcode : 'fmul'> <InPorts = 2> <OutPorts = 1>
ST_6 : Operation 147 [3/4] (5.70ns)   --->   "%tmp_2_1_3 = fmul float %data0_7_read, %input_read_3" [myIP.c:48]   --->   Operation 147 'fmul' 'tmp_2_1_3' <Predicate = (!icmp_ln31)> <Delay = 5.70> <Core = "FMul">   --->   Core 106 'FMul' <Latency = 3> <II = 1> <Delay = 5.70> <FuncUnit> <Opcode : 'fmul'> <InPorts = 2> <OutPorts = 1>
ST_6 : Operation 148 [5/5] (7.25ns)   --->   "%tmp_3_2 = fadd float %tmp_2_2, 0.000000e+00" [myIP.c:48]   --->   Operation 148 'fadd' 'tmp_3_2' <Predicate = (!icmp_ln31)> <Delay = 7.25> <Core = "FAddSub">   --->   Core 105 'FAddSub' <Latency = 4> <II = 1> <Delay = 7.25> <FuncUnit> <Opcode : 'fadd' 'fsub'> <InPorts = 2> <OutPorts = 1>
ST_6 : Operation 149 [1/4] (5.70ns)   --->   "%tmp_2_2_1 = fmul float %data0_9_read, %input_read_1" [myIP.c:48]   --->   Operation 149 'fmul' 'tmp_2_2_1' <Predicate = (!icmp_ln31)> <Delay = 5.70> <Core = "FMul">   --->   Core 106 'FMul' <Latency = 3> <II = 1> <Delay = 5.70> <FuncUnit> <Opcode : 'fmul'> <InPorts = 2> <OutPorts = 1>
ST_6 : Operation 150 [2/4] (5.70ns)   --->   "%tmp_2_2_2 = fmul float %data0_10_read, %input_read_2" [myIP.c:48]   --->   Operation 150 'fmul' 'tmp_2_2_2' <Predicate = (!icmp_ln31)> <Delay = 5.70> <Core = "FMul">   --->   Core 106 'FMul' <Latency = 3> <II = 1> <Delay = 5.70> <FuncUnit> <Opcode : 'fmul'> <InPorts = 2> <OutPorts = 1>
ST_6 : Operation 151 [3/4] (5.70ns)   --->   "%tmp_2_2_3 = fmul float %data0_11_read, %input_read_3" [myIP.c:48]   --->   Operation 151 'fmul' 'tmp_2_2_3' <Predicate = (!icmp_ln31)> <Delay = 5.70> <Core = "FMul">   --->   Core 106 'FMul' <Latency = 3> <II = 1> <Delay = 5.70> <FuncUnit> <Opcode : 'fmul'> <InPorts = 2> <OutPorts = 1>
ST_6 : Operation 152 [5/5] (7.25ns)   --->   "%tmp_3_3 = fadd float %tmp_2_3, 0.000000e+00" [myIP.c:48]   --->   Operation 152 'fadd' 'tmp_3_3' <Predicate = (!icmp_ln31)> <Delay = 7.25> <Core = "FAddSub">   --->   Core 105 'FAddSub' <Latency = 4> <II = 1> <Delay = 7.25> <FuncUnit> <Opcode : 'fadd' 'fsub'> <InPorts = 2> <OutPorts = 1>
ST_6 : Operation 153 [1/4] (5.70ns)   --->   "%tmp_2_3_1 = fmul float %data0_13_read, %input_read_1" [myIP.c:48]   --->   Operation 153 'fmul' 'tmp_2_3_1' <Predicate = (!icmp_ln31)> <Delay = 5.70> <Core = "FMul">   --->   Core 106 'FMul' <Latency = 3> <II = 1> <Delay = 5.70> <FuncUnit> <Opcode : 'fmul'> <InPorts = 2> <OutPorts = 1>
ST_6 : Operation 154 [2/4] (5.70ns)   --->   "%tmp_2_3_2 = fmul float %data0_14_read, %input_read_2" [myIP.c:48]   --->   Operation 154 'fmul' 'tmp_2_3_2' <Predicate = (!icmp_ln31)> <Delay = 5.70> <Core = "FMul">   --->   Core 106 'FMul' <Latency = 3> <II = 1> <Delay = 5.70> <FuncUnit> <Opcode : 'fmul'> <InPorts = 2> <OutPorts = 1>
ST_6 : Operation 155 [3/4] (5.70ns)   --->   "%tmp_2_3_3 = fmul float %data0_15_read, %input_read_3" [myIP.c:48]   --->   Operation 155 'fmul' 'tmp_2_3_3' <Predicate = (!icmp_ln31)> <Delay = 5.70> <Core = "FMul">   --->   Core 106 'FMul' <Latency = 3> <II = 1> <Delay = 5.70> <FuncUnit> <Opcode : 'fmul'> <InPorts = 2> <OutPorts = 1>

State 7 <SV = 6> <Delay = 7.25>
ST_7 : Operation 156 [4/5] (7.25ns)   --->   "%tmp_3 = fadd float %tmp_2, 0.000000e+00" [myIP.c:48]   --->   Operation 156 'fadd' 'tmp_3' <Predicate = (!icmp_ln31)> <Delay = 7.25> <Core = "FAddSub">   --->   Core 105 'FAddSub' <Latency = 4> <II = 1> <Delay = 7.25> <FuncUnit> <Opcode : 'fadd' 'fsub'> <InPorts = 2> <OutPorts = 1>
ST_7 : Operation 157 [1/4] (5.70ns)   --->   "%tmp_2_0_2 = fmul float %data0_2_read, %input_read_2" [myIP.c:48]   --->   Operation 157 'fmul' 'tmp_2_0_2' <Predicate = (!icmp_ln31)> <Delay = 5.70> <Core = "FMul">   --->   Core 106 'FMul' <Latency = 3> <II = 1> <Delay = 5.70> <FuncUnit> <Opcode : 'fmul'> <InPorts = 2> <OutPorts = 1>
ST_7 : Operation 158 [2/4] (5.70ns)   --->   "%tmp_2_0_3 = fmul float %data0_3_read, %input_read_3" [myIP.c:48]   --->   Operation 158 'fmul' 'tmp_2_0_3' <Predicate = (!icmp_ln31)> <Delay = 5.70> <Core = "FMul">   --->   Core 106 'FMul' <Latency = 3> <II = 1> <Delay = 5.70> <FuncUnit> <Opcode : 'fmul'> <InPorts = 2> <OutPorts = 1>
ST_7 : Operation 159 [4/5] (7.25ns)   --->   "%tmp_3_1 = fadd float %tmp_2_1, 0.000000e+00" [myIP.c:48]   --->   Operation 159 'fadd' 'tmp_3_1' <Predicate = (!icmp_ln31)> <Delay = 7.25> <Core = "FAddSub">   --->   Core 105 'FAddSub' <Latency = 4> <II = 1> <Delay = 7.25> <FuncUnit> <Opcode : 'fadd' 'fsub'> <InPorts = 2> <OutPorts = 1>
ST_7 : Operation 160 [1/4] (5.70ns)   --->   "%tmp_2_1_2 = fmul float %data0_6_read, %input_read_2" [myIP.c:48]   --->   Operation 160 'fmul' 'tmp_2_1_2' <Predicate = (!icmp_ln31)> <Delay = 5.70> <Core = "FMul">   --->   Core 106 'FMul' <Latency = 3> <II = 1> <Delay = 5.70> <FuncUnit> <Opcode : 'fmul'> <InPorts = 2> <OutPorts = 1>
ST_7 : Operation 161 [2/4] (5.70ns)   --->   "%tmp_2_1_3 = fmul float %data0_7_read, %input_read_3" [myIP.c:48]   --->   Operation 161 'fmul' 'tmp_2_1_3' <Predicate = (!icmp_ln31)> <Delay = 5.70> <Core = "FMul">   --->   Core 106 'FMul' <Latency = 3> <II = 1> <Delay = 5.70> <FuncUnit> <Opcode : 'fmul'> <InPorts = 2> <OutPorts = 1>
ST_7 : Operation 162 [4/5] (7.25ns)   --->   "%tmp_3_2 = fadd float %tmp_2_2, 0.000000e+00" [myIP.c:48]   --->   Operation 162 'fadd' 'tmp_3_2' <Predicate = (!icmp_ln31)> <Delay = 7.25> <Core = "FAddSub">   --->   Core 105 'FAddSub' <Latency = 4> <II = 1> <Delay = 7.25> <FuncUnit> <Opcode : 'fadd' 'fsub'> <InPorts = 2> <OutPorts = 1>
ST_7 : Operation 163 [1/4] (5.70ns)   --->   "%tmp_2_2_2 = fmul float %data0_10_read, %input_read_2" [myIP.c:48]   --->   Operation 163 'fmul' 'tmp_2_2_2' <Predicate = (!icmp_ln31)> <Delay = 5.70> <Core = "FMul">   --->   Core 106 'FMul' <Latency = 3> <II = 1> <Delay = 5.70> <FuncUnit> <Opcode : 'fmul'> <InPorts = 2> <OutPorts = 1>
ST_7 : Operation 164 [2/4] (5.70ns)   --->   "%tmp_2_2_3 = fmul float %data0_11_read, %input_read_3" [myIP.c:48]   --->   Operation 164 'fmul' 'tmp_2_2_3' <Predicate = (!icmp_ln31)> <Delay = 5.70> <Core = "FMul">   --->   Core 106 'FMul' <Latency = 3> <II = 1> <Delay = 5.70> <FuncUnit> <Opcode : 'fmul'> <InPorts = 2> <OutPorts = 1>
ST_7 : Operation 165 [4/5] (7.25ns)   --->   "%tmp_3_3 = fadd float %tmp_2_3, 0.000000e+00" [myIP.c:48]   --->   Operation 165 'fadd' 'tmp_3_3' <Predicate = (!icmp_ln31)> <Delay = 7.25> <Core = "FAddSub">   --->   Core 105 'FAddSub' <Latency = 4> <II = 1> <Delay = 7.25> <FuncUnit> <Opcode : 'fadd' 'fsub'> <InPorts = 2> <OutPorts = 1>
ST_7 : Operation 166 [1/4] (5.70ns)   --->   "%tmp_2_3_2 = fmul float %data0_14_read, %input_read_2" [myIP.c:48]   --->   Operation 166 'fmul' 'tmp_2_3_2' <Predicate = (!icmp_ln31)> <Delay = 5.70> <Core = "FMul">   --->   Core 106 'FMul' <Latency = 3> <II = 1> <Delay = 5.70> <FuncUnit> <Opcode : 'fmul'> <InPorts = 2> <OutPorts = 1>
ST_7 : Operation 167 [2/4] (5.70ns)   --->   "%tmp_2_3_3 = fmul float %data0_15_read, %input_read_3" [myIP.c:48]   --->   Operation 167 'fmul' 'tmp_2_3_3' <Predicate = (!icmp_ln31)> <Delay = 5.70> <Core = "FMul">   --->   Core 106 'FMul' <Latency = 3> <II = 1> <Delay = 5.70> <FuncUnit> <Opcode : 'fmul'> <InPorts = 2> <OutPorts = 1>

State 8 <SV = 7> <Delay = 7.25>
ST_8 : Operation 168 [3/5] (7.25ns)   --->   "%tmp_3 = fadd float %tmp_2, 0.000000e+00" [myIP.c:48]   --->   Operation 168 'fadd' 'tmp_3' <Predicate = (!icmp_ln31)> <Delay = 7.25> <Core = "FAddSub">   --->   Core 105 'FAddSub' <Latency = 4> <II = 1> <Delay = 7.25> <FuncUnit> <Opcode : 'fadd' 'fsub'> <InPorts = 2> <OutPorts = 1>
ST_8 : Operation 169 [1/4] (5.70ns)   --->   "%tmp_2_0_3 = fmul float %data0_3_read, %input_read_3" [myIP.c:48]   --->   Operation 169 'fmul' 'tmp_2_0_3' <Predicate = (!icmp_ln31)> <Delay = 5.70> <Core = "FMul">   --->   Core 106 'FMul' <Latency = 3> <II = 1> <Delay = 5.70> <FuncUnit> <Opcode : 'fmul'> <InPorts = 2> <OutPorts = 1>
ST_8 : Operation 170 [3/5] (7.25ns)   --->   "%tmp_3_1 = fadd float %tmp_2_1, 0.000000e+00" [myIP.c:48]   --->   Operation 170 'fadd' 'tmp_3_1' <Predicate = (!icmp_ln31)> <Delay = 7.25> <Core = "FAddSub">   --->   Core 105 'FAddSub' <Latency = 4> <II = 1> <Delay = 7.25> <FuncUnit> <Opcode : 'fadd' 'fsub'> <InPorts = 2> <OutPorts = 1>
ST_8 : Operation 171 [1/4] (5.70ns)   --->   "%tmp_2_1_3 = fmul float %data0_7_read, %input_read_3" [myIP.c:48]   --->   Operation 171 'fmul' 'tmp_2_1_3' <Predicate = (!icmp_ln31)> <Delay = 5.70> <Core = "FMul">   --->   Core 106 'FMul' <Latency = 3> <II = 1> <Delay = 5.70> <FuncUnit> <Opcode : 'fmul'> <InPorts = 2> <OutPorts = 1>
ST_8 : Operation 172 [3/5] (7.25ns)   --->   "%tmp_3_2 = fadd float %tmp_2_2, 0.000000e+00" [myIP.c:48]   --->   Operation 172 'fadd' 'tmp_3_2' <Predicate = (!icmp_ln31)> <Delay = 7.25> <Core = "FAddSub">   --->   Core 105 'FAddSub' <Latency = 4> <II = 1> <Delay = 7.25> <FuncUnit> <Opcode : 'fadd' 'fsub'> <InPorts = 2> <OutPorts = 1>
ST_8 : Operation 173 [1/4] (5.70ns)   --->   "%tmp_2_2_3 = fmul float %data0_11_read, %input_read_3" [myIP.c:48]   --->   Operation 173 'fmul' 'tmp_2_2_3' <Predicate = (!icmp_ln31)> <Delay = 5.70> <Core = "FMul">   --->   Core 106 'FMul' <Latency = 3> <II = 1> <Delay = 5.70> <FuncUnit> <Opcode : 'fmul'> <InPorts = 2> <OutPorts = 1>
ST_8 : Operation 174 [3/5] (7.25ns)   --->   "%tmp_3_3 = fadd float %tmp_2_3, 0.000000e+00" [myIP.c:48]   --->   Operation 174 'fadd' 'tmp_3_3' <Predicate = (!icmp_ln31)> <Delay = 7.25> <Core = "FAddSub">   --->   Core 105 'FAddSub' <Latency = 4> <II = 1> <Delay = 7.25> <FuncUnit> <Opcode : 'fadd' 'fsub'> <InPorts = 2> <OutPorts = 1>
ST_8 : Operation 175 [1/4] (5.70ns)   --->   "%tmp_2_3_3 = fmul float %data0_15_read, %input_read_3" [myIP.c:48]   --->   Operation 175 'fmul' 'tmp_2_3_3' <Predicate = (!icmp_ln31)> <Delay = 5.70> <Core = "FMul">   --->   Core 106 'FMul' <Latency = 3> <II = 1> <Delay = 5.70> <FuncUnit> <Opcode : 'fmul'> <InPorts = 2> <OutPorts = 1>

State 9 <SV = 8> <Delay = 7.25>
ST_9 : Operation 176 [2/5] (7.25ns)   --->   "%tmp_3 = fadd float %tmp_2, 0.000000e+00" [myIP.c:48]   --->   Operation 176 'fadd' 'tmp_3' <Predicate = (!icmp_ln31)> <Delay = 7.25> <Core = "FAddSub">   --->   Core 105 'FAddSub' <Latency = 4> <II = 1> <Delay = 7.25> <FuncUnit> <Opcode : 'fadd' 'fsub'> <InPorts = 2> <OutPorts = 1>
ST_9 : Operation 177 [2/5] (7.25ns)   --->   "%tmp_3_1 = fadd float %tmp_2_1, 0.000000e+00" [myIP.c:48]   --->   Operation 177 'fadd' 'tmp_3_1' <Predicate = (!icmp_ln31)> <Delay = 7.25> <Core = "FAddSub">   --->   Core 105 'FAddSub' <Latency = 4> <II = 1> <Delay = 7.25> <FuncUnit> <Opcode : 'fadd' 'fsub'> <InPorts = 2> <OutPorts = 1>
ST_9 : Operation 178 [2/5] (7.25ns)   --->   "%tmp_3_2 = fadd float %tmp_2_2, 0.000000e+00" [myIP.c:48]   --->   Operation 178 'fadd' 'tmp_3_2' <Predicate = (!icmp_ln31)> <Delay = 7.25> <Core = "FAddSub">   --->   Core 105 'FAddSub' <Latency = 4> <II = 1> <Delay = 7.25> <FuncUnit> <Opcode : 'fadd' 'fsub'> <InPorts = 2> <OutPorts = 1>
ST_9 : Operation 179 [2/5] (7.25ns)   --->   "%tmp_3_3 = fadd float %tmp_2_3, 0.000000e+00" [myIP.c:48]   --->   Operation 179 'fadd' 'tmp_3_3' <Predicate = (!icmp_ln31)> <Delay = 7.25> <Core = "FAddSub">   --->   Core 105 'FAddSub' <Latency = 4> <II = 1> <Delay = 7.25> <FuncUnit> <Opcode : 'fadd' 'fsub'> <InPorts = 2> <OutPorts = 1>

State 10 <SV = 9> <Delay = 7.25>
ST_10 : Operation 180 [1/5] (7.25ns)   --->   "%tmp_3 = fadd float %tmp_2, 0.000000e+00" [myIP.c:48]   --->   Operation 180 'fadd' 'tmp_3' <Predicate = (!icmp_ln31)> <Delay = 7.25> <Core = "FAddSub">   --->   Core 105 'FAddSub' <Latency = 4> <II = 1> <Delay = 7.25> <FuncUnit> <Opcode : 'fadd' 'fsub'> <InPorts = 2> <OutPorts = 1>
ST_10 : Operation 181 [1/5] (7.25ns)   --->   "%tmp_3_1 = fadd float %tmp_2_1, 0.000000e+00" [myIP.c:48]   --->   Operation 181 'fadd' 'tmp_3_1' <Predicate = (!icmp_ln31)> <Delay = 7.25> <Core = "FAddSub">   --->   Core 105 'FAddSub' <Latency = 4> <II = 1> <Delay = 7.25> <FuncUnit> <Opcode : 'fadd' 'fsub'> <InPorts = 2> <OutPorts = 1>
ST_10 : Operation 182 [1/5] (7.25ns)   --->   "%tmp_3_2 = fadd float %tmp_2_2, 0.000000e+00" [myIP.c:48]   --->   Operation 182 'fadd' 'tmp_3_2' <Predicate = (!icmp_ln31)> <Delay = 7.25> <Core = "FAddSub">   --->   Core 105 'FAddSub' <Latency = 4> <II = 1> <Delay = 7.25> <FuncUnit> <Opcode : 'fadd' 'fsub'> <InPorts = 2> <OutPorts = 1>
ST_10 : Operation 183 [1/5] (7.25ns)   --->   "%tmp_3_3 = fadd float %tmp_2_3, 0.000000e+00" [myIP.c:48]   --->   Operation 183 'fadd' 'tmp_3_3' <Predicate = (!icmp_ln31)> <Delay = 7.25> <Core = "FAddSub">   --->   Core 105 'FAddSub' <Latency = 4> <II = 1> <Delay = 7.25> <FuncUnit> <Opcode : 'fadd' 'fsub'> <InPorts = 2> <OutPorts = 1>

State 11 <SV = 10> <Delay = 7.25>
ST_11 : Operation 184 [5/5] (7.25ns)   --->   "%tmp_3_0_1 = fadd float %tmp_3, %tmp_2_0_1" [myIP.c:48]   --->   Operation 184 'fadd' 'tmp_3_0_1' <Predicate = (!icmp_ln31)> <Delay = 7.25> <Core = "FAddSub">   --->   Core 105 'FAddSub' <Latency = 4> <II = 1> <Delay = 7.25> <FuncUnit> <Opcode : 'fadd' 'fsub'> <InPorts = 2> <OutPorts = 1>
ST_11 : Operation 185 [5/5] (7.25ns)   --->   "%tmp_3_1_1 = fadd float %tmp_3_1, %tmp_2_1_1" [myIP.c:48]   --->   Operation 185 'fadd' 'tmp_3_1_1' <Predicate = (!icmp_ln31)> <Delay = 7.25> <Core = "FAddSub">   --->   Core 105 'FAddSub' <Latency = 4> <II = 1> <Delay = 7.25> <FuncUnit> <Opcode : 'fadd' 'fsub'> <InPorts = 2> <OutPorts = 1>
ST_11 : Operation 186 [5/5] (7.25ns)   --->   "%tmp_3_2_1 = fadd float %tmp_3_2, %tmp_2_2_1" [myIP.c:48]   --->   Operation 186 'fadd' 'tmp_3_2_1' <Predicate = (!icmp_ln31)> <Delay = 7.25> <Core = "FAddSub">   --->   Core 105 'FAddSub' <Latency = 4> <II = 1> <Delay = 7.25> <FuncUnit> <Opcode : 'fadd' 'fsub'> <InPorts = 2> <OutPorts = 1>
ST_11 : Operation 187 [5/5] (7.25ns)   --->   "%tmp_3_3_1 = fadd float %tmp_3_3, %tmp_2_3_1" [myIP.c:48]   --->   Operation 187 'fadd' 'tmp_3_3_1' <Predicate = (!icmp_ln31)> <Delay = 7.25> <Core = "FAddSub">   --->   Core 105 'FAddSub' <Latency = 4> <II = 1> <Delay = 7.25> <FuncUnit> <Opcode : 'fadd' 'fsub'> <InPorts = 2> <OutPorts = 1>

State 12 <SV = 11> <Delay = 7.25>
ST_12 : Operation 188 [4/5] (7.25ns)   --->   "%tmp_3_0_1 = fadd float %tmp_3, %tmp_2_0_1" [myIP.c:48]   --->   Operation 188 'fadd' 'tmp_3_0_1' <Predicate = (!icmp_ln31)> <Delay = 7.25> <Core = "FAddSub">   --->   Core 105 'FAddSub' <Latency = 4> <II = 1> <Delay = 7.25> <FuncUnit> <Opcode : 'fadd' 'fsub'> <InPorts = 2> <OutPorts = 1>
ST_12 : Operation 189 [4/5] (7.25ns)   --->   "%tmp_3_1_1 = fadd float %tmp_3_1, %tmp_2_1_1" [myIP.c:48]   --->   Operation 189 'fadd' 'tmp_3_1_1' <Predicate = (!icmp_ln31)> <Delay = 7.25> <Core = "FAddSub">   --->   Core 105 'FAddSub' <Latency = 4> <II = 1> <Delay = 7.25> <FuncUnit> <Opcode : 'fadd' 'fsub'> <InPorts = 2> <OutPorts = 1>
ST_12 : Operation 190 [4/5] (7.25ns)   --->   "%tmp_3_2_1 = fadd float %tmp_3_2, %tmp_2_2_1" [myIP.c:48]   --->   Operation 190 'fadd' 'tmp_3_2_1' <Predicate = (!icmp_ln31)> <Delay = 7.25> <Core = "FAddSub">   --->   Core 105 'FAddSub' <Latency = 4> <II = 1> <Delay = 7.25> <FuncUnit> <Opcode : 'fadd' 'fsub'> <InPorts = 2> <OutPorts = 1>
ST_12 : Operation 191 [4/5] (7.25ns)   --->   "%tmp_3_3_1 = fadd float %tmp_3_3, %tmp_2_3_1" [myIP.c:48]   --->   Operation 191 'fadd' 'tmp_3_3_1' <Predicate = (!icmp_ln31)> <Delay = 7.25> <Core = "FAddSub">   --->   Core 105 'FAddSub' <Latency = 4> <II = 1> <Delay = 7.25> <FuncUnit> <Opcode : 'fadd' 'fsub'> <InPorts = 2> <OutPorts = 1>

State 13 <SV = 12> <Delay = 7.25>
ST_13 : Operation 192 [3/5] (7.25ns)   --->   "%tmp_3_0_1 = fadd float %tmp_3, %tmp_2_0_1" [myIP.c:48]   --->   Operation 192 'fadd' 'tmp_3_0_1' <Predicate = (!icmp_ln31)> <Delay = 7.25> <Core = "FAddSub">   --->   Core 105 'FAddSub' <Latency = 4> <II = 1> <Delay = 7.25> <FuncUnit> <Opcode : 'fadd' 'fsub'> <InPorts = 2> <OutPorts = 1>
ST_13 : Operation 193 [3/5] (7.25ns)   --->   "%tmp_3_1_1 = fadd float %tmp_3_1, %tmp_2_1_1" [myIP.c:48]   --->   Operation 193 'fadd' 'tmp_3_1_1' <Predicate = (!icmp_ln31)> <Delay = 7.25> <Core = "FAddSub">   --->   Core 105 'FAddSub' <Latency = 4> <II = 1> <Delay = 7.25> <FuncUnit> <Opcode : 'fadd' 'fsub'> <InPorts = 2> <OutPorts = 1>
ST_13 : Operation 194 [3/5] (7.25ns)   --->   "%tmp_3_2_1 = fadd float %tmp_3_2, %tmp_2_2_1" [myIP.c:48]   --->   Operation 194 'fadd' 'tmp_3_2_1' <Predicate = (!icmp_ln31)> <Delay = 7.25> <Core = "FAddSub">   --->   Core 105 'FAddSub' <Latency = 4> <II = 1> <Delay = 7.25> <FuncUnit> <Opcode : 'fadd' 'fsub'> <InPorts = 2> <OutPorts = 1>
ST_13 : Operation 195 [3/5] (7.25ns)   --->   "%tmp_3_3_1 = fadd float %tmp_3_3, %tmp_2_3_1" [myIP.c:48]   --->   Operation 195 'fadd' 'tmp_3_3_1' <Predicate = (!icmp_ln31)> <Delay = 7.25> <Core = "FAddSub">   --->   Core 105 'FAddSub' <Latency = 4> <II = 1> <Delay = 7.25> <FuncUnit> <Opcode : 'fadd' 'fsub'> <InPorts = 2> <OutPorts = 1>

State 14 <SV = 13> <Delay = 7.25>
ST_14 : Operation 196 [2/5] (7.25ns)   --->   "%tmp_3_0_1 = fadd float %tmp_3, %tmp_2_0_1" [myIP.c:48]   --->   Operation 196 'fadd' 'tmp_3_0_1' <Predicate = (!icmp_ln31)> <Delay = 7.25> <Core = "FAddSub">   --->   Core 105 'FAddSub' <Latency = 4> <II = 1> <Delay = 7.25> <FuncUnit> <Opcode : 'fadd' 'fsub'> <InPorts = 2> <OutPorts = 1>
ST_14 : Operation 197 [2/5] (7.25ns)   --->   "%tmp_3_1_1 = fadd float %tmp_3_1, %tmp_2_1_1" [myIP.c:48]   --->   Operation 197 'fadd' 'tmp_3_1_1' <Predicate = (!icmp_ln31)> <Delay = 7.25> <Core = "FAddSub">   --->   Core 105 'FAddSub' <Latency = 4> <II = 1> <Delay = 7.25> <FuncUnit> <Opcode : 'fadd' 'fsub'> <InPorts = 2> <OutPorts = 1>
ST_14 : Operation 198 [2/5] (7.25ns)   --->   "%tmp_3_2_1 = fadd float %tmp_3_2, %tmp_2_2_1" [myIP.c:48]   --->   Operation 198 'fadd' 'tmp_3_2_1' <Predicate = (!icmp_ln31)> <Delay = 7.25> <Core = "FAddSub">   --->   Core 105 'FAddSub' <Latency = 4> <II = 1> <Delay = 7.25> <FuncUnit> <Opcode : 'fadd' 'fsub'> <InPorts = 2> <OutPorts = 1>
ST_14 : Operation 199 [2/5] (7.25ns)   --->   "%tmp_3_3_1 = fadd float %tmp_3_3, %tmp_2_3_1" [myIP.c:48]   --->   Operation 199 'fadd' 'tmp_3_3_1' <Predicate = (!icmp_ln31)> <Delay = 7.25> <Core = "FAddSub">   --->   Core 105 'FAddSub' <Latency = 4> <II = 1> <Delay = 7.25> <FuncUnit> <Opcode : 'fadd' 'fsub'> <InPorts = 2> <OutPorts = 1>

State 15 <SV = 14> <Delay = 7.25>
ST_15 : Operation 200 [1/5] (7.25ns)   --->   "%tmp_3_0_1 = fadd float %tmp_3, %tmp_2_0_1" [myIP.c:48]   --->   Operation 200 'fadd' 'tmp_3_0_1' <Predicate = (!icmp_ln31)> <Delay = 7.25> <Core = "FAddSub">   --->   Core 105 'FAddSub' <Latency = 4> <II = 1> <Delay = 7.25> <FuncUnit> <Opcode : 'fadd' 'fsub'> <InPorts = 2> <OutPorts = 1>
ST_15 : Operation 201 [1/5] (7.25ns)   --->   "%tmp_3_1_1 = fadd float %tmp_3_1, %tmp_2_1_1" [myIP.c:48]   --->   Operation 201 'fadd' 'tmp_3_1_1' <Predicate = (!icmp_ln31)> <Delay = 7.25> <Core = "FAddSub">   --->   Core 105 'FAddSub' <Latency = 4> <II = 1> <Delay = 7.25> <FuncUnit> <Opcode : 'fadd' 'fsub'> <InPorts = 2> <OutPorts = 1>
ST_15 : Operation 202 [1/5] (7.25ns)   --->   "%tmp_3_2_1 = fadd float %tmp_3_2, %tmp_2_2_1" [myIP.c:48]   --->   Operation 202 'fadd' 'tmp_3_2_1' <Predicate = (!icmp_ln31)> <Delay = 7.25> <Core = "FAddSub">   --->   Core 105 'FAddSub' <Latency = 4> <II = 1> <Delay = 7.25> <FuncUnit> <Opcode : 'fadd' 'fsub'> <InPorts = 2> <OutPorts = 1>
ST_15 : Operation 203 [1/5] (7.25ns)   --->   "%tmp_3_3_1 = fadd float %tmp_3_3, %tmp_2_3_1" [myIP.c:48]   --->   Operation 203 'fadd' 'tmp_3_3_1' <Predicate = (!icmp_ln31)> <Delay = 7.25> <Core = "FAddSub">   --->   Core 105 'FAddSub' <Latency = 4> <II = 1> <Delay = 7.25> <FuncUnit> <Opcode : 'fadd' 'fsub'> <InPorts = 2> <OutPorts = 1>

State 16 <SV = 15> <Delay = 7.25>
ST_16 : Operation 204 [5/5] (7.25ns)   --->   "%tmp_3_0_2 = fadd float %tmp_3_0_1, %tmp_2_0_2" [myIP.c:48]   --->   Operation 204 'fadd' 'tmp_3_0_2' <Predicate = (!icmp_ln31)> <Delay = 7.25> <Core = "FAddSub">   --->   Core 105 'FAddSub' <Latency = 4> <II = 1> <Delay = 7.25> <FuncUnit> <Opcode : 'fadd' 'fsub'> <InPorts = 2> <OutPorts = 1>
ST_16 : Operation 205 [5/5] (7.25ns)   --->   "%tmp_3_1_2 = fadd float %tmp_3_1_1, %tmp_2_1_2" [myIP.c:48]   --->   Operation 205 'fadd' 'tmp_3_1_2' <Predicate = (!icmp_ln31)> <Delay = 7.25> <Core = "FAddSub">   --->   Core 105 'FAddSub' <Latency = 4> <II = 1> <Delay = 7.25> <FuncUnit> <Opcode : 'fadd' 'fsub'> <InPorts = 2> <OutPorts = 1>
ST_16 : Operation 206 [5/5] (7.25ns)   --->   "%tmp_3_2_2 = fadd float %tmp_3_2_1, %tmp_2_2_2" [myIP.c:48]   --->   Operation 206 'fadd' 'tmp_3_2_2' <Predicate = (!icmp_ln31)> <Delay = 7.25> <Core = "FAddSub">   --->   Core 105 'FAddSub' <Latency = 4> <II = 1> <Delay = 7.25> <FuncUnit> <Opcode : 'fadd' 'fsub'> <InPorts = 2> <OutPorts = 1>
ST_16 : Operation 207 [5/5] (7.25ns)   --->   "%tmp_3_3_2 = fadd float %tmp_3_3_1, %tmp_2_3_2" [myIP.c:48]   --->   Operation 207 'fadd' 'tmp_3_3_2' <Predicate = (!icmp_ln31)> <Delay = 7.25> <Core = "FAddSub">   --->   Core 105 'FAddSub' <Latency = 4> <II = 1> <Delay = 7.25> <FuncUnit> <Opcode : 'fadd' 'fsub'> <InPorts = 2> <OutPorts = 1>

State 17 <SV = 16> <Delay = 7.25>
ST_17 : Operation 208 [4/5] (7.25ns)   --->   "%tmp_3_0_2 = fadd float %tmp_3_0_1, %tmp_2_0_2" [myIP.c:48]   --->   Operation 208 'fadd' 'tmp_3_0_2' <Predicate = (!icmp_ln31)> <Delay = 7.25> <Core = "FAddSub">   --->   Core 105 'FAddSub' <Latency = 4> <II = 1> <Delay = 7.25> <FuncUnit> <Opcode : 'fadd' 'fsub'> <InPorts = 2> <OutPorts = 1>
ST_17 : Operation 209 [4/5] (7.25ns)   --->   "%tmp_3_1_2 = fadd float %tmp_3_1_1, %tmp_2_1_2" [myIP.c:48]   --->   Operation 209 'fadd' 'tmp_3_1_2' <Predicate = (!icmp_ln31)> <Delay = 7.25> <Core = "FAddSub">   --->   Core 105 'FAddSub' <Latency = 4> <II = 1> <Delay = 7.25> <FuncUnit> <Opcode : 'fadd' 'fsub'> <InPorts = 2> <OutPorts = 1>
ST_17 : Operation 210 [4/5] (7.25ns)   --->   "%tmp_3_2_2 = fadd float %tmp_3_2_1, %tmp_2_2_2" [myIP.c:48]   --->   Operation 210 'fadd' 'tmp_3_2_2' <Predicate = (!icmp_ln31)> <Delay = 7.25> <Core = "FAddSub">   --->   Core 105 'FAddSub' <Latency = 4> <II = 1> <Delay = 7.25> <FuncUnit> <Opcode : 'fadd' 'fsub'> <InPorts = 2> <OutPorts = 1>
ST_17 : Operation 211 [4/5] (7.25ns)   --->   "%tmp_3_3_2 = fadd float %tmp_3_3_1, %tmp_2_3_2" [myIP.c:48]   --->   Operation 211 'fadd' 'tmp_3_3_2' <Predicate = (!icmp_ln31)> <Delay = 7.25> <Core = "FAddSub">   --->   Core 105 'FAddSub' <Latency = 4> <II = 1> <Delay = 7.25> <FuncUnit> <Opcode : 'fadd' 'fsub'> <InPorts = 2> <OutPorts = 1>

State 18 <SV = 17> <Delay = 7.25>
ST_18 : Operation 212 [3/5] (7.25ns)   --->   "%tmp_3_0_2 = fadd float %tmp_3_0_1, %tmp_2_0_2" [myIP.c:48]   --->   Operation 212 'fadd' 'tmp_3_0_2' <Predicate = (!icmp_ln31)> <Delay = 7.25> <Core = "FAddSub">   --->   Core 105 'FAddSub' <Latency = 4> <II = 1> <Delay = 7.25> <FuncUnit> <Opcode : 'fadd' 'fsub'> <InPorts = 2> <OutPorts = 1>
ST_18 : Operation 213 [3/5] (7.25ns)   --->   "%tmp_3_1_2 = fadd float %tmp_3_1_1, %tmp_2_1_2" [myIP.c:48]   --->   Operation 213 'fadd' 'tmp_3_1_2' <Predicate = (!icmp_ln31)> <Delay = 7.25> <Core = "FAddSub">   --->   Core 105 'FAddSub' <Latency = 4> <II = 1> <Delay = 7.25> <FuncUnit> <Opcode : 'fadd' 'fsub'> <InPorts = 2> <OutPorts = 1>
ST_18 : Operation 214 [3/5] (7.25ns)   --->   "%tmp_3_2_2 = fadd float %tmp_3_2_1, %tmp_2_2_2" [myIP.c:48]   --->   Operation 214 'fadd' 'tmp_3_2_2' <Predicate = (!icmp_ln31)> <Delay = 7.25> <Core = "FAddSub">   --->   Core 105 'FAddSub' <Latency = 4> <II = 1> <Delay = 7.25> <FuncUnit> <Opcode : 'fadd' 'fsub'> <InPorts = 2> <OutPorts = 1>
ST_18 : Operation 215 [3/5] (7.25ns)   --->   "%tmp_3_3_2 = fadd float %tmp_3_3_1, %tmp_2_3_2" [myIP.c:48]   --->   Operation 215 'fadd' 'tmp_3_3_2' <Predicate = (!icmp_ln31)> <Delay = 7.25> <Core = "FAddSub">   --->   Core 105 'FAddSub' <Latency = 4> <II = 1> <Delay = 7.25> <FuncUnit> <Opcode : 'fadd' 'fsub'> <InPorts = 2> <OutPorts = 1>

State 19 <SV = 18> <Delay = 7.25>
ST_19 : Operation 216 [2/5] (7.25ns)   --->   "%tmp_3_0_2 = fadd float %tmp_3_0_1, %tmp_2_0_2" [myIP.c:48]   --->   Operation 216 'fadd' 'tmp_3_0_2' <Predicate = (!icmp_ln31)> <Delay = 7.25> <Core = "FAddSub">   --->   Core 105 'FAddSub' <Latency = 4> <II = 1> <Delay = 7.25> <FuncUnit> <Opcode : 'fadd' 'fsub'> <InPorts = 2> <OutPorts = 1>
ST_19 : Operation 217 [2/5] (7.25ns)   --->   "%tmp_3_1_2 = fadd float %tmp_3_1_1, %tmp_2_1_2" [myIP.c:48]   --->   Operation 217 'fadd' 'tmp_3_1_2' <Predicate = (!icmp_ln31)> <Delay = 7.25> <Core = "FAddSub">   --->   Core 105 'FAddSub' <Latency = 4> <II = 1> <Delay = 7.25> <FuncUnit> <Opcode : 'fadd' 'fsub'> <InPorts = 2> <OutPorts = 1>
ST_19 : Operation 218 [2/5] (7.25ns)   --->   "%tmp_3_2_2 = fadd float %tmp_3_2_1, %tmp_2_2_2" [myIP.c:48]   --->   Operation 218 'fadd' 'tmp_3_2_2' <Predicate = (!icmp_ln31)> <Delay = 7.25> <Core = "FAddSub">   --->   Core 105 'FAddSub' <Latency = 4> <II = 1> <Delay = 7.25> <FuncUnit> <Opcode : 'fadd' 'fsub'> <InPorts = 2> <OutPorts = 1>
ST_19 : Operation 219 [2/5] (7.25ns)   --->   "%tmp_3_3_2 = fadd float %tmp_3_3_1, %tmp_2_3_2" [myIP.c:48]   --->   Operation 219 'fadd' 'tmp_3_3_2' <Predicate = (!icmp_ln31)> <Delay = 7.25> <Core = "FAddSub">   --->   Core 105 'FAddSub' <Latency = 4> <II = 1> <Delay = 7.25> <FuncUnit> <Opcode : 'fadd' 'fsub'> <InPorts = 2> <OutPorts = 1>

State 20 <SV = 19> <Delay = 7.25>
ST_20 : Operation 220 [1/5] (7.25ns)   --->   "%tmp_3_0_2 = fadd float %tmp_3_0_1, %tmp_2_0_2" [myIP.c:48]   --->   Operation 220 'fadd' 'tmp_3_0_2' <Predicate = (!icmp_ln31)> <Delay = 7.25> <Core = "FAddSub">   --->   Core 105 'FAddSub' <Latency = 4> <II = 1> <Delay = 7.25> <FuncUnit> <Opcode : 'fadd' 'fsub'> <InPorts = 2> <OutPorts = 1>
ST_20 : Operation 221 [1/5] (7.25ns)   --->   "%tmp_3_1_2 = fadd float %tmp_3_1_1, %tmp_2_1_2" [myIP.c:48]   --->   Operation 221 'fadd' 'tmp_3_1_2' <Predicate = (!icmp_ln31)> <Delay = 7.25> <Core = "FAddSub">   --->   Core 105 'FAddSub' <Latency = 4> <II = 1> <Delay = 7.25> <FuncUnit> <Opcode : 'fadd' 'fsub'> <InPorts = 2> <OutPorts = 1>
ST_20 : Operation 222 [1/5] (7.25ns)   --->   "%tmp_3_2_2 = fadd float %tmp_3_2_1, %tmp_2_2_2" [myIP.c:48]   --->   Operation 222 'fadd' 'tmp_3_2_2' <Predicate = (!icmp_ln31)> <Delay = 7.25> <Core = "FAddSub">   --->   Core 105 'FAddSub' <Latency = 4> <II = 1> <Delay = 7.25> <FuncUnit> <Opcode : 'fadd' 'fsub'> <InPorts = 2> <OutPorts = 1>
ST_20 : Operation 223 [1/5] (7.25ns)   --->   "%tmp_3_3_2 = fadd float %tmp_3_3_1, %tmp_2_3_2" [myIP.c:48]   --->   Operation 223 'fadd' 'tmp_3_3_2' <Predicate = (!icmp_ln31)> <Delay = 7.25> <Core = "FAddSub">   --->   Core 105 'FAddSub' <Latency = 4> <II = 1> <Delay = 7.25> <FuncUnit> <Opcode : 'fadd' 'fsub'> <InPorts = 2> <OutPorts = 1>

State 21 <SV = 20> <Delay = 7.25>
ST_21 : Operation 224 [5/5] (7.25ns)   --->   "%tmp_3_0_3 = fadd float %tmp_3_0_2, %tmp_2_0_3" [myIP.c:48]   --->   Operation 224 'fadd' 'tmp_3_0_3' <Predicate = (!icmp_ln31)> <Delay = 7.25> <Core = "FAddSub">   --->   Core 105 'FAddSub' <Latency = 4> <II = 1> <Delay = 7.25> <FuncUnit> <Opcode : 'fadd' 'fsub'> <InPorts = 2> <OutPorts = 1>
ST_21 : Operation 225 [5/5] (7.25ns)   --->   "%tmp_3_1_3 = fadd float %tmp_3_1_2, %tmp_2_1_3" [myIP.c:48]   --->   Operation 225 'fadd' 'tmp_3_1_3' <Predicate = (!icmp_ln31)> <Delay = 7.25> <Core = "FAddSub">   --->   Core 105 'FAddSub' <Latency = 4> <II = 1> <Delay = 7.25> <FuncUnit> <Opcode : 'fadd' 'fsub'> <InPorts = 2> <OutPorts = 1>
ST_21 : Operation 226 [5/5] (7.25ns)   --->   "%tmp_3_2_3 = fadd float %tmp_3_2_2, %tmp_2_2_3" [myIP.c:48]   --->   Operation 226 'fadd' 'tmp_3_2_3' <Predicate = (!icmp_ln31)> <Delay = 7.25> <Core = "FAddSub">   --->   Core 105 'FAddSub' <Latency = 4> <II = 1> <Delay = 7.25> <FuncUnit> <Opcode : 'fadd' 'fsub'> <InPorts = 2> <OutPorts = 1>
ST_21 : Operation 227 [5/5] (7.25ns)   --->   "%tmp_3_3_3 = fadd float %tmp_3_3_2, %tmp_2_3_3" [myIP.c:48]   --->   Operation 227 'fadd' 'tmp_3_3_3' <Predicate = (!icmp_ln31)> <Delay = 7.25> <Core = "FAddSub">   --->   Core 105 'FAddSub' <Latency = 4> <II = 1> <Delay = 7.25> <FuncUnit> <Opcode : 'fadd' 'fsub'> <InPorts = 2> <OutPorts = 1>

State 22 <SV = 21> <Delay = 7.25>
ST_22 : Operation 228 [4/5] (7.25ns)   --->   "%tmp_3_0_3 = fadd float %tmp_3_0_2, %tmp_2_0_3" [myIP.c:48]   --->   Operation 228 'fadd' 'tmp_3_0_3' <Predicate = (!icmp_ln31)> <Delay = 7.25> <Core = "FAddSub">   --->   Core 105 'FAddSub' <Latency = 4> <II = 1> <Delay = 7.25> <FuncUnit> <Opcode : 'fadd' 'fsub'> <InPorts = 2> <OutPorts = 1>
ST_22 : Operation 229 [4/5] (7.25ns)   --->   "%tmp_3_1_3 = fadd float %tmp_3_1_2, %tmp_2_1_3" [myIP.c:48]   --->   Operation 229 'fadd' 'tmp_3_1_3' <Predicate = (!icmp_ln31)> <Delay = 7.25> <Core = "FAddSub">   --->   Core 105 'FAddSub' <Latency = 4> <II = 1> <Delay = 7.25> <FuncUnit> <Opcode : 'fadd' 'fsub'> <InPorts = 2> <OutPorts = 1>
ST_22 : Operation 230 [4/5] (7.25ns)   --->   "%tmp_3_2_3 = fadd float %tmp_3_2_2, %tmp_2_2_3" [myIP.c:48]   --->   Operation 230 'fadd' 'tmp_3_2_3' <Predicate = (!icmp_ln31)> <Delay = 7.25> <Core = "FAddSub">   --->   Core 105 'FAddSub' <Latency = 4> <II = 1> <Delay = 7.25> <FuncUnit> <Opcode : 'fadd' 'fsub'> <InPorts = 2> <OutPorts = 1>
ST_22 : Operation 231 [4/5] (7.25ns)   --->   "%tmp_3_3_3 = fadd float %tmp_3_3_2, %tmp_2_3_3" [myIP.c:48]   --->   Operation 231 'fadd' 'tmp_3_3_3' <Predicate = (!icmp_ln31)> <Delay = 7.25> <Core = "FAddSub">   --->   Core 105 'FAddSub' <Latency = 4> <II = 1> <Delay = 7.25> <FuncUnit> <Opcode : 'fadd' 'fsub'> <InPorts = 2> <OutPorts = 1>

State 23 <SV = 22> <Delay = 7.25>
ST_23 : Operation 232 [3/5] (7.25ns)   --->   "%tmp_3_0_3 = fadd float %tmp_3_0_2, %tmp_2_0_3" [myIP.c:48]   --->   Operation 232 'fadd' 'tmp_3_0_3' <Predicate = (!icmp_ln31)> <Delay = 7.25> <Core = "FAddSub">   --->   Core 105 'FAddSub' <Latency = 4> <II = 1> <Delay = 7.25> <FuncUnit> <Opcode : 'fadd' 'fsub'> <InPorts = 2> <OutPorts = 1>
ST_23 : Operation 233 [3/5] (7.25ns)   --->   "%tmp_3_1_3 = fadd float %tmp_3_1_2, %tmp_2_1_3" [myIP.c:48]   --->   Operation 233 'fadd' 'tmp_3_1_3' <Predicate = (!icmp_ln31)> <Delay = 7.25> <Core = "FAddSub">   --->   Core 105 'FAddSub' <Latency = 4> <II = 1> <Delay = 7.25> <FuncUnit> <Opcode : 'fadd' 'fsub'> <InPorts = 2> <OutPorts = 1>
ST_23 : Operation 234 [3/5] (7.25ns)   --->   "%tmp_3_2_3 = fadd float %tmp_3_2_2, %tmp_2_2_3" [myIP.c:48]   --->   Operation 234 'fadd' 'tmp_3_2_3' <Predicate = (!icmp_ln31)> <Delay = 7.25> <Core = "FAddSub">   --->   Core 105 'FAddSub' <Latency = 4> <II = 1> <Delay = 7.25> <FuncUnit> <Opcode : 'fadd' 'fsub'> <InPorts = 2> <OutPorts = 1>
ST_23 : Operation 235 [3/5] (7.25ns)   --->   "%tmp_3_3_3 = fadd float %tmp_3_3_2, %tmp_2_3_3" [myIP.c:48]   --->   Operation 235 'fadd' 'tmp_3_3_3' <Predicate = (!icmp_ln31)> <Delay = 7.25> <Core = "FAddSub">   --->   Core 105 'FAddSub' <Latency = 4> <II = 1> <Delay = 7.25> <FuncUnit> <Opcode : 'fadd' 'fsub'> <InPorts = 2> <OutPorts = 1>

State 24 <SV = 23> <Delay = 7.25>
ST_24 : Operation 236 [2/5] (7.25ns)   --->   "%tmp_3_0_3 = fadd float %tmp_3_0_2, %tmp_2_0_3" [myIP.c:48]   --->   Operation 236 'fadd' 'tmp_3_0_3' <Predicate = (!icmp_ln31)> <Delay = 7.25> <Core = "FAddSub">   --->   Core 105 'FAddSub' <Latency = 4> <II = 1> <Delay = 7.25> <FuncUnit> <Opcode : 'fadd' 'fsub'> <InPorts = 2> <OutPorts = 1>
ST_24 : Operation 237 [2/5] (7.25ns)   --->   "%tmp_3_1_3 = fadd float %tmp_3_1_2, %tmp_2_1_3" [myIP.c:48]   --->   Operation 237 'fadd' 'tmp_3_1_3' <Predicate = (!icmp_ln31)> <Delay = 7.25> <Core = "FAddSub">   --->   Core 105 'FAddSub' <Latency = 4> <II = 1> <Delay = 7.25> <FuncUnit> <Opcode : 'fadd' 'fsub'> <InPorts = 2> <OutPorts = 1>
ST_24 : Operation 238 [2/5] (7.25ns)   --->   "%tmp_3_2_3 = fadd float %tmp_3_2_2, %tmp_2_2_3" [myIP.c:48]   --->   Operation 238 'fadd' 'tmp_3_2_3' <Predicate = (!icmp_ln31)> <Delay = 7.25> <Core = "FAddSub">   --->   Core 105 'FAddSub' <Latency = 4> <II = 1> <Delay = 7.25> <FuncUnit> <Opcode : 'fadd' 'fsub'> <InPorts = 2> <OutPorts = 1>
ST_24 : Operation 239 [2/5] (7.25ns)   --->   "%tmp_3_3_3 = fadd float %tmp_3_3_2, %tmp_2_3_3" [myIP.c:48]   --->   Operation 239 'fadd' 'tmp_3_3_3' <Predicate = (!icmp_ln31)> <Delay = 7.25> <Core = "FAddSub">   --->   Core 105 'FAddSub' <Latency = 4> <II = 1> <Delay = 7.25> <FuncUnit> <Opcode : 'fadd' 'fsub'> <InPorts = 2> <OutPorts = 1>

State 25 <SV = 24> <Delay = 7.25>
ST_25 : Operation 240 [1/5] (7.25ns)   --->   "%tmp_3_0_3 = fadd float %tmp_3_0_2, %tmp_2_0_3" [myIP.c:48]   --->   Operation 240 'fadd' 'tmp_3_0_3' <Predicate = (!icmp_ln31)> <Delay = 7.25> <Core = "FAddSub">   --->   Core 105 'FAddSub' <Latency = 4> <II = 1> <Delay = 7.25> <FuncUnit> <Opcode : 'fadd' 'fsub'> <InPorts = 2> <OutPorts = 1>
ST_25 : Operation 241 [1/5] (7.25ns)   --->   "%tmp_3_1_3 = fadd float %tmp_3_1_2, %tmp_2_1_3" [myIP.c:48]   --->   Operation 241 'fadd' 'tmp_3_1_3' <Predicate = (!icmp_ln31)> <Delay = 7.25> <Core = "FAddSub">   --->   Core 105 'FAddSub' <Latency = 4> <II = 1> <Delay = 7.25> <FuncUnit> <Opcode : 'fadd' 'fsub'> <InPorts = 2> <OutPorts = 1>
ST_25 : Operation 242 [1/5] (7.25ns)   --->   "%tmp_3_2_3 = fadd float %tmp_3_2_2, %tmp_2_2_3" [myIP.c:48]   --->   Operation 242 'fadd' 'tmp_3_2_3' <Predicate = (!icmp_ln31)> <Delay = 7.25> <Core = "FAddSub">   --->   Core 105 'FAddSub' <Latency = 4> <II = 1> <Delay = 7.25> <FuncUnit> <Opcode : 'fadd' 'fsub'> <InPorts = 2> <OutPorts = 1>
ST_25 : Operation 243 [1/5] (7.25ns)   --->   "%tmp_3_3_3 = fadd float %tmp_3_3_2, %tmp_2_3_3" [myIP.c:48]   --->   Operation 243 'fadd' 'tmp_3_3_3' <Predicate = (!icmp_ln31)> <Delay = 7.25> <Core = "FAddSub">   --->   Core 105 'FAddSub' <Latency = 4> <II = 1> <Delay = 7.25> <FuncUnit> <Opcode : 'fadd' 'fsub'> <InPorts = 2> <OutPorts = 1>

State 26 <SV = 25> <Delay = 5.43>
ST_26 : Operation 244 [2/2] (5.43ns)   --->   "%tmp_5 = fcmp ogt float %tmp_3_0_3, %threshold_read" [myIP.c:50]   --->   Operation 244 'fcmp' 'tmp_5' <Predicate = (!icmp_ln31)> <Delay = 5.43> <Core = "FCmp">   --->   Core 111 'FCmp' <Latency = 1> <II = 1> <Delay = 5.43> <FuncUnit> <Opcode : 'fcmp'> <InPorts = 2> <OutPorts = 1>

State 27 <SV = 26> <Delay = 5.43>
ST_27 : Operation 245 [1/2] (5.43ns)   --->   "%tmp_5 = fcmp ogt float %tmp_3_0_3, %threshold_read" [myIP.c:50]   --->   Operation 245 'fcmp' 'tmp_5' <Predicate = (!icmp_ln31)> <Delay = 5.43> <Core = "FCmp">   --->   Core 111 'FCmp' <Latency = 1> <II = 1> <Delay = 5.43> <FuncUnit> <Opcode : 'fcmp'> <InPorts = 2> <OutPorts = 1>
ST_27 : Operation 246 [2/2] (5.43ns)   --->   "%tmp_8 = fcmp ogt float %tmp_3_1_3, %threshold_read" [myIP.c:50]   --->   Operation 246 'fcmp' 'tmp_8' <Predicate = (!icmp_ln31)> <Delay = 5.43> <Core = "FCmp">   --->   Core 111 'FCmp' <Latency = 1> <II = 1> <Delay = 5.43> <FuncUnit> <Opcode : 'fcmp'> <InPorts = 2> <OutPorts = 1>

State 28 <SV = 27> <Delay = 5.43>
ST_28 : Operation 247 [1/2] (5.43ns)   --->   "%tmp_8 = fcmp ogt float %tmp_3_1_3, %threshold_read" [myIP.c:50]   --->   Operation 247 'fcmp' 'tmp_8' <Predicate = (!icmp_ln31)> <Delay = 5.43> <Core = "FCmp">   --->   Core 111 'FCmp' <Latency = 1> <II = 1> <Delay = 5.43> <FuncUnit> <Opcode : 'fcmp'> <InPorts = 2> <OutPorts = 1>
ST_28 : Operation 248 [2/2] (5.43ns)   --->   "%tmp_s = fcmp ogt float %tmp_3_2_3, %threshold_read" [myIP.c:50]   --->   Operation 248 'fcmp' 'tmp_s' <Predicate = (!icmp_ln31)> <Delay = 5.43> <Core = "FCmp">   --->   Core 111 'FCmp' <Latency = 1> <II = 1> <Delay = 5.43> <FuncUnit> <Opcode : 'fcmp'> <InPorts = 2> <OutPorts = 1>

State 29 <SV = 28> <Delay = 5.43>
ST_29 : Operation 249 [1/2] (5.43ns)   --->   "%tmp_s = fcmp ogt float %tmp_3_2_3, %threshold_read" [myIP.c:50]   --->   Operation 249 'fcmp' 'tmp_s' <Predicate = (!icmp_ln31)> <Delay = 5.43> <Core = "FCmp">   --->   Core 111 'FCmp' <Latency = 1> <II = 1> <Delay = 5.43> <FuncUnit> <Opcode : 'fcmp'> <InPorts = 2> <OutPorts = 1>
ST_29 : Operation 250 [2/2] (5.43ns)   --->   "%tmp_10 = fcmp ogt float %tmp_3_3_3, %threshold_read" [myIP.c:50]   --->   Operation 250 'fcmp' 'tmp_10' <Predicate = (!icmp_ln31)> <Delay = 5.43> <Core = "FCmp">   --->   Core 111 'FCmp' <Latency = 1> <II = 1> <Delay = 5.43> <FuncUnit> <Opcode : 'fcmp'> <InPorts = 2> <OutPorts = 1>

State 30 <SV = 29> <Delay = 7.97>
ST_30 : Operation 251 [1/1] (0.00ns)   --->   "%bitcast_ln50 = bitcast float %tmp_3_0_3 to i32" [myIP.c:50]   --->   Operation 251 'bitcast' 'bitcast_ln50' <Predicate = (!icmp_ln31)> <Delay = 0.00>
ST_30 : Operation 252 [1/1] (0.00ns)   --->   "%tmp_1 = call i8 @_ssdm_op_PartSelect.i8.i32.i32.i32(i32 %bitcast_ln50, i32 23, i32 30)" [myIP.c:50]   --->   Operation 252 'partselect' 'tmp_1' <Predicate = (!icmp_ln31)> <Delay = 0.00>
ST_30 : Operation 253 [1/1] (0.00ns)   --->   "%trunc_ln50_1 = trunc i32 %bitcast_ln50 to i23" [myIP.c:50]   --->   Operation 253 'trunc' 'trunc_ln50_1' <Predicate = (!icmp_ln31)> <Delay = 0.00>
ST_30 : Operation 254 [1/1] (1.55ns)   --->   "%icmp_ln50 = icmp ne i8 %tmp_1, -1" [myIP.c:50]   --->   Operation 254 'icmp' 'icmp_ln50' <Predicate = (!icmp_ln31)> <Delay = 1.55> <Core = "Cmp">   --->   Core 25 'Cmp' <Latency = 0> <II = 1> <Delay = 2.44> <FuncUnit> <Opcode : 'icmp'> <InPorts = 2> <OutPorts = 1>
ST_30 : Operation 255 [1/1] (2.44ns)   --->   "%icmp_ln50_1 = icmp eq i23 %trunc_ln50_1, 0" [myIP.c:50]   --->   Operation 255 'icmp' 'icmp_ln50_1' <Predicate = (!icmp_ln31)> <Delay = 2.44> <Core = "Cmp">   --->   Core 25 'Cmp' <Latency = 0> <II = 1> <Delay = 2.44> <FuncUnit> <Opcode : 'icmp'> <InPorts = 2> <OutPorts = 1>
ST_30 : Operation 256 [1/1] (0.00ns) (grouped into LUT with out node and_ln50_1)   --->   "%or_ln50 = or i1 %icmp_ln50_1, %icmp_ln50" [myIP.c:50]   --->   Operation 256 'or' 'or_ln50' <Predicate = (!icmp_ln31)> <Delay = 0.00> <Core = "LogicGate">   --->   Core 27 'LogicGate' <Latency = 0> <II = 1> <Delay = 0.97> <FuncUnit> <Opcode : 'and' 'or' 'xor'> <InPorts = 2> <OutPorts = 1>
ST_30 : Operation 257 [1/1] (0.00ns) (grouped into LUT with out node and_ln50_1)   --->   "%and_ln50 = and i1 %or_ln50, %or_ln50_1" [myIP.c:50]   --->   Operation 257 'and' 'and_ln50' <Predicate = (!icmp_ln31)> <Delay = 0.00> <Core = "LogicGate">   --->   Core 27 'LogicGate' <Latency = 0> <II = 1> <Delay = 0.97> <FuncUnit> <Opcode : 'and' 'or' 'xor'> <InPorts = 2> <OutPorts = 1>
ST_30 : Operation 258 [1/1] (0.97ns) (out node of the LUT)   --->   "%and_ln50_1 = and i1 %and_ln50, %tmp_5" [myIP.c:50]   --->   Operation 258 'and' 'and_ln50_1' <Predicate = (!icmp_ln31)> <Delay = 0.97> <Core = "LogicGate">   --->   Core 27 'LogicGate' <Latency = 0> <II = 1> <Delay = 0.97> <FuncUnit> <Opcode : 'and' 'or' 'xor'> <InPorts = 2> <OutPorts = 1>
ST_30 : Operation 259 [1/1] (0.00ns) (grouped into LUT with out node add_ln50)   --->   "%zext_ln48 = zext i1 %and_ln50_1 to i2" [myIP.c:48]   --->   Operation 259 'zext' 'zext_ln48' <Predicate = (!icmp_ln31)> <Delay = 0.00>
ST_30 : Operation 260 [1/1] (0.00ns)   --->   "%bitcast_ln50_2 = bitcast float %tmp_3_1_3 to i32" [myIP.c:50]   --->   Operation 260 'bitcast' 'bitcast_ln50_2' <Predicate = (!icmp_ln31)> <Delay = 0.00>
ST_30 : Operation 261 [1/1] (0.00ns)   --->   "%tmp_6 = call i8 @_ssdm_op_PartSelect.i8.i32.i32.i32(i32 %bitcast_ln50_2, i32 23, i32 30)" [myIP.c:50]   --->   Operation 261 'partselect' 'tmp_6' <Predicate = (!icmp_ln31)> <Delay = 0.00>
ST_30 : Operation 262 [1/1] (0.00ns)   --->   "%trunc_ln50_2 = trunc i32 %bitcast_ln50_2 to i23" [myIP.c:50]   --->   Operation 262 'trunc' 'trunc_ln50_2' <Predicate = (!icmp_ln31)> <Delay = 0.00>
ST_30 : Operation 263 [1/1] (1.55ns)   --->   "%icmp_ln50_4 = icmp ne i8 %tmp_6, -1" [myIP.c:50]   --->   Operation 263 'icmp' 'icmp_ln50_4' <Predicate = (!icmp_ln31)> <Delay = 1.55> <Core = "Cmp">   --->   Core 25 'Cmp' <Latency = 0> <II = 1> <Delay = 2.44> <FuncUnit> <Opcode : 'icmp'> <InPorts = 2> <OutPorts = 1>
ST_30 : Operation 264 [1/1] (2.44ns)   --->   "%icmp_ln50_5 = icmp eq i23 %trunc_ln50_2, 0" [myIP.c:50]   --->   Operation 264 'icmp' 'icmp_ln50_5' <Predicate = (!icmp_ln31)> <Delay = 2.44> <Core = "Cmp">   --->   Core 25 'Cmp' <Latency = 0> <II = 1> <Delay = 2.44> <FuncUnit> <Opcode : 'icmp'> <InPorts = 2> <OutPorts = 1>
ST_30 : Operation 265 [1/1] (0.00ns) (grouped into LUT with out node add_ln50)   --->   "%or_ln50_2 = or i1 %icmp_ln50_5, %icmp_ln50_4" [myIP.c:50]   --->   Operation 265 'or' 'or_ln50_2' <Predicate = (!icmp_ln31)> <Delay = 0.00> <Core = "LogicGate">   --->   Core 27 'LogicGate' <Latency = 0> <II = 1> <Delay = 0.97> <FuncUnit> <Opcode : 'and' 'or' 'xor'> <InPorts = 2> <OutPorts = 1>
ST_30 : Operation 266 [1/1] (0.00ns) (grouped into LUT with out node add_ln50)   --->   "%and_ln50_2 = and i1 %or_ln50_2, %or_ln50_1" [myIP.c:50]   --->   Operation 266 'and' 'and_ln50_2' <Predicate = (!icmp_ln31)> <Delay = 0.00> <Core = "LogicGate">   --->   Core 27 'LogicGate' <Latency = 0> <II = 1> <Delay = 0.97> <FuncUnit> <Opcode : 'and' 'or' 'xor'> <InPorts = 2> <OutPorts = 1>
ST_30 : Operation 267 [1/1] (0.00ns) (grouped into LUT with out node add_ln50)   --->   "%and_ln50_3 = and i1 %and_ln50_2, %tmp_8" [myIP.c:50]   --->   Operation 267 'and' 'and_ln50_3' <Predicate = (!icmp_ln31)> <Delay = 0.00> <Core = "LogicGate">   --->   Core 27 'LogicGate' <Latency = 0> <II = 1> <Delay = 0.97> <FuncUnit> <Opcode : 'and' 'or' 'xor'> <InPorts = 2> <OutPorts = 1>
ST_30 : Operation 268 [1/1] (0.00ns) (grouped into LUT with out node add_ln50)   --->   "%zext_ln48_1 = zext i1 %and_ln50_3 to i2" [myIP.c:48]   --->   Operation 268 'zext' 'zext_ln48_1' <Predicate = (!icmp_ln31)> <Delay = 0.00>
ST_30 : Operation 269 [1/1] (0.00ns)   --->   "%bitcast_ln50_3 = bitcast float %tmp_3_2_3 to i32" [myIP.c:50]   --->   Operation 269 'bitcast' 'bitcast_ln50_3' <Predicate = (!icmp_ln31)> <Delay = 0.00>
ST_30 : Operation 270 [1/1] (0.00ns)   --->   "%tmp_9 = call i8 @_ssdm_op_PartSelect.i8.i32.i32.i32(i32 %bitcast_ln50_3, i32 23, i32 30)" [myIP.c:50]   --->   Operation 270 'partselect' 'tmp_9' <Predicate = (!icmp_ln31)> <Delay = 0.00>
ST_30 : Operation 271 [1/1] (0.00ns)   --->   "%trunc_ln50_3 = trunc i32 %bitcast_ln50_3 to i23" [myIP.c:50]   --->   Operation 271 'trunc' 'trunc_ln50_3' <Predicate = (!icmp_ln31)> <Delay = 0.00>
ST_30 : Operation 272 [1/1] (1.55ns)   --->   "%icmp_ln50_6 = icmp ne i8 %tmp_9, -1" [myIP.c:50]   --->   Operation 272 'icmp' 'icmp_ln50_6' <Predicate = (!icmp_ln31)> <Delay = 1.55> <Core = "Cmp">   --->   Core 25 'Cmp' <Latency = 0> <II = 1> <Delay = 2.44> <FuncUnit> <Opcode : 'icmp'> <InPorts = 2> <OutPorts = 1>
ST_30 : Operation 273 [1/1] (2.44ns)   --->   "%icmp_ln50_7 = icmp eq i23 %trunc_ln50_3, 0" [myIP.c:50]   --->   Operation 273 'icmp' 'icmp_ln50_7' <Predicate = (!icmp_ln31)> <Delay = 2.44> <Core = "Cmp">   --->   Core 25 'Cmp' <Latency = 0> <II = 1> <Delay = 2.44> <FuncUnit> <Opcode : 'icmp'> <InPorts = 2> <OutPorts = 1>
ST_30 : Operation 274 [1/1] (0.00ns) (grouped into LUT with out node add_ln50_1)   --->   "%or_ln50_3 = or i1 %icmp_ln50_7, %icmp_ln50_6" [myIP.c:50]   --->   Operation 274 'or' 'or_ln50_3' <Predicate = (!icmp_ln31)> <Delay = 0.00> <Core = "LogicGate">   --->   Core 27 'LogicGate' <Latency = 0> <II = 1> <Delay = 0.97> <FuncUnit> <Opcode : 'and' 'or' 'xor'> <InPorts = 2> <OutPorts = 1>
ST_30 : Operation 275 [1/1] (0.00ns) (grouped into LUT with out node add_ln50_1)   --->   "%and_ln50_4 = and i1 %or_ln50_3, %or_ln50_1" [myIP.c:50]   --->   Operation 275 'and' 'and_ln50_4' <Predicate = (!icmp_ln31)> <Delay = 0.00> <Core = "LogicGate">   --->   Core 27 'LogicGate' <Latency = 0> <II = 1> <Delay = 0.97> <FuncUnit> <Opcode : 'and' 'or' 'xor'> <InPorts = 2> <OutPorts = 1>
ST_30 : Operation 276 [1/1] (0.00ns) (grouped into LUT with out node add_ln50_1)   --->   "%and_ln50_5 = and i1 %and_ln50_4, %tmp_s" [myIP.c:50]   --->   Operation 276 'and' 'and_ln50_5' <Predicate = (!icmp_ln31)> <Delay = 0.00> <Core = "LogicGate">   --->   Core 27 'LogicGate' <Latency = 0> <II = 1> <Delay = 0.97> <FuncUnit> <Opcode : 'and' 'or' 'xor'> <InPorts = 2> <OutPorts = 1>
ST_30 : Operation 277 [1/1] (0.00ns) (grouped into LUT with out node add_ln50_1)   --->   "%zext_ln48_2 = zext i1 %and_ln50_5 to i2" [myIP.c:48]   --->   Operation 277 'zext' 'zext_ln48_2' <Predicate = (!icmp_ln31)> <Delay = 0.00>
ST_30 : Operation 278 [1/1] (0.00ns)   --->   "%bitcast_ln50_4 = bitcast float %tmp_3_3_3 to i32" [myIP.c:50]   --->   Operation 278 'bitcast' 'bitcast_ln50_4' <Predicate = (!icmp_ln31)> <Delay = 0.00>
ST_30 : Operation 279 [1/1] (0.00ns)   --->   "%tmp_7 = call i8 @_ssdm_op_PartSelect.i8.i32.i32.i32(i32 %bitcast_ln50_4, i32 23, i32 30)" [myIP.c:50]   --->   Operation 279 'partselect' 'tmp_7' <Predicate = (!icmp_ln31)> <Delay = 0.00>
ST_30 : Operation 280 [1/1] (0.00ns)   --->   "%trunc_ln50_4 = trunc i32 %bitcast_ln50_4 to i23" [myIP.c:50]   --->   Operation 280 'trunc' 'trunc_ln50_4' <Predicate = (!icmp_ln31)> <Delay = 0.00>
ST_30 : Operation 281 [1/1] (1.55ns)   --->   "%icmp_ln50_8 = icmp ne i8 %tmp_7, -1" [myIP.c:50]   --->   Operation 281 'icmp' 'icmp_ln50_8' <Predicate = (!icmp_ln31)> <Delay = 1.55> <Core = "Cmp">   --->   Core 25 'Cmp' <Latency = 0> <II = 1> <Delay = 2.44> <FuncUnit> <Opcode : 'icmp'> <InPorts = 2> <OutPorts = 1>
ST_30 : Operation 282 [1/1] (2.44ns)   --->   "%icmp_ln50_9 = icmp eq i23 %trunc_ln50_4, 0" [myIP.c:50]   --->   Operation 282 'icmp' 'icmp_ln50_9' <Predicate = (!icmp_ln31)> <Delay = 2.44> <Core = "Cmp">   --->   Core 25 'Cmp' <Latency = 0> <II = 1> <Delay = 2.44> <FuncUnit> <Opcode : 'icmp'> <InPorts = 2> <OutPorts = 1>
ST_30 : Operation 283 [1/1] (0.00ns) (grouped into LUT with out node and_ln50_7)   --->   "%or_ln50_4 = or i1 %icmp_ln50_9, %icmp_ln50_8" [myIP.c:50]   --->   Operation 283 'or' 'or_ln50_4' <Predicate = (!icmp_ln31)> <Delay = 0.00> <Core = "LogicGate">   --->   Core 27 'LogicGate' <Latency = 0> <II = 1> <Delay = 0.97> <FuncUnit> <Opcode : 'and' 'or' 'xor'> <InPorts = 2> <OutPorts = 1>
ST_30 : Operation 284 [1/1] (0.00ns) (grouped into LUT with out node and_ln50_7)   --->   "%and_ln50_6 = and i1 %or_ln50_4, %or_ln50_1" [myIP.c:50]   --->   Operation 284 'and' 'and_ln50_6' <Predicate = (!icmp_ln31)> <Delay = 0.00> <Core = "LogicGate">   --->   Core 27 'LogicGate' <Latency = 0> <II = 1> <Delay = 0.97> <FuncUnit> <Opcode : 'and' 'or' 'xor'> <InPorts = 2> <OutPorts = 1>
ST_30 : Operation 285 [1/2] (5.43ns)   --->   "%tmp_10 = fcmp ogt float %tmp_3_3_3, %threshold_read" [myIP.c:50]   --->   Operation 285 'fcmp' 'tmp_10' <Predicate = (!icmp_ln31)> <Delay = 5.43> <Core = "FCmp">   --->   Core 111 'FCmp' <Latency = 1> <II = 1> <Delay = 5.43> <FuncUnit> <Opcode : 'fcmp'> <InPorts = 2> <OutPorts = 1>
ST_30 : Operation 286 [1/1] (0.97ns) (out node of the LUT)   --->   "%and_ln50_7 = and i1 %and_ln50_6, %tmp_10" [myIP.c:50]   --->   Operation 286 'and' 'and_ln50_7' <Predicate = (!icmp_ln31)> <Delay = 0.97> <Core = "LogicGate">   --->   Core 27 'LogicGate' <Latency = 0> <II = 1> <Delay = 0.97> <FuncUnit> <Opcode : 'and' 'or' 'xor'> <InPorts = 2> <OutPorts = 1>
ST_30 : Operation 287 [1/1] (0.00ns) (grouped into LUT with out node add_ln50_1)   --->   "%zext_ln50 = zext i1 %and_ln50_7 to i2" [myIP.c:50]   --->   Operation 287 'zext' 'zext_ln50' <Predicate = (!icmp_ln31)> <Delay = 0.00>
ST_30 : Operation 288 [1/1] (1.56ns) (out node of the LUT)   --->   "%add_ln50 = add i2 %zext_ln48_1, %zext_ln48" [myIP.c:50]   --->   Operation 288 'add' 'add_ln50' <Predicate = (!icmp_ln31)> <Delay = 1.56> <Core = "AddSub">   --->   Core 14 'AddSub' <Latency = 0> <II = 1> <Delay = 1.56> <FuncUnit> <Opcode : 'add' 'sub'> <InPorts = 2> <OutPorts = 1>
ST_30 : Operation 289 [1/1] (1.56ns) (out node of the LUT)   --->   "%add_ln50_1 = add i2 %zext_ln48_2, %zext_ln50" [myIP.c:50]   --->   Operation 289 'add' 'add_ln50_1' <Predicate = (!icmp_ln31)> <Delay = 1.56> <Core = "AddSub">   --->   Core 14 'AddSub' <Latency = 0> <II = 1> <Delay = 1.56> <FuncUnit> <Opcode : 'add' 'sub'> <InPorts = 2> <OutPorts = 1>

State 31 <SV = 30> <Delay = 4.43>
ST_31 : Operation 290 [1/1] (0.00ns)   --->   "%tmp = call i32 (...)* @_ssdm_op_SpecRegionBegin([12 x i8]* @p_str7) nounwind" [myIP.c:31]   --->   Operation 290 'specregionbegin' 'tmp' <Predicate = (!icmp_ln31)> <Delay = 0.00>
ST_31 : Operation 291 [1/1] (0.00ns)   --->   "call void (...)* @_ssdm_op_SpecLoopTripCount(i32 100, i32 100, i32 100, [1 x i8]* @p_str) nounwind" [myIP.c:32]   --->   Operation 291 'speclooptripcount' <Predicate = (!icmp_ln31)> <Delay = 0.00>
ST_31 : Operation 292 [1/1] (0.00ns)   --->   "call void (...)* @_ssdm_op_SpecPipeline(i32 1, i32 1, i32 1, i32 0, [1 x i8]* @p_str) nounwind" [myIP.c:34]   --->   Operation 292 'specpipeline' <Predicate = (!icmp_ln31)> <Delay = 0.00>
ST_31 : Operation 293 [1/1] (0.00ns)   --->   "%zext_ln50_1 = zext i2 %add_ln50 to i3" [myIP.c:50]   --->   Operation 293 'zext' 'zext_ln50_1' <Predicate = (!icmp_ln31)> <Delay = 0.00>
ST_31 : Operation 294 [1/1] (0.00ns)   --->   "%zext_ln50_2 = zext i2 %add_ln50_1 to i3" [myIP.c:50]   --->   Operation 294 'zext' 'zext_ln50_2' <Predicate = (!icmp_ln31)> <Delay = 0.00>
ST_31 : Operation 295 [1/1] (1.56ns)   --->   "%add_ln50_2 = add i3 %zext_ln50_2, %zext_ln50_1" [myIP.c:50]   --->   Operation 295 'add' 'add_ln50_2' <Predicate = (!icmp_ln31)> <Delay = 1.56> <Core = "AddSub">   --->   Core 14 'AddSub' <Latency = 0> <II = 1> <Delay = 1.56> <FuncUnit> <Opcode : 'add' 'sub'> <InPorts = 2> <OutPorts = 1>
ST_31 : Operation 296 [1/1] (1.13ns)   --->   "%icmp_ln52 = icmp eq i3 %add_ln50_2, -4" [myIP.c:52]   --->   Operation 296 'icmp' 'icmp_ln52' <Predicate = (!icmp_ln31)> <Delay = 1.13> <Core = "Cmp">   --->   Core 25 'Cmp' <Latency = 0> <II = 1> <Delay = 2.44> <FuncUnit> <Opcode : 'icmp'> <InPorts = 2> <OutPorts = 1>
ST_31 : Operation 297 [1/1] (0.00ns)   --->   "br i1 %icmp_ln52, label %._crit_edge.1.critedge, label %._crit_edge.0" [myIP.c:56]   --->   Operation 297 'br' <Predicate = (!icmp_ln31)> <Delay = 0.00>
ST_31 : Operation 298 [2/2] (4.43ns)   --->   "%tmp_4_1 = fpext float %tmp_3_1_3 to double" [myIP.c:56]   --->   Operation 298 'fpext' 'tmp_4_1' <Predicate = (!icmp_ln31 & !icmp_ln52)> <Delay = 4.43> <Core = "Float2Double">   --->   Core 114 'Float2Double' <Latency = 1> <II = 1> <Delay = 4.43> <FuncUnit> <Opcode : 'fpext'> <InPorts = 1> <OutPorts = 1>
ST_31 : Operation 299 [1/1] (0.00ns)   --->   "br i1 %icmp_ln52, label %._crit_edge.3.critedge, label %._crit_edge.2" [myIP.c:56]   --->   Operation 299 'br' <Predicate = true> <Delay = 0.00>

State 32 <SV = 31> <Delay = 4.43>
ST_32 : Operation 300 [1/2] (4.43ns)   --->   "%tmp_4_1 = fpext float %tmp_3_1_3 to double" [myIP.c:56]   --->   Operation 300 'fpext' 'tmp_4_1' <Predicate = (!icmp_ln31 & !icmp_ln52)> <Delay = 4.43> <Core = "Float2Double">   --->   Core 114 'Float2Double' <Latency = 1> <II = 1> <Delay = 4.43> <FuncUnit> <Opcode : 'fpext'> <InPorts = 1> <OutPorts = 1>
ST_32 : Operation 301 [1/1] (1.76ns)   --->   "br label %._crit_edge.1" [myIP.c:56]   --->   Operation 301 'br' <Predicate = (!icmp_ln31 & !icmp_ln52)> <Delay = 1.76>
ST_32 : Operation 302 [1/1] (1.76ns)   --->   "br label %._crit_edge.1"   --->   Operation 302 'br' <Predicate = (!icmp_ln31 & icmp_ln52)> <Delay = 1.76>
ST_32 : Operation 303 [2/2] (4.43ns)   --->   "%tmp_4_3 = fpext float %tmp_3_3_3 to double" [myIP.c:56]   --->   Operation 303 'fpext' 'tmp_4_3' <Predicate = (!icmp_ln31 & !icmp_ln52)> <Delay = 4.43> <Core = "Float2Double">   --->   Core 114 'Float2Double' <Latency = 1> <II = 1> <Delay = 4.43> <FuncUnit> <Opcode : 'fpext'> <InPorts = 1> <OutPorts = 1>

State 33 <SV = 32> <Delay = 5.20>
ST_33 : Operation 304 [2/2] (0.00ns)   --->   "call void @_ssdm_op_Write.axis.floatP(float* %output_r, float %tmp_3_0_3)" [myIP.c:56]   --->   Operation 304 'write' <Predicate = (!icmp_ln31 & !icmp_ln52)> <Delay = 0.00> <Core = "AXI4Stream">   --->   Core 5 'AXI4Stream' <Latency = 0> <II = 1> <Delay = 1.00> <Adapter> <Opcode : >
ST_33 : Operation 305 [2/2] (0.00ns)   --->   "call void @_ssdm_op_Write.axis.floatP(float* %output_r, float 0.000000e+00)" [myIP.c:56]   --->   Operation 305 'write' <Predicate = (!icmp_ln31 & icmp_ln52)> <Delay = 0.00> <Core = "AXI4Stream">   --->   Core 5 'AXI4Stream' <Latency = 0> <II = 1> <Delay = 1.00> <Adapter> <Opcode : >
ST_33 : Operation 306 [1/1] (0.00ns)   --->   "%phi_ln56 = phi double [ %tmp_4_1, %._crit_edge.0 ], [ 0.000000e+00, %._crit_edge.1.critedge ]" [myIP.c:56]   --->   Operation 306 'phi' 'phi_ln56' <Predicate = true> <Delay = 0.00>
ST_33 : Operation 307 [2/2] (5.20ns)   --->   "%tmp_5_1 = fptrunc double %phi_ln56 to float" [myIP.c:56]   --->   Operation 307 'fptrunc' 'tmp_5_1' <Predicate = true> <Delay = 5.20> <Core = "Double2Float">   --->   Core 123 'Double2Float' <Latency = 1> <II = 1> <Delay = 5.20> <FuncUnit> <Opcode : 'fptrunc'> <InPorts = 1> <OutPorts = 1>
ST_33 : Operation 308 [1/2] (4.43ns)   --->   "%tmp_4_3 = fpext float %tmp_3_3_3 to double" [myIP.c:56]   --->   Operation 308 'fpext' 'tmp_4_3' <Predicate = (!icmp_ln31 & !icmp_ln52)> <Delay = 4.43> <Core = "Float2Double">   --->   Core 114 'Float2Double' <Latency = 1> <II = 1> <Delay = 4.43> <FuncUnit> <Opcode : 'fpext'> <InPorts = 1> <OutPorts = 1>
ST_33 : Operation 309 [1/1] (1.76ns)   --->   "br label %hls_label_0_end" [myIP.c:56]   --->   Operation 309 'br' <Predicate = (!icmp_ln31 & !icmp_ln52)> <Delay = 1.76>
ST_33 : Operation 310 [1/1] (1.76ns)   --->   "br label %hls_label_0_end"   --->   Operation 310 'br' <Predicate = (!icmp_ln31 & icmp_ln52)> <Delay = 1.76>

State 34 <SV = 33> <Delay = 5.20>
ST_34 : Operation 311 [1/2] (0.00ns)   --->   "call void @_ssdm_op_Write.axis.floatP(float* %output_r, float %tmp_3_0_3)" [myIP.c:56]   --->   Operation 311 'write' <Predicate = (!icmp_ln31 & !icmp_ln52)> <Delay = 0.00> <Core = "AXI4Stream">   --->   Core 5 'AXI4Stream' <Latency = 0> <II = 1> <Delay = 1.00> <Adapter> <Opcode : >
ST_34 : Operation 312 [1/2] (0.00ns)   --->   "call void @_ssdm_op_Write.axis.floatP(float* %output_r, float 0.000000e+00)" [myIP.c:56]   --->   Operation 312 'write' <Predicate = (!icmp_ln31 & icmp_ln52)> <Delay = 0.00> <Core = "AXI4Stream">   --->   Core 5 'AXI4Stream' <Latency = 0> <II = 1> <Delay = 1.00> <Adapter> <Opcode : >
ST_34 : Operation 313 [1/2] (5.20ns)   --->   "%tmp_5_1 = fptrunc double %phi_ln56 to float" [myIP.c:56]   --->   Operation 313 'fptrunc' 'tmp_5_1' <Predicate = true> <Delay = 5.20> <Core = "Double2Float">   --->   Core 123 'Double2Float' <Latency = 1> <II = 1> <Delay = 5.20> <FuncUnit> <Opcode : 'fptrunc'> <InPorts = 1> <OutPorts = 1>
ST_34 : Operation 314 [2/2] (0.00ns)   --->   "call void @_ssdm_op_Write.axis.floatP(float* %output_r, float %tmp_5_1)" [myIP.c:56]   --->   Operation 314 'write' <Predicate = true> <Delay = 0.00> <Core = "AXI4Stream">   --->   Core 5 'AXI4Stream' <Latency = 0> <II = 1> <Delay = 1.00> <Adapter> <Opcode : >
ST_34 : Operation 315 [1/1] (0.00ns)   --->   "%phi_ln56_1 = phi double [ %tmp_4_3, %._crit_edge.2 ], [ 0.000000e+00, %._crit_edge.3.critedge ]" [myIP.c:56]   --->   Operation 315 'phi' 'phi_ln56_1' <Predicate = (!icmp_ln31)> <Delay = 0.00>
ST_34 : Operation 316 [2/2] (5.20ns)   --->   "%tmp_5_3 = fptrunc double %phi_ln56_1 to float" [myIP.c:56]   --->   Operation 316 'fptrunc' 'tmp_5_3' <Predicate = (!icmp_ln31)> <Delay = 5.20> <Core = "Double2Float">   --->   Core 123 'Double2Float' <Latency = 1> <II = 1> <Delay = 5.20> <FuncUnit> <Opcode : 'fptrunc'> <InPorts = 1> <OutPorts = 1>

State 35 <SV = 34> <Delay = 5.20>
ST_35 : Operation 317 [1/2] (0.00ns)   --->   "call void @_ssdm_op_Write.axis.floatP(float* %output_r, float %tmp_5_1)" [myIP.c:56]   --->   Operation 317 'write' <Predicate = true> <Delay = 0.00> <Core = "AXI4Stream">   --->   Core 5 'AXI4Stream' <Latency = 0> <II = 1> <Delay = 1.00> <Adapter> <Opcode : >
ST_35 : Operation 318 [2/2] (0.00ns)   --->   "call void @_ssdm_op_Write.axis.floatP(float* %output_r, float %tmp_3_2_3)" [myIP.c:56]   --->   Operation 318 'write' <Predicate = (!icmp_ln31 & !icmp_ln52)> <Delay = 0.00> <Core = "AXI4Stream">   --->   Core 5 'AXI4Stream' <Latency = 0> <II = 1> <Delay = 1.00> <Adapter> <Opcode : >
ST_35 : Operation 319 [2/2] (0.00ns)   --->   "call void @_ssdm_op_Write.axis.floatP(float* %output_r, float 0.000000e+00)" [myIP.c:56]   --->   Operation 319 'write' <Predicate = (!icmp_ln31 & icmp_ln52)> <Delay = 0.00> <Core = "AXI4Stream">   --->   Core 5 'AXI4Stream' <Latency = 0> <II = 1> <Delay = 1.00> <Adapter> <Opcode : >
ST_35 : Operation 320 [1/2] (5.20ns)   --->   "%tmp_5_3 = fptrunc double %phi_ln56_1 to float" [myIP.c:56]   --->   Operation 320 'fptrunc' 'tmp_5_3' <Predicate = (!icmp_ln31)> <Delay = 5.20> <Core = "Double2Float">   --->   Core 123 'Double2Float' <Latency = 1> <II = 1> <Delay = 5.20> <FuncUnit> <Opcode : 'fptrunc'> <InPorts = 1> <OutPorts = 1>

State 36 <SV = 35> <Delay = 0.00>
ST_36 : Operation 321 [1/2] (0.00ns)   --->   "call void @_ssdm_op_Write.axis.floatP(float* %output_r, float %tmp_3_2_3)" [myIP.c:56]   --->   Operation 321 'write' <Predicate = (!icmp_ln31 & !icmp_ln52)> <Delay = 0.00> <Core = "AXI4Stream">   --->   Core 5 'AXI4Stream' <Latency = 0> <II = 1> <Delay = 1.00> <Adapter> <Opcode : >
ST_36 : Operation 322 [1/2] (0.00ns)   --->   "call void @_ssdm_op_Write.axis.floatP(float* %output_r, float 0.000000e+00)" [myIP.c:56]   --->   Operation 322 'write' <Predicate = (!icmp_ln31 & icmp_ln52)> <Delay = 0.00> <Core = "AXI4Stream">   --->   Core 5 'AXI4Stream' <Latency = 0> <II = 1> <Delay = 1.00> <Adapter> <Opcode : >
ST_36 : Operation 323 [2/2] (0.00ns)   --->   "call void @_ssdm_op_Write.axis.floatP(float* %output_r, float %tmp_5_3)" [myIP.c:56]   --->   Operation 323 'write' <Predicate = (!icmp_ln31)> <Delay = 0.00> <Core = "AXI4Stream">   --->   Core 5 'AXI4Stream' <Latency = 0> <II = 1> <Delay = 1.00> <Adapter> <Opcode : >

State 37 <SV = 36> <Delay = 0.00>
ST_37 : Operation 324 [1/2] (0.00ns)   --->   "call void @_ssdm_op_Write.axis.floatP(float* %output_r, float %tmp_5_3)" [myIP.c:56]   --->   Operation 324 'write' <Predicate = (!icmp_ln31)> <Delay = 0.00> <Core = "AXI4Stream">   --->   Core 5 'AXI4Stream' <Latency = 0> <II = 1> <Delay = 1.00> <Adapter> <Opcode : >
ST_37 : Operation 325 [1/1] (0.00ns)   --->   "%empty = call i32 (...)* @_ssdm_op_SpecRegionEnd([12 x i8]* @p_str7, i32 %tmp) nounwind" [myIP.c:60]   --->   Operation 325 'specregionend' 'empty' <Predicate = (!icmp_ln31)> <Delay = 0.00>
ST_37 : Operation 326 [1/1] (0.00ns)   --->   "br label %1" [myIP.c:31]   --->   Operation 326 'br' <Predicate = (!icmp_ln31)> <Delay = 0.00>

State 38 <SV = 2> <Delay = 0.00>
ST_38 : Operation 327 [1/1] (0.00ns)   --->   "ret void" [myIP.c:61]   --->   Operation 327 'ret' <Predicate = true> <Delay = 0.00>


============================================================
+ Verbose Summary: Timing violations
============================================================
Target clock period: 10ns, clock uncertainty: 1.25ns.

 <State 1>: 2.45ns
The critical path consists of the following:
	wire read on port 'threshold' (myIP.c:4) [44]  (0 ns)
	'icmp' operation ('icmp_ln50_3', myIP.c:50) [54]  (2.45 ns)

 <State 2>: 5.7ns
The critical path consists of the following:
	axis read on port 'input_r' (myIP.c:40) [65]  (0 ns)
	'fmul' operation ('tmp_2', myIP.c:48) [70]  (5.7 ns)

 <State 3>: 5.7ns
The critical path consists of the following:
	axis read on port 'input_r' (myIP.c:40) [66]  (0 ns)
	'fmul' operation ('tmp_2_0_1', myIP.c:48) [73]  (5.7 ns)

 <State 4>: 5.7ns
The critical path consists of the following:
	axis read on port 'input_r' (myIP.c:40) [67]  (0 ns)
	'fmul' operation ('tmp_2_0_2', myIP.c:48) [76]  (5.7 ns)

 <State 5>: 5.7ns
The critical path consists of the following:
	axis read on port 'input_r' (myIP.c:40) [68]  (0 ns)
	'fmul' operation ('tmp_2_0_3', myIP.c:48) [79]  (5.7 ns)

 <State 6>: 7.26ns
The critical path consists of the following:
	'fadd' operation ('tmp_3', myIP.c:48) [71]  (7.26 ns)

 <State 7>: 7.26ns
The critical path consists of the following:
	'fadd' operation ('tmp_3', myIP.c:48) [71]  (7.26 ns)

 <State 8>: 7.26ns
The critical path consists of the following:
	'fadd' operation ('tmp_3', myIP.c:48) [71]  (7.26 ns)

 <State 9>: 7.26ns
The critical path consists of the following:
	'fadd' operation ('tmp_3', myIP.c:48) [71]  (7.26 ns)

 <State 10>: 7.26ns
The critical path consists of the following:
	'fadd' operation ('tmp_3', myIP.c:48) [71]  (7.26 ns)

 <State 11>: 7.26ns
The critical path consists of the following:
	'fadd' operation ('tmp_3_0_1', myIP.c:48) [74]  (7.26 ns)

 <State 12>: 7.26ns
The critical path consists of the following:
	'fadd' operation ('tmp_3_0_1', myIP.c:48) [74]  (7.26 ns)

 <State 13>: 7.26ns
The critical path consists of the following:
	'fadd' operation ('tmp_3_0_1', myIP.c:48) [74]  (7.26 ns)

 <State 14>: 7.26ns
The critical path consists of the following:
	'fadd' operation ('tmp_3_0_1', myIP.c:48) [74]  (7.26 ns)

 <State 15>: 7.26ns
The critical path consists of the following:
	'fadd' operation ('tmp_3_0_1', myIP.c:48) [74]  (7.26 ns)

 <State 16>: 7.26ns
The critical path consists of the following:
	'fadd' operation ('tmp_3_0_2', myIP.c:48) [77]  (7.26 ns)

 <State 17>: 7.26ns
The critical path consists of the following:
	'fadd' operation ('tmp_3_0_2', myIP.c:48) [77]  (7.26 ns)

 <State 18>: 7.26ns
The critical path consists of the following:
	'fadd' operation ('tmp_3_0_2', myIP.c:48) [77]  (7.26 ns)

 <State 19>: 7.26ns
The critical path consists of the following:
	'fadd' operation ('tmp_3_0_2', myIP.c:48) [77]  (7.26 ns)

 <State 20>: 7.26ns
The critical path consists of the following:
	'fadd' operation ('tmp_3_0_2', myIP.c:48) [77]  (7.26 ns)

 <State 21>: 7.26ns
The critical path consists of the following:
	'fadd' operation ('tmp_3_0_3', myIP.c:48) [80]  (7.26 ns)

 <State 22>: 7.26ns
The critical path consists of the following:
	'fadd' operation ('tmp_3_0_3', myIP.c:48) [80]  (7.26 ns)

 <State 23>: 7.26ns
The critical path consists of the following:
	'fadd' operation ('tmp_3_0_3', myIP.c:48) [80]  (7.26 ns)

 <State 24>: 7.26ns
The critical path consists of the following:
	'fadd' operation ('tmp_3_0_3', myIP.c:48) [80]  (7.26 ns)

 <State 25>: 7.26ns
The critical path consists of the following:
	'fadd' operation ('tmp_3_0_3', myIP.c:48) [80]  (7.26 ns)

 <State 26>: 5.43ns
The critical path consists of the following:
	'fcmp' operation ('tmp_5', myIP.c:50) [91]  (5.43 ns)

 <State 27>: 5.43ns
The critical path consists of the following:
	'fcmp' operation ('tmp_5', myIP.c:50) [91]  (5.43 ns)

 <State 28>: 5.43ns
The critical path consists of the following:
	'fcmp' operation ('tmp_8', myIP.c:50) [113]  (5.43 ns)

 <State 29>: 5.43ns
The critical path consists of the following:
	'fcmp' operation ('tmp_s', myIP.c:50) [135]  (5.43 ns)

 <State 30>: 7.97ns
The critical path consists of the following:
	'fcmp' operation ('tmp_10', myIP.c:50) [157]  (5.43 ns)
	'and' operation ('and_ln50_7', myIP.c:50) [158]  (0.978 ns)
	'add' operation ('add_ln50_1', myIP.c:50) [162]  (1.56 ns)

 <State 31>: 4.44ns
The critical path consists of the following:
	'fpext' operation ('tmp_4_1', myIP.c:56) [169]  (4.44 ns)

 <State 32>: 4.44ns
The critical path consists of the following:
	'fpext' operation ('tmp_4_1', myIP.c:56) [169]  (4.44 ns)

 <State 33>: 5.2ns
The critical path consists of the following:
	'phi' operation ('phi_ln56', myIP.c:56) with incoming values : ('tmp_4_1', myIP.c:56) [175]  (0 ns)
	'fptrunc' operation ('tmp_5_1', myIP.c:56) [176]  (5.2 ns)

 <State 34>: 5.2ns
The critical path consists of the following:
	'fptrunc' operation ('tmp_5_1', myIP.c:56) [176]  (5.2 ns)

 <State 35>: 5.2ns
The critical path consists of the following:
	'fptrunc' operation ('tmp_5_3', myIP.c:56) [188]  (5.2 ns)

 <State 36>: 0ns
The critical path consists of the following:

 <State 37>: 0ns
The critical path consists of the following:

 <State 38>: 0ns
The critical path consists of the following:


============================================================
+ Verbose Summary: Binding
============================================================
N/A
* FSMD analyzer results:
  - Output states:
 - Input state : 
  - Chain level:
	State 1
	State 2
	State 3
	State 4
	State 5
	State 6
	State 7
	State 8
	State 9
	State 10
	State 11
	State 12
	State 13
	State 14
	State 15
	State 16
	State 17
	State 18
	State 19
	State 20
	State 21
	State 22
	State 23
	State 24
	State 25
	State 26
	State 27
	State 28
	State 29
	State 30
	State 31
	State 32
	State 33
	State 34
	State 35
	State 36
	State 37
	State 38


============================================================
+ Verbose Summary: Datapath Resource usage 
============================================================
N/A
