#-----------------------------------------------------------
# xsim v2019.1 (64-bit)
# SW Build 2552052 on Fri May 24 14:47:09 MDT 2019
# IP Build 2548770 on Fri May 24 18:01:18 MDT 2019
# Start of session at: Wed Nov 20 15:29:05 2019
# Process ID: 15657
# Current directory: /home/epetrakos/Documents/GitHub/HRY591-project/code/part2b/float-ilopoihsh/accel4/accel4_float/solution1/sim/verilog
# Command line: xsim -mode tcl -source {xsim.dir/myFuncAccel4/xsim_script.tcl}
# Log file: /home/epetrakos/Documents/GitHub/HRY591-project/code/part2b/float-ilopoihsh/accel4/accel4_float/solution1/sim/verilog/xsim.log
# Journal file: /home/epetrakos/Documents/GitHub/HRY591-project/code/part2b/float-ilopoihsh/accel4/accel4_float/solution1/sim/verilog/xsim.jou
#-----------------------------------------------------------
source xsim.dir/myFuncAccel4/xsim_script.tcl
# xsim {myFuncAccel4} -autoloadwcfg -tclbatch {myFuncAccel4.tcl}
Vivado Simulator 2019.1
Time resolution is 1 ps
source myFuncAccel4.tcl
## log_wave -r /
WARNING: [Simtcl 6-197] One or more HDL objects could not be logged because of object type or size limitations.  To see details please rerun the command with -verbose (-v).
## set designtopgroup [add_wave_group "Design Top Signals"]
## set coutputgroup [add_wave_group "C Outputs" -into $designtopgroup]
## set data_out_group [add_wave_group data_out(axis) -into $coutputgroup]
## add_wave /apatb_myFuncAccel4_top/AESL_inst_myFuncAccel4/my_output_TREADY -into $data_out_group -color #ffff00 -radix hex
## add_wave /apatb_myFuncAccel4_top/AESL_inst_myFuncAccel4/my_output_TVALID -into $data_out_group -color #ffff00 -radix hex
## add_wave /apatb_myFuncAccel4_top/AESL_inst_myFuncAccel4/my_output_TDATA -into $data_out_group -radix hex
## set cinputgroup [add_wave_group "C Inputs" -into $designtopgroup]
## set data1_group [add_wave_group data1(axis) -into $cinputgroup]
## add_wave /apatb_myFuncAccel4_top/AESL_inst_myFuncAccel4/my_input1_TREADY -into $data1_group -color #ffff00 -radix hex
## add_wave /apatb_myFuncAccel4_top/AESL_inst_myFuncAccel4/my_input1_TVALID -into $data1_group -color #ffff00 -radix hex
## add_wave /apatb_myFuncAccel4_top/AESL_inst_myFuncAccel4/my_input1_TDATA -into $data1_group -radix hex
## set data0_group [add_wave_group data0(wire) -into $cinputgroup]
## add_wave /apatb_myFuncAccel4_top/AESL_inst_myFuncAccel4/data0_15 -into $data0_group -radix hex
## add_wave /apatb_myFuncAccel4_top/AESL_inst_myFuncAccel4/data0_14 -into $data0_group -radix hex
## add_wave /apatb_myFuncAccel4_top/AESL_inst_myFuncAccel4/data0_13 -into $data0_group -radix hex
## add_wave /apatb_myFuncAccel4_top/AESL_inst_myFuncAccel4/data0_12 -into $data0_group -radix hex
## add_wave /apatb_myFuncAccel4_top/AESL_inst_myFuncAccel4/data0_11 -into $data0_group -radix hex
## add_wave /apatb_myFuncAccel4_top/AESL_inst_myFuncAccel4/data0_10 -into $data0_group -radix hex
## add_wave /apatb_myFuncAccel4_top/AESL_inst_myFuncAccel4/data0_9 -into $data0_group -radix hex
## add_wave /apatb_myFuncAccel4_top/AESL_inst_myFuncAccel4/data0_8 -into $data0_group -radix hex
## add_wave /apatb_myFuncAccel4_top/AESL_inst_myFuncAccel4/data0_7 -into $data0_group -radix hex
## add_wave /apatb_myFuncAccel4_top/AESL_inst_myFuncAccel4/data0_6 -into $data0_group -radix hex
## add_wave /apatb_myFuncAccel4_top/AESL_inst_myFuncAccel4/data0_5 -into $data0_group -radix hex
## add_wave /apatb_myFuncAccel4_top/AESL_inst_myFuncAccel4/data0_4 -into $data0_group -radix hex
## add_wave /apatb_myFuncAccel4_top/AESL_inst_myFuncAccel4/data0_3 -into $data0_group -radix hex
## add_wave /apatb_myFuncAccel4_top/AESL_inst_myFuncAccel4/data0_2 -into $data0_group -radix hex
## add_wave /apatb_myFuncAccel4_top/AESL_inst_myFuncAccel4/data0_1 -into $data0_group -radix hex
## add_wave /apatb_myFuncAccel4_top/AESL_inst_myFuncAccel4/data0_0 -into $data0_group -radix hex
## set threshold_group [add_wave_group threshold(wire) -into $cinputgroup]
## add_wave /apatb_myFuncAccel4_top/AESL_inst_myFuncAccel4/threshold -into $threshold_group -radix hex
## set dim_group [add_wave_group dim(wire) -into $cinputgroup]
## add_wave /apatb_myFuncAccel4_top/AESL_inst_myFuncAccel4/dim -into $dim_group -radix hex
## set size_group [add_wave_group size(wire) -into $cinputgroup]
## add_wave /apatb_myFuncAccel4_top/AESL_inst_myFuncAccel4/size -into $size_group -radix hex
## set blocksiggroup [add_wave_group "Block-level IO Handshake" -into $designtopgroup]
## add_wave /apatb_myFuncAccel4_top/AESL_inst_myFuncAccel4/ap_start -into $blocksiggroup
## add_wave /apatb_myFuncAccel4_top/AESL_inst_myFuncAccel4/ap_done -into $blocksiggroup
## add_wave /apatb_myFuncAccel4_top/AESL_inst_myFuncAccel4/ap_idle -into $blocksiggroup
## add_wave /apatb_myFuncAccel4_top/AESL_inst_myFuncAccel4/ap_ready -into $blocksiggroup
## set resetgroup [add_wave_group "Reset" -into $designtopgroup]
## add_wave /apatb_myFuncAccel4_top/AESL_inst_myFuncAccel4/ap_rst_n -into $resetgroup
## set clockgroup [add_wave_group "Clock" -into $designtopgroup]
## add_wave /apatb_myFuncAccel4_top/AESL_inst_myFuncAccel4/ap_clk -into $clockgroup
## set testbenchgroup [add_wave_group "Test Bench Signals"]
## set tbinternalsiggroup [add_wave_group "Internal Signals" -into $testbenchgroup]
## set tb_simstatus_group [add_wave_group "Simulation Status" -into $tbinternalsiggroup]
## set tb_portdepth_group [add_wave_group "Port Depth" -into $tbinternalsiggroup]
## add_wave /apatb_myFuncAccel4_top/AUTOTB_TRANSACTION_NUM -into $tb_simstatus_group -radix hex
## add_wave /apatb_myFuncAccel4_top/ready_cnt -into $tb_simstatus_group -radix hex
## add_wave /apatb_myFuncAccel4_top/done_cnt -into $tb_simstatus_group -radix hex
## add_wave /apatb_myFuncAccel4_top/LENGTH_size -into $tb_portdepth_group -radix hex
## add_wave /apatb_myFuncAccel4_top/LENGTH_threshold -into $tb_portdepth_group -radix hex
## add_wave /apatb_myFuncAccel4_top/LENGTH_data0_0 -into $tb_portdepth_group -radix hex
## add_wave /apatb_myFuncAccel4_top/LENGTH_data0_1 -into $tb_portdepth_group -radix hex
## add_wave /apatb_myFuncAccel4_top/LENGTH_data0_2 -into $tb_portdepth_group -radix hex
## add_wave /apatb_myFuncAccel4_top/LENGTH_data0_3 -into $tb_portdepth_group -radix hex
## add_wave /apatb_myFuncAccel4_top/LENGTH_data0_4 -into $tb_portdepth_group -radix hex
## add_wave /apatb_myFuncAccel4_top/LENGTH_data0_5 -into $tb_portdepth_group -radix hex
## add_wave /apatb_myFuncAccel4_top/LENGTH_data0_6 -into $tb_portdepth_group -radix hex
## add_wave /apatb_myFuncAccel4_top/LENGTH_data0_7 -into $tb_portdepth_group -radix hex
## add_wave /apatb_myFuncAccel4_top/LENGTH_data0_8 -into $tb_portdepth_group -radix hex
## add_wave /apatb_myFuncAccel4_top/LENGTH_data0_9 -into $tb_portdepth_group -radix hex
## add_wave /apatb_myFuncAccel4_top/LENGTH_data0_10 -into $tb_portdepth_group -radix hex
## add_wave /apatb_myFuncAccel4_top/LENGTH_data0_11 -into $tb_portdepth_group -radix hex
## add_wave /apatb_myFuncAccel4_top/LENGTH_data0_12 -into $tb_portdepth_group -radix hex
## add_wave /apatb_myFuncAccel4_top/LENGTH_data0_13 -into $tb_portdepth_group -radix hex
## add_wave /apatb_myFuncAccel4_top/LENGTH_data0_14 -into $tb_portdepth_group -radix hex
## add_wave /apatb_myFuncAccel4_top/LENGTH_data0_15 -into $tb_portdepth_group -radix hex
## add_wave /apatb_myFuncAccel4_top/LENGTH_my_input1 -into $tb_portdepth_group -radix hex
## add_wave /apatb_myFuncAccel4_top/LENGTH_my_output -into $tb_portdepth_group -radix hex
## set tbcoutputgroup [add_wave_group "C Outputs" -into $testbenchgroup]
## set tb_data_out_group [add_wave_group data_out(axis) -into $tbcoutputgroup]
## add_wave /apatb_myFuncAccel4_top/my_output_TREADY -into $tb_data_out_group -color #ffff00 -radix hex
## add_wave /apatb_myFuncAccel4_top/my_output_TVALID -into $tb_data_out_group -color #ffff00 -radix hex
## add_wave /apatb_myFuncAccel4_top/my_output_TDATA -into $tb_data_out_group -radix hex
## set tbcinputgroup [add_wave_group "C Inputs" -into $testbenchgroup]
## set tb_data1_group [add_wave_group data1(axis) -into $tbcinputgroup]
## add_wave /apatb_myFuncAccel4_top/my_input1_TREADY -into $tb_data1_group -color #ffff00 -radix hex
## add_wave /apatb_myFuncAccel4_top/my_input1_TVALID -into $tb_data1_group -color #ffff00 -radix hex
## add_wave /apatb_myFuncAccel4_top/my_input1_TDATA -into $tb_data1_group -radix hex
## set tb_data0_group [add_wave_group data0(wire) -into $tbcinputgroup]
## add_wave /apatb_myFuncAccel4_top/data0_15 -into $tb_data0_group -radix hex
## add_wave /apatb_myFuncAccel4_top/data0_14 -into $tb_data0_group -radix hex
## add_wave /apatb_myFuncAccel4_top/data0_13 -into $tb_data0_group -radix hex
## add_wave /apatb_myFuncAccel4_top/data0_12 -into $tb_data0_group -radix hex
## add_wave /apatb_myFuncAccel4_top/data0_11 -into $tb_data0_group -radix hex
## add_wave /apatb_myFuncAccel4_top/data0_10 -into $tb_data0_group -radix hex
## add_wave /apatb_myFuncAccel4_top/data0_9 -into $tb_data0_group -radix hex
## add_wave /apatb_myFuncAccel4_top/data0_8 -into $tb_data0_group -radix hex
## add_wave /apatb_myFuncAccel4_top/data0_7 -into $tb_data0_group -radix hex
## add_wave /apatb_myFuncAccel4_top/data0_6 -into $tb_data0_group -radix hex
## add_wave /apatb_myFuncAccel4_top/data0_5 -into $tb_data0_group -radix hex
## add_wave /apatb_myFuncAccel4_top/data0_4 -into $tb_data0_group -radix hex
## add_wave /apatb_myFuncAccel4_top/data0_3 -into $tb_data0_group -radix hex
## add_wave /apatb_myFuncAccel4_top/data0_2 -into $tb_data0_group -radix hex
## add_wave /apatb_myFuncAccel4_top/data0_1 -into $tb_data0_group -radix hex
## add_wave /apatb_myFuncAccel4_top/data0_0 -into $tb_data0_group -radix hex
## set tb_threshold_group [add_wave_group threshold(wire) -into $tbcinputgroup]
## add_wave /apatb_myFuncAccel4_top/threshold -into $tb_threshold_group -radix hex
## set tb_dim_group [add_wave_group dim(wire) -into $tbcinputgroup]
## add_wave /apatb_myFuncAccel4_top/dim -into $tb_dim_group -radix hex
## set tb_size_group [add_wave_group size(wire) -into $tbcinputgroup]
## add_wave /apatb_myFuncAccel4_top/size -into $tb_size_group -radix hex
## save_wave_config myFuncAccel4.wcfg
## run all
////////////////////////////////////////////////////////////////////////////////////
// Inter-Transaction Progress: Completed Transaction / Total Transaction
// Intra-Transaction Progress: Measured Latency / Latency Estimation * 100%
//
// RTL Simulation : "Inter-Transaction Progress" ["Intra-Transaction Progress"] @ "Simulation Time"
////////////////////////////////////////////////////////////////////////////////////
// RTL Simulation : 0 / 1 [0.00%] @ "125000"
Warning: OPMODE Input Warning : The OPMODE 0110X0X with CARRYINSEL  000 to DSP48E1 instance is invalid.
Time: 165 ns  Iteration: 11  Process: /apatb_myFuncAccel4_top/AESL_inst_myFuncAccel4/myFuncAccel4_fadd_32ns_32ns_32_5_full_dsp_1_U1/myFuncAccel4_ap_fadd_3_full_dsp_32_u/U0/i_synth/addsub_op/ADDSUB/dsp/OP/dsp48e1_body/ALIGN_ADD/DSP2/DSP/prcs_opmode_drc  File: /run/media/epetrakos/60GB/Xilinx/Vivado/2019.1/data/vhdl/src/unisims/primitive/DSP48E1.vhd
Warning: OPMODE Input Warning : The OPMODE 0110X0X with CARRYINSEL  000 to DSP48E1 instance is invalid.
Time: 165 ns  Iteration: 11  Process: /apatb_myFuncAccel4_top/AESL_inst_myFuncAccel4/myFuncAccel4_fadd_32ns_32ns_32_5_full_dsp_1_U2/myFuncAccel4_ap_fadd_3_full_dsp_32_u/U0/i_synth/addsub_op/ADDSUB/dsp/OP/dsp48e1_body/ALIGN_ADD/DSP2/DSP/prcs_opmode_drc  File: /run/media/epetrakos/60GB/Xilinx/Vivado/2019.1/data/vhdl/src/unisims/primitive/DSP48E1.vhd
Warning: OPMODE Input Warning : The OPMODE 0110X0X with CARRYINSEL  000 to DSP48E1 instance is invalid.
Time: 165 ns  Iteration: 11  Process: /apatb_myFuncAccel4_top/AESL_inst_myFuncAccel4/myFuncAccel4_fadd_32ns_32ns_32_5_full_dsp_1_U3/myFuncAccel4_ap_fadd_3_full_dsp_32_u/U0/i_synth/addsub_op/ADDSUB/dsp/OP/dsp48e1_body/ALIGN_ADD/DSP2/DSP/prcs_opmode_drc  File: /run/media/epetrakos/60GB/Xilinx/Vivado/2019.1/data/vhdl/src/unisims/primitive/DSP48E1.vhd
Warning: OPMODE Input Warning : The OPMODE 0110X0X with CARRYINSEL  000 to DSP48E1 instance is invalid.
Time: 165 ns  Iteration: 11  Process: /apatb_myFuncAccel4_top/AESL_inst_myFuncAccel4/myFuncAccel4_fadd_32ns_32ns_32_5_full_dsp_1_U4/myFuncAccel4_ap_fadd_3_full_dsp_32_u/U0/i_synth/addsub_op/ADDSUB/dsp/OP/dsp48e1_body/ALIGN_ADD/DSP2/DSP/prcs_opmode_drc  File: /run/media/epetrakos/60GB/Xilinx/Vivado/2019.1/data/vhdl/src/unisims/primitive/DSP48E1.vhd
Warning: OPMODE Input Warning : The OPMODE 0110X0X with CARRYINSEL  000 to DSP48E1 instance is invalid.
Time: 215 ns  Iteration: 12  Process: /apatb_myFuncAccel4_top/AESL_inst_myFuncAccel4/myFuncAccel4_fadd_32ns_32ns_32_5_full_dsp_1_U1/myFuncAccel4_ap_fadd_3_full_dsp_32_u/U0/i_synth/addsub_op/ADDSUB/dsp/OP/dsp48e1_body/ALIGN_ADD/DSP2/DSP/prcs_opmode_drc  File: /run/media/epetrakos/60GB/Xilinx/Vivado/2019.1/data/vhdl/src/unisims/primitive/DSP48E1.vhd
Warning: OPMODE Input Warning : The OPMODE 0110X0X with CARRYINSEL  000 to DSP48E1 instance is invalid.
Time: 215 ns  Iteration: 12  Process: /apatb_myFuncAccel4_top/AESL_inst_myFuncAccel4/myFuncAccel4_fadd_32ns_32ns_32_5_full_dsp_1_U2/myFuncAccel4_ap_fadd_3_full_dsp_32_u/U0/i_synth/addsub_op/ADDSUB/dsp/OP/dsp48e1_body/ALIGN_ADD/DSP2/DSP/prcs_opmode_drc  File: /run/media/epetrakos/60GB/Xilinx/Vivado/2019.1/data/vhdl/src/unisims/primitive/DSP48E1.vhd
Warning: OPMODE Input Warning : The OPMODE 0110X0X with CARRYINSEL  000 to DSP48E1 instance is invalid.
Time: 215 ns  Iteration: 12  Process: /apatb_myFuncAccel4_top/AESL_inst_myFuncAccel4/myFuncAccel4_fadd_32ns_32ns_32_5_full_dsp_1_U3/myFuncAccel4_ap_fadd_3_full_dsp_32_u/U0/i_synth/addsub_op/ADDSUB/dsp/OP/dsp48e1_body/ALIGN_ADD/DSP2/DSP/prcs_opmode_drc  File: /run/media/epetrakos/60GB/Xilinx/Vivado/2019.1/data/vhdl/src/unisims/primitive/DSP48E1.vhd
Warning: OPMODE Input Warning : The OPMODE 0110X0X with CARRYINSEL  000 to DSP48E1 instance is invalid.
Time: 215 ns  Iteration: 12  Process: /apatb_myFuncAccel4_top/AESL_inst_myFuncAccel4/myFuncAccel4_fadd_32ns_32ns_32_5_full_dsp_1_U4/myFuncAccel4_ap_fadd_3_full_dsp_32_u/U0/i_synth/addsub_op/ADDSUB/dsp/OP/dsp48e1_body/ALIGN_ADD/DSP2/DSP/prcs_opmode_drc  File: /run/media/epetrakos/60GB/Xilinx/Vivado/2019.1/data/vhdl/src/unisims/primitive/DSP48E1.vhd
Warning: OPMODE Input Warning : The OPMODE 0110X0X with CARRYINSEL  000 to DSP48E1 instance is invalid.
Time: 265 ns  Iteration: 11  Process: /apatb_myFuncAccel4_top/AESL_inst_myFuncAccel4/myFuncAccel4_fadd_32ns_32ns_32_5_full_dsp_1_U1/myFuncAccel4_ap_fadd_3_full_dsp_32_u/U0/i_synth/addsub_op/ADDSUB/dsp/OP/dsp48e1_body/ALIGN_ADD/DSP2/DSP/prcs_opmode_drc  File: /run/media/epetrakos/60GB/Xilinx/Vivado/2019.1/data/vhdl/src/unisims/primitive/DSP48E1.vhd
Warning: OPMODE Input Warning : The OPMODE 0110X0X with CARRYINSEL  000 to DSP48E1 instance is invalid.
Time: 265 ns  Iteration: 11  Process: /apatb_myFuncAccel4_top/AESL_inst_myFuncAccel4/myFuncAccel4_fadd_32ns_32ns_32_5_full_dsp_1_U2/myFuncAccel4_ap_fadd_3_full_dsp_32_u/U0/i_synth/addsub_op/ADDSUB/dsp/OP/dsp48e1_body/ALIGN_ADD/DSP2/DSP/prcs_opmode_drc  File: /run/media/epetrakos/60GB/Xilinx/Vivado/2019.1/data/vhdl/src/unisims/primitive/DSP48E1.vhd
Warning: OPMODE Input Warning : The OPMODE 0110X0X with CARRYINSEL  000 to DSP48E1 instance is invalid.
Time: 265 ns  Iteration: 11  Process: /apatb_myFuncAccel4_top/AESL_inst_myFuncAccel4/myFuncAccel4_fadd_32ns_32ns_32_5_full_dsp_1_U3/myFuncAccel4_ap_fadd_3_full_dsp_32_u/U0/i_synth/addsub_op/ADDSUB/dsp/OP/dsp48e1_body/ALIGN_ADD/DSP2/DSP/prcs_opmode_drc  File: /run/media/epetrakos/60GB/Xilinx/Vivado/2019.1/data/vhdl/src/unisims/primitive/DSP48E1.vhd
Warning: OPMODE Input Warning : The OPMODE 0110X0X with CARRYINSEL  000 to DSP48E1 instance is invalid.
Time: 265 ns  Iteration: 11  Process: /apatb_myFuncAccel4_top/AESL_inst_myFuncAccel4/myFuncAccel4_fadd_32ns_32ns_32_5_full_dsp_1_U4/myFuncAccel4_ap_fadd_3_full_dsp_32_u/U0/i_synth/addsub_op/ADDSUB/dsp/OP/dsp48e1_body/ALIGN_ADD/DSP2/DSP/prcs_opmode_drc  File: /run/media/epetrakos/60GB/Xilinx/Vivado/2019.1/data/vhdl/src/unisims/primitive/DSP48E1.vhd
Warning: OPMODE Input Warning : The OPMODE 0110X0X with CARRYINSEL  000 to DSP48E1 instance is invalid.
Time: 315 ns  Iteration: 11  Process: /apatb_myFuncAccel4_top/AESL_inst_myFuncAccel4/myFuncAccel4_fadd_32ns_32ns_32_5_full_dsp_1_U1/myFuncAccel4_ap_fadd_3_full_dsp_32_u/U0/i_synth/addsub_op/ADDSUB/dsp/OP/dsp48e1_body/ALIGN_ADD/DSP2/DSP/prcs_opmode_drc  File: /run/media/epetrakos/60GB/Xilinx/Vivado/2019.1/data/vhdl/src/unisims/primitive/DSP48E1.vhd
Warning: OPMODE Input Warning : The OPMODE 0110X0X with CARRYINSEL  000 to DSP48E1 instance is invalid.
Time: 315 ns  Iteration: 11  Process: /apatb_myFuncAccel4_top/AESL_inst_myFuncAccel4/myFuncAccel4_fadd_32ns_32ns_32_5_full_dsp_1_U2/myFuncAccel4_ap_fadd_3_full_dsp_32_u/U0/i_synth/addsub_op/ADDSUB/dsp/OP/dsp48e1_body/ALIGN_ADD/DSP2/DSP/prcs_opmode_drc  File: /run/media/epetrakos/60GB/Xilinx/Vivado/2019.1/data/vhdl/src/unisims/primitive/DSP48E1.vhd
Warning: OPMODE Input Warning : The OPMODE 0110X0X with CARRYINSEL  000 to DSP48E1 instance is invalid.
Time: 315 ns  Iteration: 11  Process: /apatb_myFuncAccel4_top/AESL_inst_myFuncAccel4/myFuncAccel4_fadd_32ns_32ns_32_5_full_dsp_1_U3/myFuncAccel4_ap_fadd_3_full_dsp_32_u/U0/i_synth/addsub_op/ADDSUB/dsp/OP/dsp48e1_body/ALIGN_ADD/DSP2/DSP/prcs_opmode_drc  File: /run/media/epetrakos/60GB/Xilinx/Vivado/2019.1/data/vhdl/src/unisims/primitive/DSP48E1.vhd
Warning: OPMODE Input Warning : The OPMODE 0110X0X with CARRYINSEL  000 to DSP48E1 instance is invalid.
Time: 315 ns  Iteration: 11  Process: /apatb_myFuncAccel4_top/AESL_inst_myFuncAccel4/myFuncAccel4_fadd_32ns_32ns_32_5_full_dsp_1_U4/myFuncAccel4_ap_fadd_3_full_dsp_32_u/U0/i_synth/addsub_op/ADDSUB/dsp/OP/dsp48e1_body/ALIGN_ADD/DSP2/DSP/prcs_opmode_drc  File: /run/media/epetrakos/60GB/Xilinx/Vivado/2019.1/data/vhdl/src/unisims/primitive/DSP48E1.vhd
Warning: OPMODE Input Warning : The OPMODE 0110X0X with CARRYINSEL  000 to DSP48E1 instance is invalid.
Time: 40205 ns  Iteration: 11  Process: /apatb_myFuncAccel4_top/AESL_inst_myFuncAccel4/myFuncAccel4_fadd_32ns_32ns_32_5_full_dsp_1_U1/myFuncAccel4_ap_fadd_3_full_dsp_32_u/U0/i_synth/addsub_op/ADDSUB/dsp/OP/dsp48e1_body/ALIGN_ADD/DSP2/DSP/prcs_opmode_drc  File: /run/media/epetrakos/60GB/Xilinx/Vivado/2019.1/data/vhdl/src/unisims/primitive/DSP48E1.vhd
Warning: OPMODE Input Warning : The OPMODE 0110X0X with CARRYINSEL  000 to DSP48E1 instance is invalid.
Time: 40205 ns  Iteration: 11  Process: /apatb_myFuncAccel4_top/AESL_inst_myFuncAccel4/myFuncAccel4_fadd_32ns_32ns_32_5_full_dsp_1_U2/myFuncAccel4_ap_fadd_3_full_dsp_32_u/U0/i_synth/addsub_op/ADDSUB/dsp/OP/dsp48e1_body/ALIGN_ADD/DSP2/DSP/prcs_opmode_drc  File: /run/media/epetrakos/60GB/Xilinx/Vivado/2019.1/data/vhdl/src/unisims/primitive/DSP48E1.vhd
Warning: OPMODE Input Warning : The OPMODE 0110X0X with CARRYINSEL  000 to DSP48E1 instance is invalid.
Time: 40205 ns  Iteration: 11  Process: /apatb_myFuncAccel4_top/AESL_inst_myFuncAccel4/myFuncAccel4_fadd_32ns_32ns_32_5_full_dsp_1_U3/myFuncAccel4_ap_fadd_3_full_dsp_32_u/U0/i_synth/addsub_op/ADDSUB/dsp/OP/dsp48e1_body/ALIGN_ADD/DSP2/DSP/prcs_opmode_drc  File: /run/media/epetrakos/60GB/Xilinx/Vivado/2019.1/data/vhdl/src/unisims/primitive/DSP48E1.vhd
Warning: OPMODE Input Warning : The OPMODE 0110X0X with CARRYINSEL  000 to DSP48E1 instance is invalid.
Time: 40205 ns  Iteration: 11  Process: /apatb_myFuncAccel4_top/AESL_inst_myFuncAccel4/myFuncAccel4_fadd_32ns_32ns_32_5_full_dsp_1_U4/myFuncAccel4_ap_fadd_3_full_dsp_32_u/U0/i_synth/addsub_op/ADDSUB/dsp/OP/dsp48e1_body/ALIGN_ADD/DSP2/DSP/prcs_opmode_drc  File: /run/media/epetrakos/60GB/Xilinx/Vivado/2019.1/data/vhdl/src/unisims/primitive/DSP48E1.vhd
Warning: OPMODE Input Warning : The OPMODE 0110X0X with CARRYINSEL  000 to DSP48E1 instance is invalid.
Time: 40245 ns  Iteration: 11  Process: /apatb_myFuncAccel4_top/AESL_inst_myFuncAccel4/myFuncAccel4_fadd_32ns_32ns_32_5_full_dsp_1_U1/myFuncAccel4_ap_fadd_3_full_dsp_32_u/U0/i_synth/addsub_op/ADDSUB/dsp/OP/dsp48e1_body/ALIGN_ADD/DSP2/DSP/prcs_opmode_drc  File: /run/media/epetrakos/60GB/Xilinx/Vivado/2019.1/data/vhdl/src/unisims/primitive/DSP48E1.vhd
Warning: OPMODE Input Warning : The OPMODE 0110X0X with CARRYINSEL  000 to DSP48E1 instance is invalid.
Time: 40245 ns  Iteration: 11  Process: /apatb_myFuncAccel4_top/AESL_inst_myFuncAccel4/myFuncAccel4_fadd_32ns_32ns_32_5_full_dsp_1_U2/myFuncAccel4_ap_fadd_3_full_dsp_32_u/U0/i_synth/addsub_op/ADDSUB/dsp/OP/dsp48e1_body/ALIGN_ADD/DSP2/DSP/prcs_opmode_drc  File: /run/media/epetrakos/60GB/Xilinx/Vivado/2019.1/data/vhdl/src/unisims/primitive/DSP48E1.vhd
Warning: OPMODE Input Warning : The OPMODE 0110X0X with CARRYINSEL  000 to DSP48E1 instance is invalid.
Time: 40245 ns  Iteration: 11  Process: /apatb_myFuncAccel4_top/AESL_inst_myFuncAccel4/myFuncAccel4_fadd_32ns_32ns_32_5_full_dsp_1_U3/myFuncAccel4_ap_fadd_3_full_dsp_32_u/U0/i_synth/addsub_op/ADDSUB/dsp/OP/dsp48e1_body/ALIGN_ADD/DSP2/DSP/prcs_opmode_drc  File: /run/media/epetrakos/60GB/Xilinx/Vivado/2019.1/data/vhdl/src/unisims/primitive/DSP48E1.vhd
Warning: OPMODE Input Warning : The OPMODE 0110X0X with CARRYINSEL  000 to DSP48E1 instance is invalid.
Time: 40245 ns  Iteration: 11  Process: /apatb_myFuncAccel4_top/AESL_inst_myFuncAccel4/myFuncAccel4_fadd_32ns_32ns_32_5_full_dsp_1_U4/myFuncAccel4_ap_fadd_3_full_dsp_32_u/U0/i_synth/addsub_op/ADDSUB/dsp/OP/dsp48e1_body/ALIGN_ADD/DSP2/DSP/prcs_opmode_drc  File: /run/media/epetrakos/60GB/Xilinx/Vivado/2019.1/data/vhdl/src/unisims/primitive/DSP48E1.vhd
Warning: OPMODE Input Warning : The OPMODE 0110X0X with CARRYINSEL  000 to DSP48E1 instance is invalid.
Time: 40285 ns  Iteration: 11  Process: /apatb_myFuncAccel4_top/AESL_inst_myFuncAccel4/myFuncAccel4_fadd_32ns_32ns_32_5_full_dsp_1_U1/myFuncAccel4_ap_fadd_3_full_dsp_32_u/U0/i_synth/addsub_op/ADDSUB/dsp/OP/dsp48e1_body/ALIGN_ADD/DSP2/DSP/prcs_opmode_drc  File: /run/media/epetrakos/60GB/Xilinx/Vivado/2019.1/data/vhdl/src/unisims/primitive/DSP48E1.vhd
Warning: OPMODE Input Warning : The OPMODE 0110X0X with CARRYINSEL  000 to DSP48E1 instance is invalid.
Time: 40285 ns  Iteration: 11  Process: /apatb_myFuncAccel4_top/AESL_inst_myFuncAccel4/myFuncAccel4_fadd_32ns_32ns_32_5_full_dsp_1_U2/myFuncAccel4_ap_fadd_3_full_dsp_32_u/U0/i_synth/addsub_op/ADDSUB/dsp/OP/dsp48e1_body/ALIGN_ADD/DSP2/DSP/prcs_opmode_drc  File: /run/media/epetrakos/60GB/Xilinx/Vivado/2019.1/data/vhdl/src/unisims/primitive/DSP48E1.vhd
Warning: OPMODE Input Warning : The OPMODE 0110X0X with CARRYINSEL  000 to DSP48E1 instance is invalid.
Time: 40285 ns  Iteration: 11  Process: /apatb_myFuncAccel4_top/AESL_inst_myFuncAccel4/myFuncAccel4_fadd_32ns_32ns_32_5_full_dsp_1_U3/myFuncAccel4_ap_fadd_3_full_dsp_32_u/U0/i_synth/addsub_op/ADDSUB/dsp/OP/dsp48e1_body/ALIGN_ADD/DSP2/DSP/prcs_opmode_drc  File: /run/media/epetrakos/60GB/Xilinx/Vivado/2019.1/data/vhdl/src/unisims/primitive/DSP48E1.vhd
Warning: OPMODE Input Warning : The OPMODE 0110X0X with CARRYINSEL  000 to DSP48E1 instance is invalid.
Time: 40285 ns  Iteration: 11  Process: /apatb_myFuncAccel4_top/AESL_inst_myFuncAccel4/myFuncAccel4_fadd_32ns_32ns_32_5_full_dsp_1_U4/myFuncAccel4_ap_fadd_3_full_dsp_32_u/U0/i_synth/addsub_op/ADDSUB/dsp/OP/dsp48e1_body/ALIGN_ADD/DSP2/DSP/prcs_opmode_drc  File: /run/media/epetrakos/60GB/Xilinx/Vivado/2019.1/data/vhdl/src/unisims/primitive/DSP48E1.vhd
Warning: OPMODE Input Warning : The OPMODE 0110X0X with CARRYINSEL  000 to DSP48E1 instance is invalid.
Time: 40325 ns  Iteration: 11  Process: /apatb_myFuncAccel4_top/AESL_inst_myFuncAccel4/myFuncAccel4_fadd_32ns_32ns_32_5_full_dsp_1_U1/myFuncAccel4_ap_fadd_3_full_dsp_32_u/U0/i_synth/addsub_op/ADDSUB/dsp/OP/dsp48e1_body/ALIGN_ADD/DSP2/DSP/prcs_opmode_drc  File: /run/media/epetrakos/60GB/Xilinx/Vivado/2019.1/data/vhdl/src/unisims/primitive/DSP48E1.vhd
Warning: OPMODE Input Warning : The OPMODE 0110X0X with CARRYINSEL  000 to DSP48E1 instance is invalid.
Time: 40325 ns  Iteration: 11  Process: /apatb_myFuncAccel4_top/AESL_inst_myFuncAccel4/myFuncAccel4_fadd_32ns_32ns_32_5_full_dsp_1_U2/myFuncAccel4_ap_fadd_3_full_dsp_32_u/U0/i_synth/addsub_op/ADDSUB/dsp/OP/dsp48e1_body/ALIGN_ADD/DSP2/DSP/prcs_opmode_drc  File: /run/media/epetrakos/60GB/Xilinx/Vivado/2019.1/data/vhdl/src/unisims/primitive/DSP48E1.vhd
Warning: OPMODE Input Warning : The OPMODE 0110X0X with CARRYINSEL  000 to DSP48E1 instance is invalid.
Time: 40325 ns  Iteration: 11  Process: /apatb_myFuncAccel4_top/AESL_inst_myFuncAccel4/myFuncAccel4_fadd_32ns_32ns_32_5_full_dsp_1_U3/myFuncAccel4_ap_fadd_3_full_dsp_32_u/U0/i_synth/addsub_op/ADDSUB/dsp/OP/dsp48e1_body/ALIGN_ADD/DSP2/DSP/prcs_opmode_drc  File: /run/media/epetrakos/60GB/Xilinx/Vivado/2019.1/data/vhdl/src/unisims/primitive/DSP48E1.vhd
Warning: OPMODE Input Warning : The OPMODE 0110X0X with CARRYINSEL  000 to DSP48E1 instance is invalid.
Time: 40325 ns  Iteration: 11  Process: /apatb_myFuncAccel4_top/AESL_inst_myFuncAccel4/myFuncAccel4_fadd_32ns_32ns_32_5_full_dsp_1_U4/myFuncAccel4_ap_fadd_3_full_dsp_32_u/U0/i_synth/addsub_op/ADDSUB/dsp/OP/dsp48e1_body/ALIGN_ADD/DSP2/DSP/prcs_opmode_drc  File: /run/media/epetrakos/60GB/Xilinx/Vivado/2019.1/data/vhdl/src/unisims/primitive/DSP48E1.vhd
// RTL Simulation : 1 / 1 [100.00%] @ "40455000"
////////////////////////////////////////////////////////////////////////////////////
$finish called at time : 40495 ns : File "/home/epetrakos/Documents/GitHub/HRY591-project/code/part2b/float-ilopoihsh/accel4/accel4_float/solution1/sim/verilog/myFuncAccel4.autotb.v" Line 1336
run: Time (s): cpu = 00:00:00.75 ; elapsed = 00:00:15 . Memory (MB): peak = 1476.051 ; gain = 72.004 ; free physical = 1092 ; free virtual = 3958
## quit
INFO: [Common 17-206] Exiting xsim at Wed Nov 20 15:29:32 2019...
