INFO-FLOW: Workspace /home/epetrakos/Documents/GitHub/HRY591-project/code/part2b/float-ilopoihsh/accel4/accel4_float/solution1 opened at Wed Nov 20 15:26:52 EET 2019
Execute     config_clock -quiet -name default -period 10 -default=false 
INFO: [SYN 201-201] Setting up clock 'default' with a period of 10ns.
Execute     open_platform DefaultPlatform 
Execute     import_lib /run/media/epetrakos/60GB/Xilinx/Vivado/2019.1/common/technology/xilinx/zynq/zynq 
Execute       source /run/media/epetrakos/60GB/Xilinx/Vivado/2019.1/common/technology/xilinx/common/xilinx.lib 
Execute         source /run/media/epetrakos/60GB/Xilinx/Vivado/2019.1/common/technology/xilinx/interface/xilinx_interface.lib 
Execute           source /run/media/epetrakos/60GB/Xilinx/Vivado/2019.1/common/technology/xilinx/interface/plb46.lib 
Execute           source /run/media/epetrakos/60GB/Xilinx/Vivado/2019.1/common/technology/xilinx/interface/fsl.lib 
Execute           source /run/media/epetrakos/60GB/Xilinx/Vivado/2019.1/common/technology/xilinx/interface/axi4.lib 
Execute           source /run/media/epetrakos/60GB/Xilinx/Vivado/2019.1/common/technology/xilinx/interface/maxi.lib 
Execute           source /run/media/epetrakos/60GB/Xilinx/Vivado/2019.1/common/technology/xilinx/interface/saxilite.lib 
Execute         source /run/media/epetrakos/60GB/Xilinx/Vivado/2019.1/common/technology/xilinx/common/dsp48.lib 
Execute         source /run/media/epetrakos/60GB/Xilinx/Vivado/2019.1/common/technology/xilinx/ip/xfft.lib 
Execute         source /run/media/epetrakos/60GB/Xilinx/Vivado/2019.1/common/technology/xilinx/ip/dds_compiler.lib 
Execute         source /run/media/epetrakos/60GB/Xilinx/Vivado/2019.1/common/technology/xilinx/ip/xfir.lib 
Execute       source /run/media/epetrakos/60GB/Xilinx/Vivado/2019.1/common/technology/xilinx/common/xilinx.hlp 
Execute         source /run/media/epetrakos/60GB/Xilinx/Vivado/2019.1/common/technology/xilinx/common/target_info.tcl 
Execute         source /run/media/epetrakos/60GB/Xilinx/Vivado/2019.1/common/technology/xilinx/interface/xilinx_interface.hlp 
Execute           source /run/media/epetrakos/60GB/Xilinx/Vivado/2019.1/common/technology/xilinx/interface/maxi.hlp 
Execute           source /run/media/epetrakos/60GB/Xilinx/Vivado/2019.1/common/technology/xilinx/interface/saxilite.hlp 
Execute         source /run/media/epetrakos/60GB/Xilinx/Vivado/2019.1/common/technology/xilinx/common/dsp48.hlp 
Execute       source /run/media/epetrakos/60GB/Xilinx/Vivado/2019.1/common/technology/xilinx/zynq/dsp48e1.hlp 
Execute       source /run/media/epetrakos/60GB/Xilinx/Vivado/2019.1/common/technology/xilinx/common/xilinx.hlp 
Execute         source /run/media/epetrakos/60GB/Xilinx/Vivado/2019.1/common/technology/xilinx/common/target_info.tcl 
Execute         source /run/media/epetrakos/60GB/Xilinx/Vivado/2019.1/common/technology/xilinx/interface/xilinx_interface.hlp 
Execute           source /run/media/epetrakos/60GB/Xilinx/Vivado/2019.1/common/technology/xilinx/interface/maxi.hlp 
Execute           source /run/media/epetrakos/60GB/Xilinx/Vivado/2019.1/common/technology/xilinx/interface/saxilite.hlp 
Execute         source /run/media/epetrakos/60GB/Xilinx/Vivado/2019.1/common/technology/xilinx/common/dsp48.hlp 
Execute     source /run/media/epetrakos/60GB/Xilinx/Vivado/2019.1/common/technology/xilinx/zynq/zynq.gen 
Execute       source /run/media/epetrakos/60GB/Xilinx/Vivado/2019.1/common/technology/xilinx/common/xilinx.gen 
Execute         source /run/media/epetrakos/60GB/Xilinx/Vivado/2019.1/common/technology/xilinx/interface/plb46.gen 
Execute         source /run/media/epetrakos/60GB/Xilinx/Vivado/2019.1/common/technology/xilinx/interface/fsl.gen 
Execute         source /run/media/epetrakos/60GB/Xilinx/Vivado/2019.1/common/technology/xilinx/interface/axi4.gen 
Execute         source /run/media/epetrakos/60GB/Xilinx/Vivado/2019.1/common/technology/xilinx/interface/nativeAXI4.gen 
Execute           source /run/media/epetrakos/60GB/Xilinx/Vivado/2019.1/common/technology/xilinx/interface/saxilite.gen 
Execute           source /run/media/epetrakos/60GB/Xilinx/Vivado/2019.1/common/technology/xilinx/interface/maxi.gen 
Execute         source /run/media/epetrakos/60GB/Xilinx/Vivado/2019.1/common/technology/xilinx/scripts/xilinxcoregen.gen 
Execute         source /run/media/epetrakos/60GB/Xilinx/Vivado/2019.1/common/technology/xilinx/interface/XilEDKCoreGen.gen 
Execute         source /run/media/epetrakos/60GB/Xilinx/Vivado/2019.1/common/technology/xilinx/ip/dds_compiler.gen 
Execute         source /run/media/epetrakos/60GB/Xilinx/Vivado/2019.1/common/technology/xilinx/ip/util.gen 
Execute         source /run/media/epetrakos/60GB/Xilinx/Vivado/2019.1/common/technology/xilinx/ip/xfft.gen 
Command         ap_source done; 0.13 sec.
Execute         source /run/media/epetrakos/60GB/Xilinx/Vivado/2019.1/common/technology/xilinx/ip/xfir.gen 
Execute         source /run/media/epetrakos/60GB/Xilinx/Vivado/2019.1/common/technology/xilinx/common/dsp48.gen 
Command       ap_source done; 0.18 sec.
Command     ap_source done; 0.18 sec.
Execute     open_platform DefaultPlatform 
Execute     import_lib /run/media/epetrakos/60GB/Xilinx/Vivado/2019.1/common/technology/xilinx/zynq/zynq_fpv6 
Execute       source /run/media/epetrakos/60GB/Xilinx/Vivado/2019.1/common/technology/xilinx/common/xilinx_fp.lib 
Execute       source /run/media/epetrakos/60GB/Xilinx/Vivado/2019.1/common/technology/xilinx/common/xilinx_fp.hlp 
Execute         source /run/media/epetrakos/60GB/Xilinx/Vivado/2019.1/common/technology/xilinx/common/xilinx.hlp 
Execute           source /run/media/epetrakos/60GB/Xilinx/Vivado/2019.1/common/technology/xilinx/common/target_info.tcl 
Execute           source /run/media/epetrakos/60GB/Xilinx/Vivado/2019.1/common/technology/xilinx/interface/xilinx_interface.hlp 
Execute             source /run/media/epetrakos/60GB/Xilinx/Vivado/2019.1/common/technology/xilinx/interface/maxi.hlp 
Execute             source /run/media/epetrakos/60GB/Xilinx/Vivado/2019.1/common/technology/xilinx/interface/saxilite.hlp 
Execute           source /run/media/epetrakos/60GB/Xilinx/Vivado/2019.1/common/technology/xilinx/common/dsp48.hlp 
Execute     source /run/media/epetrakos/60GB/Xilinx/Vivado/2019.1/common/technology/xilinx/zynq/zynq_fpv6.gen 
Execute       source /run/media/epetrakos/60GB/Xilinx/Vivado/2019.1/common/technology/xilinx/common/xilinx_fp.gen 
Execute     set_part xc7z020-clg484-1 
Execute       ap_part_info -name xc7z020-clg484-1 -data single -quiet 
Command       ap_part_info done; 0.59 sec.
Execute       ap_part_info -name xc7z020-clg484-1 -data info 
Execute       add_library xilinx/zynq/zynq:xc7z020:-clg484:-1 
Execute         get_default_platform 
Execute         license_isbetapart xc7z020 
Command         license_isbetapart done; error code: 1; 
Execute         ap_part_info -data single -name xc7z020-clg484-1 
Execute         ap_part_info -name xc7z020-clg484-1 -data resources 
Execute         ap_part_info -name xc7z020-clg484-1 -data info 
Execute         ap_part_info -name xc7z020-clg484-1 -data info 
Execute         config_chip_info -quiet -resource {SLICE 13300} {LUT 53200} {FF 106400} {DSP48E 220} {BRAM 280} {URAM 0} 
Execute         ap_part_info -name xc7z020-clg484-1 -data info 
Execute         config_chip_info -quiet -speed slow 
Execute       add_library xilinx/zynq/zynq_fpv6 
Execute         get_default_platform 
INFO: [HLS 200-10] Setting target device to 'xc7z020-clg484-1'
Execute       ap_part_info -name xc7z020-clg484-1 -data info 
Execute       get_default_platform 
Command     set_part done; 0.75 sec.
Execute     ap_part_info -data single -name xc7z020-clg484-1 
Execute     ap_part_info -name xc7z020-clg484-1 -data resources 
Execute     ap_part_info -name xc7z020-clg484-1 -data info 
Execute     ap_part_info -name xc7z020-clg484-1 -data info 
Execute     config_chip_info -quiet -resource {SLICE 13300} {LUT 53200} {FF 106400} {DSP48E 220} {BRAM 280} {URAM 0} 
Execute     ap_part_info -name xc7z020-clg484-1 -data info 
Execute     config_chip_info -quiet -speed slow 
Command   open_solution done; 1.01 sec.
Execute   set_part xc7z020-clg484-1 -tool vivado 
Execute     ap_part_info -name xc7z020-clg484-1 -data single -quiet 
Execute     ap_part_info -name xc7z020-clg484-1 -data info 
Execute     add_library xilinx/zynq/zynq:xc7z020:-clg484:-1 
Execute       get_default_platform 
Execute       license_isbetapart xc7z020 
Command       license_isbetapart done; error code: 1; 
Execute       ap_part_info -data single -name xc7z020-clg484-1 
Execute       ap_part_info -name xc7z020-clg484-1 -data resources 
Execute       ap_part_info -name xc7z020-clg484-1 -data info 
Execute       ap_part_info -name xc7z020-clg484-1 -data info 
Execute       config_chip_info -quiet -resource {SLICE 13300} {LUT 53200} {FF 106400} {DSP48E 220} {BRAM 280} {URAM 0} 
Execute       ap_part_info -name xc7z020-clg484-1 -data info 
Execute       config_chip_info -quiet -speed slow 
Execute     add_library xilinx/zynq/zynq_fpv6 
Execute       get_default_platform 
Execute     ap_part_info -name xc7z020-clg484-1 -data info 
Execute     get_default_platform 
Command   set_part done; 0.16 sec.
Execute   create_clock -period 10 -name default 
Execute     config_clock -quiet -name default -period 10 -default=false 
INFO: [SYN 201-201] Setting up clock 'default' with a period of 10ns.
Execute   csynth_design 
Execute     get_config_compile -dump_cfg 
Execute     get_config_compile -effort 
Execute     get_config_compile -enable_clang39 
Execute     get_config_compile -g 
Execute     get_config_compile -ng 
Execute     get_config_compile -opt_fp 
Execute     get_config_compile -skip_cdt 
Execute     get_config_compile -skip_syncheck 
Execute     get_config_compile -skip_transform 
Execute     get_config_compile -keep_printf 
Execute     elaborate -effort=medium -skip_syncheck=0 -keep_printf=0 -skip_cdt=0 -skip_transform=0 -ng=0 -g=0 -opt_fp=0 -from_csynth_design=1 
Execute       get_config_schedule -relax_ii_for_timing 
INFO: [SCHED 204-61] Option 'relax_ii_for_timing' is enabled, will increase II to preserve clock frequency constraints.
Execute       get_config_schedule -suppress_dependence_error_break 
INFO: [HLS 200-10] Analyzing design file 'myIP.c' ... 
INFO-FLOW: Compiling one TU...
Execute       is_m_axi_addr64 
INFO-FLOW: Handling myIP.c as C
Execute       ap_part_info -name xc7z020-clg484-1 -data info 
Execute       is_encrypted myIP.c 
INFO-FLOW: Running: GCC PP
INFO-FLOW: Source preprocessing
Execute       clang  -fno-limit-debug-info -gcc-toolchain "/run/media/epetrakos/60GB/Xilinx/Vivado/2019.1/lnx64/tools/gcc" -hls  -fno-exceptions  -D__llvm__  -E "myIP.c"     -fno-math-errno -c -emit-llvm -O0  -mllvm -disable-llvm-optzns -std=gnu89   -DAESL_SYN -D__SYNTHESIS__ -D__HLS_SYN__ -I "/run/media/epetrakos/60GB/Xilinx/Vivado/2019.1/common/technology/autopilot" -I "/run/media/epetrakos/60GB/Xilinx/Vivado/2019.1/common/technology/autopilot/ap_sysc" -include etc/autopilot_ssdm_op.h -D__DSP48E1__  -o "/home/epetrakos/Documents/GitHub/HRY591-project/code/part2b/float-ilopoihsh/accel4/accel4_float/solution1/.autopilot/db/myIP.pp.0.c" 
INFO-FLOW: exec /run/media/epetrakos/60GB/Xilinx/Vivado/2019.1/lnx64/tools/clang/bin/clang -fno-limit-debug-info -gcc-toolchain /run/media/epetrakos/60GB/Xilinx/Vivado/2019.1/lnx64/tools/gcc -hls -fno-exceptions -D__llvm__ -E myIP.c -fno-math-errno -c -emit-llvm -O0 -mllvm -disable-llvm-optzns -std=gnu89 -DAESL_SYN -D__SYNTHESIS__ -D__HLS_SYN__ -I /run/media/epetrakos/60GB/Xilinx/Vivado/2019.1/common/technology/autopilot -I /run/media/epetrakos/60GB/Xilinx/Vivado/2019.1/common/technology/autopilot/ap_sysc -include etc/autopilot_ssdm_op.h -D__DSP48E1__ -o /home/epetrakos/Documents/GitHub/HRY591-project/code/part2b/float-ilopoihsh/accel4/accel4_float/solution1/.autopilot/db/myIP.pp.0.c
Command       clang done; 3.18 sec.
Execute       tidy_31 xilinx-xfmat-array-geometry /home/epetrakos/Documents/GitHub/HRY591-project/code/part2b/float-ilopoihsh/accel4/accel4_float/solution1/.autopilot/db/myIP.pp.0.c std=gnu89 
INFO-FLOW: exec /run/media/epetrakos/60GB/Xilinx/Vivado/2019.1/lnx64/tools/clang-3.9-csynth/bin/tidy-3.1 -header-filter=.* -checks=-*,xilinx-xfmat-array-geometry -quiet -fix /home/epetrakos/Documents/GitHub/HRY591-project/code/part2b/float-ilopoihsh/accel4/accel4_float/solution1/.autopilot/db/myIP.pp.0.c -- -std=gnu89 -fhls -ferror-limit=0
INFO-FLOW: Syntax Checking before pre-processing...
Execute       clang -syntaxcheck -src /home/epetrakos/Documents/GitHub/HRY591-project/code/part2b/float-ilopoihsh/accel4/accel4_float/solution1/.autopilot/db/myIP.pp.0.c  -fno-limit-debug-info -gcc-toolchain "/run/media/epetrakos/60GB/Xilinx/Vivado/2019.1/lnx64/tools/gcc" -hls    -fno-math-errno -c -emit-llvm -O0  -mllvm -disable-llvm-optzns -std=gnu89   -DAESL_SYN -D__SYNTHESIS__ -D__HLS_SYN__ -I "/run/media/epetrakos/60GB/Xilinx/Vivado/2019.1/common/technology/autopilot" -I "/run/media/epetrakos/60GB/Xilinx/Vivado/2019.1/common/technology/autopilot/ap_sysc" -include etc/autopilot_ssdm_op.h -D__DSP48E1__  "/home/epetrakos/Documents/GitHub/HRY591-project/code/part2b/float-ilopoihsh/accel4/accel4_float/solution1/.autopilot/db/myIP.pp.0.c"  -o "/home/epetrakos/Documents/GitHub/HRY591-project/code/part2b/float-ilopoihsh/accel4/accel4_float/solution1/.autopilot/db/useless.bc"  
INFO-FLOW: exec /run/media/epetrakos/60GB/Xilinx/Vivado/2019.1/lnx64/tools/clang/bin/clang -fno-limit-debug-info -gcc-toolchain /run/media/epetrakos/60GB/Xilinx/Vivado/2019.1/lnx64/tools/gcc -hls -fno-math-errno -c -emit-llvm -O0 -mllvm -disable-llvm-optzns -std=gnu89 -DAESL_SYN -D__SYNTHESIS__ -D__HLS_SYN__ -I /run/media/epetrakos/60GB/Xilinx/Vivado/2019.1/common/technology/autopilot -I /run/media/epetrakos/60GB/Xilinx/Vivado/2019.1/common/technology/autopilot/ap_sysc -include etc/autopilot_ssdm_op.h -D__DSP48E1__ /home/epetrakos/Documents/GitHub/HRY591-project/code/part2b/float-ilopoihsh/accel4/accel4_float/solution1/.autopilot/db/myIP.pp.0.c -o /home/epetrakos/Documents/GitHub/HRY591-project/code/part2b/float-ilopoihsh/accel4/accel4_float/solution1/.autopilot/db/useless.bc
Command       clang done; 3.19 sec.
INFO-FLOW: Done: GCC PP time: 6.4 seconds per iteration
Execute       source /run/media/epetrakos/60GB/Xilinx/Vivado/2019.1/tps/tcl/tcllib1.11.1/yaml/huddle.tcl 
Execute       source /run/media/epetrakos/60GB/Xilinx/Vivado/2019.1/tps/tcl/tcllib1.11.1/yaml/json2huddle.tcl 
Execute         source /run/media/epetrakos/60GB/Xilinx/Vivado/2019.1/tps/tcl/tcllib1.11.1/try/try.tcl 
Execute       list_core -type functional_unit 
Execute       tidy_31 xilinx-systemc-detector /home/epetrakos/Documents/GitHub/HRY591-project/code/part2b/float-ilopoihsh/accel4/accel4_float/solution1/.autopilot/db/myIP.pp.0.c std=gnu89 -directive=/home/epetrakos/Documents/GitHub/HRY591-project/code/part2b/float-ilopoihsh/accel4/accel4_float/solution1/.autopilot/db/.systemc_flag 
INFO-FLOW: exec /run/media/epetrakos/60GB/Xilinx/Vivado/2019.1/lnx64/tools/clang-3.9-csynth/bin/tidy-3.1 -header-filter=.* -checks=-*,xilinx-systemc-detector -import-directive=/home/epetrakos/Documents/GitHub/HRY591-project/code/part2b/float-ilopoihsh/accel4/accel4_float/solution1/.autopilot/db/.systemc_flag -quiet -fix-errors /home/epetrakos/Documents/GitHub/HRY591-project/code/part2b/float-ilopoihsh/accel4/accel4_float/solution1/.autopilot/db/myIP.pp.0.c -- -std=gnu89 -fhls -ferror-limit=0
INFO-FLOW: Running: tidy-3.1 CDT preprocess
Execute       tidy_31 xilinx-directive2pragma /home/epetrakos/Documents/GitHub/HRY591-project/code/part2b/float-ilopoihsh/accel4/accel4_float/solution1/.autopilot/db/myIP.pp.0.c std=gnu89 -directive=/home/epetrakos/Documents/GitHub/HRY591-project/code/part2b/float-ilopoihsh/accel4/accel4_float/solution1/.autopilot/db/all.directive.json 
INFO-FLOW: exec /run/media/epetrakos/60GB/Xilinx/Vivado/2019.1/lnx64/tools/clang-3.9-csynth/bin/tidy-3.1 -header-filter=.* -checks=-*,xilinx-directive2pragma -import-directive=/home/epetrakos/Documents/GitHub/HRY591-project/code/part2b/float-ilopoihsh/accel4/accel4_float/solution1/.autopilot/db/all.directive.json -quiet -fix-errors /home/epetrakos/Documents/GitHub/HRY591-project/code/part2b/float-ilopoihsh/accel4/accel4_float/solution1/.autopilot/db/myIP.pp.0.c -- -std=gnu89 -fhls -ferror-limit=0
Execute       get_config_dataflow -strict_mode 
Execute       ap_eval exec -ignorestderr /run/media/epetrakos/60GB/Xilinx/Vivado/2019.1/lnx64/tools/clang-3.9-csynth/bin/xilinx-dataflow-lawyer -export-fixes=/home/epetrakos/Documents/GitHub/HRY591-project/code/part2b/float-ilopoihsh/accel4/accel4_float/solution1/.autopilot/db/xilinx-dataflow-lawyer.myIP.pp.0.c.diag.yml /home/epetrakos/Documents/GitHub/HRY591-project/code/part2b/float-ilopoihsh/accel4/accel4_float/solution1/.autopilot/db/myIP.pp.0.c -- -std=gnu99 -fhls -ferror-limit=0 -fstrict-dataflow > /home/epetrakos/Documents/GitHub/HRY591-project/code/part2b/float-ilopoihsh/accel4/accel4_float/solution1/.autopilot/db/xilinx-dataflow-lawyer.myIP.pp.0.c.out.log 2> /home/epetrakos/Documents/GitHub/HRY591-project/code/part2b/float-ilopoihsh/accel4/accel4_float/solution1/.autopilot/db/xilinx-dataflow-lawyer.myIP.pp.0.c.err.log 
Execute       tidy_31 -errorcheck xilinx-constantarray-param,xilinx-resource-pragma-transformer,xilinx-xfmat-array-geometry /home/epetrakos/Documents/GitHub/HRY591-project/code/part2b/float-ilopoihsh/accel4/accel4_float/solution1/.autopilot/db/myIP.pp.0.c std=gnu89 
Execute         ap_eval exec -ignorestderr /run/media/epetrakos/60GB/Xilinx/Vivado/2019.1/lnx64/tools/clang-3.9-csynth/bin/tidy-3.1 -export-fixes=/home/epetrakos/Documents/GitHub/HRY591-project/code/part2b/float-ilopoihsh/accel4/accel4_float/solution1/.autopilot/db/tidy-3.1.myIP.pp.0.c.diag.yml -header-filter=.* -checks=-*,xilinx-constantarray-param,xilinx-resource-pragma-transformer,xilinx-xfmat-array-geometry -quiet -fix-errors /home/epetrakos/Documents/GitHub/HRY591-project/code/part2b/float-ilopoihsh/accel4/accel4_float/solution1/.autopilot/db/myIP.pp.0.c -- -std=gnu89 -fhls -ferror-limit=0 > /home/epetrakos/Documents/GitHub/HRY591-project/code/part2b/float-ilopoihsh/accel4/accel4_float/solution1/.autopilot/db/tidy-3.1.myIP.pp.0.c.out.log 2> /home/epetrakos/Documents/GitHub/HRY591-project/code/part2b/float-ilopoihsh/accel4/accel4_float/solution1/.autopilot/db/tidy-3.1.myIP.pp.0.c.err.log 
Execute         source /run/media/epetrakos/60GB/Xilinx/Vivado/2019.1/tps/tcl/tcllib1.11.1/yaml/yaml.tcl 
Execute           source /run/media/epetrakos/60GB/Xilinx/Vivado/2019.1/tps/tcl/tcllib1.11.1/cmdline/cmdline.tcl 
Execute         ap_eval exec -ignorestderr /run/media/epetrakos/60GB/Xilinx/Vivado/2019.1/lnx64/tools/clang-3.9-csynth/bin/xilinx-legacy-rewriter /home/epetrakos/Documents/GitHub/HRY591-project/code/part2b/float-ilopoihsh/accel4/accel4_float/solution1/.autopilot/db/myIP.pp.0.c -- -std=gnu89 -fhls -ferror-limit=0 > /home/epetrakos/Documents/GitHub/HRY591-project/code/part2b/float-ilopoihsh/accel4/accel4_float/solution1/.autopilot/db/xilinx-legacy-rewriter.myIP.pp.0.c.out.log 2> /home/epetrakos/Documents/GitHub/HRY591-project/code/part2b/float-ilopoihsh/accel4/accel4_float/solution1/.autopilot/db/xilinx-legacy-rewriter.myIP.pp.0.c.err.log 
Command       tidy_31 done; 0.14 sec.
INFO-FLOW: Done: tidy-3.1 CDT preprocess time: 0.2 seconds per iteration
INFO-FLOW: Pragma Handling...
Execute       tidy_31 xilinx-ssdm-intrinsics-arguments /home/epetrakos/Documents/GitHub/HRY591-project/code/part2b/float-ilopoihsh/accel4/accel4_float/solution1/.autopilot/db/myIP.pragma.1.c std=gnu89 
INFO-FLOW: exec /run/media/epetrakos/60GB/Xilinx/Vivado/2019.1/lnx64/tools/clang-3.9-csynth/bin/tidy-3.1 -header-filter=.* -checks=-*,xilinx-ssdm-intrinsics-arguments -quiet -fix-errors /home/epetrakos/Documents/GitHub/HRY591-project/code/part2b/float-ilopoihsh/accel4/accel4_float/solution1/.autopilot/db/myIP.pragma.1.c -- -std=gnu89 -fhls -ferror-limit=0
Execute       ap_part_info -name xc7z020-clg484-1 -data info 
INFO-FLOW: Processing labels
Execute       clang -src /home/epetrakos/Documents/GitHub/HRY591-project/code/part2b/float-ilopoihsh/accel4/accel4_float/solution1/.autopilot/db/myIP.pragma.2.c  -fno-limit-debug-info -gcc-toolchain /run/media/epetrakos/60GB/Xilinx/Vivado/2019.1/lnx64/tools/gcc -hls -hls-analyze-label -hls-analyze-pragma -fno-exceptions  -D__llvm__  -w  "/home/epetrakos/Documents/GitHub/HRY591-project/code/part2b/float-ilopoihsh/accel4/accel4_float/solution1/.autopilot/db/myIP.pragma.2.c"    -fno-math-errno -c -emit-llvm -O0  -mllvm -disable-llvm-optzns -std=gnu89  -DAESL_SYN -D__SYNTHESIS__ -D__HLS_SYN__ -I "/run/media/epetrakos/60GB/Xilinx/Vivado/2019.1/common/technology/autopilot" -I "/run/media/epetrakos/60GB/Xilinx/Vivado/2019.1/common/technology/autopilot/ap_sysc" -include etc/autopilot_ssdm_op.h -D__DSP48E1__ -g -o "/home/epetrakos/Documents/GitHub/HRY591-project/code/part2b/float-ilopoihsh/accel4/accel4_float/solution1/.autopilot/db/myIP.bc" 
INFO-FLOW: exec /run/media/epetrakos/60GB/Xilinx/Vivado/2019.1/lnx64/tools/clang/bin/clang -fno-limit-debug-info -gcc-toolchain /run/media/epetrakos/60GB/Xilinx/Vivado/2019.1/lnx64/tools/gcc -hls -hls-analyze-label -hls-analyze-pragma -fno-exceptions -D__llvm__ -w /home/epetrakos/Documents/GitHub/HRY591-project/code/part2b/float-ilopoihsh/accel4/accel4_float/solution1/.autopilot/db/myIP.pragma.2.c -fno-math-errno -c -emit-llvm -O0 -mllvm -disable-llvm-optzns -std=gnu89 -DAESL_SYN -D__SYNTHESIS__ -D__HLS_SYN__ -I /run/media/epetrakos/60GB/Xilinx/Vivado/2019.1/common/technology/autopilot -I /run/media/epetrakos/60GB/Xilinx/Vivado/2019.1/common/technology/autopilot/ap_sysc -include etc/autopilot_ssdm_op.h -D__DSP48E1__ -g -o /home/epetrakos/Documents/GitHub/HRY591-project/code/part2b/float-ilopoihsh/accel4/accel4_float/solution1/.autopilot/db/myIP.bc
Command       clang done; 3.21 sec.
INFO-FLOW: Linking Debug ...
Execute       llvm-ld /home/epetrakos/Documents/GitHub/HRY591-project/code/part2b/float-ilopoihsh/accel4/accel4_float/solution1/.autopilot/db/myIP.g.bc -hls-opt -except-internalize myFuncAccel4 -L/run/media/epetrakos/60GB/Xilinx/Vivado/2019.1/lnx64/lib -lhlsm -lhlsmc++ -o /home/epetrakos/Documents/GitHub/HRY591-project/code/part2b/float-ilopoihsh/accel4/accel4_float/solution1/.autopilot/db/a.g 
Command       llvm-ld done; 1.6 sec.
INFO: [HLS 200-111] Finished Linking Time (s): cpu = 00:00:13 ; elapsed = 00:00:13 . Memory (MB): peak = 814.922 ; gain = 128.000 ; free physical = 1443 ; free virtual = 4174
INFO: [HLS 200-111] Finished Checking Pragmas Time (s): cpu = 00:00:13 ; elapsed = 00:00:13 . Memory (MB): peak = 814.922 ; gain = 128.000 ; free physical = 1443 ; free virtual = 4174
Execute       get_config_sdx -target 
Execute       opt_and_import_c a -opt_level=2 -skip_syncheck=0 -ng=0 -keep_printf=0 
Execute         cleanup_all_models 
INFO: [HLS 200-10] Starting code transformations ...
Execute         transform -promote-dbg-pointer /home/epetrakos/Documents/GitHub/HRY591-project/code/part2b/float-ilopoihsh/accel4/accel4_float/solution1/.autopilot/db/a.pp.bc -o /home/epetrakos/Documents/GitHub/HRY591-project/code/part2b/float-ilopoihsh/accel4/accel4_float/solution1/.autopilot/db/a.pp.0.bc -f 
Execute         llvm-ld /home/epetrakos/Documents/GitHub/HRY591-project/code/part2b/float-ilopoihsh/accel4/accel4_float/solution1/.autopilot/db/a.pp.0.bc -disable-opt -L/run/media/epetrakos/60GB/Xilinx/Vivado/2019.1/lnx64/lib -lfloatconversion -o /home/epetrakos/Documents/GitHub/HRY591-project/code/part2b/float-ilopoihsh/accel4/accel4_float/solution1/.autopilot/db/a.g.0 
Command         llvm-ld done; 1.6 sec.
INFO-FLOW: Running Standard Transforms...
Execute         transform -hls -share-std-xform -demangle-name -inline-byval-memcpy -always-inline -promote-dbg-pointer -interface-preproc -mem2reg -scalarrepl -mem2reg -keep-read-access -instcombine -dce -promote-dbg-pointer -bitop-raise -loop-simplify -indvarspre -indvars -loop-simplify -xunroll -constprop -instcombine -simplifycfg -indvars -simplifycfg -dce -globaldce -basicaa -simplifycfg -mem2reg -globalopt -global-constprop -deadargelim -instcombine -simplifycfg -prune-eh -simplifycfg -scalarrepl -instcombine -reassociate -licm -simplifycfg -loop-simplify -indvars -instcombine -simplifycfg -mem2reg -loop-simplify -indvars -instcombine -gvn -gvn -instcombine -adce -break-crit-edges -simplifycfg -loop-delete -global-array-opt -dce -dse -adce -find-syn-modules -top myFuncAccel4 -deadargelim -mem2reg -instcombine -dce -presyn-prepare -auto-rom-infer -interface-preproc -syn-check -check-rec-only -find-region -simplifycfg -func-extr -function-inline -globaldce -mem2reg -instcombine -dce -gvn -globaldce -adce -adse -constprop -instcombine -bit-constprop -instcombine -dce -simplifycfg -bitop-raise -simplifycfg -dce -loop-delete -reassociate -globalopt -global-privatize -mem2reg -dce -global-constprop -pointer-simplify -constprop -dce -func-inst -deadargelim -auto-shift-reg-idiom -promote-dbg-pointer -norm-name /home/epetrakos/Documents/GitHub/HRY591-project/code/part2b/float-ilopoihsh/accel4/accel4_float/solution1/.autopilot/db/a.g.0.bc -o /home/epetrakos/Documents/GitHub/HRY591-project/code/part2b/float-ilopoihsh/accel4/accel4_float/solution1/.autopilot/db/a.g.1.bc -f -phase std-opt 
INFO: [HLS 200-111] Finished Standard Transforms Time (s): cpu = 00:00:14 ; elapsed = 00:00:15 . Memory (MB): peak = 814.922 ; gain = 128.000 ; free physical = 1444 ; free virtual = 4177
INFO: [HLS 200-10] Checking synthesizability ...
INFO-FLOW: Checking Synthesizability 1/2..
Execute         transform -hls -syn-check -check-rec-only -disaggr -scalarrepl -norm-name -dce -mem2reg -instcombine -function-uniquify -directive-preproc -mem2reg -dse -dce -auto-rom-infer -dce -pag -array-normalize -instcombine -dce -warn-fifo-pointer -array-seg-normalize -instcombine -dce -array-flatten -instcombine -dce -array-burst -dce -deadargelim -promote-global-argument -simplifycfg -mem2reg -globaldce -dce -deadargelim -dce -instcombine -function-inline -globaldce -dce -doublePtrSimplify -doublePtrElim -dce -doublePtrSimplify -promote-dbg-pointer -dce -scalarrepl -dse -adse -instcombine -ptrLegalization -simplifycfg -dce -instcombine -pointer-simplify -ptrArgReplace -dce -instcombine -resolve-double-ptr -disaggr -scalarrepl -norm-name -dce -mem2reg -instcombine -ptrLegalization -simplifycfg -deadargelim -instcombine -dce -inst-simplify -function-uniquify -directive-preproc -mem2reg -dse -dce -globaldce -check-dspbuiltin /home/epetrakos/Documents/GitHub/HRY591-project/code/part2b/float-ilopoihsh/accel4/accel4_float/solution1/.autopilot/db/a.g.1.bc -o /home/epetrakos/Documents/GitHub/HRY591-project/code/part2b/float-ilopoihsh/accel4/accel4_float/solution1/.autopilot/db/a.g.2.prechk.bc -f 
INFO-FLOW: Checking Synthesizability 2/2..
Execute         transform -syn-check /home/epetrakos/Documents/GitHub/HRY591-project/code/part2b/float-ilopoihsh/accel4/accel4_float/solution1/.autopilot/db/a.g.2.prechk.bc -o /home/epetrakos/Documents/GitHub/HRY591-project/code/part2b/float-ilopoihsh/accel4/accel4_float/solution1/.autopilot/db/a.g.2.bc -f -phase syn-check 
INFO: [HLS 200-111] Finished Checking Synthesizability Time (s): cpu = 00:00:14 ; elapsed = 00:00:15 . Memory (MB): peak = 814.922 ; gain = 128.000 ; free physical = 1444 ; free virtual = 4177
INFO-FLOW: Compiler optimizing ...
INFO-FLOW: Share syncheck's 1.bc for syn flow: copy /home/epetrakos/Documents/GitHub/HRY591-project/code/part2b/float-ilopoihsh/accel4/accel4_float/solution1/.autopilot/db/a.g.1.bc to /home/epetrakos/Documents/GitHub/HRY591-project/code/part2b/float-ilopoihsh/accel4/accel4_float/solution1/.autopilot/db/a.o.1.bc
INFO-FLOW: Presyn 1...
Execute         transform -hls -tmp /home/epetrakos/Documents/GitHub/HRY591-project/code/part2b/float-ilopoihsh/accel4/accel4_float/solution1/.autopilot/db -interface-port-rename -type-info -function-uniquify -directive-preproc -mem2reg -dse -dce -disaggr -scalarrepl -norm-name -deadargelim -mem2reg -instcombine -dce -simplifycfg -auto-rom-infer -dce -function-uniquify -resource-proc -clib-intrinsic-prepare -dce -func-buffer -dce -pag -array-normalize -func-legal -instcombine -gvn -constprop -dce -simplifycfg -mem2reg -globaldce -resolve-double-ptr -dce -deadargelim -dce -instcombine -ptrArgReplace -mem2reg -dce -array-seg-normalize -deadargelim -instcombine -dce -pointer-simplify -dce -port-alignment -dce -interface-preproc -data-pack -instcombine -dce -basicaa -aggr-aa -aggrmodref-aa -aggr-aa -gvn -gvn -basicaa -aggr-aa -aggrmodref-aa -aggr-aa -dse -adse -adce -loop-simplify -indvars -instcombine -gvn -loop-simplify -mem2reg -dce -find-region -instcombine -auto-loop-pipeline -inst-simplify -interface-preproc -cfgopt -instcombine -indvars -auto-loop-unroll -loop-simplify -loop-bound -xunroll -constprop -instcombine -simplifycfg -indvars -simplifycfg -dce -globaldce -clean-region -attach-range -gvn -inst-simplify -constprop -simplifycfg -dce -pointer-simplify -dce -globalopt -constprop -dce -array-promote -constprop -dce -ptrArgReplace -mem2reg -simplifycfg -dce -auto-par -instcombine -dce -array-transform-check -array-reshape -instcombine -simplifycfg -dce -ptrArgReplace -deadargelim -mem2reg -instcombine -simplifycfg -dce -indvars -loop-simplify -loop-bound -xunroll -constprop -instcombine -simplifycfg -indvars -simplifycfg -dce -globaldce -basicaa -aggr-aa -aggrmodref-aa -aggr-aa -dse -duplicate-dataflow-processes -globaldce -instcombine -array-partition -instcombine -simplifycfg -dce -ptrArgReplace -global-constprop -deadargelim -mem2reg -func-legal -dce -global-constprop -deadargelim -mem2reg -simplifycfg -dce -merge-param -deadargelim -globalopt -constprop -dce -array-promote -constprop -dce -ptrArgReplace -mem2reg -simplifycfg -dce -mem-intrinsic-preproc -dce -global-internalize -global-privatize -mem2reg -globaldce -promote-global-argument -ptrArgReplace -mem2reg -dce -globalopt -mergereturn -simplify-global-access -mem2reg -dce -pointer-simplify -dce -functionattrs -basicaa -aggr-aa -aggrmodref-aa -aggr-aa -gvn -gvn -basicaa -aggr-aa -aggrmodref-aa -aggr-aa -dse -adse -adce -dce -norm-name -function-inline -complex-op-raise -inst-simplify -globaldce -func-inst -constprop -instcombine -simplifycfg -dce -func-legal -dce -loop-bound -arraycheck -bitwidthmin -on-by-dataflow -loop-delete -instcombine -simplifycfg -globaldce -dce -gvn -deadargelim -dce -loop-simplify -clean-region -simplifycfg -propagate-stable-arguments -loop-stream -instcombine -simplifycfg -dce -globaldce -duplicate-dataflow-processes -stream-intrinsic-preproc -dce -check-ap-stream -loop-simplify -eliminate-keepreads -extract-dataflow-in-loop -loop-simplify -dce -gvn -deadargelim -dse -check-dataflow-syntax -legalize-stream-variable -legalize-global -extract-subproc -dce -dead-channel-elimination -canonicalize-gep -globaldce -dce -gvn -deadargelim -annotate-dataflow-channels -scalar-propagation -deadargelim -globaldce -mem2reg -check-dataflow-channels -function-stream -dce -globaldce -prop-fifo-spec -internal-stream-gen -canonicalize-gep -globaldce -dce -gvn -deadargelim -mergereturn -indvars -loop-simplify -instcombine -array-stream -array-seg-normalize -array-partition -func-legal -instcombine -simplifycfg -dce -bundle-memfifo-ops -deadargelim -function-uniquify -directive-preproc -mem2reg -dse -dce -group-axi-access -licm -simplifycfg -dce -loop-delete -norm-name /home/epetrakos/Documents/GitHub/HRY591-project/code/part2b/float-ilopoihsh/accel4/accel4_float/solution1/.autopilot/db/a.o.1.bc -o /home/epetrakos/Documents/GitHub/HRY591-project/code/part2b/float-ilopoihsh/accel4/accel4_float/solution1/.autopilot/db/a.o.1.tmp.bc -f 
INFO: [XFORM 203-502] Unrolling all sub-loops inside loop 'Loop-2' (myIP.c:34) in function 'myFuncAccel4' for pipelining.
INFO: [HLS 200-489] Unrolling loop 'Loop-1' (myIP.c:29) in function 'myFuncAccel4' completely with a factor of 16.
INFO: [HLS 200-489] Unrolling loop 'Loop-2.1' (myIP.c:41) in function 'myFuncAccel4' completely with a factor of 4.
INFO: [HLS 200-489] Unrolling loop 'Loop-2.2' (myIP.c:45) in function 'myFuncAccel4' completely with a factor of 4.
INFO: [HLS 200-489] Unrolling loop 'Loop-2.2.1' (myIP.c:49) in function 'myFuncAccel4' completely with a factor of 4.
INFO: [HLS 200-489] Unrolling loop 'Loop-2.3' (myIP.c:56) in function 'myFuncAccel4' completely with a factor of 4.
INFO: [XFORM 203-102] Partitioning array 'temp0' (myIP.c:28) automatically.
INFO: [XFORM 203-101] Partitioning array 'data0' (myIP.c:4) in dimension 1 completely.
INFO: [XFORM 203-101] Partitioning array 'temp_dim' (myIP.c:21) in dimension 1 completely.
INFO: [XFORM 203-101] Partitioning array 'temp1' (myIP.c:25) in dimension 1 completely.
Command         transform done; 0.18 sec.
INFO-FLOW: Presyn 2...
Execute         transform -hls -keep-callgraph -scalarrepl -mem2reg -port-alignment -attach-range -dce -pipe-mux-gen -indvars -loop-bound -inst-simplify -instcombine -dce -merge-array-access -mem2reg -dce -clean-region -mergereturn -if-conv -instcombine -dce -constprop -basicaa -aggr-aa -aggrmodref-aa -aggr-aa -gvn -gvn -basicaa -aggr-aa -aggrmodref-aa -aggr-aa -dse -adse -adce -scalarrepl -mem2reg -global-constprop -deadargelim -deadargelim -instcombine -dce -simplifycfg -ptrArgReplace -mem2reg -function-inline -globaldce -mem2reg -instcombine -dce -expr-balance -instcombine -dce -bitwidthmin -interface-preproc -directive-preproc -inst-rectify -instcombine -dce -functionattrs -constprop -instcombine -bit-constprop -simplify-global-access -globalopt -globaldce -inst-simplify -instcombine -elimdeaddata -dce -loop-delete -simplifycfg -loop-simplify -auto-burst -norm-name /home/epetrakos/Documents/GitHub/HRY591-project/code/part2b/float-ilopoihsh/accel4/accel4_float/solution1/.autopilot/db/a.o.1.tmp.bc -o /home/epetrakos/Documents/GitHub/HRY591-project/code/part2b/float-ilopoihsh/accel4/accel4_float/solution1/.autopilot/db/a.o.2.bc -f -phase presyn 
INFO: [XFORM 203-11] Balancing expressions in function 'myFuncAccel4' (myIP.c:4)...3 expression(s) balanced.
INFO: [HLS 200-111] Finished Pre-synthesis Time (s): cpu = 00:00:15 ; elapsed = 00:00:15 . Memory (MB): peak = 814.922 ; gain = 128.000 ; free physical = 1445 ; free virtual = 4179
INFO-FLOW: Building ssdm...
Execute         transform -hls -function-uniquify -auto-function-inline -globaldce -ptrArgReplace -mem2reg -dce -reset-lda -loop-simplify -indvars -licm -loop-dep -loop-bound -licm -loop-simplify -flattenloopnest -array-flatten -gvn -instcombine -dce -array-map -dce -func-legal -gvn -adce -instcombine -cfgopt -simplifycfg -loop-simplify -array-burst -promote-global-argument -dce -ptrLegalization -axi4-lower -array-seg-normalize -basicaa -aggrmodref-aa -globalsmodref-aa -aggr-aa -gvn -gvn -basicaa -aggrmodref-aa -globalsmodref-aa -aggr-aa -dse -adse -adce -licm -inst-simplify -dce -globaldce -instcombine -array-stream -eliminate-keepreads -instcombine -dce -deadargelim -doublePtrSimplify -doublePtrElim -dce -doublePtrSimplify -promote-dbg-pointer -dce -scalarrepl -mem2reg -disaggr -norm-name -mem2reg -instcombine -dse -adse -adce -ptrLegalization -dce -auto-rom-infer -array-flatten -dce -instcombine -check-doubleptr -loop-rot -constprop -cfgopt -simplifycfg -loop-simplify -indvars -pointer-simplify -dce -loop-bound -loop-simplify -loop-preproc -constprop -global-constprop -gvn -mem2reg -instcombine -dce -loop-bound -loop-merge -dce -bitwidthmin -deadargelim -dce -canonicalize-dataflow -dce -scalar-propagation -deadargelim -globaldce -mem2reg -read-loop-dep -interface-preproc -directive-preproc -interface-gen -bram-byte-enable -deadargelim -inst-simplify -dce -gvn -mem2reg -instcombine -dce -adse -loop-bound -instcombine -cfgopt -simplifycfg -loop-simplify -clean-region -io-protocol -find-region -mem2reg -bitop-raise -complex-op-raise -inst-simplify -inst-rectify -instcombine -adce -deadargelim -loop-simplify -phi-opt -bitop-raise -cfgopt -simplifycfg -strip-dead-prototypes -interface-lower -bitop-lower -intrinsic-lower -auto-function-inline -basicaa -aggrmodref-aa -globalsmodref-aa -aggr-aa -inst-simplify -simplifycfg -loop-simplify -mergereturn -inst-simplify -inst-rectify -dce -load-elim -bitop-lower -loop-rewind -pointer-simplify -dce -cfgopt -dce -loop-bound -loop-dep -read-loop-dep -dce -check-stream -norm-name -legalize -validate-dataflow -inst-clarity -bitwidth -dump-loop-dep-to-ir -check-all-ssdm -cdfg-build /home/epetrakos/Documents/GitHub/HRY591-project/code/part2b/float-ilopoihsh/accel4/accel4_float/solution1/.autopilot/db/a.o.2.bc -o /home/epetrakos/Documents/GitHub/HRY591-project/code/part2b/float-ilopoihsh/accel4/accel4_float/solution1/.autopilot/db/a.o.3.bc -f -phase build-ssdm 
Command         transform done; 0.2 sec.
INFO: [HLS 200-111] Finished Architecture Synthesis Time (s): cpu = 00:00:15 ; elapsed = 00:00:15 . Memory (MB): peak = 814.922 ; gain = 128.000 ; free physical = 1445 ; free virtual = 4178
INFO-FLOW: Finish building internal data model.
Command       opt_and_import_c done; 2.16 sec.
Command     elaborate done; 13.87 sec.
Execute     autosyn -from_csynth_design=1 
INFO: [HLS 200-10] Starting hardware synthesis ...
INFO-FLOW: Synthesizing C/C++ design ...
INFO: [HLS 200-10] Synthesizing 'myFuncAccel4' ...
Execute       ap_set_top_model myFuncAccel4 
Execute       get_model_list myFuncAccel4 -filter all-wo-channel -topdown 
Execute       preproc_iomode -model myFuncAccel4 
Execute       get_model_list myFuncAccel4 -filter all-wo-channel 
INFO-FLOW: Model list for configure: myFuncAccel4
INFO-FLOW: Configuring Module : myFuncAccel4 ...
Execute       set_default_model myFuncAccel4 
Execute       apply_spec_resource_limit myFuncAccel4 
INFO-FLOW: Model list for preprocess: myFuncAccel4
INFO-FLOW: Preprocessing Module: myFuncAccel4 ...
Execute       set_default_model myFuncAccel4 
Execute       cdfg_preprocess -model myFuncAccel4 
Execute       rtl_gen_preprocess myFuncAccel4 
INFO-FLOW: Model list for synthesis: myFuncAccel4
INFO: [HLS 200-10] ----------------------------------------------------------------
INFO: [HLS 200-42] -- Implementing module 'myFuncAccel4' 
INFO: [HLS 200-10] ----------------------------------------------------------------
Execute       set_default_model myFuncAccel4 
Execute       schedule -model myFuncAccel4 
INFO: [SCHED 204-11] Starting scheduling ...
INFO: [SCHED 204-61] Pipelining loop 'Loop 1'.
WARNING: [SCHED 204-68] The II Violation in module 'myFuncAccel4' (Loop: Loop 1): Unable to enforce a carried dependence constraint (II = 1, distance = 1, offset = 1)
   between axis read on port 'my_input1' (myIP.c:42) and axis read on port 'my_input1' (myIP.c:42).
WARNING: [SCHED 204-68] The II Violation in module 'myFuncAccel4' (Loop: Loop 1): Unable to enforce a carried dependence constraint (II = 2, distance = 1, offset = 1)
   between axis read on port 'my_input1' (myIP.c:42) and axis read on port 'my_input1' (myIP.c:42).
WARNING: [SCHED 204-68] The II Violation in module 'myFuncAccel4' (Loop: Loop 1): Unable to enforce a carried dependence constraint (II = 3, distance = 1, offset = 1)
   between axis read on port 'my_input1' (myIP.c:42) and axis read on port 'my_input1' (myIP.c:42).
INFO: [SCHED 204-61] Pipelining result : Target II = 1, Final II = 4, Depth = 34.
INFO: [SCHED 204-11] Finished scheduling.
Command       schedule done; 0.57 sec.
INFO: [HLS 200-111]  Elapsed time: 15.96 seconds; current allocated memory: 77.545 MB.
Execute       syn_report -verbosereport -o /home/epetrakos/Documents/GitHub/HRY591-project/code/part2b/float-ilopoihsh/accel4/accel4_float/solution1/.autopilot/db/myFuncAccel4.verbose.sched.rpt 
Command       syn_report done; 0.27 sec.
Execute       db_write -o /home/epetrakos/Documents/GitHub/HRY591-project/code/part2b/float-ilopoihsh/accel4/accel4_float/solution1/.autopilot/db/myFuncAccel4.sched.adb -f 
INFO-FLOW: Finish scheduling myFuncAccel4.
Execute       set_default_model myFuncAccel4 
Execute       bind -model myFuncAccel4 
BIND OPTION: model=myFuncAccel4
INFO: [BIND 205-100] Starting micro-architecture generation ...
INFO: [BIND 205-101] Performing variable lifetime analysis.
INFO: [BIND 205-101] Exploring resource sharing.
INFO: [BIND 205-101] Binding ...
INFO: [BIND 205-100] Finished micro-architecture generation.
Command       bind done; 0.12 sec.
INFO: [HLS 200-111]  Elapsed time: 0.42 seconds; current allocated memory: 78.536 MB.
Execute       syn_report -verbosereport -o /home/epetrakos/Documents/GitHub/HRY591-project/code/part2b/float-ilopoihsh/accel4/accel4_float/solution1/.autopilot/db/myFuncAccel4.verbose.bind.rpt 
Command       syn_report done; 0.34 sec.
Execute       db_write -o /home/epetrakos/Documents/GitHub/HRY591-project/code/part2b/float-ilopoihsh/accel4/accel4_float/solution1/.autopilot/db/myFuncAccel4.bind.adb -f 
INFO-FLOW: Finish binding myFuncAccel4.
Execute       get_model_list myFuncAccel4 -filter all-wo-channel 
INFO-FLOW: Preprocessing for RTLGen ...
Execute       rtl_gen_preprocess myFuncAccel4 
INFO-FLOW: Model list for RTL generation: myFuncAccel4
INFO: [HLS 200-10] ----------------------------------------------------------------
INFO: [HLS 200-10] -- Generating RTL for module 'myFuncAccel4' 
INFO: [HLS 200-10] ----------------------------------------------------------------
Execute       get_config_rtl -module_prefix 
Execute       get_config_rtl -module_auto_prefix 
Execute       create_rtl_model myFuncAccel4 -vendor xilinx -mg_file /home/epetrakos/Documents/GitHub/HRY591-project/code/part2b/float-ilopoihsh/accel4/accel4_float/solution1/.autopilot/db/myFuncAccel4.compgen.tcl 
INFO: [RTGEN 206-500] Setting interface mode on port 'myFuncAccel4/size' to 'ap_stable'.
INFO: [RTGEN 206-500] Setting interface mode on port 'myFuncAccel4/dim' to 'ap_stable'.
INFO: [RTGEN 206-500] Setting interface mode on port 'myFuncAccel4/threshold' to 'ap_stable'.
INFO: [RTGEN 206-500] Setting interface mode on port 'myFuncAccel4/data0_0' to 'ap_stable'.
INFO: [RTGEN 206-500] Setting interface mode on port 'myFuncAccel4/data0_1' to 'ap_stable'.
INFO: [RTGEN 206-500] Setting interface mode on port 'myFuncAccel4/data0_2' to 'ap_stable'.
INFO: [RTGEN 206-500] Setting interface mode on port 'myFuncAccel4/data0_3' to 'ap_stable'.
INFO: [RTGEN 206-500] Setting interface mode on port 'myFuncAccel4/data0_4' to 'ap_stable'.
INFO: [RTGEN 206-500] Setting interface mode on port 'myFuncAccel4/data0_5' to 'ap_stable'.
INFO: [RTGEN 206-500] Setting interface mode on port 'myFuncAccel4/data0_6' to 'ap_stable'.
INFO: [RTGEN 206-500] Setting interface mode on port 'myFuncAccel4/data0_7' to 'ap_stable'.
INFO: [RTGEN 206-500] Setting interface mode on port 'myFuncAccel4/data0_8' to 'ap_stable'.
INFO: [RTGEN 206-500] Setting interface mode on port 'myFuncAccel4/data0_9' to 'ap_stable'.
INFO: [RTGEN 206-500] Setting interface mode on port 'myFuncAccel4/data0_10' to 'ap_stable'.
INFO: [RTGEN 206-500] Setting interface mode on port 'myFuncAccel4/data0_11' to 'ap_stable'.
INFO: [RTGEN 206-500] Setting interface mode on port 'myFuncAccel4/data0_12' to 'ap_stable'.
INFO: [RTGEN 206-500] Setting interface mode on port 'myFuncAccel4/data0_13' to 'ap_stable'.
INFO: [RTGEN 206-500] Setting interface mode on port 'myFuncAccel4/data0_14' to 'ap_stable'.
INFO: [RTGEN 206-500] Setting interface mode on port 'myFuncAccel4/data0_15' to 'ap_stable'.
INFO: [RTGEN 206-500] Setting interface mode on port 'myFuncAccel4/my_input1' to 'axis' (register, both mode).
INFO: [RTGEN 206-500] Setting interface mode on port 'myFuncAccel4/my_output' to 'axis' (register, both mode).
INFO: [RTGEN 206-500] Setting interface mode on function 'myFuncAccel4' to 'ap_ctrl_hs'.
WARNING: [RTGEN 206-101] Port 'myFuncAccel4/dim' has no fanin or fanout and is left dangling.
               Please use C simulation to confirm this function argument can be read from or written to.
INFO: [RTGEN 206-100] Generating core module 'myFuncAccel4_fadd_32ns_32ns_32_5_full_dsp_1': 4 instance(s).
INFO: [RTGEN 206-100] Generating core module 'myFuncAccel4_fcmp_32ns_32ns_1_2_1': 1 instance(s).
INFO: [RTGEN 206-100] Generating core module 'myFuncAccel4_fmul_32ns_32ns_32_4_max_dsp_1': 4 instance(s).
INFO: [RTGEN 206-100] Finished creating RTL model for 'myFuncAccel4'.
INFO: [HLS 200-111]  Elapsed time: 0.47 seconds; current allocated memory: 80.212 MB.
Execute       source /home/epetrakos/Documents/GitHub/HRY591-project/code/part2b/float-ilopoihsh/accel4/accel4_float/solution1/.autopilot/db/myFuncAccel4.rtl_wrap.cfg.tcl 
Execute       gen_rtl myFuncAccel4 -istop -style xilinx -tracefl mytrace -tracefmt vcd -traceopt all -f -lang sc -o /home/epetrakos/Documents/GitHub/HRY591-project/code/part2b/float-ilopoihsh/accel4/accel4_float/solution1/syn/systemc/myFuncAccel4 -synmodules myFuncAccel4 
Execute       gen_rtl myFuncAccel4 -istop -style xilinx -f -lang vhdl -o /home/epetrakos/Documents/GitHub/HRY591-project/code/part2b/float-ilopoihsh/accel4/accel4_float/solution1/syn/vhdl/myFuncAccel4 
Command       gen_rtl done; 0.19 sec.
Execute       gen_rtl myFuncAccel4 -istop -style xilinx -f -lang vlog -o /home/epetrakos/Documents/GitHub/HRY591-project/code/part2b/float-ilopoihsh/accel4/accel4_float/solution1/syn/verilog/myFuncAccel4 
Execute       syn_report -csynth -model myFuncAccel4 -o /home/epetrakos/Documents/GitHub/HRY591-project/code/part2b/float-ilopoihsh/accel4/accel4_float/solution1/syn/report/myFuncAccel4_csynth.rpt 
Execute       syn_report -rtlxml -model myFuncAccel4 -o /home/epetrakos/Documents/GitHub/HRY591-project/code/part2b/float-ilopoihsh/accel4/accel4_float/solution1/syn/report/myFuncAccel4_csynth.xml 
Execute       syn_report -verbosereport -model myFuncAccel4 -o /home/epetrakos/Documents/GitHub/HRY591-project/code/part2b/float-ilopoihsh/accel4/accel4_float/solution1/.autopilot/db/myFuncAccel4.verbose.rpt 
Command       syn_report done; 0.47 sec.
Execute       db_write -model myFuncAccel4 -f -o /home/epetrakos/Documents/GitHub/HRY591-project/code/part2b/float-ilopoihsh/accel4/accel4_float/solution1/.autopilot/db/myFuncAccel4.adb 
Command       db_write done; 0.16 sec.
Execute       gen_tb_info myFuncAccel4 -p /home/epetrakos/Documents/GitHub/HRY591-project/code/part2b/float-ilopoihsh/accel4/accel4_float/solution1/.autopilot/db -o /home/epetrakos/Documents/GitHub/HRY591-project/code/part2b/float-ilopoihsh/accel4/accel4_float/solution1/.autopilot/db/myFuncAccel4 
Execute       export_constraint_db -f -tool general -o /home/epetrakos/Documents/GitHub/HRY591-project/code/part2b/float-ilopoihsh/accel4/accel4_float/solution1/.autopilot/db/myFuncAccel4.constraint.tcl 
Execute       syn_report -designview -model myFuncAccel4 -o /home/epetrakos/Documents/GitHub/HRY591-project/code/part2b/float-ilopoihsh/accel4/accel4_float/solution1/.autopilot/db/myFuncAccel4.design.xml 
Command       syn_report done; 0.18 sec.
Execute       get_config_rtl -disable_wave_debug 
Execute       syn_report -wcfg -model myFuncAccel4 -o /home/epetrakos/Documents/GitHub/HRY591-project/code/part2b/float-ilopoihsh/accel4/accel4_float/solution1/.autopilot/db/myFuncAccel4_dataflow_ana.wcfg 
Execute       syn_report -protoinst -model myFuncAccel4 -o /home/epetrakos/Documents/GitHub/HRY591-project/code/part2b/float-ilopoihsh/accel4/accel4_float/solution1/.autopilot/db/myFuncAccel4.protoinst 
Execute       get_config_debug -directory 
Execute       sc_get_clocks myFuncAccel4 
Execute       get_config_export -vivado_clock 
Execute       sc_get_portdomain myFuncAccel4 
INFO-FLOW: Model list for RTL component generation: myFuncAccel4
INFO-FLOW: Handling components in module [myFuncAccel4] ... 
Execute       source /home/epetrakos/Documents/GitHub/HRY591-project/code/part2b/float-ilopoihsh/accel4/accel4_float/solution1/.autopilot/db/myFuncAccel4.compgen.tcl 
INFO-FLOW: Found component myFuncAccel4_fadd_32ns_32ns_32_5_full_dsp_1.
INFO-FLOW: Append model myFuncAccel4_fadd_32ns_32ns_32_5_full_dsp_1
INFO-FLOW: Found component myFuncAccel4_fmul_32ns_32ns_32_4_max_dsp_1.
INFO-FLOW: Append model myFuncAccel4_fmul_32ns_32ns_32_4_max_dsp_1
INFO-FLOW: Found component myFuncAccel4_fcmp_32ns_32ns_1_2_1.
INFO-FLOW: Append model myFuncAccel4_fcmp_32ns_32ns_1_2_1
INFO-FLOW: Append model myFuncAccel4
INFO-FLOW: Generating RTL model list ...
INFO-FLOW: All models in this session: myFuncAccel4_fadd_32ns_32ns_32_5_full_dsp_1 myFuncAccel4_fmul_32ns_32ns_32_4_max_dsp_1 myFuncAccel4_fcmp_32ns_32ns_1_2_1 myFuncAccel4
INFO-FLOW: To file: write model myFuncAccel4_fadd_32ns_32ns_32_5_full_dsp_1
INFO-FLOW: To file: write model myFuncAccel4_fmul_32ns_32ns_32_4_max_dsp_1
INFO-FLOW: To file: write model myFuncAccel4_fcmp_32ns_32ns_1_2_1
INFO-FLOW: To file: write model myFuncAccel4
INFO-FLOW: Finished generating RTL model list.


INFO-FLOW: RTL Generation done.
INFO-FLOW: CAS Generation done.
INFO-FLOW: CBC Generation done.
INFO-FLOW: DBG:CMD: auto_generate_csynth_design
INFO-FLOW: DBG:CMD:     auto_generate --sim-model -phase csynth_design -d /home/epetrakos/Documents/GitHub/HRY591-project/code/part2b/float-ilopoihsh/accel4/accel4_float/solution1
Execute       source /home/epetrakos/Documents/GitHub/HRY591-project/code/part2b/float-ilopoihsh/accel4/accel4_float/solution1/.autopilot/db/global.setting.tcl 
INFO-FLOW: DBG:CMD: read_platform_lib /home/epetrakos/Documents/GitHub/HRY591-project/code/part2b/float-ilopoihsh/accel4/accel4_float/solution1/.autopilot/db/global.setting.tcl
Execute       source /run/media/epetrakos/60GB/Xilinx/Vivado/2019.1/common/technology/generic/autopilot/common.gen 
Execute         source /run/media/epetrakos/60GB/Xilinx/Vivado/2019.1/common/technology/generic/autopilot/APCoreGen.gen 
Execute       source /run/media/epetrakos/60GB/Xilinx/Vivado/2019.1/common/technology/generic/autopilot/op.gen 
Execute       source /run/media/epetrakos/60GB/Xilinx/Vivado/2019.1/common/technology/generic/autopilot/op_simcore.gen 
Execute       source /run/media/epetrakos/60GB/Xilinx/Vivado/2019.1/common/technology/generic/autopilot/interface.gen 
Execute       source /home/epetrakos/Documents/GitHub/HRY591-project/code/part2b/float-ilopoihsh/accel4/accel4_float/solution1/.autopilot/db/global.setting.tcl 
Execute       source /run/media/epetrakos/60GB/Xilinx/Vivado/2019.1/common/technology/xilinx/zynq/zynq.gen 
Execute         source /run/media/epetrakos/60GB/Xilinx/Vivado/2019.1/common/technology/xilinx/common/xilinx.gen 
Execute           source /run/media/epetrakos/60GB/Xilinx/Vivado/2019.1/common/technology/xilinx/interface/plb46.gen 
Execute           source /run/media/epetrakos/60GB/Xilinx/Vivado/2019.1/common/technology/xilinx/interface/fsl.gen 
Execute           source /run/media/epetrakos/60GB/Xilinx/Vivado/2019.1/common/technology/xilinx/interface/axi4.gen 
Execute           source /run/media/epetrakos/60GB/Xilinx/Vivado/2019.1/common/technology/xilinx/interface/nativeAXI4.gen 
Execute             source /run/media/epetrakos/60GB/Xilinx/Vivado/2019.1/common/technology/xilinx/interface/saxilite.gen 
Execute             source /run/media/epetrakos/60GB/Xilinx/Vivado/2019.1/common/technology/xilinx/interface/maxi.gen 
Execute           source /run/media/epetrakos/60GB/Xilinx/Vivado/2019.1/common/technology/xilinx/scripts/xilinxcoregen.gen 
Execute           source /run/media/epetrakos/60GB/Xilinx/Vivado/2019.1/common/technology/xilinx/interface/XilEDKCoreGen.gen 
Execute           source /run/media/epetrakos/60GB/Xilinx/Vivado/2019.1/common/technology/xilinx/ip/dds_compiler.gen 
Execute           source /run/media/epetrakos/60GB/Xilinx/Vivado/2019.1/common/technology/xilinx/ip/util.gen 
Execute           source /run/media/epetrakos/60GB/Xilinx/Vivado/2019.1/common/technology/xilinx/ip/xfft.gen 
Command           ap_source done; 0.13 sec.
Execute           source /run/media/epetrakos/60GB/Xilinx/Vivado/2019.1/common/technology/xilinx/ip/xfir.gen 
Execute           source /run/media/epetrakos/60GB/Xilinx/Vivado/2019.1/common/technology/xilinx/common/dsp48.gen 
Command         ap_source done; 0.18 sec.
Command       ap_source done; 0.18 sec.
Execute       source /run/media/epetrakos/60GB/Xilinx/Vivado/2019.1/common/technology/xilinx/zynq/zynq_fpv6.gen 
Execute         source /run/media/epetrakos/60GB/Xilinx/Vivado/2019.1/common/technology/xilinx/common/xilinx_fp.gen 
INFO-FLOW: DBG:CMD:   using AESL_AUTOCG::g_clock_period=10.000 (was NA)
INFO-FLOW: DBG:CMD:       generate_ip_cores sim=1 export=0 expOnly=0 dstVlogDir=syn/verilog
Execute       source /home/epetrakos/Documents/GitHub/HRY591-project/code/part2b/float-ilopoihsh/accel4/accel4_float/solution1/.autopilot/db/global.setting.tcl 
Execute       ap_part_info -name xc7z020-clg484-1 -data names -quiet 
Execute       ap_part_info -name xc7z020-clg484-1 -data info -quiet 
Execute       source /home/epetrakos/Documents/GitHub/HRY591-project/code/part2b/float-ilopoihsh/accel4/accel4_float/solution1/.autopilot/db/global.setting.tcl 
Execute       source /home/epetrakos/Documents/GitHub/HRY591-project/code/part2b/float-ilopoihsh/accel4/accel4_float/solution1/.autopilot/db/global.setting.tcl 
Execute       source /home/epetrakos/Documents/GitHub/HRY591-project/code/part2b/float-ilopoihsh/accel4/accel4_float/solution1/.autopilot/db/myFuncAccel4.compgen.tcl 
Execute         ap_part_info -name xc7z020-clg484-1 -data names -quiet 
Execute         ap_part_info -name xc7z020-clg484-1 -data info -quiet 
Execute         ap_part_info -name xc7z020-clg484-1 -data names -quiet 
Execute         ap_part_info -name xc7z020-clg484-1 -data info -quiet 
Execute         ap_part_info -name xc7z020-clg484-1 -data names -quiet 
Execute         ap_part_info -name xc7z020-clg484-1 -data info -quiet 
Command       ap_source done; 0.13 sec.
INFO-FLOW: DBG:CMD:     auto_generate -export -impltomg_flag -rtl both -tool Vivado -pcore_version 1.00.a -phase csynth_design -d /home/epetrakos/Documents/GitHub/HRY591-project/code/part2b/float-ilopoihsh/accel4/accel4_float/solution1
Execute       source /home/epetrakos/Documents/GitHub/HRY591-project/code/part2b/float-ilopoihsh/accel4/accel4_float/solution1/.autopilot/db/global.setting.tcl 
INFO-FLOW: DBG:CMD: read_platform_lib /home/epetrakos/Documents/GitHub/HRY591-project/code/part2b/float-ilopoihsh/accel4/accel4_float/solution1/.autopilot/db/global.setting.tcl
Execute       source /run/media/epetrakos/60GB/Xilinx/Vivado/2019.1/common/technology/generic/autopilot/common.gen 
Execute         source /run/media/epetrakos/60GB/Xilinx/Vivado/2019.1/common/technology/generic/autopilot/APCoreGen.gen 
Execute       source /run/media/epetrakos/60GB/Xilinx/Vivado/2019.1/common/technology/generic/autopilot/op.gen 
Execute       source /run/media/epetrakos/60GB/Xilinx/Vivado/2019.1/common/technology/generic/autopilot/op_simcore.gen 
Execute       source /run/media/epetrakos/60GB/Xilinx/Vivado/2019.1/common/technology/generic/autopilot/interface.gen 
Execute       source /home/epetrakos/Documents/GitHub/HRY591-project/code/part2b/float-ilopoihsh/accel4/accel4_float/solution1/.autopilot/db/global.setting.tcl 
Execute       source /run/media/epetrakos/60GB/Xilinx/Vivado/2019.1/common/technology/xilinx/zynq/zynq.gen 
Execute         source /run/media/epetrakos/60GB/Xilinx/Vivado/2019.1/common/technology/xilinx/common/xilinx.gen 
Execute           source /run/media/epetrakos/60GB/Xilinx/Vivado/2019.1/common/technology/xilinx/interface/plb46.gen 
Execute           source /run/media/epetrakos/60GB/Xilinx/Vivado/2019.1/common/technology/xilinx/interface/fsl.gen 
Execute           source /run/media/epetrakos/60GB/Xilinx/Vivado/2019.1/common/technology/xilinx/interface/axi4.gen 
Execute           source /run/media/epetrakos/60GB/Xilinx/Vivado/2019.1/common/technology/xilinx/interface/nativeAXI4.gen 
Execute             source /run/media/epetrakos/60GB/Xilinx/Vivado/2019.1/common/technology/xilinx/interface/saxilite.gen 
Execute             source /run/media/epetrakos/60GB/Xilinx/Vivado/2019.1/common/technology/xilinx/interface/maxi.gen 
Execute           source /run/media/epetrakos/60GB/Xilinx/Vivado/2019.1/common/technology/xilinx/scripts/xilinxcoregen.gen 
Execute           source /run/media/epetrakos/60GB/Xilinx/Vivado/2019.1/common/technology/xilinx/interface/XilEDKCoreGen.gen 
Execute           source /run/media/epetrakos/60GB/Xilinx/Vivado/2019.1/common/technology/xilinx/ip/dds_compiler.gen 
Execute           source /run/media/epetrakos/60GB/Xilinx/Vivado/2019.1/common/technology/xilinx/ip/util.gen 
Execute           source /run/media/epetrakos/60GB/Xilinx/Vivado/2019.1/common/technology/xilinx/ip/xfft.gen 
Command           ap_source done; 0.14 sec.
Execute           source /run/media/epetrakos/60GB/Xilinx/Vivado/2019.1/common/technology/xilinx/ip/xfir.gen 
Execute           source /run/media/epetrakos/60GB/Xilinx/Vivado/2019.1/common/technology/xilinx/common/dsp48.gen 
Command         ap_source done; 0.2 sec.
Command       ap_source done; 0.2 sec.
Execute       source /run/media/epetrakos/60GB/Xilinx/Vivado/2019.1/common/technology/xilinx/zynq/zynq_fpv6.gen 
Execute         source /run/media/epetrakos/60GB/Xilinx/Vivado/2019.1/common/technology/xilinx/common/xilinx_fp.gen 
INFO-FLOW: DBG:CMD:       initCTypeInfo top_module=myFuncAccel4 xml_exists=0
Execute       source /home/epetrakos/Documents/GitHub/HRY591-project/code/part2b/float-ilopoihsh/accel4/accel4_float/solution1/.autopilot/db/myFuncAccel4.rtl_wrap.cfg.tcl 
Execute       source /home/epetrakos/Documents/GitHub/HRY591-project/code/part2b/float-ilopoihsh/accel4/accel4_float/solution1/.autopilot/db/myFuncAccel4.rtl_wrap.cfg.tcl 
Execute       source /home/epetrakos/Documents/GitHub/HRY591-project/code/part2b/float-ilopoihsh/accel4/accel4_float/solution1/.autopilot/db/myFuncAccel4.rtl_wrap.cfg.tcl 
Execute       source /home/epetrakos/Documents/GitHub/HRY591-project/code/part2b/float-ilopoihsh/accel4/accel4_float/solution1/.autopilot/db/myFuncAccel4.tbgen.tcl 
Execute       source /home/epetrakos/Documents/GitHub/HRY591-project/code/part2b/float-ilopoihsh/accel4/accel4_float/solution1/.autopilot/db/myFuncAccel4.tbgen.tcl 
INFO-FLOW: DBG:CMD:       export_impl_rtl
INFO-FLOW: DBG:CMD:       generate_ip_cores sim=0 export=0 expOnly=0 dstVlogDir=impl/.verilog
Execute       source /home/epetrakos/Documents/GitHub/HRY591-project/code/part2b/float-ilopoihsh/accel4/accel4_float/solution1/.autopilot/db/global.setting.tcl 
Execute       source /home/epetrakos/Documents/GitHub/HRY591-project/code/part2b/float-ilopoihsh/accel4/accel4_float/solution1/.autopilot/db/myFuncAccel4.compgen.tcl 
Execute         ap_part_info -name xc7z020-clg484-1 -data names -quiet 
Execute         ap_part_info -name xc7z020-clg484-1 -data info -quiet 
Execute         ap_part_info -name xc7z020-clg484-1 -data names -quiet 
Execute         ap_part_info -name xc7z020-clg484-1 -data info -quiet 
Execute         ap_part_info -name xc7z020-clg484-1 -data names -quiet 
Execute         ap_part_info -name xc7z020-clg484-1 -data info -quiet 
INFO-FLOW: DBG:CMD:       generate_ip_cores sim=0 export=1 expOnly=1 dstVlogDir=impl/.pcores/verilog
Execute       source /home/epetrakos/Documents/GitHub/HRY591-project/code/part2b/float-ilopoihsh/accel4/accel4_float/solution1/.autopilot/db/global.setting.tcl 
Execute       source /home/epetrakos/Documents/GitHub/HRY591-project/code/part2b/float-ilopoihsh/accel4/accel4_float/solution1/.autopilot/db/myFuncAccel4.compgen.tcl 
Execute         ap_part_info -name xc7z020-clg484-1 -data names -quiet 
Execute         ap_part_info -name xc7z020-clg484-1 -data info -quiet 
Execute         ap_part_info -name xc7z020-clg484-1 -data names -quiet 
Execute         ap_part_info -name xc7z020-clg484-1 -data info -quiet 
Execute         ap_part_info -name xc7z020-clg484-1 -data names -quiet 
Execute         ap_part_info -name xc7z020-clg484-1 -data info -quiet 
Execute         ap_part_info -name xc7z020-clg484-1 -data names -quiet 
Execute         ap_part_info -name xc7z020-clg484-1 -data info -quiet 
Execute         ap_part_info -name xc7z020-clg484-1 -data names -quiet 
Execute         ap_part_info -name xc7z020-clg484-1 -data info -quiet 
Execute         ap_part_info -name xc7z020-clg484-1 -data names -quiet 
Execute         ap_part_info -name xc7z020-clg484-1 -data info -quiet 
Execute         ap_part_info -name xc7z020-clg484-1 -data names -quiet 
Execute         ap_part_info -name xc7z020-clg484-1 -data info -quiet 
Execute         ap_part_info -name xc7z020-clg484-1 -data names -quiet 
Execute         ap_part_info -name xc7z020-clg484-1 -data info -quiet 
Execute         ap_part_info -name xc7z020-clg484-1 -data names -quiet 
Execute         ap_part_info -name xc7z020-clg484-1 -data info -quiet 
Execute         ap_part_info -name xc7z020-clg484-1 -data names -quiet 
Execute         ap_part_info -name xc7z020-clg484-1 -data info -quiet 
Execute         ap_part_info -name xc7z020-clg484-1 -data names -quiet 
Execute         ap_part_info -name xc7z020-clg484-1 -data info -quiet 
Execute         ap_part_info -name xc7z020-clg484-1 -data names -quiet 
Execute         ap_part_info -name xc7z020-clg484-1 -data info -quiet 
Execute         ap_part_info -name xc7z020-clg484-1 -data names -quiet 
Execute         ap_part_info -name xc7z020-clg484-1 -data info -quiet 
Execute         ap_part_info -name xc7z020-clg484-1 -data names -quiet 
Execute         ap_part_info -name xc7z020-clg484-1 -data info -quiet 
Execute         ap_part_info -name xc7z020-clg484-1 -data names -quiet 
Execute         ap_part_info -name xc7z020-clg484-1 -data info -quiet 
Execute         ap_part_info -name xc7z020-clg484-1 -data names -quiet 
Execute         ap_part_info -name xc7z020-clg484-1 -data info -quiet 
Execute         ap_part_info -name xc7z020-clg484-1 -data names -quiet 
Execute         ap_part_info -name xc7z020-clg484-1 -data info -quiet 
Execute         ap_part_info -name xc7z020-clg484-1 -data names -quiet 
Execute         ap_part_info -name xc7z020-clg484-1 -data info -quiet 
Execute         ap_part_info -name xc7z020-clg484-1 -data names -quiet 
Execute         ap_part_info -name xc7z020-clg484-1 -data info -quiet 
Execute         ap_part_info -name xc7z020-clg484-1 -data names -quiet 
Execute         ap_part_info -name xc7z020-clg484-1 -data info -quiet 
Execute         ap_part_info -name xc7z020-clg484-1 -data names -quiet 
Execute         ap_part_info -name xc7z020-clg484-1 -data info -quiet 
Execute         ap_part_info -name xc7z020-clg484-1 -data names -quiet 
Execute         ap_part_info -name xc7z020-clg484-1 -data info -quiet 
Execute         ap_part_info -name xc7z020-clg484-1 -data names -quiet 
Execute         ap_part_info -name xc7z020-clg484-1 -data info -quiet 
Execute         ap_part_info -name xc7z020-clg484-1 -data names -quiet 
Execute         ap_part_info -name xc7z020-clg484-1 -data info -quiet 
Execute         ap_part_info -name xc7z020-clg484-1 -data names -quiet 
Execute         ap_part_info -name xc7z020-clg484-1 -data info -quiet 
Execute       ap_part_info -name xc7z020-clg484-1 -data names -quiet 
Execute       ap_part_info -name xc7z020-clg484-1 -data info -quiet 
INFO-FLOW: DBG:CMD:       generate_ip_cores sim=0 export=0 expOnly=0 dstVlogDir=impl/.pcores/verilog_sim
Execute       source /home/epetrakos/Documents/GitHub/HRY591-project/code/part2b/float-ilopoihsh/accel4/accel4_float/solution1/.autopilot/db/global.setting.tcl 
Execute       source /home/epetrakos/Documents/GitHub/HRY591-project/code/part2b/float-ilopoihsh/accel4/accel4_float/solution1/.autopilot/db/myFuncAccel4.compgen.tcl 
Execute       ap_part_info -name xc7z020-clg484-1 -data names -quiet 
Execute       ap_part_info -name xc7z020-clg484-1 -data info -quiet 
Execute       ap_part_info -name xc7z020-clg484-1 -data names -quiet 
Execute       ap_part_info -name xc7z020-clg484-1 -data info -quiet 
Execute       source /home/epetrakos/Documents/GitHub/HRY591-project/code/part2b/float-ilopoihsh/accel4/accel4_float/solution1/.autopilot/db/global.setting.tcl 
Execute       ap_part_info -name xc7z020-clg484-1 -data names -quiet 
Execute       ap_part_info -name xc7z020-clg484-1 -data info -quiet 
Execute       source /home/epetrakos/Documents/GitHub/HRY591-project/code/part2b/float-ilopoihsh/accel4/accel4_float/solution1/.autopilot/db/myFuncAccel4.constraint.tcl 
Execute       source /home/epetrakos/Documents/GitHub/HRY591-project/code/part2b/float-ilopoihsh/accel4/accel4_float/solution1/.autopilot/db/myFuncAccel4.tbgen.tcl 
INFO-FLOW: DBG:CMD:       hasPcoreIpAdapter=false #gSsdmPorts=42
INFO-FLOW: DBG:CMD: Skipping loadAnalyze_DB, #g_database=21
INFO-FLOW: DBG:CMD:       generate_json is_phase_csynth=1 g_has_adaptors=false generate_bd_files=1 #modelList=4 #gSsdmPorts=42
Execute       source /run/media/epetrakos/60GB/Xilinx/Vivado/2019.1/tps/tcl/tcllib1.11.1/fileutil/fileutil.tcl 
Execute       source /home/epetrakos/Documents/GitHub/HRY591-project/code/part2b/float-ilopoihsh/accel4/accel4_float/solution1/.autopilot/db/global.setting.tcl 
Execute       source /home/epetrakos/Documents/GitHub/HRY591-project/code/part2b/float-ilopoihsh/accel4/accel4_float/solution1/.autopilot/db/global.setting.tcl 
Execute       get_config_export -xo 
Execute       source /home/epetrakos/Documents/GitHub/HRY591-project/code/part2b/float-ilopoihsh/accel4/accel4_float/solution1/.autopilot/db/myFuncAccel4.tbgen.tcl 
Execute       source /home/epetrakos/Documents/GitHub/HRY591-project/code/part2b/float-ilopoihsh/accel4/accel4_float/solution1/.autopilot/db/myFuncAccel4.tbgen.tcl 
Execute       source /home/epetrakos/Documents/GitHub/HRY591-project/code/part2b/float-ilopoihsh/accel4/accel4_float/solution1/.autopilot/db/myFuncAccel4.tbgen.tcl 
Execute       source /home/epetrakos/Documents/GitHub/HRY591-project/code/part2b/float-ilopoihsh/accel4/accel4_float/solution1/.autopilot/db/global.setting.tcl 
Execute       get_config_sdx -target 
Execute       source /home/epetrakos/Documents/GitHub/HRY591-project/code/part2b/float-ilopoihsh/accel4/accel4_float/solution1/.autopilot/db/myFuncAccel4.rtl_wrap.cfg.tcl 
Execute       source /home/epetrakos/Documents/GitHub/HRY591-project/code/part2b/float-ilopoihsh/accel4/accel4_float/solution1/.autopilot/db/myFuncAccel4.compgen.dataonly.tcl 
Execute       source /home/epetrakos/Documents/GitHub/HRY591-project/code/part2b/float-ilopoihsh/accel4/accel4_float/solution1/.autopilot/db/global.setting.tcl 
Execute       ap_part_info -name xc7z020-clg484-1 -data names -quiet 
Execute       ap_part_info -name xc7z020-clg484-1 -data info -quiet 
Execute       source /home/epetrakos/Documents/GitHub/HRY591-project/code/part2b/float-ilopoihsh/accel4/accel4_float/solution1/.autopilot/db/myFuncAccel4.constraint.tcl 
Execute       sc_get_clocks myFuncAccel4 
Execute       ap_part_info -name xc7z020-clg484-1 -data names -quiet 
Execute       ap_part_info -name xc7z020-clg484-1 -data info -quiet 
Execute       source /home/epetrakos/Documents/GitHub/HRY591-project/code/part2b/float-ilopoihsh/accel4/accel4_float/solution1/.autopilot/db/global.setting.tcl 
Execute       get_config_debug -directory 
Execute       source /home/epetrakos/Documents/GitHub/HRY591-project/code/part2b/float-ilopoihsh/accel4/accel4_float/solution1/impl/misc/myFuncAccel4_ap_fadd_3_full_dsp_32_ip.tcl 
Execute       source /home/epetrakos/Documents/GitHub/HRY591-project/code/part2b/float-ilopoihsh/accel4/accel4_float/solution1/impl/misc/myFuncAccel4_ap_fcmp_0_no_dsp_32_ip.tcl 
Execute       source /home/epetrakos/Documents/GitHub/HRY591-project/code/part2b/float-ilopoihsh/accel4/accel4_float/solution1/impl/misc/myFuncAccel4_ap_fmul_2_max_dsp_32_ip.tcl 
Execute       source /home/epetrakos/Documents/GitHub/HRY591-project/code/part2b/float-ilopoihsh/accel4/accel4_float/solution1/.autopilot/db/myFuncAccel4.tbgen.tcl 
Execute       get_config_sdx -target 
Execute       get_config_sdx -profile 
Execute       get_config_rtl -kernel_profile 
Execute       get_config_rtl -stall_sig_gen 
Execute       get_config_rtl -profile 
INFO-FLOW: DBG:CMD: add_json_sdx_info kernel file does not exist, skipping opencl info: /home/epetrakos/Documents/GitHub/HRY591-project/code/part2b/float-ilopoihsh/accel4/accel4_float/solution1/.autopilot/db/kernel.internal.xml
INFO-FLOW: DBG:CMD:       delete-temp-dirs (skipped for debug)
INFO: [HLS 200-111] Finished generating all RTL models Time (s): cpu = 00:00:18 ; elapsed = 00:00:19 . Memory (MB): peak = 814.922 ; gain = 128.000 ; free physical = 1430 ; free virtual = 4171
INFO: [VHDL 208-304] Generating VHDL RTL for myFuncAccel4.
INFO: [VLOG 209-307] Generating Verilog RTL for myFuncAccel4.
Command     autosyn done; 3.91 sec.
Command   csynth_design done; 17.79 sec.
Command ap_source done; 18.97 sec.
Execute cleanup_all 
INFO-FLOW: Workspace /home/epetrakos/Documents/GitHub/HRY591-project/code/part2b/float-ilopoihsh/accel4/accel4_float/solution1 opened at Wed Nov 20 15:27:33 EET 2019
Execute     config_clock -quiet -name default -period 10 -default=false 
INFO: [SYN 201-201] Setting up clock 'default' with a period of 10ns.
Execute     open_platform DefaultPlatform 
Execute     import_lib /run/media/epetrakos/60GB/Xilinx/Vivado/2019.1/common/technology/xilinx/zynq/zynq 
Execute       source /run/media/epetrakos/60GB/Xilinx/Vivado/2019.1/common/technology/xilinx/common/xilinx.lib 
Execute         source /run/media/epetrakos/60GB/Xilinx/Vivado/2019.1/common/technology/xilinx/interface/xilinx_interface.lib 
Execute           source /run/media/epetrakos/60GB/Xilinx/Vivado/2019.1/common/technology/xilinx/interface/plb46.lib 
Execute           source /run/media/epetrakos/60GB/Xilinx/Vivado/2019.1/common/technology/xilinx/interface/fsl.lib 
Execute           source /run/media/epetrakos/60GB/Xilinx/Vivado/2019.1/common/technology/xilinx/interface/axi4.lib 
Execute           source /run/media/epetrakos/60GB/Xilinx/Vivado/2019.1/common/technology/xilinx/interface/maxi.lib 
Execute           source /run/media/epetrakos/60GB/Xilinx/Vivado/2019.1/common/technology/xilinx/interface/saxilite.lib 
Execute         source /run/media/epetrakos/60GB/Xilinx/Vivado/2019.1/common/technology/xilinx/common/dsp48.lib 
Execute         source /run/media/epetrakos/60GB/Xilinx/Vivado/2019.1/common/technology/xilinx/ip/xfft.lib 
Execute         source /run/media/epetrakos/60GB/Xilinx/Vivado/2019.1/common/technology/xilinx/ip/dds_compiler.lib 
Execute         source /run/media/epetrakos/60GB/Xilinx/Vivado/2019.1/common/technology/xilinx/ip/xfir.lib 
Execute       source /run/media/epetrakos/60GB/Xilinx/Vivado/2019.1/common/technology/xilinx/common/xilinx.hlp 
Execute         source /run/media/epetrakos/60GB/Xilinx/Vivado/2019.1/common/technology/xilinx/common/target_info.tcl 
Execute         source /run/media/epetrakos/60GB/Xilinx/Vivado/2019.1/common/technology/xilinx/interface/xilinx_interface.hlp 
Execute           source /run/media/epetrakos/60GB/Xilinx/Vivado/2019.1/common/technology/xilinx/interface/maxi.hlp 
Execute           source /run/media/epetrakos/60GB/Xilinx/Vivado/2019.1/common/technology/xilinx/interface/saxilite.hlp 
Execute         source /run/media/epetrakos/60GB/Xilinx/Vivado/2019.1/common/technology/xilinx/common/dsp48.hlp 
Execute       source /run/media/epetrakos/60GB/Xilinx/Vivado/2019.1/common/technology/xilinx/zynq/dsp48e1.hlp 
Execute       source /run/media/epetrakos/60GB/Xilinx/Vivado/2019.1/common/technology/xilinx/common/xilinx.hlp 
Execute         source /run/media/epetrakos/60GB/Xilinx/Vivado/2019.1/common/technology/xilinx/common/target_info.tcl 
Execute         source /run/media/epetrakos/60GB/Xilinx/Vivado/2019.1/common/technology/xilinx/interface/xilinx_interface.hlp 
Execute           source /run/media/epetrakos/60GB/Xilinx/Vivado/2019.1/common/technology/xilinx/interface/maxi.hlp 
Execute           source /run/media/epetrakos/60GB/Xilinx/Vivado/2019.1/common/technology/xilinx/interface/saxilite.hlp 
Execute         source /run/media/epetrakos/60GB/Xilinx/Vivado/2019.1/common/technology/xilinx/common/dsp48.hlp 
Execute     source /run/media/epetrakos/60GB/Xilinx/Vivado/2019.1/common/technology/xilinx/zynq/zynq.gen 
Execute       source /run/media/epetrakos/60GB/Xilinx/Vivado/2019.1/common/technology/xilinx/common/xilinx.gen 
Execute         source /run/media/epetrakos/60GB/Xilinx/Vivado/2019.1/common/technology/xilinx/interface/plb46.gen 
Execute         source /run/media/epetrakos/60GB/Xilinx/Vivado/2019.1/common/technology/xilinx/interface/fsl.gen 
Execute         source /run/media/epetrakos/60GB/Xilinx/Vivado/2019.1/common/technology/xilinx/interface/axi4.gen 
Execute         source /run/media/epetrakos/60GB/Xilinx/Vivado/2019.1/common/technology/xilinx/interface/nativeAXI4.gen 
Execute           source /run/media/epetrakos/60GB/Xilinx/Vivado/2019.1/common/technology/xilinx/interface/saxilite.gen 
Execute           source /run/media/epetrakos/60GB/Xilinx/Vivado/2019.1/common/technology/xilinx/interface/maxi.gen 
Execute         source /run/media/epetrakos/60GB/Xilinx/Vivado/2019.1/common/technology/xilinx/scripts/xilinxcoregen.gen 
Execute         source /run/media/epetrakos/60GB/Xilinx/Vivado/2019.1/common/technology/xilinx/interface/XilEDKCoreGen.gen 
Execute         source /run/media/epetrakos/60GB/Xilinx/Vivado/2019.1/common/technology/xilinx/ip/dds_compiler.gen 
Execute         source /run/media/epetrakos/60GB/Xilinx/Vivado/2019.1/common/technology/xilinx/ip/util.gen 
Execute         source /run/media/epetrakos/60GB/Xilinx/Vivado/2019.1/common/technology/xilinx/ip/xfft.gen 
Command         ap_source done; 0.12 sec.
Execute         source /run/media/epetrakos/60GB/Xilinx/Vivado/2019.1/common/technology/xilinx/ip/xfir.gen 
Execute         source /run/media/epetrakos/60GB/Xilinx/Vivado/2019.1/common/technology/xilinx/common/dsp48.gen 
Command       ap_source done; 0.17 sec.
Command     ap_source done; 0.17 sec.
Execute     open_platform DefaultPlatform 
Execute     import_lib /run/media/epetrakos/60GB/Xilinx/Vivado/2019.1/common/technology/xilinx/zynq/zynq_fpv6 
Execute       source /run/media/epetrakos/60GB/Xilinx/Vivado/2019.1/common/technology/xilinx/common/xilinx_fp.lib 
Execute       source /run/media/epetrakos/60GB/Xilinx/Vivado/2019.1/common/technology/xilinx/common/xilinx_fp.hlp 
Execute         source /run/media/epetrakos/60GB/Xilinx/Vivado/2019.1/common/technology/xilinx/common/xilinx.hlp 
Execute           source /run/media/epetrakos/60GB/Xilinx/Vivado/2019.1/common/technology/xilinx/common/target_info.tcl 
Execute           source /run/media/epetrakos/60GB/Xilinx/Vivado/2019.1/common/technology/xilinx/interface/xilinx_interface.hlp 
Execute             source /run/media/epetrakos/60GB/Xilinx/Vivado/2019.1/common/technology/xilinx/interface/maxi.hlp 
Execute             source /run/media/epetrakos/60GB/Xilinx/Vivado/2019.1/common/technology/xilinx/interface/saxilite.hlp 
Execute           source /run/media/epetrakos/60GB/Xilinx/Vivado/2019.1/common/technology/xilinx/common/dsp48.hlp 
Execute     source /run/media/epetrakos/60GB/Xilinx/Vivado/2019.1/common/technology/xilinx/zynq/zynq_fpv6.gen 
Execute       source /run/media/epetrakos/60GB/Xilinx/Vivado/2019.1/common/technology/xilinx/common/xilinx_fp.gen 
Execute     set_part xc7z020-clg484-1 
Execute       ap_part_info -name xc7z020-clg484-1 -data single -quiet 
Command       ap_part_info done; 0.57 sec.
Execute       ap_part_info -name xc7z020-clg484-1 -data info 
Execute       add_library xilinx/zynq/zynq:xc7z020:-clg484:-1 
Execute         get_default_platform 
Execute         license_isbetapart xc7z020 
Command         license_isbetapart done; error code: 1; 
Execute         ap_part_info -data single -name xc7z020-clg484-1 
Execute         ap_part_info -name xc7z020-clg484-1 -data resources 
Execute         ap_part_info -name xc7z020-clg484-1 -data info 
Execute         ap_part_info -name xc7z020-clg484-1 -data info 
Execute         config_chip_info -quiet -resource {SLICE 13300} {LUT 53200} {FF 106400} {DSP48E 220} {BRAM 280} {URAM 0} 
Execute         ap_part_info -name xc7z020-clg484-1 -data info 
Execute         config_chip_info -quiet -speed slow 
Execute       add_library xilinx/zynq/zynq_fpv6 
Execute         get_default_platform 
INFO: [HLS 200-10] Setting target device to 'xc7z020-clg484-1'
Execute       ap_part_info -name xc7z020-clg484-1 -data info 
Execute       get_default_platform 
Command     set_part done; 0.73 sec.
Execute     ap_part_info -data single -name xc7z020-clg484-1 
Execute     ap_part_info -name xc7z020-clg484-1 -data resources 
Execute     ap_part_info -name xc7z020-clg484-1 -data info 
Execute     ap_part_info -name xc7z020-clg484-1 -data info 
Execute     config_chip_info -quiet -resource {SLICE 13300} {LUT 53200} {FF 106400} {DSP48E 220} {BRAM 280} {URAM 0} 
Execute     ap_part_info -name xc7z020-clg484-1 -data info 
Execute     config_chip_info -quiet -speed slow 
Command   open_solution done; 0.95 sec.
Execute   cosim_design -trace_level all -argv 0 1000 4 100 
Execute     source /home/epetrakos/Documents/GitHub/HRY591-project/code/part2b/float-ilopoihsh/accel4/accel4_float/solution1/.autopilot/db/global.setting.tcl 
Execute     source /home/epetrakos/Documents/GitHub/HRY591-project/code/part2b/float-ilopoihsh/accel4/accel4_float/solution1/.autopilot/db/global.setting.tcl 
Execute     source /home/epetrakos/Documents/GitHub/HRY591-project/code/part2b/float-ilopoihsh/accel4/accel4_float/solution1/.autopilot/db/global.setting.tcl 
INFO-FLOW: DBG:CMD: read_platform_lib /home/epetrakos/Documents/GitHub/HRY591-project/code/part2b/float-ilopoihsh/accel4/accel4_float/solution1/.autopilot/db/global.setting.tcl
Execute     source /run/media/epetrakos/60GB/Xilinx/Vivado/2019.1/common/technology/generic/autopilot/common.gen 
Execute       source /run/media/epetrakos/60GB/Xilinx/Vivado/2019.1/common/technology/generic/autopilot/APCoreGen.gen 
Execute     source /run/media/epetrakos/60GB/Xilinx/Vivado/2019.1/common/technology/generic/autopilot/op.gen 
Execute     source /run/media/epetrakos/60GB/Xilinx/Vivado/2019.1/common/technology/generic/autopilot/op_simcore.gen 
Execute     source /run/media/epetrakos/60GB/Xilinx/Vivado/2019.1/common/technology/generic/autopilot/interface.gen 
Execute     source /home/epetrakos/Documents/GitHub/HRY591-project/code/part2b/float-ilopoihsh/accel4/accel4_float/solution1/.autopilot/db/global.setting.tcl 
Execute     source /run/media/epetrakos/60GB/Xilinx/Vivado/2019.1/common/technology/xilinx/zynq/zynq.gen 
Execute       source /run/media/epetrakos/60GB/Xilinx/Vivado/2019.1/common/technology/xilinx/common/xilinx.gen 
Execute         source /run/media/epetrakos/60GB/Xilinx/Vivado/2019.1/common/technology/xilinx/interface/plb46.gen 
Execute         source /run/media/epetrakos/60GB/Xilinx/Vivado/2019.1/common/technology/xilinx/interface/fsl.gen 
Execute         source /run/media/epetrakos/60GB/Xilinx/Vivado/2019.1/common/technology/xilinx/interface/axi4.gen 
Execute         source /run/media/epetrakos/60GB/Xilinx/Vivado/2019.1/common/technology/xilinx/interface/nativeAXI4.gen 
Execute           source /run/media/epetrakos/60GB/Xilinx/Vivado/2019.1/common/technology/xilinx/interface/saxilite.gen 
Execute           source /run/media/epetrakos/60GB/Xilinx/Vivado/2019.1/common/technology/xilinx/interface/maxi.gen 
Execute         source /run/media/epetrakos/60GB/Xilinx/Vivado/2019.1/common/technology/xilinx/scripts/xilinxcoregen.gen 
Execute         source /run/media/epetrakos/60GB/Xilinx/Vivado/2019.1/common/technology/xilinx/interface/XilEDKCoreGen.gen 
Execute         source /run/media/epetrakos/60GB/Xilinx/Vivado/2019.1/common/technology/xilinx/ip/dds_compiler.gen 
Execute         source /run/media/epetrakos/60GB/Xilinx/Vivado/2019.1/common/technology/xilinx/ip/util.gen 
Execute         source /run/media/epetrakos/60GB/Xilinx/Vivado/2019.1/common/technology/xilinx/ip/xfft.gen 
Command         ap_source done; 0.13 sec.
Execute         source /run/media/epetrakos/60GB/Xilinx/Vivado/2019.1/common/technology/xilinx/ip/xfir.gen 
Execute         source /run/media/epetrakos/60GB/Xilinx/Vivado/2019.1/common/technology/xilinx/common/dsp48.gen 
Command       ap_source done; 0.18 sec.
Command     ap_source done; 0.18 sec.
Execute     source /run/media/epetrakos/60GB/Xilinx/Vivado/2019.1/common/technology/xilinx/zynq/zynq_fpv6.gen 
Execute       source /run/media/epetrakos/60GB/Xilinx/Vivado/2019.1/common/technology/xilinx/common/xilinx_fp.gen 
INFO-FLOW: DBG:CMD:   using AESL_AUTOCG::g_clock_period=10.000 (was NA)
Execute     ap_part_info -name xc7z020-clg484-1 -data names -quiet 
Execute     ap_part_info -name xc7z020-clg484-1 -data info -quiet 
Execute     source /home/epetrakos/Documents/GitHub/HRY591-project/code/part2b/float-ilopoihsh/accel4/accel4_float/solution1/.autopilot/db/global.setting.tcl 
Execute     source /home/epetrakos/Documents/GitHub/HRY591-project/code/part2b/float-ilopoihsh/accel4/accel4_float/solution1/.autopilot/db/myFuncAccel4.rtl_wrap.cfg.tcl 
Execute     source /home/epetrakos/Documents/GitHub/HRY591-project/code/part2b/float-ilopoihsh/accel4/accel4_float/solution1/.autopilot/db/myFuncAccel4.tbgen.tcl 
Execute     is_encrypted /home/epetrakos/Documents/GitHub/HRY591-project/code/part2b/float-ilopoihsh/accel4/main.c 
Execute     is_encrypted /home/epetrakos/Documents/GitHub/HRY591-project/code/part2b/float-ilopoihsh/accel4/myIP.c 
Execute     source /home/epetrakos/Documents/GitHub/HRY591-project/code/part2b/float-ilopoihsh/accel4/accel4_float/solution1/.autopilot/db/myFuncAccel4.tbgen.tcl 
Execute     source /home/epetrakos/Documents/GitHub/HRY591-project/code/part2b/float-ilopoihsh/accel4/accel4_float/solution1/.autopilot/db/myFuncAccel4.tbgen.tcl 
INFO: [COSIM 212-47] Using XSIM for RTL simulation.
INFO: [COSIM 212-14] Instrumenting C test bench ...
Execute     ap_part_info -name xc7z020-clg484-1 -data info 
INFO-FLOW: TB processing: /home/epetrakos/Documents/GitHub/HRY591-project/code/part2b/float-ilopoihsh/accel4/main.c /home/epetrakos/Documents/GitHub/HRY591-project/code/part2b/float-ilopoihsh/accel4/accel4_float/solution1/./sim/autowrap/testbench/main.c_pre.c
Execute     tidy_31 xilinx-tb-xfmat /home/epetrakos/Documents/GitHub/HRY591-project/code/part2b/float-ilopoihsh/accel4/accel4_float/solution1/./sim/autowrap/testbench/main.c_pre.c std=gnu89 
INFO-FLOW: exec /run/media/epetrakos/60GB/Xilinx/Vivado/2019.1/lnx64/tools/clang-3.9-csynth/bin/tidy-3.1 -header-filter=.* -checks=-*,xilinx-tb-xfmat -quiet -fix-errors /home/epetrakos/Documents/GitHub/HRY591-project/code/part2b/float-ilopoihsh/accel4/accel4_float/solution1/./sim/autowrap/testbench/main.c_pre.c -- -std=gnu89 -fhls -ferror-limit=0
Execute     tidy_31 xilinx-tb31-process /home/epetrakos/Documents/GitHub/HRY591-project/code/part2b/float-ilopoihsh/accel4/accel4_float/solution1/./sim/autowrap/testbench/main.c_pre.c.tb.c std=gnu89 
INFO-FLOW: exec /run/media/epetrakos/60GB/Xilinx/Vivado/2019.1/lnx64/tools/clang-3.9-csynth/bin/tidy-3.1 -header-filter=.* -checks=-*,xilinx-tb31-process -quiet -fix-errors /home/epetrakos/Documents/GitHub/HRY591-project/code/part2b/float-ilopoihsh/accel4/accel4_float/solution1/./sim/autowrap/testbench/main.c_pre.c.tb.c -- -std=gnu89 -fhls -ferror-limit=0
Execute     ap_part_info -name xc7z020-clg484-1 -data info 
INFO-FLOW: TB processing: /home/epetrakos/Documents/GitHub/HRY591-project/code/part2b/float-ilopoihsh/accel4/myIP.c /home/epetrakos/Documents/GitHub/HRY591-project/code/part2b/float-ilopoihsh/accel4/accel4_float/solution1/./sim/autowrap/testbench/myIP.c_pre.c
Execute     tidy_31 xilinx-tb-xfmat /home/epetrakos/Documents/GitHub/HRY591-project/code/part2b/float-ilopoihsh/accel4/accel4_float/solution1/./sim/autowrap/testbench/myIP.c_pre.c std=gnu89 
INFO-FLOW: exec /run/media/epetrakos/60GB/Xilinx/Vivado/2019.1/lnx64/tools/clang-3.9-csynth/bin/tidy-3.1 -header-filter=.* -checks=-*,xilinx-tb-xfmat -quiet -fix-errors /home/epetrakos/Documents/GitHub/HRY591-project/code/part2b/float-ilopoihsh/accel4/accel4_float/solution1/./sim/autowrap/testbench/myIP.c_pre.c -- -std=gnu89 -fhls -ferror-limit=0
Execute     tidy_31 xilinx-tb31-process /home/epetrakos/Documents/GitHub/HRY591-project/code/part2b/float-ilopoihsh/accel4/accel4_float/solution1/./sim/autowrap/testbench/myIP.c_pre.c.tb.c std=gnu89 
INFO-FLOW: exec /run/media/epetrakos/60GB/Xilinx/Vivado/2019.1/lnx64/tools/clang-3.9-csynth/bin/tidy-3.1 -header-filter=.* -checks=-*,xilinx-tb31-process -quiet -fix-errors /home/epetrakos/Documents/GitHub/HRY591-project/code/part2b/float-ilopoihsh/accel4/accel4_float/solution1/./sim/autowrap/testbench/myIP.c_pre.c.tb.c -- -std=gnu89 -fhls -ferror-limit=0
Execute     source /home/epetrakos/Documents/GitHub/HRY591-project/code/part2b/float-ilopoihsh/accel4/accel4_float/solution1/./sim/autowrap/testbench/tb.status.tcl 
Execute     source /home/epetrakos/Documents/GitHub/HRY591-project/code/part2b/float-ilopoihsh/accel4/accel4_float/solution1/.autopilot/db/global.setting.tcl 
Execute     source /home/epetrakos/Documents/GitHub/HRY591-project/code/part2b/float-ilopoihsh/accel4/accel4_float/solution1/.autopilot/db/myFuncAccel4.rtl_wrap.cfg.tcl 
Execute     source /home/epetrakos/Documents/GitHub/HRY591-project/code/part2b/float-ilopoihsh/accel4/accel4_float/solution1/.autopilot/db/myFuncAccel4.rtl_wrap.cfg.tcl 
Execute     source /home/epetrakos/Documents/GitHub/HRY591-project/code/part2b/float-ilopoihsh/accel4/accel4_float/solution1/.autopilot/db/myFuncAccel4.rtl_wrap.cfg.tcl 
Execute     source /home/epetrakos/Documents/GitHub/HRY591-project/code/part2b/float-ilopoihsh/accel4/accel4_float/solution1/.autopilot/db/myFuncAccel4.tbgen.tcl 
Execute     source /home/epetrakos/Documents/GitHub/HRY591-project/code/part2b/float-ilopoihsh/accel4/accel4_float/solution1/.autopilot/db/myFuncAccel4.tbgen.tcl 
Execute     ap_part_info -name xc7z020-clg484-1 -data info 
Execute     source /home/epetrakos/Documents/GitHub/HRY591-project/code/part2b/float-ilopoihsh/accel4/accel4_float/solution1/.autopilot/db/myFuncAccel4.rtl_wrap.cfg.tcl 
Execute     source .run_sim.tcl 
INFO: [COSIM 212-302] Starting C TB testing ... 
Command     ap_source done; 0.46 sec.
INFO: [COSIM 212-333] Generating C post check test bench ...
Execute     ap_part_info -name xc7z020-clg484-1 -data info 
Execute     source /home/epetrakos/Documents/GitHub/HRY591-project/code/part2b/float-ilopoihsh/accel4/accel4_float/solution1/.autopilot/db/myFuncAccel4.rtl_wrap.cfg.tcl 
INFO: [COSIM 212-12] Generating RTL test bench ...
Execute     source /home/epetrakos/Documents/GitHub/HRY591-project/code/part2b/float-ilopoihsh/accel4/accel4_float/solution1/.autopilot/db/myFuncAccel4.tbgen.tcl 
Execute     source /home/epetrakos/Documents/GitHub/HRY591-project/code/part2b/float-ilopoihsh/accel4/accel4_float/solution1/.autopilot/db/myFuncAccel4.tbgen.tcl 
Execute     source /home/epetrakos/Documents/GitHub/HRY591-project/code/part2b/float-ilopoihsh/accel4/accel4_float/solution1/.autopilot/db/myFuncAccel4.tbgen.tcl 
Execute     source /home/epetrakos/Documents/GitHub/HRY591-project/code/part2b/float-ilopoihsh/accel4/accel4_float/solution1/.autopilot/db/myFuncAccel4.tbgen.tcl 
Execute     source ../tv/cdatafile/ref.tcl 
Execute     source /home/epetrakos/Documents/GitHub/HRY591-project/code/part2b/float-ilopoihsh/accel4/accel4_float/solution1/.autopilot/db/myFuncAccel4.tbgen.tcl 
Execute     source /home/epetrakos/Documents/GitHub/HRY591-project/code/part2b/float-ilopoihsh/accel4/accel4_float/solution1/.autopilot/db/myFuncAccel4.tbgen.tcl 
Execute     source /home/epetrakos/Documents/GitHub/HRY591-project/code/part2b/float-ilopoihsh/accel4/accel4_float/solution1/.autopilot/db/myFuncAccel4.tbgen.tcl 
Execute     source /home/epetrakos/Documents/GitHub/HRY591-project/code/part2b/float-ilopoihsh/accel4/accel4_float/solution1/.autopilot/db/myFuncAccel4.tbgen.tcl 
Execute     source /home/epetrakos/Documents/GitHub/HRY591-project/code/part2b/float-ilopoihsh/accel4/accel4_float/solution1/.autopilot/db/myFuncAccel4.tbgen.tcl 
Execute     source /home/epetrakos/Documents/GitHub/HRY591-project/code/part2b/float-ilopoihsh/accel4/accel4_float/solution1/.autopilot/db/myFuncAccel4.tbgen.tcl 
Execute     source /home/epetrakos/Documents/GitHub/HRY591-project/code/part2b/float-ilopoihsh/accel4/accel4_float/solution1/.autopilot/db/myFuncAccel4.tbgen.tcl 
Execute     source /home/epetrakos/Documents/GitHub/HRY591-project/code/part2b/float-ilopoihsh/accel4/accel4_float/solution1/.autopilot/db/myFuncAccel4.tbgen.tcl 
Execute     source /home/epetrakos/Documents/GitHub/HRY591-project/code/part2b/float-ilopoihsh/accel4/accel4_float/solution1/.autopilot/db/myFuncAccel4.tbgen.tcl 
Execute     source /home/epetrakos/Documents/GitHub/HRY591-project/code/part2b/float-ilopoihsh/accel4/accel4_float/solution1/.autopilot/db/myFuncAccel4.tbgen.tcl 
Execute     source /home/epetrakos/Documents/GitHub/HRY591-project/code/part2b/float-ilopoihsh/accel4/accel4_float/solution1/.autopilot/db/myFuncAccel4.tbgen.tcl 
Execute     source /home/epetrakos/Documents/GitHub/HRY591-project/code/part2b/float-ilopoihsh/accel4/accel4_float/solution1/.autopilot/db/myFuncAccel4.tbgen.tcl 
Execute     source /home/epetrakos/Documents/GitHub/HRY591-project/code/part2b/float-ilopoihsh/accel4/accel4_float/solution1/.autopilot/db/myFuncAccel4.tbgen.tcl 
Execute     source /home/epetrakos/Documents/GitHub/HRY591-project/code/part2b/float-ilopoihsh/accel4/accel4_float/solution1/.autopilot/db/myFuncAccel4.tbgen.tcl 
Execute     source /home/epetrakos/Documents/GitHub/HRY591-project/code/part2b/float-ilopoihsh/accel4/accel4_float/solution1/.autopilot/db/myFuncAccel4.tbgen.tcl 
Execute     source /home/epetrakos/Documents/GitHub/HRY591-project/code/part2b/float-ilopoihsh/accel4/accel4_float/solution1/.autopilot/db/myFuncAccel4.tbgen.tcl 
Execute     source ../tv/cdatafile/ref.tcl 
Execute     source /home/epetrakos/Documents/GitHub/HRY591-project/code/part2b/float-ilopoihsh/accel4/accel4_float/solution1/.autopilot/db/myFuncAccel4.tbgen.tcl 
Execute     source /home/epetrakos/Documents/GitHub/HRY591-project/code/part2b/float-ilopoihsh/accel4/accel4_float/solution1/.autopilot/db/myFuncAccel4.tbgen.tcl 
Execute     source /home/epetrakos/Documents/GitHub/HRY591-project/code/part2b/float-ilopoihsh/accel4/accel4_float/solution1/.autopilot/db/myFuncAccel4.tbgen.tcl 
Execute     source /home/epetrakos/Documents/GitHub/HRY591-project/code/part2b/float-ilopoihsh/accel4/accel4_float/solution1/.autopilot/db/myFuncAccel4.tbgen.tcl 
Execute     source /home/epetrakos/Documents/GitHub/HRY591-project/code/part2b/float-ilopoihsh/accel4/accel4_float/solution1/.autopilot/db/myFuncAccel4.tbgen.tcl 
Execute     source /home/epetrakos/Documents/GitHub/HRY591-project/code/part2b/float-ilopoihsh/accel4/accel4_float/solution1/.autopilot/db/myFuncAccel4.tbgen.tcl 
Execute     source /home/epetrakos/Documents/GitHub/HRY591-project/code/part2b/float-ilopoihsh/accel4/accel4_float/solution1/.autopilot/db/myFuncAccel4.tbgen.tcl 
Execute     source /home/epetrakos/Documents/GitHub/HRY591-project/code/part2b/float-ilopoihsh/accel4/accel4_float/solution1/.autopilot/db/myFuncAccel4.tbgen.tcl 
Execute     source /home/epetrakos/Documents/GitHub/HRY591-project/code/part2b/float-ilopoihsh/accel4/accel4_float/solution1/.autopilot/db/myFuncAccel4.tbgen.tcl 
Execute     source /home/epetrakos/Documents/GitHub/HRY591-project/code/part2b/float-ilopoihsh/accel4/accel4_float/solution1/.autopilot/db/myFuncAccel4.tbgen.tcl 
Execute     source /home/epetrakos/Documents/GitHub/HRY591-project/code/part2b/float-ilopoihsh/accel4/accel4_float/solution1/.autopilot/db/myFuncAccel4.tbgen.tcl 
Execute     ap_part_info -name xc7z020-clg484-1 -data names -quiet 
Execute     ap_part_info -name xc7z020-clg484-1 -data info -quiet 
Execute     source /home/epetrakos/Documents/GitHub/HRY591-project/code/part2b/float-ilopoihsh/accel4/accel4_float/solution1/.autopilot/db/myFuncAccel4.tbgen.tcl 
INFO: [COSIM 212-1] *** C/RTL co-simulation file generation completed. ***
Execute     source .run_sim.tcl 
Execute       source check_sim.tcl 
Execute       source .sim.status.tcl 
INFO: [COSIM 212-323] Starting verilog simulation. 
INFO: [COSIM 212-15] Starting XSIM ...
INFO: [COSIM 212-316] Starting C post checking ...
Command     ap_source done; 53.8 sec.
INFO: [COSIM 212-1000] *** C/RTL co-simulation finished: PASS ***
INFO: [COSIM 212-211] II is measurable only when transaction number is greater than 1 in RTL simulation. Otherwise, they will be marked as all NA. If user wants to calculate them, please make sure there are at least 2 transactions in RTL simulation.
Command   cosim_design done; 118.22 sec.
Command ap_source done; 119.18 sec.
Execute cleanup_all 
