INFO: [HLS 200-10] Running '/run/media/epetrakos/60GB/Xilinx/Vivado/2019.1/bin/unwrapped/lnx64.o/vivado_hls'
INFO: [HLS 200-10] For user 'epetrakos' on host 'tower-pc' (Linux_x86_64 version 5.2.21-1-MANJARO) on Mon Oct 28 16:10:09 EET 2019
INFO: [HLS 200-10] On os "Manjaro Linux"
INFO: [HLS 200-10] In directory '/home/epetrakos/Documents/GitHub/HRY591-project/code/part1'
Sourcing Tcl script '/home/epetrakos/Documents/GitHub/HRY591-project/code/part1/project/solution1/csim.tcl'
INFO: [HLS 200-10] Opening project '/home/epetrakos/Documents/GitHub/HRY591-project/code/part1/project'.
INFO: [HLS 200-10] Opening solution '/home/epetrakos/Documents/GitHub/HRY591-project/code/part1/project/solution1'.
INFO: [SYN 201-201] Setting up clock 'default' with a period of 10ns.
WARNING: [HLS 200-40] Cannot find library '/run/media/epetrakos/60GB/Xilinx/Vivado/2019.1/common/technology/xilinx/Zynq-7000/Zynq-7000.lib'.
WARNING: [HLS 200-40] Cannot find library 'xilinx/Zynq-7000/Zynq-7000'.
INFO: [HLS 200-10] Setting target device to 'xc7z010i-clg225-1L'
INFO: [SIM 211-2] *************** CSIM start ***************
INFO: [SIM 211-4] CSIM will launch GCC as the compiler.
   Compiling(apcc) ../../../../main.c in debug mode
INFO: [HLS 200-10] Running '/run/media/epetrakos/60GB/Xilinx/Vivado/2019.1/bin/unwrapped/lnx64.o/apcc'
INFO: [HLS 200-10] For user 'epetrakos' on host 'tower-pc' (Linux_x86_64 version 5.2.21-1-MANJARO) on Mon Oct 28 16:10:14 EET 2019
INFO: [HLS 200-10] On os "Manjaro Linux"
INFO: [HLS 200-10] In directory '/home/epetrakos/Documents/GitHub/HRY591-project/code/part1/project/solution1/csim/build'
INFO: [APCC 202-3] Tmp directory is /tmp/apcc_db_epetrakos/131831572271814558654
INFO: [APCC 202-1] APCC is done.
   Generating csim.exe

Seed 0
Size 10
Dimension 4
Threshold 100.000000

Software execution time: 0.000014
Hardware execution time: 0.000014

no errors

INFO: [SIM 211-1] CSim done with 0 errors.
INFO: [SIM 211-3] *************** CSIM finish ***************
