#-----------------------------------------------------------
# xsim v2019.1 (64-bit)
# SW Build 2552052 on Fri May 24 14:47:09 MDT 2019
# IP Build 2548770 on Fri May 24 18:01:18 MDT 2019
# Start of session at: Wed Nov 20 15:18:21 2019
# Process ID: 12223
# Current directory: /home/epetrakos/Documents/GitHub/HRY591-project/code/part2b/fixed-ilopoihsh/accel4/accel4_fixed/solution1/sim/verilog
# Command line: xsim -mode tcl -source {xsim.dir/myFuncAccel4/xsim_script.tcl}
# Log file: /home/epetrakos/Documents/GitHub/HRY591-project/code/part2b/fixed-ilopoihsh/accel4/accel4_fixed/solution1/sim/verilog/xsim.log
# Journal file: /home/epetrakos/Documents/GitHub/HRY591-project/code/part2b/fixed-ilopoihsh/accel4/accel4_fixed/solution1/sim/verilog/xsim.jou
#-----------------------------------------------------------
source xsim.dir/myFuncAccel4/xsim_script.tcl
# xsim {myFuncAccel4} -autoloadwcfg -tclbatch {myFuncAccel4.tcl}
Vivado Simulator 2019.1
Time resolution is 1 ps
source myFuncAccel4.tcl
## log_wave -r /
WARNING: [Simtcl 6-197] One or more HDL objects could not be logged because of object type or size limitations.  To see details please rerun the command with -verbose (-v).
## set designtopgroup [add_wave_group "Design Top Signals"]
## set coutputgroup [add_wave_group "C Outputs" -into $designtopgroup]
## set data_out_group [add_wave_group data_out(bus) -into $coutputgroup]
## add_wave /apatb_myFuncAccel4_top/AESL_inst_myFuncAccel4/data_out_V_size -into $data_out_group -radix hex
## add_wave /apatb_myFuncAccel4_top/AESL_inst_myFuncAccel4/data_out_V_dataout -into $data_out_group -radix hex
## add_wave /apatb_myFuncAccel4_top/AESL_inst_myFuncAccel4/data_out_V_datain -into $data_out_group -radix hex
## add_wave /apatb_myFuncAccel4_top/AESL_inst_myFuncAccel4/data_out_V_address -into $data_out_group -radix hex
## add_wave /apatb_myFuncAccel4_top/AESL_inst_myFuncAccel4/data_out_V_rsp_read -into $data_out_group -color #ffff00 -radix hex
## add_wave /apatb_myFuncAccel4_top/AESL_inst_myFuncAccel4/data_out_V_rsp_empty_n -into $data_out_group -color #ffff00 -radix hex
## add_wave /apatb_myFuncAccel4_top/AESL_inst_myFuncAccel4/data_out_V_req_write -into $data_out_group -color #ffff00 -radix hex
## add_wave /apatb_myFuncAccel4_top/AESL_inst_myFuncAccel4/data_out_V_req_full_n -into $data_out_group -color #ffff00 -radix hex
## add_wave /apatb_myFuncAccel4_top/AESL_inst_myFuncAccel4/data_out_V_req_din -into $data_out_group -radix hex
## set cinputgroup [add_wave_group "C Inputs" -into $designtopgroup]
## set data1_group [add_wave_group data1(bus) -into $cinputgroup]
## add_wave /apatb_myFuncAccel4_top/AESL_inst_myFuncAccel4/data1_V_size -into $data1_group -radix hex
## add_wave /apatb_myFuncAccel4_top/AESL_inst_myFuncAccel4/data1_V_dataout -into $data1_group -radix hex
## add_wave /apatb_myFuncAccel4_top/AESL_inst_myFuncAccel4/data1_V_datain -into $data1_group -radix hex
## add_wave /apatb_myFuncAccel4_top/AESL_inst_myFuncAccel4/data1_V_address -into $data1_group -radix hex
## add_wave /apatb_myFuncAccel4_top/AESL_inst_myFuncAccel4/data1_V_rsp_read -into $data1_group -color #ffff00 -radix hex
## add_wave /apatb_myFuncAccel4_top/AESL_inst_myFuncAccel4/data1_V_rsp_empty_n -into $data1_group -color #ffff00 -radix hex
## add_wave /apatb_myFuncAccel4_top/AESL_inst_myFuncAccel4/data1_V_req_write -into $data1_group -color #ffff00 -radix hex
## add_wave /apatb_myFuncAccel4_top/AESL_inst_myFuncAccel4/data1_V_req_full_n -into $data1_group -color #ffff00 -radix hex
## add_wave /apatb_myFuncAccel4_top/AESL_inst_myFuncAccel4/data1_V_req_din -into $data1_group -radix hex
## set data0_group [add_wave_group data0(wire) -into $cinputgroup]
## add_wave /apatb_myFuncAccel4_top/AESL_inst_myFuncAccel4/data0_15_V -into $data0_group -radix hex
## add_wave /apatb_myFuncAccel4_top/AESL_inst_myFuncAccel4/data0_14_V -into $data0_group -radix hex
## add_wave /apatb_myFuncAccel4_top/AESL_inst_myFuncAccel4/data0_13_V -into $data0_group -radix hex
## add_wave /apatb_myFuncAccel4_top/AESL_inst_myFuncAccel4/data0_12_V -into $data0_group -radix hex
## add_wave /apatb_myFuncAccel4_top/AESL_inst_myFuncAccel4/data0_11_V -into $data0_group -radix hex
## add_wave /apatb_myFuncAccel4_top/AESL_inst_myFuncAccel4/data0_10_V -into $data0_group -radix hex
## add_wave /apatb_myFuncAccel4_top/AESL_inst_myFuncAccel4/data0_9_V -into $data0_group -radix hex
## add_wave /apatb_myFuncAccel4_top/AESL_inst_myFuncAccel4/data0_8_V -into $data0_group -radix hex
## add_wave /apatb_myFuncAccel4_top/AESL_inst_myFuncAccel4/data0_7_V -into $data0_group -radix hex
## add_wave /apatb_myFuncAccel4_top/AESL_inst_myFuncAccel4/data0_6_V -into $data0_group -radix hex
## add_wave /apatb_myFuncAccel4_top/AESL_inst_myFuncAccel4/data0_5_V -into $data0_group -radix hex
## add_wave /apatb_myFuncAccel4_top/AESL_inst_myFuncAccel4/data0_4_V -into $data0_group -radix hex
## add_wave /apatb_myFuncAccel4_top/AESL_inst_myFuncAccel4/data0_3_V -into $data0_group -radix hex
## add_wave /apatb_myFuncAccel4_top/AESL_inst_myFuncAccel4/data0_2_V -into $data0_group -radix hex
## add_wave /apatb_myFuncAccel4_top/AESL_inst_myFuncAccel4/data0_1_V -into $data0_group -radix hex
## add_wave /apatb_myFuncAccel4_top/AESL_inst_myFuncAccel4/data0_0_V -into $data0_group -radix hex
## set threshold_group [add_wave_group threshold(wire) -into $cinputgroup]
## add_wave /apatb_myFuncAccel4_top/AESL_inst_myFuncAccel4/threshold_V -into $threshold_group -radix hex
## set dim_group [add_wave_group dim(wire) -into $cinputgroup]
## add_wave /apatb_myFuncAccel4_top/AESL_inst_myFuncAccel4/dim -into $dim_group -radix hex
## set size_group [add_wave_group size(wire) -into $cinputgroup]
## add_wave /apatb_myFuncAccel4_top/AESL_inst_myFuncAccel4/size -into $size_group -radix hex
## set blocksiggroup [add_wave_group "Block-level IO Handshake" -into $designtopgroup]
## add_wave /apatb_myFuncAccel4_top/AESL_inst_myFuncAccel4/ap_start -into $blocksiggroup
## add_wave /apatb_myFuncAccel4_top/AESL_inst_myFuncAccel4/ap_done -into $blocksiggroup
## add_wave /apatb_myFuncAccel4_top/AESL_inst_myFuncAccel4/ap_idle -into $blocksiggroup
## add_wave /apatb_myFuncAccel4_top/AESL_inst_myFuncAccel4/ap_ready -into $blocksiggroup
## set resetgroup [add_wave_group "Reset" -into $designtopgroup]
## add_wave /apatb_myFuncAccel4_top/AESL_inst_myFuncAccel4/ap_rst -into $resetgroup
## set clockgroup [add_wave_group "Clock" -into $designtopgroup]
## add_wave /apatb_myFuncAccel4_top/AESL_inst_myFuncAccel4/ap_clk -into $clockgroup
## set testbenchgroup [add_wave_group "Test Bench Signals"]
## set tbinternalsiggroup [add_wave_group "Internal Signals" -into $testbenchgroup]
## set tb_simstatus_group [add_wave_group "Simulation Status" -into $tbinternalsiggroup]
## set tb_portdepth_group [add_wave_group "Port Depth" -into $tbinternalsiggroup]
## add_wave /apatb_myFuncAccel4_top/AUTOTB_TRANSACTION_NUM -into $tb_simstatus_group -radix hex
## add_wave /apatb_myFuncAccel4_top/ready_cnt -into $tb_simstatus_group -radix hex
## add_wave /apatb_myFuncAccel4_top/done_cnt -into $tb_simstatus_group -radix hex
## add_wave /apatb_myFuncAccel4_top/LENGTH_size -into $tb_portdepth_group -radix hex
## add_wave /apatb_myFuncAccel4_top/LENGTH_threshold_V -into $tb_portdepth_group -radix hex
## add_wave /apatb_myFuncAccel4_top/LENGTH_data0_0_V -into $tb_portdepth_group -radix hex
## add_wave /apatb_myFuncAccel4_top/LENGTH_data0_1_V -into $tb_portdepth_group -radix hex
## add_wave /apatb_myFuncAccel4_top/LENGTH_data0_2_V -into $tb_portdepth_group -radix hex
## add_wave /apatb_myFuncAccel4_top/LENGTH_data0_3_V -into $tb_portdepth_group -radix hex
## add_wave /apatb_myFuncAccel4_top/LENGTH_data0_4_V -into $tb_portdepth_group -radix hex
## add_wave /apatb_myFuncAccel4_top/LENGTH_data0_5_V -into $tb_portdepth_group -radix hex
## add_wave /apatb_myFuncAccel4_top/LENGTH_data0_6_V -into $tb_portdepth_group -radix hex
## add_wave /apatb_myFuncAccel4_top/LENGTH_data0_7_V -into $tb_portdepth_group -radix hex
## add_wave /apatb_myFuncAccel4_top/LENGTH_data0_8_V -into $tb_portdepth_group -radix hex
## add_wave /apatb_myFuncAccel4_top/LENGTH_data0_9_V -into $tb_portdepth_group -radix hex
## add_wave /apatb_myFuncAccel4_top/LENGTH_data0_10_V -into $tb_portdepth_group -radix hex
## add_wave /apatb_myFuncAccel4_top/LENGTH_data0_11_V -into $tb_portdepth_group -radix hex
## add_wave /apatb_myFuncAccel4_top/LENGTH_data0_12_V -into $tb_portdepth_group -radix hex
## add_wave /apatb_myFuncAccel4_top/LENGTH_data0_13_V -into $tb_portdepth_group -radix hex
## add_wave /apatb_myFuncAccel4_top/LENGTH_data0_14_V -into $tb_portdepth_group -radix hex
## add_wave /apatb_myFuncAccel4_top/LENGTH_data0_15_V -into $tb_portdepth_group -radix hex
## add_wave /apatb_myFuncAccel4_top/LENGTH_data1_V -into $tb_portdepth_group -radix hex
## add_wave /apatb_myFuncAccel4_top/LENGTH_data_out_V -into $tb_portdepth_group -radix hex
## set tbcoutputgroup [add_wave_group "C Outputs" -into $testbenchgroup]
## set tb_data_out_group [add_wave_group data_out(bus) -into $tbcoutputgroup]
## add_wave /apatb_myFuncAccel4_top/data_out_V_size -into $tb_data_out_group -radix hex
## add_wave /apatb_myFuncAccel4_top/data_out_V_dataout -into $tb_data_out_group -radix hex
## add_wave /apatb_myFuncAccel4_top/data_out_V_datain -into $tb_data_out_group -radix hex
## add_wave /apatb_myFuncAccel4_top/data_out_V_address -into $tb_data_out_group -radix hex
## add_wave /apatb_myFuncAccel4_top/data_out_V_rsp_read -into $tb_data_out_group -color #ffff00 -radix hex
## add_wave /apatb_myFuncAccel4_top/data_out_V_rsp_empty_n -into $tb_data_out_group -color #ffff00 -radix hex
## add_wave /apatb_myFuncAccel4_top/data_out_V_req_write -into $tb_data_out_group -color #ffff00 -radix hex
## add_wave /apatb_myFuncAccel4_top/data_out_V_req_full_n -into $tb_data_out_group -color #ffff00 -radix hex
## add_wave /apatb_myFuncAccel4_top/data_out_V_req_din -into $tb_data_out_group -radix hex
## set tbcinputgroup [add_wave_group "C Inputs" -into $testbenchgroup]
## set tb_data1_group [add_wave_group data1(bus) -into $tbcinputgroup]
## add_wave /apatb_myFuncAccel4_top/data1_V_size -into $tb_data1_group -radix hex
## add_wave /apatb_myFuncAccel4_top/data1_V_dataout -into $tb_data1_group -radix hex
## add_wave /apatb_myFuncAccel4_top/data1_V_datain -into $tb_data1_group -radix hex
## add_wave /apatb_myFuncAccel4_top/data1_V_address -into $tb_data1_group -radix hex
## add_wave /apatb_myFuncAccel4_top/data1_V_rsp_read -into $tb_data1_group -color #ffff00 -radix hex
## add_wave /apatb_myFuncAccel4_top/data1_V_rsp_empty_n -into $tb_data1_group -color #ffff00 -radix hex
## add_wave /apatb_myFuncAccel4_top/data1_V_req_write -into $tb_data1_group -color #ffff00 -radix hex
## add_wave /apatb_myFuncAccel4_top/data1_V_req_full_n -into $tb_data1_group -color #ffff00 -radix hex
## add_wave /apatb_myFuncAccel4_top/data1_V_req_din -into $tb_data1_group -radix hex
## set tb_data0_group [add_wave_group data0(wire) -into $tbcinputgroup]
## add_wave /apatb_myFuncAccel4_top/data0_15_V -into $tb_data0_group -radix hex
## add_wave /apatb_myFuncAccel4_top/data0_14_V -into $tb_data0_group -radix hex
## add_wave /apatb_myFuncAccel4_top/data0_13_V -into $tb_data0_group -radix hex
## add_wave /apatb_myFuncAccel4_top/data0_12_V -into $tb_data0_group -radix hex
## add_wave /apatb_myFuncAccel4_top/data0_11_V -into $tb_data0_group -radix hex
## add_wave /apatb_myFuncAccel4_top/data0_10_V -into $tb_data0_group -radix hex
## add_wave /apatb_myFuncAccel4_top/data0_9_V -into $tb_data0_group -radix hex
## add_wave /apatb_myFuncAccel4_top/data0_8_V -into $tb_data0_group -radix hex
## add_wave /apatb_myFuncAccel4_top/data0_7_V -into $tb_data0_group -radix hex
## add_wave /apatb_myFuncAccel4_top/data0_6_V -into $tb_data0_group -radix hex
## add_wave /apatb_myFuncAccel4_top/data0_5_V -into $tb_data0_group -radix hex
## add_wave /apatb_myFuncAccel4_top/data0_4_V -into $tb_data0_group -radix hex
## add_wave /apatb_myFuncAccel4_top/data0_3_V -into $tb_data0_group -radix hex
## add_wave /apatb_myFuncAccel4_top/data0_2_V -into $tb_data0_group -radix hex
## add_wave /apatb_myFuncAccel4_top/data0_1_V -into $tb_data0_group -radix hex
## add_wave /apatb_myFuncAccel4_top/data0_0_V -into $tb_data0_group -radix hex
## set tb_threshold_group [add_wave_group threshold(wire) -into $tbcinputgroup]
## add_wave /apatb_myFuncAccel4_top/threshold_V -into $tb_threshold_group -radix hex
## set tb_dim_group [add_wave_group dim(wire) -into $tbcinputgroup]
## add_wave /apatb_myFuncAccel4_top/dim -into $tb_dim_group -radix hex
## set tb_size_group [add_wave_group size(wire) -into $tbcinputgroup]
## add_wave /apatb_myFuncAccel4_top/size -into $tb_size_group -radix hex
## save_wave_config myFuncAccel4.wcfg
## run all
////////////////////////////////////////////////////////////////////////////////////
// Inter-Transaction Progress: Completed Transaction / Total Transaction
// Intra-Transaction Progress: Measured Latency / Latency Estimation * 100%
//
// RTL Simulation : "Inter-Transaction Progress" ["Intra-Transaction Progress"] @ "Simulation Time"
////////////////////////////////////////////////////////////////////////////////////
// RTL Simulation : 0 / 1 [0.00%] @ "125000"
// RTL Simulation : 1 / 1 [100.00%] @ "635000"
////////////////////////////////////////////////////////////////////////////////////
$finish called at time : 675 ns : File "/home/epetrakos/Documents/GitHub/HRY591-project/code/part2b/fixed-ilopoihsh/accel4/accel4_fixed/solution1/sim/verilog/myFuncAccel4.autotb.v" Line 1435
## quit
INFO: [Common 17-206] Exiting xsim at Wed Nov 20 15:18:36 2019...
